

   Time         sum(rTop)     sum(rRoot)    sum(vTop)     sum(vRoot)     sum(vBot)    hTop       hRoot      hBot      A-level
    [T]           [L]           [L]           [L]           [L]            [L]        [L]         [L]       [L] 

     1.00000  0.195850E-01  0.840000E-01  0.195849E-01  0.000000E+00  0.301612E-06    -82.068      0.000    -62.676       1
     2.00000  0.732500E-02  0.179000E+00  0.732496E-02  0.000000E+00 -0.802367E-02    -81.705      0.000    -60.000       2
     3.00000 -0.412099E-02  0.279000E+00 -0.412110E-02  0.000000E+00 -0.319272E-01    -82.823      0.000    -60.000       3
     4.00000 -0.201010E-01  0.376000E+00 -0.201012E-01  0.000000E+00 -0.598665E-01    -83.052      0.000    -60.000       4
     5.00000 -0.352470E-01  0.473000E+00 -0.352473E-01  0.000000E+00 -0.906734E-01    -83.827      0.000    -60.000       5
     6.00000 -0.307338E+00  0.508000E+00 -0.307338E+00  0.000000E+00 -0.122985E+00    -46.275      0.000    -60.000       6
     7.00000 -0.659313E+00  0.530000E+00 -0.659313E+00  0.000000E+00 -0.156448E+00    -31.761      0.000    -60.000       7
     8.00000 -0.217777E+01  0.534000E+00 -0.217777E+01  0.000000E+00 -0.190666E+00     -1.545      0.000    -60.000       8
     9.00000 -0.225265E+01  0.566000E+00 -0.225266E+01  0.000000E+00 -0.225627E+00    -28.022      0.000    -60.000       9
    10.00000 -0.227682E+01  0.612000E+00 -0.227682E+01  0.000000E+00 -0.263440E+00    -38.315      0.000    -60.000      10
    11.00000 -0.228117E+01  0.692000E+00 -0.228117E+01  0.000000E+00 -0.310478E+00    -45.960      0.000    -60.000      11
    12.00000 -0.231627E+01  0.756000E+00 -0.231627E+01  0.000000E+00 -0.373867E+00    -47.786      0.000    -60.000      12
    13.00000 -0.243840E+01  0.834000E+00 -0.243840E+01  0.000000E+00 -0.456669E+00    -41.515      0.000    -60.000      13
    14.00000 -0.301965E+01  0.871000E+00 -0.301965E+01  0.000000E+00 -0.555768E+00    -15.458      0.000    -60.000      14
    15.00000 -0.300881E+01  0.960000E+00 -0.300881E+01  0.000000E+00 -0.666094E+00    -39.286      0.000    -60.000      15
    16.00000 -0.300471E+01  0.106800E+01 -0.300471E+01  0.000000E+00 -0.785519E+00    -46.975      0.000    -60.000      16
    17.00000 -0.320156E+01  0.117300E+01 -0.320155E+01  0.000000E+00 -0.910811E+00    -34.145      0.000    -60.000      17
    18.00000 -0.438654E+01  0.120300E+01 -0.438654E+01  0.000000E+00 -0.104230E+01     -3.697      0.000    -60.000      18
    19.00000 -0.449414E+01  0.126200E+01 -0.449414E+01  0.000000E+00 -0.118139E+01    -25.607      0.000    -60.000      19
    20.00000 -0.447715E+01  0.136700E+01 -0.447715E+01  0.000000E+00 -0.135030E+01    -38.878      0.000    -60.000      20
    21.00000 -0.446591E+01  0.150100E+01 -0.446591E+01  0.000000E+00 -0.155644E+01    -45.617      0.000    -60.000      21
    22.00000 -0.444831E+01  0.164600E+01 -0.444831E+01  0.000000E+00 -0.177522E+01    -51.863      0.000    -60.000      22
    23.00000 -0.491330E+01  0.166300E+01 -0.491330E+01  0.000000E+00 -0.199312E+01    -20.240      0.000    -60.000      23
    24.00000 -0.492247E+01  0.171600E+01 -0.492247E+01  0.000000E+00 -0.220148E+01    -40.538      0.000    -60.000      24
    25.00000 -0.492119E+01  0.178700E+01 -0.492119E+01  0.000000E+00 -0.239789E+01    -47.960      0.000    -60.000      25
    26.00000 -0.491259E+01  0.185700E+01 -0.491259E+01  0.000000E+00 -0.258487E+01    -53.748      0.000    -60.000      26
    27.00000 -0.536503E+01  0.187200E+01 -0.536503E+01  0.000000E+00 -0.276511E+01    -21.664      0.000    -60.000      27
    28.00000 -0.537281E+01  0.193100E+01 -0.537281E+01  0.000000E+00 -0.293646E+01    -42.303      0.000    -60.000      28
    29.00000 -0.537250E+01  0.202000E+01 -0.537250E+01  0.000000E+00 -0.309938E+01    -49.676      0.000    -60.000      29
    30.00000 -0.536408E+01  0.213800E+01 -0.536408E+01  0.000000E+00 -0.325661E+01    -55.379      0.000    -60.000      30
    31.00000 -0.687308E+01  0.214600E+01 -0.687308E+01  0.000000E+00 -0.341037E+01     -1.735      0.000    -60.000      31
    32.00000 -0.800122E+01  0.214700E+01 -0.800122E+01  0.000000E+00 -0.356652E+01     -3.171      0.000    -60.000      32
    33.00000 -0.864390E+01  0.220300E+01 -0.864390E+01  0.000000E+00 -0.385588E+01     -8.753      0.000    -60.000      33
    34.00000 -0.878068E+01  0.223500E+01 -0.878068E+01  0.000000E+00 -0.440090E+01    -23.944      0.000    -60.000      34
    35.00000 -0.880592E+01  0.232500E+01 -0.880593E+01  0.000000E+00 -0.493486E+01    -34.951      0.000    -60.000      35
    36.00000 -0.873274E+01  0.245200E+01 -0.873275E+01  0.000000E+00 -0.536539E+01    -49.402      0.000    -60.000      36
    37.00000 -0.878450E+01  0.258100E+01 -0.878451E+01  0.000000E+00 -0.572898E+01    -45.088      0.000    -60.000      37
    38.00000 -0.871134E+01  0.273300E+01 -0.871134E+01  0.000000E+00 -0.602819E+01    -60.061      0.000    -60.000      38
    39.00000 -0.860822E+01  0.285700E+01 -0.860822E+01  0.000000E+00 -0.628432E+01    -74.536      0.000    -60.000      39
    40.00000 -0.858211E+01  0.295300E+01 -0.858211E+01  0.000000E+00 -0.651013E+01    -73.468      0.000    -60.000      40
    41.00000 -0.856020E+01  0.309600E+01 -0.856020E+01  0.000000E+00 -0.670411E+01    -74.847      0.000    -60.000      41
    42.00000 -0.910507E+01  0.316200E+01 -0.910507E+01  0.000000E+00 -0.688559E+01    -22.010      0.000    -60.000      42
    43.00000 -0.114576E+02  0.316700E+01 -0.994681E+01  0.000000E+00 -0.665610E+01  -9775.144      0.000   -332.049      43
    44.00000 -0.121158E+02  0.321600E+01 -0.106050E+02  0.000000E+00 -0.665610E+01   -479.954      0.000   -680.838      44
    45.00000 -0.120706E+02  0.330800E+01 -0.105598E+02  0.000000E+00 -0.665610E+01   -924.168      0.000   -827.573      45
    46.00000 -0.122576E+02  0.340000E+01 -0.107468E+02  0.000000E+00 -0.665610E+01   -566.328      0.000   -938.480      46
    47.00000 -0.122111E+02  0.347800E+01 -0.107002E+02  0.000000E+00 -0.665610E+01   -880.927      0.000  -1027.813      47
    48.00000 -0.121223E+02  0.359600E+01 -0.106115E+02  0.000000E+00 -0.665610E+01  -1504.954      0.000  -1106.744      48
    49.00000 -0.124616E+02  0.367500E+01 -0.109508E+02  0.000000E+00 -0.665610E+01   -419.954      0.000  -1175.269      49
    50.00000 -0.123533E+02  0.372600E+01 -0.108425E+02  0.000000E+00 -0.665610E+01   -854.463      0.000  -1229.875      50
    51.00000 -0.122909E+02  0.386100E+01 -0.107801E+02  0.000000E+00 -0.665610E+01  -1235.855      0.000  -1291.927      51
    52.00000 -0.122522E+02  0.404200E+01 -0.107414E+02  0.000000E+00 -0.665610E+01  -1572.254      0.000  -1348.577      52
    53.00000 -0.125012E+02  0.413300E+01 -0.109904E+02  0.000000E+00 -0.665610E+01   -531.154      0.000  -1400.477      53
    54.00000 -0.129785E+02  0.417200E+01 -0.114677E+02  0.000000E+00 -0.665610E+01   -213.687      0.000  -1447.087      54
    55.00000 -0.129672E+02  0.430100E+01 -0.114564E+02  0.000000E+00 -0.665610E+01   -353.204      0.000  -1488.791      55
    56.00000 -0.129577E+02  0.444700E+01 -0.114469E+02  0.000000E+00 -0.665610E+01   -439.424      0.000  -1526.067      56
    57.00000 -0.136187E+02  0.460000E+01 -0.121079E+02  0.000000E+00 -0.665610E+01   -121.730      0.000  -1562.327      57
    58.00000 -0.157658E+02  0.473100E+01 -0.142549E+02  0.000000E+00 -0.665610E+01    -16.763      0.000  -1605.632      58
    59.00000 -0.157956E+02  0.482100E+01 -0.142848E+02  0.000000E+00 -0.665610E+01    -87.373      0.000  -1646.447      59
    60.00000 -0.162296E+02  0.485500E+01 -0.147187E+02  0.000000E+00 -0.665610E+01    -52.907      0.000  -1684.946      60
    61.00000 -0.166468E+02  0.491600E+01 -0.151360E+02  0.000000E+00 -0.665610E+01    -46.781      0.000  -1721.110      61
    62.00000 -0.166828E+02  0.493400E+01 -0.151720E+02  0.000000E+00 -0.665610E+01    -84.619      0.000  -1755.476      62
    63.00000 -0.171259E+02  0.499900E+01 -0.156151E+02  0.000000E+00 -0.665610E+01    -45.304      0.000  -1787.996      63
    64.00000 -0.172022E+02  0.507800E+01 -0.156913E+02  0.000000E+00 -0.665610E+01    -74.066      0.000  -1818.765      64
    65.00000 -0.173621E+02  0.514400E+01 -0.158513E+02  0.000000E+00 -0.665610E+01    -70.314      0.000  -1847.920      65
    66.00000 -0.176292E+02  0.521200E+01 -0.161183E+02  0.000000E+00 -0.665610E+01    -56.118      0.000  -1875.559      66
    67.00000 -0.176216E+02  0.530000E+01 -0.161108E+02  0.000000E+00 -0.665610E+01    -90.072      0.000  -1901.703      67
    68.00000 -0.177502E+02  0.539500E+01 -0.162394E+02  0.000000E+00 -0.665610E+01    -79.472      0.000  -1926.598      68
    69.00000 -0.177900E+02  0.548500E+01 -0.162792E+02  0.000000E+00 -0.665610E+01    -93.769      0.000  -1950.241      69
    70.00000 -0.200158E+02  0.549700E+01 -0.185050E+02  0.000000E+00 -0.665610E+01     -1.224      0.000  -1976.259      70
    71.00000 -0.205098E+02  0.560100E+01 -0.189990E+02  0.000000E+00 -0.665610E+01    -18.709      0.000  -2005.701      71
    72.00000 -0.208698E+02  0.565700E+01 -0.193590E+02  0.000000E+00 -0.665610E+01    -24.687      0.000  -2034.226      72
    73.00000 -0.209812E+02  0.574600E+01 -0.194703E+02  0.000000E+00 -0.665610E+01    -41.037      0.000  -2061.881      73
    74.00000 -0.213084E+02  0.582600E+01 -0.197976E+02  0.000000E+00 -0.665610E+01    -30.389      0.000  -2088.698      74
    75.00000 -0.218003E+02  0.590700E+01 -0.202895E+02  0.000000E+00 -0.665610E+01    -21.129      0.000  -2114.707      75
    76.00000 -0.222497E+02  0.598800E+01 -0.207388E+02  0.000000E+00 -0.665610E+01    -20.558      0.000  -2139.860      76
    77.00000 -0.222246E+02  0.613800E+01 -0.207138E+02  0.000000E+00 -0.665610E+01    -48.268      0.000  -2164.285      77
    78.00000 -0.227829E+02  0.620100E+01 -0.212721E+02  0.000000E+00 -0.665610E+01    -18.978      0.000  -2188.055      78
    79.00000 -0.234423E+02  0.630000E+01 -0.219315E+02  0.000000E+00 -0.665610E+01    -13.312      0.000  -2211.065      79
    80.00000 -0.239385E+02  0.635400E+01 -0.224277E+02  0.000000E+00 -0.665610E+01    -15.963      0.000  -2233.469      80
    81.00000 -0.242583E+02  0.637400E+01 -0.227474E+02  0.000000E+00 -0.665610E+01    -21.950      0.000  -2255.236      81
    82.00000 -0.239561E+02  0.646700E+01 -0.224453E+02  0.000000E+00 -0.665610E+01    -80.254      0.000  -2276.344      82
    83.00000 -0.236983E+02  0.662600E+01 -0.221875E+02  0.000000E+00 -0.665610E+01   -129.548      0.000  -2296.777      83
    84.00000 -0.235126E+02  0.681000E+01 -0.220017E+02  0.000000E+00 -0.665610E+01   -166.759      0.000  -2316.646      84
    85.00000 -0.233800E+02  0.698300E+01 -0.218691E+02  0.000000E+00 -0.665610E+01   -190.474      0.000  -2335.949      85
    86.00000 -0.237447E+02  0.714900E+01 -0.222339E+02  0.000000E+00 -0.665610E+01    -57.809      0.000  -2354.841      86
    87.00000 -0.264368E+02  0.726700E+01 -0.248113E+02  0.000000E+00 -0.665610E+01      0.000      0.000  -2373.224      87
    88.00000 -0.285811E+02  0.730299E+01 -0.270413E+02  0.000000E+00 -0.665610E+01      0.000      0.000  -2391.087      88
    89.00000 -0.277599E+02  0.742399E+01 -0.262201E+02  0.000000E+00 -0.665610E+01   -150.349      0.000  -2408.465      89
    90.00000 -0.273088E+02  0.756899E+01 -0.257690E+02  0.000000E+00 -0.665610E+01   -247.420      0.000  -2425.333      90
    91.00000 -0.279197E+02  0.765299E+01 -0.263800E+02  0.000000E+00 -0.665610E+01    -30.475      0.000  -2441.756      91
    92.00000 -0.276625E+02  0.777199E+01 -0.261228E+02  0.000000E+00 -0.665610E+01   -100.104      0.000  -2457.652      92
    93.00000 -0.309392E+02  0.787799E+01 -0.292208E+02  0.000000E+00 -0.665610E+01     -0.605      0.000  -2473.102      93
    94.00000 -0.305398E+02  0.792599E+01 -0.288213E+02  0.000000E+00 -0.665610E+01    -65.753      0.000  -2491.932      94
    95.00000 -0.298083E+02  0.804199E+01 -0.280899E+02  0.000000E+00 -0.665610E+01   -266.521      0.000  -2511.634      95
    96.00000 -0.297769E+02  0.814699E+01 -0.280585E+02  0.000000E+00 -0.665610E+01   -155.282      0.000  -2530.803      96
    97.00000 -0.296146E+02  0.824799E+01 -0.278962E+02  0.000000E+00 -0.665610E+01   -181.786      0.000  -2549.246      97
    98.00000 -0.293993E+02  0.835699E+01 -0.276809E+02  0.000000E+00 -0.665610E+01   -247.776      0.000  -2566.568      98
    99.00000 -0.292604E+02  0.850299E+01 -0.275420E+02  0.000000E+00 -0.665610E+01   -272.249      0.000  -2581.807      99
   100.00000 -0.295848E+02  0.854999E+01 -0.278664E+02  0.000000E+00 -0.665610E+01    -80.394      0.000  -2595.826     100
   101.00000 -0.296072E+02  0.871698E+01 -0.278888E+02  0.000000E+00 -0.665610E+01    -90.182      0.000  -2607.523     101
   102.00000 -0.295740E+02  0.883998E+01 -0.278555E+02  0.000000E+00 -0.665610E+01   -105.951      0.000  -2616.487     102
   103.00000 -0.336293E+02  0.889795E+01 -0.312174E+02  0.000000E+00 -0.665610E+01      0.000      0.000  -2623.382     103
   104.00000 -0.380678E+02  0.891595E+01 -0.344179E+02  0.000000E+00 -0.665610E+01      0.000      0.000  -2627.532     104
   105.00000 -0.359118E+02  0.894394E+01 -0.322619E+02  0.000000E+00 -0.665610E+01  -2343.216      0.000  -2323.577     105
   106.00000 -0.348799E+02  0.897094E+01 -0.312300E+02  0.000000E+00 -0.665610E+01 -10525.496      0.000  -1293.703     106
   107.00000 -0.342144E+02  0.903194E+01 -0.305644E+02  0.000000E+00 -0.665610E+01 -29450.775      0.000   -701.287     107
   108.00000 -0.341599E+02  0.904694E+01 -0.305100E+02  0.000000E+00 -0.665610E+01  -6425.851      0.000   -428.103     108
   109.00000 -0.337703E+02  0.910594E+01 -0.301204E+02  0.000000E+00 -0.665610E+01 -22958.303      0.000   -289.993     109
   110.00000 -0.335146E+02  0.926194E+01 -0.298647E+02  0.000000E+00 -0.665610E+01 -27932.922      0.000   -213.830     110
   111.00000 -0.334894E+02  0.940694E+01 -0.298395E+02  0.000000E+00 -0.665610E+01 -10186.582      0.000   -165.872     111
   112.00000 -0.339203E+02  0.949194E+01 -0.302704E+02  0.000000E+00 -0.665610E+01   -539.490      0.000   -133.801     112
   113.00000 -0.349279E+02  0.960994E+01 -0.312780E+02  0.000000E+00 -0.665610E+01    -46.812      0.000   -112.497     113
   114.00000 -0.348903E+02  0.971194E+01 -0.312403E+02  0.000000E+00 -0.665610E+01   -107.948      0.000    -98.275     114
   115.00000 -0.353427E+02  0.983894E+01 -0.316928E+02  0.000000E+00 -0.665610E+01    -46.640      0.000    -88.560     115
   116.00000 -0.362756E+02  0.990894E+01 -0.326257E+02  0.000000E+00 -0.665610E+01    -14.288      0.000    -81.443     116
   117.00000 -0.365184E+02  0.995494E+01 -0.328685E+02  0.000000E+00 -0.665610E+01    -30.482      0.000    -76.110     117
   118.00000 -0.373540E+02  0.999494E+01 -0.337041E+02  0.000000E+00 -0.665610E+01     -9.408      0.000    -72.397     118
   119.00000 -0.376621E+02  0.100369E+02 -0.340121E+02  0.000000E+00 -0.665610E+01    -20.790      0.000    -69.377     119
   120.00000 -0.375870E+02  0.100959E+02 -0.339370E+02  0.000000E+00 -0.665610E+01    -46.076      0.000    -66.868     120
   121.00000 -0.376851E+02  0.101709E+02 -0.340352E+02  0.000000E+00 -0.665610E+01    -41.090      0.000    -64.560     121
   122.00000 -0.379519E+02  0.102239E+02 -0.343020E+02  0.000000E+00 -0.665610E+01    -29.179      0.000    -62.010     122
   123.00000 -0.380763E+02  0.102539E+02 -0.344263E+02  0.000000E+00 -0.666124E+01    -35.797      0.000    -60.000     123
   124.00000 -0.380035E+02  0.103349E+02 -0.343535E+02  0.000000E+00 -0.668723E+01    -56.411      0.000    -60.000     124
   125.00000 -0.379888E+02  0.104279E+02 -0.343389E+02  0.000000E+00 -0.672898E+01    -60.371      0.000    -60.000     125
   126.00000 -0.380078E+02  0.105129E+02 -0.343578E+02  0.000000E+00 -0.678049E+01    -59.910      0.000    -60.000     126
   127.00000 -0.409921E+02  0.105249E+02 -0.371869E+02  0.000000E+00 -0.684216E+01      0.000      0.000    -60.000     127
   128.00000 -0.408177E+02  0.105649E+02 -0.370125E+02  0.000000E+00 -0.695828E+01    -41.880      0.000    -60.000     128
   129.00000 -0.405182E+02  0.106649E+02 -0.367130E+02  0.000000E+00 -0.724582E+01    -80.741      0.000    -60.000     129
   130.00000 -0.402298E+02  0.107719E+02 -0.364246E+02  0.000000E+00 -0.756869E+01   -122.133      0.000    -60.000     130
   131.00000 -0.425651E+02  0.107920E+02 -0.386716E+02  0.000000E+00 -0.786904E+01      0.000      0.000    -60.000     131
   132.00000 -0.440581E+02  0.107990E+02 -0.401696E+02  0.000000E+00 -0.835153E+01     -1.648      0.000    -60.000     132
   133.00000 -0.424803E+02  0.108430E+02 -0.385918E+02  0.000000E+00 -0.933167E+01   -622.331      0.000    -60.000     133
   134.00000 -0.419692E+02  0.108680E+02 -0.380808E+02  0.000000E+00 -0.988278E+01   -743.982      0.000    -60.000     134
   135.00000 -0.416127E+02  0.109520E+02 -0.377242E+02  0.000000E+00 -0.102638E+02   -914.366      0.000    -60.000     135
   136.00000 -0.413182E+02  0.110520E+02 -0.374297E+02  0.000000E+00 -0.105538E+02  -1125.144      0.000    -60.000     136
   137.00000 -0.412827E+02  0.110890E+02 -0.373942E+02  0.000000E+00 -0.107774E+02   -696.202      0.000    -60.000     137
   138.00000 -0.410970E+02  0.111780E+02 -0.372085E+02  0.000000E+00 -0.109636E+02   -870.066      0.000    -60.000     138
   139.00000 -0.413389E+02  0.112420E+02 -0.374504E+02  0.000000E+00 -0.111318E+02   -238.626      0.000    -60.000     139
   140.00000 -0.414468E+02  0.112830E+02 -0.375583E+02  0.000000E+00 -0.112750E+02   -157.209      0.000    -60.000     140
   141.00000 -0.416169E+02  0.113470E+02 -0.377284E+02  0.000000E+00 -0.113986E+02    -98.131      0.000    -60.000     141
   142.00000 -0.416121E+02  0.114280E+02 -0.377236E+02  0.000000E+00 -0.115057E+02   -115.484      0.000    -60.000     142
   143.00000 -0.433938E+02  0.114450E+02 -0.395053E+02  0.000000E+00 -0.116011E+02     -1.926      0.000    -60.000     143
   144.00000 -0.436694E+02  0.114610E+02 -0.397809E+02  0.000000E+00 -0.116854E+02    -21.738      0.000    -60.000     144
   145.00000 -0.436395E+02  0.115410E+02 -0.397510E+02  0.000000E+00 -0.117609E+02    -42.000      0.000    -60.000     145
   146.00000 -0.435900E+02  0.116260E+02 -0.397015E+02  0.000000E+00 -0.118332E+02    -54.024      0.000    -60.000     146
   147.00000 -0.435669E+02  0.117120E+02 -0.396784E+02  0.000000E+00 -0.119067E+02    -59.798      0.000    -60.000     147
   148.00000 -0.435097E+02  0.117950E+02 -0.396212E+02  0.000000E+00 -0.119851E+02    -69.969      0.000    -60.000     148
   149.00000 -0.435149E+02  0.118790E+02 -0.396265E+02  0.000000E+00 -0.120660E+02    -67.678      0.000    -60.000     149
   150.00000 -0.440825E+02  0.119650E+02 -0.401941E+02  0.000000E+00 -0.121508E+02    -20.374      0.000    -60.000     150
   151.00000 -0.454400E+02  0.120000E+02 -0.415515E+02  0.000000E+00 -0.122382E+02     -2.166      0.000    -60.000     151
   152.00000 -0.454458E+02  0.120710E+02 -0.415573E+02  0.000000E+00 -0.123290E+02    -30.774      0.000    -60.000     152
   153.00000 -0.454458E+02  0.121520E+02 -0.415573E+02  0.000000E+00 -0.124410E+02    -39.681      0.000    -60.000     153
   154.00000 -0.454456E+02  0.122120E+02 -0.415571E+02  0.000000E+00 -0.125885E+02    -45.557      0.000    -60.000     154
   155.00000 -0.454605E+02  0.122790E+02 -0.415720E+02  0.000000E+00 -0.127568E+02    -48.986      0.000    -60.000     155
   156.00000 -0.454750E+02  0.123520E+02 -0.415865E+02  0.000000E+00 -0.129390E+02    -52.209      0.000    -60.000     156
   157.00000 -0.457258E+02  0.124150E+02 -0.418373E+02  0.000000E+00 -0.131208E+02    -32.716      0.000    -60.000     157
   158.00000 -0.481324E+02  0.124329E+02 -0.428912E+02  0.000000E+00 -0.145119E+02  -4712.393      0.000   -364.578     158
   159.00000 -0.497991E+02  0.124359E+02 -0.445579E+02  0.000000E+00 -0.145119E+02   -109.497      0.000   -691.429     159
   160.00000 -0.496006E+02  0.124789E+02 -0.443595E+02  0.000000E+00 -0.145119E+02   -442.526      0.000   -836.995     160
   161.00000 -0.506399E+02  0.126949E+02 -0.453987E+02  0.000000E+00 -0.145119E+02    -74.849      0.000   -946.350     161
   162.00000 -0.504626E+02  0.128669E+02 -0.452215E+02  0.000000E+00 -0.145119E+02   -256.283      0.000  -1036.624     162
   163.00000 -0.502951E+02  0.129329E+02 -0.450540E+02  0.000000E+00 -0.145119E+02   -533.434      0.000  -1116.467     163
   164.00000 -0.502159E+02  0.129829E+02 -0.449748E+02  0.000000E+00 -0.145119E+02   -769.096      0.000  -1180.306     164
   165.00000 -0.500354E+02  0.130429E+02 -0.447942E+02  0.000000E+00 -0.145119E+02  -2048.257      0.000  -1234.122     165
   166.00000 -0.499834E+02  0.131029E+02 -0.447423E+02  0.000000E+00 -0.145119E+02  -2752.110      0.000  -1295.386     166
   167.00000 -0.499445E+02  0.131679E+02 -0.447033E+02  0.000000E+00 -0.145119E+02  -3397.153      0.000  -1349.880     167
   168.00000 -0.499346E+02  0.132279E+02 -0.446934E+02  0.000000E+00 -0.145119E+02  -3401.636      0.000  -1399.678     168
   169.00000 -0.499453E+02  0.132599E+02 -0.447042E+02  0.000000E+00 -0.145119E+02  -3043.509      0.000  -1446.862     169
   170.00000 -0.517198E+02  0.132729E+02 -0.464787E+02  0.000000E+00 -0.145119E+02    -34.545      0.000  -1489.163     170
   171.00000 -0.527489E+02  0.133069E+02 -0.475077E+02  0.000000E+00 -0.145119E+02    -28.007      0.000  -1527.251     171
   172.00000 -0.528012E+02  0.133199E+02 -0.475601E+02  0.000000E+00 -0.145119E+02    -80.074      0.000  -1563.903     172
   173.00000 -0.528415E+02  0.133399E+02 -0.476004E+02  0.000000E+00 -0.145119E+02   -102.161      0.000  -1607.208     173
   174.00000 -0.527902E+02  0.133759E+02 -0.475490E+02  0.000000E+00 -0.145119E+02   -145.765      0.000  -1647.820     174
   175.00000 -0.527365E+02  0.134299E+02 -0.474954E+02  0.000000E+00 -0.145119E+02   -186.983      0.000  -1685.947     175
   176.00000 -0.526389E+02  0.134689E+02 -0.473978E+02  0.000000E+00 -0.145119E+02   -268.273      0.000  -1721.984     176
   177.00000 -0.525801E+02  0.135139E+02 -0.473390E+02  0.000000E+00 -0.145119E+02   -321.879      0.000  -1755.689     177
   178.00000 -0.525324E+02  0.135599E+02 -0.472912E+02  0.000000E+00 -0.145119E+02   -371.791      0.000  -1787.592     178
   179.00000 -0.524480E+02  0.136009E+02 -0.472069E+02  0.000000E+00 -0.145119E+02   -491.541      0.000  -1817.844     179
   180.00000 -0.524044E+02  0.136429E+02 -0.471632E+02  0.000000E+00 -0.145119E+02   -551.102      0.000  -1846.321     180
   181.00000 -0.523923E+02  0.136809E+02 -0.471512E+02  0.000000E+00 -0.145119E+02   -547.019      0.000  -1873.596     181
   182.00000 -0.524072E+02  0.137129E+02 -0.471660E+02  0.000000E+00 -0.145119E+02   -491.183      0.000  -1900.123     182
   183.00000 -0.524391E+02  0.137529E+02 -0.471979E+02  0.000000E+00 -0.145119E+02   -421.464      0.000  -1925.188     183
   184.00000 -0.524305E+02  0.137879E+02 -0.471894E+02  0.000000E+00 -0.145119E+02   -431.776      0.000  -1948.859     184
   185.00000 -0.533777E+02  0.138009E+02 -0.481365E+02  0.000000E+00 -0.145119E+02    -45.533      0.000  -1974.561     185
   186.00000 -0.538837E+02  0.138199E+02 -0.486425E+02  0.000000E+00 -0.145119E+02    -42.931      0.000  -2004.151     186
   187.00000 -0.546133E+02  0.138529E+02 -0.493721E+02  0.000000E+00 -0.145119E+02    -25.383      0.000  -2032.825     187
   188.00000 -0.547184E+02  0.138789E+02 -0.494772E+02  0.000000E+00 -0.145119E+02    -56.248      0.000  -2060.620     188
   189.00000 -0.548016E+02  0.138929E+02 -0.495604E+02  0.000000E+00 -0.145119E+02    -68.184      0.000  -2087.572     189
   190.00000 -0.548086E+02  0.138999E+02 -0.495674E+02  0.000000E+00 -0.145119E+02    -88.564      0.000  -2113.706     190
   191.00000 -0.548230E+02  0.139089E+02 -0.495819E+02  0.000000E+00 -0.145119E+02   -100.055      0.000  -2139.056     191
   192.00000 -0.547955E+02  0.139319E+02 -0.495544E+02  0.000000E+00 -0.145119E+02   -121.004      0.000  -2163.574     192
   193.00000 -0.548032E+02  0.139449E+02 -0.495620E+02  0.000000E+00 -0.145119E+02   -127.069      0.000  -2187.452     193
   194.00000 -0.548002E+02  0.139769E+02 -0.495591E+02  0.000000E+00 -0.145119E+02   -137.381      0.000  -2210.551     194
   195.00000 -0.547793E+02  0.139899E+02 -0.495382E+02  0.000000E+00 -0.145119E+02   -152.845      0.000  -2232.896     195
   196.00000 -0.547498E+02  0.140119E+02 -0.495086E+02  0.000000E+00 -0.145119E+02   -173.235      0.000  -2254.650     196
   197.00000 -0.547658E+02  0.140309E+02 -0.495246E+02  0.000000E+00 -0.145119E+02   -167.090      0.000  -2275.898     197
   198.00000 -0.550074E+02  0.140489E+02 -0.497662E+02  0.000000E+00 -0.145119E+02    -89.553      0.000  -2296.526     198
   199.00000 -0.550169E+02  0.140699E+02 -0.497757E+02  0.000000E+00 -0.145119E+02   -114.867      0.000  -2316.570     199
   200.00000 -0.549819E+02  0.140869E+02 -0.497407E+02  0.000000E+00 -0.145119E+02   -144.616      0.000  -2335.990     200
   201.00000 -0.557938E+02  0.140869E+02 -0.505527E+02  0.000000E+00 -0.145119E+02    -28.656      0.000  -2354.944     201
   202.00000 -0.577565E+02  0.140899E+02 -0.525153E+02  0.000000E+00 -0.145119E+02     -1.198      0.000  -2373.386     202
   203.00000 -0.583955E+02  0.140929E+02 -0.531543E+02  0.000000E+00 -0.145119E+02    -13.064      0.000  -2391.290     203
   204.00000 -0.580850E+02  0.141139E+02 -0.528438E+02  0.000000E+00 -0.145119E+02    -78.639      0.000  -2408.680     204
   205.00000 -0.577196E+02  0.141379E+02 -0.524785E+02  0.000000E+00 -0.145119E+02   -176.784      0.000  -2425.582     205
   206.00000 -0.574609E+02  0.141629E+02 -0.522197E+02  0.000000E+00 -0.145119E+02   -268.478      0.000  -2441.993     206
   207.00000 -0.572073E+02  0.141829E+02 -0.519662E+02  0.000000E+00 -0.145119E+02   -419.709      0.000  -2457.966     207
   208.00000 -0.577598E+02  0.142049E+02 -0.525186E+02  0.000000E+00 -0.145119E+02    -59.428      0.000  -2473.588     208
   209.00000 -0.577431E+02  0.142169E+02 -0.525019E+02  0.000000E+00 -0.145119E+02    -94.127      0.000  -2492.988     209
   210.00000 -0.576305E+02  0.142339E+02 -0.523893E+02  0.000000E+00 -0.145119E+02   -143.607      0.000  -2513.248     210
   211.00000 -0.575526E+02  0.142609E+02 -0.523114E+02  0.000000E+00 -0.145119E+02   -174.054      0.000  -2533.125     211
   212.00000 -0.574395E+02  0.142709E+02 -0.521983E+02  0.000000E+00 -0.145119E+02   -227.863      0.000  -2552.690     212
   213.00000 -0.573409E+02  0.142919E+02 -0.520997E+02  0.000000E+00 -0.145119E+02   -276.638      0.000  -2571.831     213
end
