 ******* Program HYDRUS
 ******* Root uptake with meteorological data                                    
 Date: 474.71.    Time: ***: 0:**
 Units: L = cm   , T = days , M = mmol 

 CosAlf,MaxIt,TolTh,  TolH
 1.000   20   0.001 1.00000

 TopInF,BotInF,AtmBC,SinkF,WLayer,qGWLF,FreeD,SeepF,lWat,lChem,lTemp,lRoot,lWDep
     T     F     T     T     F     F     F     T     T     F     F     F     F

Nodal point information

node      x         hOld    MatN LayN  Beta      Ah       AK      ATh     Temp    Conc(1...NS)         Sorb(1...NS)

   1      0.000    -70.561    1    1   0.000    1.000    1.000    1.000
   2    -10.000    -70.561    1    1   0.000    1.000    1.000    1.000
   3    -20.000    -70.561    1    1   0.000    1.000    1.000    1.000
   4    -30.000    -70.561    1    1   0.000    1.000    1.000    1.000
   5    -40.000    -70.561    1    1   0.000    1.000    1.000    1.000
   6    -50.000    -70.561    1    1   0.000    1.000    1.000    1.000
   7    -60.000    -70.561    1    1   0.000    1.000    1.000    1.000
   8    -70.000    -70.561    1    1   0.000    1.000    1.000    1.000
   9    -80.000    -70.561    1    1   0.000    1.000    1.000    1.000
  10    -90.000    -70.561    1    1   0.000    1.000    1.000    1.000
  11   -100.000    -70.561    1    1   0.000    1.000    1.000    1.000
end

 Number of species in the chain :   0


MatNum, Param. array:

   Mat     Qr     Qs        Alfa         n          Ks      l

    1    0.095  0.410   0.190E-01   0.131E+01   0.340E+01  0.500

       Table of Hydraulic Properties which are interpolated in simulation
       =================================================================

  theta         h        log h        C             K        log K          S          Kv

  0.4100  -0.100E-05 -0.6000E+01  0.7496E-05  0.3373E+01  0.5280E+00    1.0000  0.0000E+00
  0.4100  -0.126E-05 -0.5899E+01  0.8057E-05  0.3371E+01  0.5277E+00    1.0000  0.0000E+00
  0.4100  -0.159E-05 -0.5798E+01  0.8659E-05  0.3368E+01  0.5274E+00    1.0000  0.0000E+00
  0.4100  -0.201E-05 -0.5697E+01  0.9306E-05  0.3366E+01  0.5271E+00    1.0000  0.0000E+00
  0.4100  -0.254E-05 -0.5596E+01  0.1000E-04  0.3363E+01  0.5268E+00    1.0000  0.0000E+00
  0.4100  -0.320E-05 -0.5495E+01  0.1075E-04  0.3361E+01  0.5264E+00    1.0000  0.0000E+00
  0.4100  -0.404E-05 -0.5394E+01  0.1155E-04  0.3358E+01  0.5261E+00    1.0000  0.0000E+00
  0.4100  -0.509E-05 -0.5293E+01  0.1242E-04  0.3355E+01  0.5256E+00    1.0000  0.0000E+00
  0.4100  -0.643E-05 -0.5192E+01  0.1335E-04  0.3351E+01  0.5252E+00    1.0000  0.0000E+00
  0.4100  -0.811E-05 -0.5091E+01  0.1434E-04  0.3348E+01  0.5247E+00    1.0000  0.0000E+00
  0.4100  -0.102E-04 -0.4990E+01  0.1542E-04  0.3344E+01  0.5242E+00    1.0000  0.0000E+00
  0.4100  -0.129E-04 -0.4889E+01  0.1657E-04  0.3340E+01  0.5237E+00    1.0000  0.0000E+00
  0.4100  -0.163E-04 -0.4788E+01  0.1781E-04  0.3335E+01  0.5231E+00    1.0000  0.0000E+00
  0.4100  -0.206E-04 -0.4687E+01  0.1914E-04  0.3330E+01  0.5225E+00    1.0000  0.0000E+00
  0.4100  -0.260E-04 -0.4586E+01  0.2057E-04  0.3325E+01  0.5218E+00    1.0000  0.0000E+00
  0.4100  -0.327E-04 -0.4485E+01  0.2211E-04  0.3319E+01  0.5211E+00    1.0000  0.0000E+00
  0.4100  -0.413E-04 -0.4384E+01  0.2376E-04  0.3313E+01  0.5203E+00    1.0000  0.0000E+00
  0.4100  -0.521E-04 -0.4283E+01  0.2554E-04  0.3307E+01  0.5194E+00    1.0000  0.0000E+00
  0.4100  -0.658E-04 -0.4182E+01  0.2745E-04  0.3300E+01  0.5185E+00    1.0000  0.0000E+00
  0.4100  -0.830E-04 -0.4081E+01  0.2950E-04  0.3293E+01  0.5176E+00    1.0000  0.0000E+00
  0.4100  -0.105E-03 -0.3980E+01  0.3170E-04  0.3285E+01  0.5165E+00    1.0000  0.0000E+00
  0.4100  -0.132E-03 -0.3879E+01  0.3407E-04  0.3276E+01  0.5154E+00    1.0000  0.0000E+00
  0.4100  -0.167E-03 -0.3778E+01  0.3662E-04  0.3267E+01  0.5142E+00    1.0000  0.0000E+00
  0.4100  -0.210E-03 -0.3677E+01  0.3936E-04  0.3257E+01  0.5129E+00    1.0000  0.0000E+00
  0.4100  -0.266E-03 -0.3576E+01  0.4230E-04  0.3247E+01  0.5114E+00    1.0000  0.0000E+00
  0.4100  -0.335E-03 -0.3475E+01  0.4546E-04  0.3235E+01  0.5099E+00    1.0000  0.0000E+00
  0.4100  -0.423E-03 -0.3374E+01  0.4886E-04  0.3223E+01  0.5083E+00    1.0000  0.1293E-30
  0.4100  -0.534E-03 -0.3273E+01  0.5252E-04  0.3210E+01  0.5065E+00    1.0000  0.1293E-30
  0.4100  -0.673E-03 -0.3172E+01  0.5644E-04  0.3196E+01  0.5046E+00    1.0000  0.1293E-30
  0.4100  -0.850E-03 -0.3071E+01  0.6066E-04  0.3181E+01  0.5026E+00    1.0000  0.1293E-30
  0.4100  -0.107E-02 -0.2970E+01  0.6520E-04  0.3165E+01  0.5004E+00    1.0000  0.1304E-29
  0.4100  -0.135E-02 -0.2869E+01  0.7007E-04  0.3148E+01  0.4980E+00    1.0000  0.1304E-29
  0.4100  -0.171E-02 -0.2768E+01  0.7531E-04  0.3130E+01  0.4955E+00    1.0000  0.5036E-29
  0.4100  -0.215E-02 -0.2667E+01  0.8094E-04  0.3110E+01  0.4927E+00    1.0000  0.1314E-28
  0.4100  -0.272E-02 -0.2566E+01  0.8699E-04  0.3089E+01  0.4898E+00    1.0000  0.5076E-28
  0.4100  -0.343E-02 -0.2465E+01  0.9350E-04  0.3066E+01  0.4866E+00    1.0000  0.1324E-27
  0.4100  -0.433E-02 -0.2364E+01  0.1005E-03  0.3042E+01  0.4831E+00    1.0000  0.3828E-27
  0.4100  -0.546E-02 -0.2263E+01  0.1080E-03  0.3016E+01  0.4794E+00    1.0000  0.1076E-26
  0.4100  -0.689E-02 -0.2162E+01  0.1161E-03  0.2988E+01  0.4754E+00    1.0000  0.2808E-26
  0.4100  -0.870E-02 -0.2061E+01  0.1248E-03  0.2958E+01  0.4710E+00    1.0000  0.8621E-26
  0.4100  -0.110E-01 -0.1960E+01  0.1341E-03  0.2926E+01  0.4663E+00    1.0000  0.2386E-25
  0.4100  -0.138E-01 -0.1859E+01  0.1441E-03  0.2892E+01  0.4613E+00    1.0000  0.6362E-25
  0.4100  -0.175E-01 -0.1758E+01  0.1549E-03  0.2856E+01  0.4558E+00    1.0000  0.1743E-24
  0.4100  -0.221E-01 -0.1657E+01  0.1665E-03  0.2817E+01  0.4498E+00    1.0000  0.4884E-24
  0.4100  -0.278E-01 -0.1556E+01  0.1789E-03  0.2776E+01  0.4434E+00    1.0000  0.1367E-23
  0.4100  -0.351E-01 -0.1455E+01  0.1923E-03  0.2732E+01  0.4364E+00    1.0000  0.3731E-23
  0.4100  -0.443E-01 -0.1354E+01  0.2066E-03  0.2685E+01  0.4289E+00    1.0000  0.1036E-22
  0.4100  -0.559E-01 -0.1253E+01  0.2221E-03  0.2635E+01  0.4207E+00    1.0000  0.2839E-22
  0.4100  -0.705E-01 -0.1152E+01  0.2387E-03  0.2581E+01  0.4119E+00    1.0000  0.7821E-22
  0.4100  -0.890E-01 -0.1051E+01  0.2565E-03  0.2525E+01  0.4022E+00    0.9999  0.2165E-21
  0.4100  -0.112E+00 -0.9495E+00  0.2756E-03  0.2464E+01  0.3917E+00    0.9999  0.5969E-21
  0.4100  -0.142E+00 -0.8485E+00  0.2962E-03  0.2401E+01  0.3803E+00    0.9999  0.1651E-20
  0.4100  -0.179E+00 -0.7475E+00  0.3183E-03  0.2333E+01  0.3679E+00    0.9999  0.4556E-20
  0.4099  -0.226E+00 -0.6465E+00  0.3420E-03  0.2261E+01  0.3543E+00    0.9998  0.1256E-19
  0.4099  -0.285E+00 -0.5455E+00  0.3674E-03  0.2185E+01  0.3395E+00    0.9997  0.3466E-19
  0.4099  -0.359E+00 -0.4444E+00  0.3947E-03  0.2105E+01  0.3233E+00    0.9997  0.9568E-19
  0.4099  -0.453E+00 -0.3434E+00  0.4240E-03  0.2021E+01  0.3055E+00    0.9995  0.2637E-18
  0.4098  -0.572E+00 -0.2424E+00  0.4553E-03  0.1932E+01  0.2861E+00    0.9994  0.7275E-18
  0.4097  -0.722E+00 -0.1414E+00  0.4887E-03  0.1839E+01  0.2646E+00    0.9991  0.2004E-17
  0.4096  -0.911E+00 -0.4040E-01  0.5244E-03  0.1742E+01  0.2410E+00    0.9988  0.5519E-17
  0.4095  -0.115E+01  0.6061E-01  0.5624E-03  0.1640E+01  0.2149E+00    0.9984  0.1519E-16
  0.4093  -0.145E+01  0.1616E+00  0.6027E-03  0.1535E+01  0.1860E+00    0.9979  0.4172E-16
  0.4091  -0.183E+01  0.2626E+00  0.6452E-03  0.1426E+01  0.1540E+00    0.9971  0.1144E-15
  0.4088  -0.231E+01  0.3636E+00  0.6898E-03  0.1313E+01  0.1183E+00    0.9961  0.3132E-15
  0.4083  -0.292E+01  0.4646E+00  0.7360E-03  0.1198E+01  0.7841E-01    0.9947  0.8544E-15
  0.4078  -0.368E+01  0.5657E+00  0.7834E-03  0.1081E+01  0.3375E-01    0.9929  0.2321E-14
  0.4070  -0.464E+01  0.6667E+00  0.8311E-03  0.9629E+00 -0.1642E-01    0.9904  0.6271E-14
  0.4059  -0.586E+01  0.7677E+00  0.8778E-03  0.8453E+00 -0.7298E-01    0.9871  0.1682E-13
  0.4046  -0.739E+01  0.8687E+00  0.9217E-03  0.7296E+00 -0.1369E+00    0.9827  0.4465E-13
  0.4027  -0.933E+01  0.9697E+00  0.9605E-03  0.6175E+00 -0.2093E+00    0.9769  0.1170E-12
  0.4003  -0.118E+02  0.1071E+01  0.9911E-03  0.5110E+00 -0.2916E+00    0.9694  0.3016E-12
  0.3973  -0.148E+02  0.1172E+01  0.1010E-02  0.4122E+00 -0.3849E+00    0.9596  0.7609E-12
  0.3933  -0.187E+02  0.1273E+01  0.1014E-02  0.3229E+00 -0.4909E+00    0.9470  0.1869E-11
  0.3884  -0.236E+02  0.1374E+01  0.9984E-03  0.2450E+00 -0.6109E+00    0.9314  0.4439E-11
  0.3823  -0.298E+02  0.1475E+01  0.9619E-03  0.1795E+00 -0.7461E+00    0.9121  0.1013E-10
  0.3750  -0.376E+02  0.1576E+01  0.9038E-03  0.1266E+00 -0.8974E+00    0.8889  0.2208E-10
  0.3665  -0.475E+02  0.1677E+01  0.8264E-03  0.8603E-01 -0.1065E+01    0.8618  0.4569E-10
  0.3568  -0.599E+02  0.1778E+01  0.7344E-03  0.5626E-01 -0.1250E+01    0.8311  0.8934E-10
  0.3461  -0.756E+02  0.1879E+01  0.6344E-03  0.3548E-01 -0.1450E+01    0.7970  0.1647E-09
  0.3345  -0.955E+02  0.1980E+01  0.5334E-03  0.2164E-01 -0.1665E+01    0.7604  0.2861E-09
  0.3225  -0.120E+03  0.2081E+01  0.4375E-03  0.1281E-01 -0.1892E+01    0.7221  0.4692E-09
  0.3101  -0.152E+03  0.2182E+01  0.3512E-03  0.7395E-02 -0.2131E+01    0.6829  0.7287E-09
  0.2977  -0.192E+03  0.2283E+01  0.2768E-03  0.4178E-02 -0.2379E+01    0.6435  0.1076E-08
  0.2855  -0.242E+03  0.2384E+01  0.2149E-03  0.2321E-02 -0.2634E+01    0.6047  0.1519E-08
  0.2736  -0.305E+03  0.2485E+01  0.1648E-03  0.1271E-02 -0.2896E+01    0.5669  0.2060E-08
  0.2621  -0.385E+03  0.2586E+01  0.1252E-03  0.6892E-03 -0.3162E+01    0.5305  0.2695E-08
  0.2511  -0.486E+03  0.2687E+01  0.9442E-04  0.3705E-03 -0.3431E+01    0.4957  0.3420E-08
  0.2408  -0.614E+03  0.2788E+01  0.7080E-04  0.1980E-03 -0.3703E+01    0.4627  0.4224E-08
  0.2309  -0.774E+03  0.2889E+01  0.5287E-04  0.1053E-03 -0.3978E+01    0.4316  0.5096E-08
  0.2217  -0.977E+03  0.2990E+01  0.3935E-04  0.5578E-04 -0.4254E+01    0.4023  0.6025E-08
  0.2131  -0.123E+04  0.3091E+01  0.2922E-04  0.2948E-04 -0.4531E+01    0.3748  0.6998E-08
  0.2049  -0.156E+04  0.3192E+01  0.2165E-04  0.1555E-04 -0.4808E+01    0.3490  0.8003E-08
  0.1974  -0.196E+04  0.3293E+01  0.1603E-04  0.8187E-05 -0.5087E+01    0.3250  0.9029E-08
  0.1903  -0.248E+04  0.3394E+01  0.1185E-04  0.4307E-05 -0.5366E+01    0.3026  0.1006E-07
  0.1837  -0.313E+04  0.3495E+01  0.8757E-05  0.2264E-05 -0.5645E+01    0.2816  0.1110E-07
  0.1776  -0.394E+04  0.3596E+01  0.6467E-05  0.1189E-05 -0.5925E+01    0.2621  0.1213E-07
  0.1718  -0.498E+04  0.3697E+01  0.4774E-05  0.6245E-06 -0.6204E+01    0.2439  0.1315E-07
  0.1665  -0.628E+04  0.3798E+01  0.3523E-05  0.3278E-06 -0.6484E+01    0.2270  0.1414E-07
  0.1615  -0.792E+04  0.3899E+01  0.2599E-05  0.1720E-06 -0.6764E+01    0.2112  0.1511E-07
  0.1569  -0.100E+05  0.4000E+01  0.1917E-05  0.9026E-07 -0.7044E+01    0.1966  0.1604E-07
end
