 ******* Program HYDRUS
 ******* Root uptake with meteorological data                                    
 Date: 474.71.    Time: ***: 0:**
 Units: L = cm   , T = days , M = mmol 


    TLevel      Time          dt      Iter    ItCum  KodT  KodB  Convergency

       14  0.1000000E+01  0.20873E+00    2       28    -4    -2     T
       27  0.2000000E+01  0.21151E+00    2       54    -4     2     T
       30  0.3000000E+01  0.37500E+00    2       60    -4     2     T
       43  0.4000000E+01  0.21151E+00    2       86    -4     2     T
       46  0.5000000E+01  0.37500E+00    2       92    -4     2     T
       59  0.6000000E+01  0.21151E+00    2      118    -4     2     T
       72  0.7000000E+01  0.21151E+00    2      144    -4     2     T
       88  0.8000000E+01  0.11280E+00    5      197    -4     2     T
      101  0.9000000E+01  0.21151E+00    2      224    -4     2     T
      114  0.1000000E+02  0.21151E+00    2      250    -4     2     T
      127  0.1100000E+02  0.21151E+00    2      276    -4     2     T
      140  0.1200000E+02  0.21151E+00    2      302    -4     2     T
      153  0.1300000E+02  0.21151E+00    2      328    -4     2     T
      166  0.1400000E+02  0.21151E+00    3      356    -4     2     T
      170  0.1500000E+02  0.25000E+00    2      366    -4     2     T
      172  0.1600000E+02  0.66667E+00    2      370    -4     2     T
      185  0.1700000E+02  0.21151E+00    2      396    -4     2     T
      199  0.1800000E+02  0.16921E+00    4      435    -4     2     T
      212  0.1900000E+02  0.21151E+00    2      461    -4     2     T
      215  0.2000000E+02  0.37500E+00    2      467    -4     2     T
      217  0.2100000E+02  0.66667E+00    2      471    -4     2     T
      219  0.2200000E+02  0.50000E+00    2      475    -4     2     T
      232  0.2300000E+02  0.21151E+00    2      502    -4     2     T
      245  0.2400000E+02  0.21151E+00    2      528    -4     2     T
      248  0.2500000E+02  0.37500E+00    2      534    -4     2     T
      250  0.2600000E+02  0.66667E+00    2      538    -4     2     T
      263  0.2700000E+02  0.21151E+00    2      565    -4     2     T
      276  0.2800000E+02  0.21151E+00    2      591    -4     2     T
      279  0.2900000E+02  0.37500E+00    2      597    -4     2     T
      281  0.3000000E+02  0.66667E+00    2      601    -4     2     T
      298  0.3100000E+02  0.84603E-01    4      655    -4     2     T
      311  0.3200000E+02  0.21151E+00    5      689    -4     2     T
      324  0.3300000E+02  0.21151E+00    2      716    -4     2     T
      337  0.3400000E+02  0.21151E+00    2      742    -4     2     T
      350  0.3500000E+02  0.21151E+00    2      768    -4     2     T
      353  0.3600000E+02  0.37500E+00    2      774    -4     2     T
      366  0.3700000E+02  0.21151E+00    2      800    -4     2     T
      369  0.3800000E+02  0.37500E+00    2      807    -4     2     T
      371  0.3900000E+02  0.66667E+00    2      811    -4     2     T
      373  0.4000000E+02  0.50000E+00    2      816    -4     2     T
      374  0.4100000E+02  0.10000E+01    2      818    -4     2     T
      387  0.4200000E+02  0.21151E+00    3      847    -4     2     T
      669  0.4300000E+02  0.13885E-01    4     2328    -4    -2     T
      686  0.4400000E+02  0.84603E-01    2     2379    -4    -2     T
      691  0.4500000E+02  0.26786E+00    2     2392    -4    -2     T
      704  0.4600000E+02  0.21151E+00    2     2418    -4    -2     T
      708  0.4700000E+02  0.25000E+00    2     2428    -4    -2     T
      710  0.4800000E+02  0.66667E+00    2     2433    -4    -2     T
      723  0.4900000E+02  0.21151E+00    4     2463    -4    -2     T
      727  0.5000000E+02  0.44444E+00    2     2473    -4    -2     T
      729  0.5100000E+02  0.66667E+00    2     2477    -4    -2     T
      731  0.5200000E+02  0.50000E+00    2     2481    -4    -2     T
      744  0.5300000E+02  0.21151E+00    2     2507    -4    -2     T
      758  0.5400000E+02  0.14100E+00    2     2539    -4    -2     T
      762  0.5500000E+02  0.25000E+00    2     2551    -4    -2     T
      764  0.5600000E+02  0.66667E+00    3     2556    -4    -2     T
      778  0.5700000E+02  0.14100E+00    2     2589    -4    -2     T
      796  0.5800000E+02  0.81762E-01    6     2654    -4    -2     T
      810  0.5900000E+02  0.20873E+00    3     2688    -4    -2     T
      823  0.6000000E+02  0.21151E+00    2     2716    -4    -2     T
      826  0.6100000E+02  0.37500E+00    4     2724    -4    -2     T
      839  0.6200000E+02  0.21151E+00    2     2750    -4    -2     T
      852  0.6300000E+02  0.21151E+00    3     2778    -4    -2     T
      865  0.6400000E+02  0.21151E+00    2     2804    -4    -2     T
      878  0.6500000E+02  0.21151E+00    2     2830    -4    -2     T
      891  0.6600000E+02  0.21151E+00    2     2856    -4    -2     T
      895  0.6700000E+02  0.25000E+00    2     2866    -4    -2     T
      908  0.6800000E+02  0.21151E+00    2     2892    -4    -2     T
      921  0.6900000E+02  0.21151E+00    2     2918    -4    -2     T
      961  0.7000000E+02  0.16692E-01    2     3158    -4    -2     T
      975  0.7100000E+02  0.14100E+00    2     3191    -4    -2     T
      988  0.7200000E+02  0.21151E+00    3     3219    -4    -2     T
     1001  0.7300000E+02  0.21151E+00    2     3245    -4    -2     T
     1014  0.7400000E+02  0.21151E+00    2     3271    -4    -2     T
     1027  0.7500000E+02  0.21151E+00    2     3297    -4    -2     T
     1030  0.7600000E+02  0.37500E+00    2     3304    -4    -2     T
     1033  0.7700000E+02  0.33333E+00    3     3313    -4    -2     T
     1046  0.7800000E+02  0.21151E+00    3     3341    -4    -2     T
     1049  0.7900000E+02  0.37500E+00    4     3353    -4    -2     T
     1062  0.8000000E+02  0.21151E+00    2     3379    -4    -2     T
     1075  0.8100000E+02  0.21151E+00    2     3405    -4    -2     T
     1079  0.8200000E+02  0.25000E+00    2     3415    -4    -2     T
     1081  0.8300000E+02  0.66667E+00    4     3422    -4    -2     T
     1083  0.8400000E+02  0.50000E+00    3     3428    -4    -2     T
     1085  0.8500000E+02  0.50000E+00    2     3433    -4    -2     T
     1098  0.8600000E+02  0.21151E+00    4     3461    -4    -2     T
     1244  0.8700000E+02  0.47439E-02    3     4306     4    -2     T
     1493  0.8800000E+02  0.46473E-02    4     5325     4    -2     T
     1511  0.8900000E+02  0.13618E+00    3     5370    -4    -2     T
     1515  0.9000000E+02  0.25000E+00    3     5383    -4    -2     T
     1529  0.9100000E+02  0.15040E+00    4     5421    -4    -2     T
     1534  0.9200000E+02  0.26786E+00    2     5433    -4    -2     T
     1663  0.9300000E+02  0.75678E-02    6     6192    -4    -2     T
     1678  0.9400000E+02  0.16502E+00    2     6228    -4    -2     T
     1682  0.9500000E+02  0.30000E+00    3     6241    -4    -2     T
     1685  0.9600000E+02  0.33333E+00    3     6253    -4    -2     T
     1687  0.9700000E+02  0.50000E+00    3     6259    -4    -2     T
     1689  0.9800000E+02  0.50000E+00    2     6264    -4    -2     T
     1690  0.9900000E+02  0.10000E+01    4     6268    -4    -2     T
     1703  0.1000000E+03  0.21151E+00    2     6294    -4    -2     T
     1716  0.1010000E+03  0.21151E+00    2     6320    -4    -2     T
     1719  0.1020000E+03  0.37500E+00    2     6326    -4    -2     T
     1890  0.1030000E+03  0.12954E-01   10     7229     4    -2     T
     1996  0.1040000E+03  0.11699E-01    2     7870     4    -2     T
     2009  0.1050000E+03  0.20149E+00    5     7921    -4    -2     T
     2013  0.1060000E+03  0.30000E+00    5     7938    -4    -2     T
     2016  0.1070000E+03  0.37500E+00    3     7947    -4    -2     T
     2019  0.1080000E+03  0.25000E+00    3     7962    -4    -2     T
     2022  0.1090000E+03  0.33333E+00    3     7972    -4    -2     T
     2024  0.1100000E+03  0.50000E+00    3     7980    -4    -2     T
     2026  0.1110000E+03  0.50000E+00    5     7990    -4    -2     T
     2040  0.1120000E+03  0.16921E+00    4     8029    -4    -2     T
     2056  0.1130000E+03  0.11280E+00    3     8075    -4    -2     T
     2060  0.1140000E+03  0.44444E+00    2     8088    -4    -2     T
     2073  0.1150000E+03  0.21151E+00    3     8116    -4    -2     T
     2086  0.1160000E+03  0.21151E+00    4     8148    -4    -2     T
     2099  0.1170000E+03  0.21151E+00    2     8174    -4    -2     T
     2112  0.1180000E+03  0.21151E+00    3     8205    -4    -2     T
     2125  0.1190000E+03  0.21151E+00    2     8231    -4    -2     T
     2129  0.1200000E+03  0.25000E+00    2     8241    -4    -2     T
     2142  0.1210000E+03  0.21151E+00    2     8267    -4    -2     T
     2155  0.1220000E+03  0.21151E+00    2     8293    -4    -2     T
     2168  0.1230000E+03  0.21151E+00    2     8319    -4     2     T
     2172  0.1240000E+03  0.25000E+00    2     8329    -4     2     T
     2174  0.1250000E+03  0.66667E+00    2     8333    -4     2     T
     2187  0.1260000E+03  0.21151E+00    2     8359    -4     2     T
     2361  0.1270000E+03  0.38142E-02    5     9386     4     2     T
     2380  0.1280000E+03  0.19582E+00    2     9431    -4     2     T
     2383  0.1290000E+03  0.37500E+00    2     9439    -4     2     T
     2385  0.1300000E+03  0.50000E+00    2     9443    -4     2     T
     2569  0.1310000E+03  0.23210E-02    4    10334     4     2     T
     2605  0.1320000E+03  0.34718E-01    2    10506    -4     2     T
     2613  0.1330000E+03  0.18815E+00    3    10530    -4     2     T
     2616  0.1340000E+03  0.50000E+00    2    10539    -4     2     T
     2618  0.1350000E+03  0.50000E+00    2    10544    -4     2     T
     2620  0.1360000E+03  0.50000E+00    2    10548    -4     2     T
     2621  0.1370000E+03  0.10000E+01    5    10553    -4     2     T
     2622  0.1380000E+03  0.10000E+01    4    10557    -4     2     T
     2635  0.1390000E+03  0.21151E+00    4    10587    -4     2     T
     2648  0.1400000E+03  0.21151E+00    2    10613    -4     2     T
     2661  0.1410000E+03  0.21151E+00    2    10639    -4     2     T
     2665  0.1420000E+03  0.25000E+00    2    10649    -4     2     T
     2686  0.1430000E+03  0.60214E-01    5    10721    -4     2     T
     2699  0.1440000E+03  0.21151E+00    2    10748    -4     2     T
     2702  0.1450000E+03  0.37500E+00    2    10756    -4     2     T
     2704  0.1460000E+03  0.66667E+00    2    10760    -4     2     T
     2706  0.1470000E+03  0.50000E+00    2    10764    -4     2     T
     2707  0.1480000E+03  0.10000E+01    2    10766    -4     2     T
     2720  0.1490000E+03  0.21151E+00    2    10792    -4     2     T
     2733  0.1500000E+03  0.21151E+00    3    10820    -4     2     T
     2748  0.1510000E+03  0.13160E+00    5    10865    -4     2     T
     2761  0.1520000E+03  0.21151E+00    2    10892    -4     2     T
     2764  0.1530000E+03  0.37500E+00    2    10898    -4     2     T
     2766  0.1540000E+03  0.66667E+00    2    10902    -4     2     T
     2779  0.1550000E+03  0.21151E+00    2    10928    -4     2     T
     2782  0.1560000E+03  0.37500E+00    2    10934    -4     2     T
     2795  0.1570000E+03  0.21151E+00    2    10960    -4     2     T
     3093  0.1580000E+03  0.16197E-01    3    12433    -4    -2     T
     3114  0.1590000E+03  0.90331E-01    4    12508    -4    -2     T
     3121  0.1600000E+03  0.19527E+00    2    12530    -4    -2     T
     3137  0.1610000E+03  0.11924E+00    4    12578    -4    -2     T
     3142  0.1620000E+03  0.26786E+00    2    12592    -4    -2     T
     3145  0.1630000E+03  0.33333E+00    3    12600    -4    -2     T
     3147  0.1640000E+03  0.50000E+00    2    12606    -4    -2     T
     3149  0.1650000E+03  0.50000E+00    3    12613    -4    -2     T
     3150  0.1660000E+03  0.10000E+01    4    12617    -4    -2     T
     3151  0.1670000E+03  0.10000E+01    2    12619    -4    -2     T
     3152  0.1680000E+03  0.10000E+01    2    12621    -4    -2     T
     3165  0.1690000E+03  0.21151E+00    2    12647    -4    -2     T
     3187  0.1700000E+03  0.90205E-01    4    12726    -4    -2     T
     3201  0.1710000E+03  0.14100E+00    4    12761    -4    -2     T
     3214  0.1720000E+03  0.21151E+00    3    12789    -4    -2     T
     3227  0.1730000E+03  0.21151E+00    2    12815    -4    -2     T
     3230  0.1740000E+03  0.37500E+00    2    12821    -4    -2     T
     3232  0.1750000E+03  0.66667E+00    3    12826    -4    -2     T
     3234  0.1760000E+03  0.50000E+00    2    12832    -4    -2     T
     3235  0.1770000E+03  0.10000E+01    3    12835    -4    -2     T
     3236  0.1780000E+03  0.10000E+01    3    12838    -4    -2     T
     3237  0.1790000E+03  0.10000E+01    4    12842    -4    -2     T
     3238  0.1800000E+03  0.10000E+01    2    12844    -4    -2     T
     3239  0.1810000E+03  0.10000E+01    2    12846    -4    -2     T
     3252  0.1820000E+03  0.21151E+00    2    12872    -4    -2     T
     3265  0.1830000E+03  0.21151E+00    2    12898    -4    -2     T
     3268  0.1840000E+03  0.37500E+00    2    12905    -4    -2     T
     3284  0.1850000E+03  0.12690E+00    4    12952    -4    -2     T
     3297  0.1860000E+03  0.21151E+00    3    12979    -4    -2     T
     3310  0.1870000E+03  0.21151E+00    3    13008    -4    -2     T
     3323  0.1880000E+03  0.21151E+00    2    13034    -4    -2     T
     3336  0.1890000E+03  0.21151E+00    2    13060    -4    -2     T
     3349  0.1900000E+03  0.21151E+00    2    13086    -4    -2     T
     3362  0.1910000E+03  0.21151E+00    2    13112    -4    -2     T
     3365  0.1920000E+03  0.37500E+00    2    13118    -4    -2     T
     3378  0.1930000E+03  0.21151E+00    2    13144    -4    -2     T
     3381  0.1940000E+03  0.37500E+00    2    13150    -4    -2     T
     3383  0.1950000E+03  0.66667E+00    2    13154    -4    -2     T
     3385  0.1960000E+03  0.50000E+00    2    13158    -4    -2     T
     3398  0.1970000E+03  0.21151E+00    2    13184    -4    -2     T
     3411  0.1980000E+03  0.21151E+00    2    13210    -4    -2     T
     3424  0.1990000E+03  0.21151E+00    2    13236    -4    -2     T
     3427  0.2000000E+03  0.37500E+00    2    13242    -4    -2     T
     3441  0.2010000E+03  0.18507E+00    4    13278    -4    -2     T
     3469  0.2020000E+03  0.14064E-01    2    13438    -4    -2     T
     3482  0.2030000E+03  0.21151E+00    3    13469    -4    -2     T
     3486  0.2040000E+03  0.25000E+00    3    13484    -4    -2     T
     3489  0.2050000E+03  0.33333E+00    3    13493    -4    -2     T
     3491  0.2060000E+03  0.50000E+00    3    13499    -4    -2     T
     3493  0.2070000E+03  0.50000E+00    3    13505    -4    -2     T
     3507  0.2080000E+03  0.16921E+00    4    13539    -4    -2     T
     3512  0.2090000E+03  0.26786E+00    2    13551    -4    -2     T
     3515  0.2100000E+03  0.33333E+00    2    13559    -4    -2     T
     3517  0.2110000E+03  0.66667E+00    2    13563    -4    -2     T
     3519  0.2120000E+03  0.50000E+00    2    13568    -4    -2     T
     3520  0.2130000E+03  0.10000E+01    2    13570    -4    -2     T
end
