 ******* Program HYDRUS
 ******* Root uptake with meteorological data                                    
 Date: 474.71.    Time: ***: 0:**
 Units: L = cm   , T = days , M = mmol 

       Time          rTop        rRoot        vTop         vRoot        vBot       sum(rTop)   sum(rRoot)    sum(vTop)   sum(vRoot)    sum(vBot)      hTop         hRoot        hBot        RunOff    sum(RunOff)     Volume     sum(Infil)    sum(Evap) TLevel Cum(WTrans)  SnowLayer
        [T]         [L/T]        [L/T]        [L/T]        [L/T]        [L/T]         [L]          [L]          [L]         [L]           [L]         [L]           [L]         [L]          [L/T]         [L]          [L]          [L]          [L]

       1.0000  0.19585E-01  0.84000E-01  0.19585E-01  0.00000E+00 -0.10245E-06  0.19585E-01  0.84000E-01  0.19585E-01  0.00000E+00  0.30161E-06 -0.82068E+02  0.00000E+00 -0.62676E+02  0.00000E+00  0.00000E+00  0.34934E+02  0.74150E-02  0.27000E-01     14  0.00000E+00      0.000
       2.0000 -0.12260E-01  0.95000E-01 -0.12260E-01  0.00000E+00 -0.19349E-01  0.73250E-02  0.17900E+00  0.73250E-02  0.00000E+00 -0.80237E-02 -0.81705E+02  0.00000E+00 -0.60000E+02  0.00000E+00  0.00000E+00  0.34938E+02  0.33175E-01  0.40500E-01     27  0.00000E+00      0.000
       3.0000 -0.11446E-01  0.10000E+00 -0.11446E-01  0.00000E+00 -0.25690E-01 -0.41210E-02  0.27900E+00 -0.41211E-02  0.00000E+00 -0.31927E-01 -0.82823E+02  0.00000E+00 -0.60000E+02  0.00000E+00  0.00000E+00  0.34926E+02  0.71021E-01  0.66900E-01     30  0.00000E+00      0.000
       4.0000 -0.15980E-01  0.97000E-01 -0.15980E-01  0.00000E+00 -0.29329E-01 -0.20101E-01  0.37600E+00 -0.20101E-01  0.00000E+00 -0.59866E-01 -0.83052E+02  0.00000E+00 -0.60000E+02  0.00000E+00  0.00000E+00  0.34914E+02  0.90801E-01  0.70700E-01     43  0.00000E+00      0.000
       5.0000 -0.15146E-01  0.97000E-01 -0.15146E-01  0.00000E+00 -0.31435E-01 -0.35247E-01  0.47300E+00 -0.35247E-01  0.00000E+00 -0.90673E-01 -0.83827E+02  0.00000E+00 -0.60000E+02  0.00000E+00  0.00000E+00  0.34898E+02  0.10675E+00  0.71500E-01     46  0.00000E+00      0.000
       6.0000 -0.27209E+00  0.35000E-01 -0.27209E+00  0.00000E+00 -0.32885E-01 -0.30734E+00  0.50800E+00 -0.30734E+00  0.00000E+00 -0.12298E+00 -0.46275E+02  0.00000E+00 -0.60000E+02  0.00000E+00  0.00000E+00  0.35138E+02  0.37884E+00  0.71500E-01     59  0.00000E+00      0.000
       7.0000 -0.35197E+00  0.22000E-01 -0.35198E+00  0.00000E+00 -0.33844E-01 -0.65931E+00  0.53000E+00 -0.65931E+00  0.00000E+00 -0.15645E+00 -0.31761E+02  0.00000E+00 -0.60000E+02  0.00000E+00  0.00000E+00  0.35456E+02  0.73081E+00  0.71500E-01     72  0.00000E+00      0.000
       8.0000 -0.15185E+01  0.40000E-02 -0.15185E+01  0.00000E+00 -0.34497E-01 -0.21778E+01  0.53400E+00 -0.21778E+01  0.00000E+00 -0.19067E+00 -0.15447E+01  0.00000E+00 -0.60000E+02  0.00000E+00  0.00000E+00  0.36941E+02  0.22493E+01  0.71500E-01     88  0.00000E+00      0.000
       9.0000 -0.74883E-01  0.32000E-01 -0.74883E-01  0.00000E+00 -0.35519E-01 -0.22527E+01  0.56600E+00 -0.22527E+01  0.00000E+00 -0.22563E+00 -0.28022E+02  0.00000E+00 -0.60000E+02  0.00000E+00  0.00000E+00  0.36980E+02  0.23242E+01  0.71500E-01    101  0.00000E+00      0.000
      10.0000 -0.24161E-01  0.46000E-01 -0.24161E-01  0.00000E+00 -0.40473E-01 -0.22768E+01  0.61200E+00 -0.22768E+01  0.00000E+00 -0.26344E+00 -0.38315E+02  0.00000E+00 -0.60000E+02  0.00000E+00  0.00000E+00  0.36967E+02  0.23483E+01  0.71500E-01    114  0.00000E+00      0.000
      11.0000 -0.43570E-02  0.80000E-01 -0.43573E-02  0.00000E+00 -0.53112E-01 -0.22812E+01  0.69200E+00 -0.22812E+01  0.00000E+00 -0.31048E+00 -0.45960E+02  0.00000E+00 -0.60000E+02  0.00000E+00  0.00000E+00  0.36924E+02  0.23527E+01  0.71500E-01    127  0.00000E+00      0.000
      12.0000 -0.35098E-01  0.64000E-01 -0.35098E-01  0.00000E+00 -0.71722E-01 -0.23163E+01  0.75600E+00 -0.23163E+01  0.00000E+00 -0.37387E+00 -0.47786E+02  0.00000E+00 -0.60000E+02  0.00000E+00  0.00000E+00  0.36896E+02  0.23878E+01  0.71500E-01    140  0.00000E+00      0.000
      13.0000 -0.12213E+00  0.78000E-01 -0.12213E+00  0.00000E+00 -0.90696E-01 -0.24384E+01  0.83400E+00 -0.24384E+01  0.00000E+00 -0.45667E+00 -0.41515E+02  0.00000E+00 -0.60000E+02  0.00000E+00  0.00000E+00  0.36935E+02  0.25256E+01  0.87200E-01    153  0.00000E+00      0.000
      14.0000 -0.58125E+00  0.37000E-01 -0.58125E+00  0.00000E+00 -0.10458E+00 -0.30196E+01  0.87100E+00 -0.30196E+01  0.00000E+00 -0.55577E+00 -0.15458E+02  0.00000E+00 -0.60000E+02  0.00000E+00  0.00000E+00  0.37417E+02  0.31221E+01  0.10250E+00    166  0.00000E+00      0.000
      15.0000  0.10836E-01  0.89000E-01  0.10836E-01  0.00000E+00 -0.11341E+00 -0.30088E+01  0.96000E+00 -0.30088E+01  0.00000E+00 -0.66609E+00 -0.39286E+02  0.00000E+00 -0.60000E+02  0.00000E+00  0.00000E+00  0.37296E+02  0.31326E+01  0.12380E+00    170  0.00000E+00      0.000
      16.0000  0.41020E-02  0.10800E+00  0.41020E-02  0.00000E+00 -0.12113E+00 -0.30047E+01  0.10680E+01 -0.30047E+01  0.00000E+00 -0.78552E+00 -0.46975E+02  0.00000E+00 -0.60000E+02  0.00000E+00  0.00000E+00  0.37173E+02  0.31441E+01  0.13940E+00    172  0.00000E+00      0.000
      17.0000 -0.19684E+00  0.10500E+00 -0.19684E+00  0.00000E+00 -0.12829E+00 -0.32016E+01  0.11730E+01 -0.32016E+01  0.00000E+00 -0.91081E+00 -0.34145E+02  0.00000E+00 -0.60000E+02  0.00000E+00  0.00000E+00  0.37244E+02  0.33574E+01  0.15580E+00    185  0.00000E+00      0.000
      18.0000 -0.11850E+01  0.30000E-01 -0.11850E+01  0.00000E+00 -0.13379E+00 -0.43865E+01  0.12030E+01 -0.43865E+01  0.00000E+00 -0.10423E+01 -0.36972E+01  0.00000E+00 -0.60000E+02  0.00000E+00  0.00000E+00  0.38298E+02  0.45582E+01  0.17170E+00    199  0.00000E+00      0.000
      19.0000 -0.10760E+00  0.59000E-01 -0.10760E+00  0.00000E+00 -0.14574E+00 -0.44941E+01  0.12620E+01 -0.44941E+01  0.00000E+00 -0.11814E+01 -0.25607E+02  0.00000E+00 -0.60000E+02  0.00000E+00  0.00000E+00  0.38266E+02  0.46832E+01  0.18910E+00    212  0.00000E+00      0.000
      20.0000  0.16992E-01  0.10500E+00  0.16992E-01  0.00000E+00 -0.18187E+00 -0.44772E+01  0.13670E+01 -0.44772E+01  0.00000E+00 -0.13503E+01 -0.38878E+02  0.00000E+00 -0.60000E+02  0.00000E+00  0.00000E+00  0.38080E+02  0.46854E+01  0.20820E+00    215  0.00000E+00      0.000
      21.0000  0.11244E-01  0.13400E+00  0.11244E-01  0.00000E+00 -0.21194E+00 -0.44659E+01  0.15010E+01 -0.44659E+01  0.00000E+00 -0.15564E+01 -0.45617E+02  0.00000E+00 -0.60000E+02  0.00000E+00  0.00000E+00  0.37863E+02  0.47079E+01  0.24200E+00    217  0.00000E+00      0.000
      22.0000  0.17600E-01  0.14500E+00  0.17600E-01  0.00000E+00 -0.21980E+00 -0.44483E+01  0.16460E+01 -0.44483E+01  0.00000E+00 -0.17752E+01 -0.51863E+02  0.00000E+00 -0.60000E+02  0.00000E+00  0.00000E+00  0.37627E+02  0.47079E+01  0.25960E+00    219  0.00000E+00      0.000
      23.0000 -0.46499E+00  0.17000E-01 -0.46499E+00  0.00000E+00 -0.21484E+00 -0.49133E+01  0.16630E+01 -0.49133E+01  0.00000E+00 -0.19931E+01 -0.20240E+02  0.00000E+00 -0.60000E+02  0.00000E+00  0.00000E+00  0.37874E+02  0.51901E+01  0.27680E+00    232  0.00000E+00      0.000
      24.0000 -0.91760E-02  0.53000E-01 -0.91758E-02  0.00000E+00 -0.20326E+00 -0.49225E+01  0.17160E+01 -0.49225E+01  0.00000E+00 -0.22015E+01 -0.40538E+02  0.00000E+00 -0.60000E+02  0.00000E+00  0.00000E+00  0.37674E+02  0.52340E+01  0.31150E+00    245  0.00000E+00      0.000
      25.0000  0.12840E-02  0.71000E-01  0.12841E-02  0.00000E+00 -0.19339E+00 -0.49212E+01  0.17870E+01 -0.49212E+01  0.00000E+00 -0.23979E+01 -0.47960E+02  0.00000E+00 -0.60000E+02  0.00000E+00  0.00000E+00  0.37477E+02  0.52408E+01  0.31960E+00    248  0.00000E+00      0.000
      26.0000  0.86020E-02  0.70000E-01  0.86020E-02  0.00000E+00 -0.18516E+00 -0.49126E+01  0.18570E+01 -0.49126E+01  0.00000E+00 -0.25849E+01 -0.53748E+02  0.00000E+00 -0.60000E+02  0.00000E+00  0.00000E+00  0.37281E+02  0.52498E+01  0.33720E+00    250  0.00000E+00      0.000
      27.0000 -0.45244E+00  0.15000E-01 -0.45244E+00  0.00000E+00 -0.17647E+00 -0.53650E+01  0.18720E+01 -0.53650E+01  0.00000E+00 -0.27651E+01 -0.21664E+02  0.00000E+00 -0.60000E+02  0.00000E+00  0.00000E+00  0.37553E+02  0.57191E+01  0.35410E+00    263  0.00000E+00      0.000
      28.0000 -0.77820E-02  0.59000E-01 -0.77818E-02  0.00000E+00 -0.16757E+00 -0.53728E+01  0.19310E+01 -0.53728E+01  0.00000E+00 -0.29365E+01 -0.42303E+02  0.00000E+00 -0.60000E+02  0.00000E+00  0.00000E+00  0.37390E+02  0.57269E+01  0.35410E+00    276  0.00000E+00      0.000
      29.0000  0.30400E-03  0.89000E-01  0.30415E-03  0.00000E+00 -0.16092E+00 -0.53725E+01  0.20200E+01 -0.53725E+01  0.00000E+00 -0.30994E+01 -0.49676E+02  0.00000E+00 -0.60000E+02  0.00000E+00  0.00000E+00  0.37227E+02  0.57497E+01  0.37720E+00    279  0.00000E+00      0.000
      30.0000  0.84260E-02  0.11800E+00  0.84259E-02  0.00000E+00 -0.15624E+00 -0.53641E+01  0.21380E+01 -0.53641E+01  0.00000E+00 -0.32566E+01 -0.55379E+02  0.00000E+00 -0.60000E+02  0.00000E+00  0.00000E+00  0.37061E+02  0.57585E+01  0.39440E+00    281  0.00000E+00      0.000
      31.0000 -0.15090E+01  0.80000E-02 -0.15090E+01  0.00000E+00 -0.15165E+00 -0.68731E+01  0.21460E+01 -0.68731E+01  0.00000E+00 -0.34104E+01 -0.17354E+01  0.00000E+00 -0.60000E+02  0.00000E+00  0.00000E+00  0.38416E+02  0.72675E+01  0.39440E+00    298  0.00000E+00      0.000
      32.0000 -0.11281E+01  0.10000E-02 -0.11281E+01  0.00000E+00 -0.16965E+00 -0.80012E+01  0.21470E+01 -0.80012E+01  0.00000E+00 -0.35665E+01 -0.31708E+01  0.00000E+00 -0.60000E+02  0.00000E+00  0.00000E+00  0.39388E+02  0.83956E+01  0.39440E+00    311  0.00000E+00      0.000
      33.0000 -0.64268E+00  0.56000E-01 -0.64268E+00  0.00000E+00 -0.42152E+00 -0.86439E+01  0.22030E+01 -0.86439E+01  0.00000E+00 -0.38559E+01 -0.87529E+01  0.00000E+00 -0.60000E+02  0.00000E+00  0.00000E+00  0.39741E+02  0.90383E+01  0.39440E+00    324  0.00000E+00      0.000
      34.0000 -0.13678E+00  0.32000E-01 -0.13678E+00  0.00000E+00 -0.58029E+00 -0.87807E+01  0.22350E+01 -0.87807E+01  0.00000E+00 -0.44009E+01 -0.23944E+02  0.00000E+00 -0.60000E+02  0.00000E+00  0.00000E+00  0.39333E+02  0.92087E+01  0.42800E+00    337  0.00000E+00      0.000
      35.0000 -0.25246E-01  0.90000E-01 -0.25246E-01  0.00000E+00 -0.49037E+00 -0.88059E+01  0.23250E+01 -0.88059E+01  0.00000E+00 -0.49349E+01 -0.34951E+02  0.00000E+00 -0.60000E+02  0.00000E+00  0.00000E+00  0.38825E+02  0.93165E+01  0.51060E+00    350  0.00000E+00      0.000
      36.0000  0.73182E-01  0.12700E+00  0.73182E-01  0.00000E+00 -0.40385E+00 -0.87327E+01  0.24520E+01 -0.87327E+01  0.00000E+00 -0.53654E+01 -0.49402E+02  0.00000E+00 -0.60000E+02  0.00000E+00  0.00000E+00  0.38321E+02  0.93457E+01  0.61300E+00    353  0.00000E+00      0.000
      37.0000 -0.51758E-01  0.12900E+00 -0.51758E-01  0.00000E+00 -0.33512E+00 -0.87845E+01  0.25810E+01 -0.87845E+01  0.00000E+00 -0.57290E+01 -0.45088E+02  0.00000E+00 -0.60000E+02  0.00000E+00  0.00000E+00  0.38009E+02  0.95243E+01  0.73980E+00    366  0.00000E+00      0.000
      38.0000  0.73162E-01  0.15200E+00  0.73162E-01  0.00000E+00 -0.28414E+00 -0.87113E+01  0.27330E+01 -0.87113E+01  0.00000E+00 -0.60282E+01 -0.60061E+02  0.00000E+00 -0.60000E+02  0.00000E+00  0.00000E+00  0.37637E+02  0.95483E+01  0.83700E+00    369  0.00000E+00      0.000
      39.0000  0.10313E+00  0.12400E+00  0.10313E+00  0.00000E+00 -0.24851E+00 -0.86082E+01  0.28570E+01 -0.86082E+01  0.00000E+00 -0.62843E+01 -0.74536E+02  0.00000E+00 -0.60000E+02  0.00000E+00  0.00000E+00  0.37277E+02  0.96001E+01  0.99190E+00    371  0.00000E+00      0.000
      40.0000  0.26104E-01  0.96000E-01  0.26104E-01  0.00000E+00 -0.21861E+00 -0.85821E+01  0.29530E+01 -0.85821E+01  0.00000E+00 -0.65101E+01 -0.73468E+02  0.00000E+00 -0.60000E+02  0.00000E+00  0.00000E+00  0.37025E+02  0.96400E+01  0.10579E+01    373  0.00000E+00      0.000
      41.0000  0.21912E-01  0.14300E+00  0.21912E-01  0.00000E+00 -0.19398E+00 -0.85602E+01  0.30960E+01 -0.85602E+01  0.00000E+00 -0.67041E+01 -0.74847E+02  0.00000E+00 -0.60000E+02  0.00000E+00  0.00000E+00  0.36810E+02  0.96672E+01  0.11070E+01    374  0.00000E+00      0.000
      42.0000 -0.54487E+00  0.66000E-01 -0.54487E+00  0.00000E+00 -0.17265E+00 -0.91051E+01  0.31620E+01 -0.91051E+01  0.00000E+00 -0.68856E+01 -0.22010E+02  0.00000E+00 -0.60000E+02  0.00000E+00  0.00000E+00  0.37173E+02  0.10245E+02  0.11399E+01    387  0.00000E+00      0.000
      43.0000 -0.23526E+01  0.50000E-02 -0.23526E+01  0.00000E+00  0.21458E-05 -0.11458E+02  0.31670E+01 -0.99468E+01  0.00000E+00 -0.66561E+01 -0.97751E+04  0.00000E+00 -0.33205E+03  0.00000E+00  0.15379E+01  0.11959E+02  0.12515E+02  0.25770E+01    669  0.00000E+00      0.000
      44.0000 -0.65814E+00  0.49000E-01 -0.65814E+00  0.00000E+00 -0.32783E-06 -0.12116E+02  0.32160E+01 -0.10605E+02  0.00000E+00 -0.66561E+01 -0.47995E+03  0.00000E+00 -0.68084E+03  0.00000E+00  0.15379E+01  0.12617E+02  0.13191E+02  0.25947E+01    686  0.00000E+00      0.000
      45.0000  0.45157E-01  0.92000E-01  0.45157E-01  0.00000E+00  0.52154E-07 -0.12071E+02  0.33080E+01 -0.10560E+02  0.00000E+00 -0.66561E+01 -0.92417E+03  0.00000E+00 -0.82757E+03  0.00000E+00  0.15379E+01  0.12572E+02  0.13232E+02  0.26812E+01    691  0.00000E+00      0.000
      46.0000 -0.18695E+00  0.92000E-01 -0.18695E+00  0.00000E+00  0.67055E-07 -0.12258E+02  0.34000E+01 -0.10747E+02  0.00000E+00 -0.66561E+01 -0.56633E+03  0.00000E+00 -0.93848E+03  0.00000E+00  0.15379E+01  0.12759E+02  0.13529E+02  0.27914E+01    704  0.00000E+00      0.000
      47.0000  0.46528E-01  0.78000E-01  0.46528E-01  0.00000E+00  0.20489E-07 -0.12211E+02  0.34780E+01 -0.10700E+02  0.00000E+00 -0.66561E+01 -0.88093E+03  0.00000E+00 -0.10278E+04  0.00000E+00  0.15379E+01  0.12713E+02  0.13603E+02  0.29123E+01    708  0.00000E+00      0.000
      48.0000  0.88730E-01  0.11800E+00  0.88730E-01  0.00000E+00 -0.35390E-07 -0.12122E+02  0.35960E+01 -0.10611E+02  0.00000E+00 -0.66561E+01 -0.15050E+04  0.00000E+00 -0.11067E+04  0.00000E+00  0.15379E+01  0.12624E+02  0.13631E+02  0.30282E+01    710  0.00000E+00      0.000
      49.0000 -0.33928E+00  0.79000E-01 -0.33928E+00  0.00000E+00  0.11642E-06 -0.12462E+02  0.36750E+01 -0.10951E+02  0.00000E+00 -0.66561E+01 -0.41995E+03  0.00000E+00 -0.11753E+04  0.00000E+00  0.15379E+01  0.12963E+02  0.14086E+02  0.31441E+01    723  0.00000E+00      0.000
      50.0000  0.10825E+00  0.51000E-01  0.10825E+00  0.00000E+00 -0.39116E-07 -0.12353E+02  0.37260E+01 -0.10843E+02  0.00000E+00 -0.66561E+01 -0.85446E+03  0.00000E+00 -0.12299E+04  0.00000E+00  0.15379E+01  0.12855E+02  0.14137E+02  0.33037E+01    727  0.00000E+00      0.000
      51.0000  0.62419E-01  0.13500E+00  0.62419E-01  0.00000E+00 -0.13504E-07 -0.12291E+02  0.38610E+01 -0.10780E+02  0.00000E+00 -0.66561E+01 -0.12359E+04  0.00000E+00 -0.12919E+04  0.00000E+00  0.15379E+01  0.12792E+02  0.14160E+02  0.33888E+01    729  0.00000E+00      0.000
      52.0000  0.38716E-01  0.18100E+00  0.38716E-01  0.00000E+00  0.46566E-08 -0.12252E+02  0.40420E+01 -0.10741E+02  0.00000E+00 -0.66561E+01 -0.15723E+04  0.00000E+00 -0.13486E+04  0.00000E+00  0.15379E+01  0.12754E+02  0.14170E+02  0.34380E+01    731  0.00000E+00      0.000
      53.0000 -0.24899E+00  0.91000E-01 -0.24899E+00  0.00000E+00 -0.16717E-06 -0.12501E+02  0.41330E+01 -0.10990E+02  0.00000E+00 -0.66561E+01 -0.53115E+03  0.00000E+00 -0.14005E+04  0.00000E+00  0.15379E+01  0.13003E+02  0.14470E+02  0.34883E+01    744  0.00000E+00      0.000
      54.0000 -0.47733E+00  0.39000E-01 -0.47733E+00  0.00000E+00  0.17183E-06 -0.12979E+02  0.41720E+01 -0.11468E+02  0.00000E+00 -0.66561E+01 -0.21369E+03  0.00000E+00 -0.14471E+04  0.00000E+00  0.15379E+01  0.13480E+02  0.14982E+02  0.35229E+01    758  0.00000E+00      0.000
      55.0000  0.11329E-01  0.12900E+00  0.11329E-01  0.00000E+00  0.60536E-08 -0.12967E+02  0.43010E+01 -0.11456E+02  0.00000E+00 -0.66561E+01 -0.35320E+03  0.00000E+00 -0.14888E+04  0.00000E+00  0.15379E+01  0.13469E+02  0.14988E+02  0.35409E+01    762  0.00000E+00      0.000
      56.0000  0.94710E-02  0.14600E+00  0.94710E-02  0.00000E+00 -0.40978E-07 -0.12958E+02  0.44470E+01 -0.11447E+02  0.00000E+00 -0.66561E+01 -0.43942E+03  0.00000E+00 -0.15261E+04  0.00000E+00  0.15379E+01  0.13459E+02  0.14997E+02  0.35588E+01    764  0.00000E+00      0.000
      57.0000 -0.66101E+00  0.15300E+00 -0.66101E+00  0.00000E+00 -0.16019E-06 -0.13619E+02  0.46000E+01 -0.12108E+02  0.00000E+00 -0.66561E+01 -0.12173E+03  0.00000E+00 -0.15623E+04  0.00000E+00  0.15379E+01  0.14120E+02  0.15658E+02  0.35588E+01    778  0.00000E+00      0.000
      58.0000 -0.21470E+01  0.13100E+00 -0.21470E+01  0.00000E+00 -0.12061E-06 -0.15766E+02  0.47310E+01 -0.14255E+02  0.00000E+00 -0.66561E+01 -0.16763E+02  0.00000E+00 -0.16056E+04  0.00000E+00  0.15379E+01  0.16267E+02  0.17805E+02  0.35588E+01    796  0.00000E+00      0.000
      59.0000 -0.29839E-01  0.90000E-01 -0.29839E-01  0.00000E+00  0.79861E-07 -0.15796E+02  0.48210E+01 -0.14285E+02  0.00000E+00 -0.66561E+01 -0.87373E+02  0.00000E+00 -0.16464E+04  0.00000E+00  0.15379E+01  0.16297E+02  0.17835E+02  0.35588E+01    810  0.00000E+00      0.000
      60.0000 -0.43395E+00  0.34000E-01 -0.43395E+00  0.00000E+00 -0.66590E-07 -0.16230E+02  0.48550E+01 -0.14719E+02  0.00000E+00 -0.66561E+01 -0.52907E+02  0.00000E+00 -0.16849E+04  0.00000E+00  0.15379E+01  0.16731E+02  0.18268E+02  0.35588E+01    823  0.00000E+00      0.000
      61.0000 -0.41723E+00  0.61000E-01 -0.41723E+00  0.00000E+00 -0.29802E-07 -0.16647E+02  0.49160E+01 -0.15136E+02  0.00000E+00 -0.66561E+01 -0.46781E+02  0.00000E+00 -0.17211E+04  0.00000E+00  0.15379E+01  0.17148E+02  0.18687E+02  0.35598E+01    826  0.00000E+00      0.000
      62.0000 -0.36000E-01  0.18000E-01 -0.36000E-01  0.00000E+00  0.22352E-07 -0.16683E+02  0.49340E+01 -0.15172E+02  0.00000E+00 -0.66561E+01 -0.84619E+02  0.00000E+00 -0.17555E+04  0.00000E+00  0.15379E+01  0.17184E+02  0.18759E+02  0.35958E+01    839  0.00000E+00      0.000
      63.0000 -0.44311E+00  0.65000E-01 -0.44311E+00  0.00000E+00 -0.76834E-07 -0.17126E+02  0.49990E+01 -0.15615E+02  0.00000E+00 -0.66561E+01 -0.45304E+02  0.00000E+00 -0.17880E+04  0.00000E+00  0.15379E+01  0.17627E+02  0.19246E+02  0.36397E+01    852  0.00000E+00      0.000
      64.0000 -0.76254E-01  0.79000E-01 -0.76254E-01  0.00000E+00 -0.30268E-08 -0.17202E+02  0.50780E+01 -0.15691E+02  0.00000E+00 -0.66561E+01 -0.74066E+02  0.00000E+00 -0.18188E+04  0.00000E+00  0.15379E+01  0.17704E+02  0.19366E+02  0.36834E+01    865  0.00000E+00      0.000
      65.0000 -0.15996E+00  0.66000E-01 -0.15996E+00  0.00000E+00 -0.17579E-06 -0.17362E+02  0.51440E+01 -0.15851E+02  0.00000E+00 -0.66561E+01 -0.70314E+02  0.00000E+00 -0.18479E+04  0.00000E+00  0.15379E+01  0.17864E+02  0.19593E+02  0.37505E+01    878  0.00000E+00      0.000
      66.0000 -0.26704E+00  0.68000E-01 -0.26704E+00  0.00000E+00 -0.98255E-07 -0.17629E+02  0.52120E+01 -0.16118E+02  0.00000E+00 -0.66561E+01 -0.56118E+02  0.00000E+00 -0.18756E+04  0.00000E+00  0.15379E+01  0.18131E+02  0.19926E+02  0.38168E+01    891  0.00000E+00      0.000
      67.0000  0.75620E-02  0.88000E-01  0.75622E-02  0.00000E+00 -0.27008E-07 -0.17622E+02  0.53000E+01 -0.16111E+02  0.00000E+00 -0.66561E+01 -0.90072E+02  0.00000E+00 -0.19017E+04  0.00000E+00  0.15379E+01  0.18123E+02  0.19986E+02  0.38844E+01    895  0.00000E+00      0.000
      68.0000 -0.12860E+00  0.95000E-01 -0.12860E+00  0.00000E+00 -0.63563E-07 -0.17750E+02  0.53950E+01 -0.16239E+02  0.00000E+00 -0.66561E+01 -0.79472E+02  0.00000E+00 -0.19266E+04  0.00000E+00  0.15379E+01  0.18252E+02  0.20182E+02  0.39520E+01    908  0.00000E+00      0.000
      69.0000 -0.39834E-01  0.90000E-01 -0.39834E-01  0.00000E+00 -0.71712E-07 -0.17790E+02  0.54850E+01 -0.16279E+02  0.00000E+00 -0.66561E+01 -0.93769E+02  0.00000E+00 -0.19502E+04  0.00000E+00  0.15379E+01  0.18292E+02  0.20269E+02  0.39988E+01    921  0.00000E+00      0.000
      70.0000 -0.22258E+01  0.12000E-01 -0.22258E+01  0.00000E+00 -0.17339E-05 -0.20016E+02  0.54970E+01 -0.18505E+02  0.00000E+00 -0.66561E+01 -0.12242E+01  0.00000E+00 -0.19763E+04  0.00000E+00  0.15379E+01  0.20517E+02  0.22563E+02  0.40666E+01    961  0.00000E+00      0.000
      71.0000 -0.49405E+00  0.10400E+00 -0.49405E+00  0.00000E+00 -0.35157E-07 -0.20510E+02  0.56010E+01 -0.18999E+02  0.00000E+00 -0.66561E+01 -0.18709E+02  0.00000E+00 -0.20057E+04  0.00000E+00  0.15379E+01  0.21011E+02  0.23126E+02  0.41357E+01    975  0.00000E+00      0.000
      72.0000 -0.36001E+00  0.56000E-01 -0.36001E+00  0.00000E+00 -0.10128E-06 -0.20870E+02  0.56570E+01 -0.19359E+02  0.00000E+00 -0.66561E+01 -0.24687E+02  0.00000E+00 -0.20342E+04  0.00000E+00  0.15379E+01  0.21371E+02  0.23698E+02  0.43481E+01    988  0.00000E+00      0.000
      73.0000 -0.11130E+00  0.89000E-01 -0.11130E+00  0.00000E+00 -0.18755E-06 -0.20981E+02  0.57460E+01 -0.19470E+02  0.00000E+00 -0.66561E+01 -0.41037E+02  0.00000E+00 -0.20619E+04  0.00000E+00  0.15379E+01  0.21483E+02  0.24057E+02  0.45960E+01   1001  0.00000E+00      0.000
      74.0000 -0.32728E+00  0.80000E-01 -0.32728E+00  0.00000E+00 -0.16228E-06 -0.21308E+02  0.58260E+01 -0.19798E+02  0.00000E+00 -0.66561E+01 -0.30389E+02  0.00000E+00 -0.20887E+04  0.00000E+00  0.15379E+01  0.21810E+02  0.24592E+02  0.48036E+01   1014  0.00000E+00      0.000
      75.0000 -0.49185E+00  0.81000E-01 -0.49185E+00  0.00000E+00 -0.12806E-06 -0.21800E+02  0.59070E+01 -0.20289E+02  0.00000E+00 -0.66561E+01 -0.21129E+02  0.00000E+00 -0.21147E+04  0.00000E+00  0.15379E+01  0.22302E+02  0.25288E+02  0.50079E+01   1027  0.00000E+00      0.000
      76.0000 -0.44939E+00  0.81000E-01 -0.44939E+00  0.00000E+00 -0.10594E-07 -0.22250E+02  0.59880E+01 -0.20739E+02  0.00000E+00 -0.66561E+01 -0.20558E+02  0.00000E+00 -0.21399E+04  0.00000E+00  0.15379E+01  0.22751E+02  0.25978E+02  0.52482E+01   1030  0.00000E+00      0.000
      77.0000  0.25071E-01  0.15000E+00  0.25071E-01  0.00000E+00  0.92434E-07 -0.22225E+02  0.61380E+01 -0.20714E+02  0.00000E+00 -0.66561E+01 -0.48268E+02  0.00000E+00 -0.21643E+04  0.00000E+00  0.15379E+01  0.22726E+02  0.26139E+02  0.54340E+01   1033  0.00000E+00      0.000
      78.0000 -0.55835E+00  0.63000E-01 -0.55835E+00  0.00000E+00 -0.19092E-06 -0.22783E+02  0.62010E+01 -0.21272E+02  0.00000E+00 -0.66561E+01 -0.18978E+02  0.00000E+00 -0.21881E+04  0.00000E+00  0.15379E+01  0.23284E+02  0.26865E+02  0.56020E+01   1046  0.00000E+00      0.000
      79.0000 -0.65936E+00  0.99000E-01 -0.65936E+00  0.00000E+00  0.60303E-07 -0.23442E+02  0.63000E+01 -0.21931E+02  0.00000E+00 -0.66561E+01 -0.13312E+02  0.00000E+00 -0.22111E+04  0.00000E+00  0.15379E+01  0.23944E+02  0.27697E+02  0.57742E+01   1049  0.00000E+00      0.000
      80.0000 -0.49621E+00  0.54000E-01 -0.49621E+00  0.00000E+00  0.28638E-07 -0.23939E+02  0.63540E+01 -0.22428E+02  0.00000E+00 -0.66561E+01 -0.15963E+02  0.00000E+00 -0.22335E+04  0.00000E+00  0.15379E+01  0.24440E+02  0.28345E+02  0.59268E+01   1062  0.00000E+00      0.000
      81.0000 -0.31975E+00  0.20000E-01 -0.31975E+00  0.00000E+00  0.84168E-07 -0.24258E+02  0.63740E+01 -0.22747E+02  0.00000E+00 -0.66561E+01 -0.21950E+02  0.00000E+00 -0.22552E+04  0.00000E+00  0.15379E+01  0.24760E+02  0.28863E+02  0.61248E+01   1075  0.00000E+00      0.000
      82.0000  0.30215E+00  0.93000E-01  0.30215E+00  0.00000E+00  0.81491E-09 -0.23956E+02  0.64670E+01 -0.22445E+02  0.00000E+00 -0.66561E+01 -0.80254E+02  0.00000E+00 -0.22763E+04  0.00000E+00  0.15379E+01  0.24458E+02  0.28928E+02  0.64915E+01   1079  0.00000E+00      0.000
      83.0000  0.25779E+00  0.15900E+00  0.25779E+00  0.00000E+00 -0.20373E-07 -0.23698E+02  0.66260E+01 -0.22187E+02  0.00000E+00 -0.66561E+01 -0.12955E+03  0.00000E+00 -0.22968E+04  0.00000E+00  0.15379E+01  0.24200E+02  0.28961E+02  0.67830E+01   1081  0.00000E+00      0.000
      84.0000  0.18576E+00  0.18400E+00  0.18576E+00  0.00000E+00 -0.10710E-07 -0.23513E+02  0.68100E+01 -0.22002E+02  0.00000E+00 -0.66561E+01 -0.16676E+03  0.00000E+00 -0.23166E+04  0.00000E+00  0.15379E+01  0.24014E+02  0.28996E+02  0.70034E+01   1083  0.00000E+00      0.000
      85.0000  0.13260E+00  0.17300E+00  0.13260E+00  0.00000E+00  0.23749E-07 -0.23380E+02  0.69830E+01 -0.21869E+02  0.00000E+00 -0.66561E+01 -0.19047E+03  0.00000E+00 -0.23359E+04  0.00000E+00  0.15379E+01  0.23881E+02  0.29020E+02  0.71598E+01   1085  0.00000E+00      0.000
      86.0000 -0.36477E+00  0.16600E+00 -0.36477E+00  0.00000E+00  0.87894E-07 -0.23745E+02  0.71490E+01 -0.22234E+02  0.00000E+00 -0.66561E+01 -0.57809E+02  0.00000E+00 -0.23548E+04  0.00000E+00  0.15379E+01  0.24246E+02  0.29479E+02  0.72543E+01   1098  0.00000E+00      0.000
      87.0000 -0.26921E+01  0.11800E+00 -0.20582E+01  0.00000E+00  0.65768E-05 -0.26437E+02  0.72670E+01 -0.24811E+02  0.00000E+00 -0.66561E+01  0.00000E+00  0.00000E+00 -0.23732E+04  0.63391E+00  0.16678E+01  0.26824E+02  0.32085E+02  0.72969E+01   1244  0.00000E+00      0.000
      88.0000 -0.21441E+01  0.36000E-01 -0.21681E+01  0.00000E+00 -0.52341E-05 -0.28581E+02  0.73030E+01 -0.27041E+02  0.00000E+00 -0.66561E+01  0.00000E+00  0.00000E+00 -0.23911E+04  0.23992E-01  0.17762E+01  0.29054E+02  0.34345E+02  0.77719E+01   1493  0.00000E+00      0.000
      89.0000  0.82120E+00  0.12100E+00  0.82120E+00  0.00000E+00  0.58208E-07 -0.27760E+02  0.74240E+01 -0.26220E+02  0.00000E+00 -0.66561E+01 -0.15035E+03  0.00000E+00 -0.24085E+04  0.00000E+00  0.17762E+01  0.28232E+02  0.34358E+02  0.86057E+01   1511  0.00000E+00      0.000
      90.0000  0.45109E+00  0.14500E+00  0.45109E+00  0.00000E+00  0.12689E-06 -0.27309E+02  0.75690E+01 -0.25769E+02  0.00000E+00 -0.66561E+01 -0.24742E+03  0.00000E+00 -0.24253E+04  0.00000E+00  0.17762E+01  0.27781E+02  0.34368E+02  0.90672E+01   1515  0.00000E+00      0.000
      91.0000 -0.61090E+00  0.84000E-01 -0.61090E+00  0.00000E+00  0.66357E-08 -0.27920E+02  0.76530E+01 -0.26380E+02  0.00000E+00 -0.66561E+01 -0.30475E+02  0.00000E+00 -0.24418E+04  0.00000E+00  0.17762E+01  0.28392E+02  0.35258E+02  0.93463E+01   1529  0.00000E+00      0.000
      92.0000  0.25720E+00  0.11900E+00  0.25720E+00  0.00000E+00  0.27707E-07 -0.27662E+02  0.77720E+01 -0.26123E+02  0.00000E+00 -0.66561E+01 -0.10010E+03  0.00000E+00 -0.24577E+04  0.00000E+00  0.17762E+01  0.28135E+02  0.35258E+02  0.96035E+01   1534  0.00000E+00      0.000
      93.0000 -0.32767E+01  0.10600E+00 -0.32767E+01  0.00000E+00  0.12118E-05 -0.30939E+02  0.78780E+01 -0.29221E+02  0.00000E+00 -0.66561E+01 -0.60529E+00  0.00000E+00 -0.24731E+04  0.00000E+00  0.19571E+01  0.31233E+02  0.38401E+02  0.97428E+01   1663  0.00000E+00      0.000
      94.0000  0.39945E+00  0.48000E-01  0.39945E+00  0.00000E+00  0.75554E-07 -0.30540E+02  0.79260E+01 -0.28821E+02  0.00000E+00 -0.66561E+01 -0.65753E+02  0.00000E+00 -0.24919E+04  0.00000E+00  0.19571E+01  0.30834E+02  0.38652E+02  0.10393E+02   1678  0.00000E+00      0.000
      95.0000  0.73148E+00  0.11600E+00  0.73148E+00  0.00000E+00  0.28755E-07 -0.29808E+02  0.80420E+01 -0.28090E+02  0.00000E+00 -0.66561E+01 -0.26652E+03  0.00000E+00 -0.25116E+04  0.00000E+00  0.19571E+01  0.30102E+02  0.38653E+02  0.11125E+02   1682  0.00000E+00      0.000
      96.0000  0.31400E-01  0.10500E+00  0.31400E-01  0.00000E+00 -0.16938E-07 -0.29777E+02  0.81470E+01 -0.28058E+02  0.00000E+00 -0.66561E+01 -0.15528E+03  0.00000E+00 -0.25308E+04  0.00000E+00  0.19571E+01  0.30071E+02  0.39020E+02  0.11524E+02   1685  0.00000E+00      0.000
      97.0000  0.16227E+00  0.10100E+00  0.16228E+00  0.00000E+00  0.58848E-07 -0.29615E+02  0.82480E+01 -0.27896E+02  0.00000E+00 -0.66561E+01 -0.18179E+03  0.00000E+00 -0.25492E+04  0.00000E+00  0.19571E+01  0.29909E+02  0.39139E+02  0.11805E+02   1687  0.00000E+00      0.000
      98.0000  0.21529E+00  0.10900E+00  0.21529E+00  0.00000E+00  0.45053E-07 -0.29399E+02  0.83570E+01 -0.27681E+02  0.00000E+00 -0.66561E+01 -0.24778E+03  0.00000E+00 -0.25666E+04  0.00000E+00  0.19571E+01  0.29693E+02  0.39148E+02  0.12029E+02   1689  0.00000E+00      0.000
      99.0000  0.13890E+00  0.14600E+00  0.13890E+00  0.00000E+00  0.19791E-07 -0.29260E+02  0.85030E+01 -0.27542E+02  0.00000E+00 -0.66561E+01 -0.27225E+03  0.00000E+00 -0.25818E+04  0.00000E+00  0.19571E+01  0.29554E+02  0.39152E+02  0.12172E+02   1690  0.00000E+00      0.000
     100.0000 -0.32444E+00  0.47000E-01 -0.32444E+00  0.00000E+00 -0.11257E-06 -0.29585E+02  0.85500E+01 -0.27866E+02  0.00000E+00 -0.66561E+01 -0.80394E+02  0.00000E+00 -0.25958E+04  0.00000E+00  0.19571E+01  0.29879E+02  0.39476E+02  0.12172E+02   1703  0.00000E+00      0.000
     101.0000 -0.22400E-01  0.16700E+00 -0.22400E-01  0.00000E+00  0.98778E-07 -0.29607E+02  0.87170E+01 -0.27889E+02  0.00000E+00 -0.66561E+01 -0.90182E+02  0.00000E+00 -0.26075E+04  0.00000E+00  0.19571E+01  0.29901E+02  0.39498E+02  0.12172E+02   1716  0.00000E+00      0.000
     102.0000  0.33276E-01  0.12300E+00  0.33276E-01  0.00000E+00 -0.57626E-07 -0.29574E+02  0.88400E+01 -0.27856E+02  0.00000E+00 -0.66561E+01 -0.10595E+03  0.00000E+00 -0.26165E+04  0.00000E+00  0.19571E+01  0.29868E+02  0.39540E+02  0.12247E+02   1719  0.00000E+00      0.000
     103.0000 -0.40553E+01  0.58000E-01 -0.33864E+01  0.00000E+00  0.19213E-05 -0.33629E+02  0.88979E+01 -0.31217E+02  0.00000E+00 -0.66561E+01  0.00000E+00  0.00000E+00 -0.26234E+04  0.66891E+00  0.26505E+01  0.33230E+02  0.42903E+02  0.12249E+02   1890  0.00000E+00      0.000
     104.0000 -0.44385E+01  0.18000E-01 -0.32890E+01  0.00000E+00 -0.26590E-05 -0.38068E+02  0.89159E+01 -0.34418E+02  0.00000E+00 -0.66561E+01  0.00000E+00  0.00000E+00 -0.26275E+04  0.11496E+01  0.38886E+01  0.36430E+02  0.46103E+02  0.12668E+02   1996  0.00000E+00      0.000
     105.0000  0.21560E+01  0.28000E-01  0.21560E+01  0.00000E+00  0.93132E-07 -0.35912E+02  0.89439E+01 -0.32262E+02  0.00000E+00 -0.66561E+01 -0.23432E+04  0.00000E+00 -0.23236E+04  0.00000E+00  0.38886E+01  0.34274E+02  0.46103E+02  0.14824E+02   2009  0.00000E+00      0.000
     106.0000  0.10319E+01  0.27000E-01  0.10319E+01  0.00000E+00 -0.15646E-06 -0.34880E+02  0.89709E+01 -0.31230E+02  0.00000E+00 -0.66561E+01 -0.10525E+05  0.00000E+00 -0.12937E+04  0.00000E+00  0.38886E+01  0.33242E+02  0.46103E+02  0.15855E+02   2013  0.00000E+00      0.000
     107.0000  0.66558E+00  0.61000E-01  0.66558E+00  0.00000E+00 -0.67055E-07 -0.34214E+02  0.90319E+01 -0.30564E+02  0.00000E+00 -0.66561E+01 -0.29451E+05  0.00000E+00 -0.70129E+03  0.00000E+00  0.38886E+01  0.32577E+02  0.46112E+02  0.16530E+02   2016  0.00000E+00      0.000
     108.0000  0.54479E-01  0.15000E-01  0.54479E-01  0.00000E+00  0.27567E-06 -0.34160E+02  0.90469E+01 -0.30510E+02  0.00000E+00 -0.66561E+01 -0.64259E+04  0.00000E+00 -0.42810E+03  0.00000E+00  0.38886E+01  0.32522E+02  0.46536E+02  0.17009E+02   2019  0.00000E+00      0.000
     109.0000  0.38953E+00  0.59000E-01  0.38953E+00  0.00000E+00 -0.74506E-08 -0.33770E+02  0.91059E+01 -0.30120E+02  0.00000E+00 -0.66561E+01 -0.22958E+05  0.00000E+00 -0.28999E+03  0.00000E+00  0.38886E+01  0.32133E+02  0.46584E+02  0.17446E+02   2022  0.00000E+00      0.000
     110.0000  0.25570E+00  0.15600E+00  0.25570E+00  0.00000E+00  0.14901E-06 -0.33515E+02  0.92619E+01 -0.29865E+02  0.00000E+00 -0.66561E+01 -0.27933E+05  0.00000E+00 -0.21383E+03  0.00000E+00  0.38886E+01  0.31877E+02  0.46606E+02  0.17723E+02   2024  0.00000E+00      0.000
     111.0000  0.25200E-01  0.14500E+00  0.25200E-01  0.00000E+00  0.14901E-07 -0.33489E+02  0.94069E+01 -0.29840E+02  0.00000E+00 -0.66561E+01 -0.10187E+05  0.00000E+00 -0.16587E+03  0.00000E+00  0.38886E+01  0.31852E+02  0.46627E+02  0.17770E+02   2026  0.00000E+00      0.000
     112.0000 -0.43090E+00  0.85000E-01 -0.43090E+00  0.00000E+00 -0.20117E-06 -0.33920E+02  0.94919E+01 -0.30270E+02  0.00000E+00 -0.66561E+01 -0.53949E+03  0.00000E+00 -0.13380E+03  0.00000E+00  0.38886E+01  0.32283E+02  0.47099E+02  0.17811E+02   2040  0.00000E+00      0.000
     113.0000 -0.10076E+01  0.11800E+00 -0.10076E+01  0.00000E+00  0.29057E-06 -0.34928E+02  0.96099E+01 -0.31278E+02  0.00000E+00 -0.66561E+01 -0.46812E+02  0.00000E+00 -0.11250E+03  0.00000E+00  0.38886E+01  0.33290E+02  0.48152E+02  0.17856E+02   2056  0.00000E+00      0.000
     114.0000  0.37700E-01  0.10200E+00  0.37700E-01  0.00000E+00 -0.80094E-07 -0.34890E+02  0.97119E+01 -0.31240E+02  0.00000E+00 -0.66561E+01 -0.10795E+03  0.00000E+00 -0.98275E+02  0.00000E+00  0.38886E+01  0.33253E+02  0.48164E+02  0.17906E+02   2060  0.00000E+00      0.000
     115.0000 -0.45246E+00  0.12700E+00 -0.45246E+00  0.00000E+00 -0.10431E-06 -0.35343E+02  0.98389E+01 -0.31693E+02  0.00000E+00 -0.66561E+01 -0.46640E+02  0.00000E+00 -0.88560E+02  0.00000E+00  0.38886E+01  0.33705E+02  0.48644E+02  0.17933E+02   2073  0.00000E+00      0.000
     116.0000 -0.93287E+00  0.70000E-01 -0.93287E+00  0.00000E+00 -0.52154E-07 -0.36276E+02  0.99089E+01 -0.32626E+02  0.00000E+00 -0.66561E+01 -0.14288E+02  0.00000E+00 -0.81443E+02  0.00000E+00  0.38886E+01  0.34638E+02  0.49577E+02  0.17934E+02   2086  0.00000E+00      0.000
     117.0000 -0.24283E+00  0.46000E-01 -0.24283E+00  0.00000E+00 -0.11642E-06 -0.36518E+02  0.99549E+01 -0.32868E+02  0.00000E+00 -0.66561E+01 -0.30482E+02  0.00000E+00 -0.76110E+02  0.00000E+00  0.38886E+01  0.34881E+02  0.49854E+02  0.17968E+02   2099  0.00000E+00      0.000
     118.0000 -0.83564E+00  0.40000E-01 -0.83564E+00  0.00000E+00  0.20675E-06 -0.37354E+02  0.99949E+01 -0.33704E+02  0.00000E+00 -0.66561E+01 -0.94083E+01  0.00000E+00 -0.72397E+02  0.00000E+00  0.38886E+01  0.35716E+02  0.50721E+02  0.17999E+02   2112  0.00000E+00      0.000
     119.0000 -0.30801E+00  0.42000E-01 -0.30801E+00  0.00000E+00  0.36322E-07 -0.37662E+02  0.10037E+02 -0.34012E+02  0.00000E+00 -0.66561E+01 -0.20790E+02  0.00000E+00 -0.69377E+02  0.00000E+00  0.38886E+01  0.36024E+02  0.51060E+02  0.18030E+02   2125  0.00000E+00      0.000
     120.0000  0.75100E-01  0.59000E-01  0.75100E-01  0.00000E+00  0.17416E-06 -0.37587E+02  0.10096E+02 -0.33937E+02  0.00000E+00 -0.66561E+01 -0.46076E+02  0.00000E+00 -0.66868E+02  0.00000E+00  0.38886E+01  0.35949E+02  0.51077E+02  0.18123E+02   2129  0.00000E+00      0.000
     121.0000 -0.98136E-01  0.75000E-01 -0.98136E-01  0.00000E+00  0.21514E-06 -0.37685E+02  0.10171E+02 -0.34035E+02  0.00000E+00 -0.66561E+01 -0.41090E+02  0.00000E+00 -0.64560E+02  0.00000E+00  0.38886E+01  0.36048E+02  0.51292E+02  0.18239E+02   2142  0.00000E+00      0.000
     122.0000 -0.26679E+00  0.53000E-01 -0.26679E+00  0.00000E+00  0.18999E-06 -0.37952E+02  0.10224E+02 -0.34302E+02  0.00000E+00 -0.66561E+01 -0.29179E+02  0.00000E+00 -0.62010E+02  0.00000E+00  0.38886E+01  0.36314E+02  0.51671E+02  0.18351E+02   2155  0.00000E+00      0.000
     123.0000 -0.12440E+00  0.30000E-01 -0.12440E+00  0.00000E+00 -0.16971E-01 -0.38076E+02  0.10254E+02 -0.34426E+02  0.00000E+00 -0.66612E+01 -0.35797E+02  0.00000E+00 -0.60000E+02  0.00000E+00  0.38886E+01  0.36434E+02  0.51917E+02  0.18473E+02   2168  0.00000E+00      0.000
     124.0000  0.72800E-01  0.81000E-01  0.72800E-01  0.00000E+00 -0.31480E-01 -0.38003E+02  0.10335E+02 -0.34354E+02  0.00000E+00 -0.66872E+01 -0.56411E+02  0.00000E+00 -0.60000E+02  0.00000E+00  0.38886E+01  0.36335E+02  0.51938E+02  0.18567E+02   2172  0.00000E+00      0.000
     125.0000  0.14700E-01  0.93000E-01  0.14700E-01  0.00000E+00 -0.44580E-01 -0.37989E+02  0.10428E+02 -0.34339E+02  0.00000E+00 -0.67290E+01 -0.60371E+02  0.00000E+00 -0.60000E+02  0.00000E+00  0.38886E+01  0.36278E+02  0.52018E+02  0.18662E+02   2174  0.00000E+00      0.000
     126.0000 -0.19000E-01  0.85000E-01 -0.19000E-01  0.00000E+00 -0.56450E-01 -0.38008E+02  0.10513E+02 -0.34358E+02  0.00000E+00 -0.67805E+01 -0.59910E+02  0.00000E+00 -0.60000E+02  0.00000E+00  0.38886E+01  0.36246E+02  0.52101E+02  0.18726E+02   2187  0.00000E+00      0.000
     127.0000 -0.29843E+01  0.12000E-01 -0.27791E+01  0.00000E+00 -0.66631E-01 -0.40992E+02  0.10525E+02 -0.37187E+02  0.00000E+00 -0.68422E+01  0.00000E+00  0.00000E+00 -0.60000E+02  0.20525E+00  0.40528E+01  0.39013E+02  0.54955E+02  0.18790E+02   2361  0.00000E+00      0.000
     128.0000  0.17436E+00  0.40000E-01  0.17437E+00  0.00000E+00 -0.18681E+00 -0.40818E+02  0.10565E+02 -0.37013E+02  0.00000E+00 -0.69583E+01 -0.41880E+02  0.00000E+00 -0.60000E+02  0.00000E+00  0.40528E+01  0.38723E+02  0.54974E+02  0.18984E+02   2380  0.00000E+00      0.000
     129.0000  0.29950E+00  0.10000E+00  0.29950E+00  0.00000E+00 -0.32151E+00 -0.40518E+02  0.10665E+02 -0.36713E+02  0.00000E+00 -0.72458E+01 -0.80741E+02  0.00000E+00 -0.60000E+02  0.00000E+00  0.40528E+01  0.38136E+02  0.55014E+02  0.19323E+02   2383  0.00000E+00      0.000
     130.0000  0.28838E+00  0.10700E+00  0.28838E+00  0.00000E+00 -0.31769E+00 -0.40230E+02  0.10772E+02 -0.36425E+02  0.00000E+00 -0.75687E+01 -0.12213E+03  0.00000E+00 -0.60000E+02  0.00000E+00  0.40528E+01  0.37524E+02  0.55036E+02  0.19633E+02   2385  0.00000E+00      0.000
     131.0000 -0.23355E+01  0.20000E-01 -0.20657E+01  0.00000E+00 -0.28141E+00 -0.42565E+02  0.10792E+02 -0.38672E+02  0.00000E+00 -0.78690E+01  0.00000E+00  0.00000E+00 -0.60000E+02  0.26985E+00  0.41703E+01  0.39471E+02  0.57392E+02  0.19837E+02   2569  0.00000E+00      0.000
     132.0000 -0.14929E+01  0.70000E-02 -0.14929E+01  0.00000E+00 -0.10990E+01 -0.44058E+02  0.10799E+02 -0.40170E+02  0.00000E+00 -0.83515E+01 -0.16483E+01  0.00000E+00 -0.60000E+02  0.00000E+00  0.41754E+01  0.40487E+02  0.60368E+02  0.21329E+02   2605  0.00000E+00      0.000
     133.0000  0.15778E+01  0.44000E-01  0.15778E+01  0.00000E+00 -0.74891E+00 -0.42480E+02  0.10843E+02 -0.38592E+02  0.00000E+00 -0.93317E+01 -0.62233E+03  0.00000E+00 -0.60000E+02  0.00000E+00  0.41754E+01  0.37929E+02  0.60384E+02  0.22923E+02   2613  0.00000E+00      0.000
     134.0000  0.51103E+00  0.25000E-01  0.51103E+00  0.00000E+00 -0.48003E+00 -0.41969E+02  0.10868E+02 -0.38081E+02  0.00000E+00 -0.98828E+01 -0.74398E+03  0.00000E+00 -0.60000E+02  0.00000E+00  0.41754E+01  0.36866E+02  0.60482E+02  0.23532E+02   2616  0.00000E+00      0.000
     135.0000  0.35652E+00  0.84000E-01  0.35652E+00  0.00000E+00 -0.35307E+00 -0.41613E+02  0.10952E+02 -0.37724E+02  0.00000E+00 -0.10264E+02 -0.91437E+03  0.00000E+00 -0.60000E+02  0.00000E+00  0.41754E+01  0.36129E+02  0.60513E+02  0.23920E+02   2618  0.00000E+00      0.000
     136.0000  0.29453E+00  0.10000E+00  0.29453E+00  0.00000E+00 -0.27324E+00 -0.41318E+02  0.11052E+02 -0.37430E+02  0.00000E+00 -0.10554E+02 -0.11251E+04  0.00000E+00 -0.60000E+02  0.00000E+00  0.41754E+01  0.35544E+02  0.60524E+02  0.24225E+02   2620  0.00000E+00      0.000
     137.0000  0.35530E-01  0.37000E-01  0.35530E-01  0.00000E+00 -0.22362E+00 -0.41283E+02  0.11089E+02 -0.37394E+02  0.00000E+00 -0.10777E+02 -0.69620E+03  0.00000E+00 -0.60000E+02  0.00000E+00  0.41754E+01  0.35285E+02  0.60739E+02  0.24476E+02   2621  0.00000E+00      0.000
     138.0000  0.18570E+00  0.89000E-01  0.18570E+00  0.00000E+00 -0.18618E+00 -0.41097E+02  0.11178E+02 -0.37208E+02  0.00000E+00 -0.10964E+02 -0.87007E+03  0.00000E+00 -0.60000E+02  0.00000E+00  0.41754E+01  0.34913E+02  0.60743E+02  0.24665E+02   2622  0.00000E+00      0.000
     139.0000 -0.24191E+00  0.64000E-01 -0.24191E+00  0.00000E+00 -0.15597E+00 -0.41339E+02  0.11242E+02 -0.37450E+02  0.00000E+00 -0.11132E+02 -0.23863E+03  0.00000E+00 -0.60000E+02  0.00000E+00  0.41754E+01  0.34987E+02  0.60985E+02  0.24665E+02   2635  0.00000E+00      0.000
     140.0000 -0.10793E+00  0.41000E-01 -0.10793E+00  0.00000E+00 -0.13415E+00 -0.41447E+02  0.11283E+02 -0.37558E+02  0.00000E+00 -0.11275E+02 -0.15721E+03  0.00000E+00 -0.60000E+02  0.00000E+00  0.41754E+01  0.34952E+02  0.61093E+02  0.24666E+02   2648  0.00000E+00      0.000
     141.0000 -0.17005E+00  0.64000E-01 -0.17005E+00  0.00000E+00 -0.11622E+00 -0.41617E+02  0.11347E+02 -0.37728E+02  0.00000E+00 -0.11399E+02 -0.98131E+02  0.00000E+00 -0.60000E+02  0.00000E+00  0.41754E+01  0.34998E+02  0.61313E+02  0.24715E+02   2661  0.00000E+00      0.000
     142.0000  0.47630E-02  0.81000E-01  0.47630E-02  0.00000E+00 -0.10191E+00 -0.41612E+02  0.11428E+02 -0.37724E+02  0.00000E+00 -0.11506E+02 -0.11548E+03  0.00000E+00 -0.60000E+02  0.00000E+00  0.41754E+01  0.34886E+02  0.61334E+02  0.24741E+02   2665  0.00000E+00      0.000
     143.0000 -0.17816E+01  0.17000E-01 -0.17816E+01  0.00000E+00 -0.90008E-01 -0.43394E+02  0.11445E+02 -0.39505E+02  0.00000E+00 -0.11601E+02 -0.19259E+01  0.00000E+00 -0.60000E+02  0.00000E+00  0.41754E+01  0.36573E+02  0.63143E+02  0.24769E+02   2686  0.00000E+00      0.000
     144.0000 -0.27565E+00  0.16000E-01 -0.27565E+00  0.00000E+00 -0.80228E-01 -0.43669E+02  0.11461E+02 -0.39781E+02  0.00000E+00 -0.11685E+02 -0.21738E+02  0.00000E+00 -0.60000E+02  0.00000E+00  0.41754E+01  0.36764E+02  0.63419E+02  0.24769E+02   2699  0.00000E+00      0.000
     145.0000  0.29950E-01  0.80000E-01  0.29950E-01  0.00000E+00 -0.73682E-01 -0.43639E+02  0.11541E+02 -0.39751E+02  0.00000E+00 -0.11761E+02 -0.42000E+02  0.00000E+00 -0.60000E+02  0.00000E+00  0.41754E+01  0.36659E+02  0.63423E+02  0.24803E+02   2702  0.00000E+00      0.000
     146.0000  0.49487E-01  0.85000E-01  0.49487E-01  0.00000E+00 -0.72112E-01 -0.43590E+02  0.11626E+02 -0.39701E+02  0.00000E+00 -0.11833E+02 -0.54024E+02  0.00000E+00 -0.60000E+02  0.00000E+00  0.41754E+01  0.36537E+02  0.63439E+02  0.24869E+02   2704  0.00000E+00      0.000
     147.0000  0.23102E-01  0.86000E-01  0.23102E-01  0.00000E+00 -0.74244E-01 -0.43567E+02  0.11712E+02 -0.39678E+02  0.00000E+00 -0.11907E+02 -0.59798E+02  0.00000E+00 -0.60000E+02  0.00000E+00  0.41754E+01  0.36440E+02  0.63449E+02  0.24902E+02   2706  0.00000E+00      0.000
     148.0000  0.57152E-01  0.83000E-01  0.57152E-01  0.00000E+00 -0.78480E-01 -0.43510E+02  0.11795E+02 -0.39621E+02  0.00000E+00 -0.11985E+02 -0.69969E+02  0.00000E+00 -0.60000E+02  0.00000E+00  0.41754E+01  0.36305E+02  0.63460E+02  0.24970E+02   2707  0.00000E+00      0.000
     149.0000 -0.52180E-02  0.84000E-01 -0.52179E-02  0.00000E+00 -0.82697E-01 -0.43515E+02  0.11879E+02 -0.39626E+02  0.00000E+00 -0.12066E+02 -0.67678E+02  0.00000E+00 -0.60000E+02  0.00000E+00  0.41754E+01  0.36229E+02  0.63466E+02  0.24970E+02   2720  0.00000E+00      0.000
     150.0000 -0.56760E+00  0.86000E-01 -0.56760E+00  0.00000E+00 -0.86183E-01 -0.44083E+02  0.11965E+02 -0.40194E+02  0.00000E+00 -0.12151E+02 -0.20374E+02  0.00000E+00 -0.60000E+02  0.00000E+00  0.41754E+01  0.36712E+02  0.64069E+02  0.25005E+02   2733  0.00000E+00      0.000
     151.0000 -0.13575E+01  0.35000E-01 -0.13575E+01  0.00000E+00 -0.88208E-01 -0.45440E+02  0.12000E+02 -0.41552E+02  0.00000E+00 -0.12238E+02 -0.21659E+01  0.00000E+00 -0.60000E+02  0.00000E+00  0.41754E+01  0.37982E+02  0.65452E+02  0.25031E+02   2748  0.00000E+00      0.000
     152.0000 -0.58090E-02  0.71000E-01 -0.58092E-02  0.00000E+00 -0.94634E-01 -0.45446E+02  0.12071E+02 -0.41557E+02  0.00000E+00 -0.12329E+02 -0.30774E+02  0.00000E+00 -0.60000E+02  0.00000E+00  0.41754E+01  0.37897E+02  0.65458E+02  0.25031E+02   2761  0.00000E+00      0.000
     153.0000  0.00000E+00  0.81000E-01  0.63330E-07  0.00000E+00 -0.12241E+00 -0.45446E+02  0.12152E+02 -0.41557E+02  0.00000E+00 -0.12441E+02 -0.39681E+02  0.00000E+00 -0.60000E+02  0.00000E+00  0.41754E+01  0.37785E+02  0.65458E+02  0.25031E+02   2764  0.00000E+00      0.000
     154.0000  0.20000E-03  0.60000E-01  0.20003E-03  0.00000E+00 -0.15432E+00 -0.45446E+02  0.12212E+02 -0.41557E+02  0.00000E+00 -0.12589E+02 -0.45557E+02  0.00000E+00 -0.60000E+02  0.00000E+00  0.41754E+01  0.37637E+02  0.65458E+02  0.25031E+02   2766  0.00000E+00      0.000
     155.0000 -0.14873E-01  0.67000E-01 -0.14873E-01  0.00000E+00 -0.17717E+00 -0.45461E+02  0.12279E+02 -0.41572E+02  0.00000E+00 -0.12757E+02 -0.48986E+02  0.00000E+00 -0.60000E+02  0.00000E+00  0.41754E+01  0.37484E+02  0.65473E+02  0.25032E+02   2779  0.00000E+00      0.000
     156.0000 -0.14519E-01  0.73000E-01 -0.14519E-01  0.00000E+00 -0.18317E+00 -0.45475E+02  0.12352E+02 -0.41587E+02  0.00000E+00 -0.12939E+02 -0.52209E+02  0.00000E+00 -0.60000E+02  0.00000E+00  0.41754E+01  0.37316E+02  0.65488E+02  0.25032E+02   2782  0.00000E+00      0.000
     157.0000 -0.25078E+00  0.63000E-01 -0.25078E+00  0.00000E+00 -0.17962E+00 -0.45726E+02  0.12415E+02 -0.41837E+02  0.00000E+00 -0.13121E+02 -0.32716E+02  0.00000E+00 -0.60000E+02  0.00000E+00  0.41754E+01  0.37385E+02  0.65739E+02  0.25032E+02   2795  0.00000E+00      0.000
     158.0000 -0.24063E+01  0.18000E-01 -0.24063E+01  0.00000E+00  0.14305E-05 -0.48132E+02  0.12433E+02 -0.42891E+02  0.00000E+00 -0.14512E+02 -0.47124E+04  0.00000E+00 -0.36458E+03  0.00000E+00  0.55450E+01  0.12046E+02  0.68015E+02  0.26255E+02   3093  0.00000E+00      0.000
     159.0000 -0.16667E+01  0.30000E-02 -0.16667E+01  0.00000E+00 -0.52154E-07 -0.49799E+02  0.12436E+02 -0.44558E+02  0.00000E+00 -0.14512E+02 -0.10950E+03  0.00000E+00 -0.69143E+03  0.00000E+00  0.55450E+01  0.13712E+02  0.69683E+02  0.26255E+02   3114  0.00000E+00      0.000
     160.0000  0.19849E+00  0.43000E-01  0.19849E+00  0.00000E+00  0.13411E-06 -0.49601E+02  0.12479E+02 -0.44359E+02  0.00000E+00 -0.14512E+02 -0.44253E+03  0.00000E+00 -0.83699E+03  0.00000E+00  0.55450E+01  0.13514E+02  0.69708E+02  0.26480E+02   3121  0.00000E+00      0.000
     161.0000 -0.10393E+01  0.21600E+00 -0.10393E+01  0.00000E+00  0.26822E-06 -0.50640E+02  0.12695E+02 -0.45399E+02  0.00000E+00 -0.14512E+02 -0.74849E+02  0.00000E+00 -0.94635E+03  0.00000E+00  0.55450E+01  0.14553E+02  0.71057E+02  0.26789E+02   3137  0.00000E+00      0.000
     162.0000  0.17724E+00  0.17200E+00  0.17724E+00  0.00000E+00  0.11083E-06 -0.50463E+02  0.12867E+02 -0.45221E+02  0.00000E+00 -0.14512E+02 -0.25628E+03  0.00000E+00 -0.10366E+04  0.00000E+00  0.55450E+01  0.14376E+02  0.71119E+02  0.27028E+02   3142  0.00000E+00      0.000
     163.0000  0.16748E+00  0.66000E-01  0.16748E+00  0.00000E+00  0.45635E-07 -0.50295E+02  0.12933E+02 -0.45054E+02  0.00000E+00 -0.14512E+02 -0.53343E+03  0.00000E+00 -0.11165E+04  0.00000E+00  0.55450E+01  0.14208E+02  0.71142E+02  0.27219E+02   3145  0.00000E+00      0.000
     164.0000  0.79218E-01  0.50000E-01  0.79218E-01  0.00000E+00 -0.39116E-07 -0.50216E+02  0.12983E+02 -0.44975E+02  0.00000E+00 -0.14512E+02 -0.76910E+03  0.00000E+00 -0.11803E+04  0.00000E+00  0.55450E+01  0.14129E+02  0.71197E+02  0.27353E+02   3147  0.00000E+00      0.000
     165.0000  0.18053E+00  0.60000E-01  0.18053E+00  0.00000E+00 -0.45635E-07 -0.50035E+02  0.13043E+02 -0.44794E+02  0.00000E+00 -0.14512E+02 -0.20483E+04  0.00000E+00 -0.12341E+04  0.00000E+00  0.55450E+01  0.13949E+02  0.71226E+02  0.27562E+02   3149  0.00000E+00      0.000
     166.0000  0.51979E-01  0.60000E-01  0.51979E-01  0.00000E+00  0.37719E-07 -0.49983E+02  0.13103E+02 -0.44742E+02  0.00000E+00 -0.14512E+02 -0.27521E+04  0.00000E+00 -0.12954E+04  0.00000E+00  0.55450E+01  0.13897E+02  0.71243E+02  0.27632E+02   3150  0.00000E+00      0.000
     167.0000  0.38919E-01  0.65000E-01  0.38919E-01  0.00000E+00  0.38650E-07 -0.49945E+02  0.13168E+02 -0.44703E+02  0.00000E+00 -0.14512E+02 -0.33972E+04  0.00000E+00 -0.13499E+04  0.00000E+00  0.55450E+01  0.13858E+02  0.71272E+02  0.27699E+02   3151  0.00000E+00      0.000
     168.0000  0.99510E-02  0.60000E-01  0.99510E-02  0.00000E+00  0.18626E-07 -0.49935E+02  0.13228E+02 -0.44693E+02  0.00000E+00 -0.14512E+02 -0.34016E+04  0.00000E+00 -0.13997E+04  0.00000E+00  0.55450E+01  0.13848E+02  0.71297E+02  0.27734E+02   3152  0.00000E+00      0.000
     169.0000 -0.10767E-01  0.32000E-01 -0.10767E-01  0.00000E+00  0.17695E-07 -0.49945E+02  0.13260E+02 -0.44704E+02  0.00000E+00 -0.14512E+02 -0.30435E+04  0.00000E+00 -0.14469E+04  0.00000E+00  0.55450E+01  0.13859E+02  0.71343E+02  0.27770E+02   3165  0.00000E+00      0.000
     170.0000 -0.17745E+01  0.13000E-01 -0.17745E+01  0.00000E+00  0.13132E-06 -0.51720E+02  0.13273E+02 -0.46479E+02  0.00000E+00 -0.14512E+02 -0.34545E+02  0.00000E+00 -0.14892E+04  0.00000E+00  0.55450E+01  0.15633E+02  0.73119E+02  0.27772E+02   3187  0.00000E+00      0.000
     171.0000 -0.10291E+01  0.34000E-01 -0.10291E+01  0.00000E+00  0.13039E-06 -0.52749E+02  0.13307E+02 -0.47508E+02  0.00000E+00 -0.14512E+02 -0.28007E+02  0.00000E+00 -0.15273E+04  0.00000E+00  0.55450E+01  0.16662E+02  0.74149E+02  0.27772E+02   3201  0.00000E+00      0.000
     172.0000 -0.52312E-01  0.13000E-01 -0.52312E-01  0.00000E+00  0.39116E-07 -0.52801E+02  0.13320E+02 -0.47560E+02  0.00000E+00 -0.14512E+02 -0.80074E+02  0.00000E+00 -0.15639E+04  0.00000E+00  0.55450E+01  0.16714E+02  0.74301E+02  0.27872E+02   3214  0.00000E+00      0.000
     173.0000 -0.40335E-01  0.20000E-01 -0.40335E-01  0.00000E+00  0.75437E-07 -0.52842E+02  0.13340E+02 -0.47600E+02  0.00000E+00 -0.14512E+02 -0.10216E+03  0.00000E+00 -0.16072E+04  0.00000E+00  0.55450E+01  0.16755E+02  0.74378E+02  0.27908E+02   3227  0.00000E+00      0.000
     174.0000  0.51361E-01  0.36000E-01  0.51361E-01  0.00000E+00  0.39581E-07 -0.52790E+02  0.13376E+02 -0.47549E+02  0.00000E+00 -0.14512E+02 -0.14576E+03  0.00000E+00 -0.16478E+04  0.00000E+00  0.55450E+01  0.16703E+02  0.74400E+02  0.27981E+02   3230  0.00000E+00      0.000
     175.0000  0.53668E-01  0.54000E-01  0.53668E-01  0.00000E+00  0.11642E-07 -0.52737E+02  0.13430E+02 -0.47495E+02  0.00000E+00 -0.14512E+02 -0.18698E+03  0.00000E+00 -0.16859E+04  0.00000E+00  0.55450E+01  0.16650E+02  0.74454E+02  0.28089E+02   3232  0.00000E+00      0.000
     176.0000  0.97603E-01  0.39000E-01  0.97603E-01  0.00000E+00  0.10012E-07 -0.52639E+02  0.13469E+02 -0.47398E+02  0.00000E+00 -0.14512E+02 -0.26827E+03  0.00000E+00 -0.17220E+04  0.00000E+00  0.55450E+01  0.16552E+02  0.74465E+02  0.28198E+02   3234  0.00000E+00      0.000
     177.0000  0.58776E-01  0.45000E-01  0.58776E-01  0.00000E+00  0.76834E-08 -0.52580E+02  0.13514E+02 -0.47339E+02  0.00000E+00 -0.14512E+02 -0.32188E+03  0.00000E+00 -0.17557E+04  0.00000E+00  0.55450E+01  0.16493E+02  0.74499E+02  0.28291E+02   3235  0.00000E+00      0.000
     178.0000  0.47760E-01  0.46000E-01  0.47760E-01  0.00000E+00 -0.13039E-07 -0.52532E+02  0.13560E+02 -0.47291E+02  0.00000E+00 -0.14512E+02 -0.37179E+03  0.00000E+00 -0.17876E+04  0.00000E+00  0.55450E+01  0.16446E+02  0.74521E+02  0.28361E+02   3236  0.00000E+00      0.000
     179.0000  0.84352E-01  0.41000E-01  0.84352E-01  0.00000E+00  0.15367E-07 -0.52448E+02  0.13601E+02 -0.47207E+02  0.00000E+00 -0.14512E+02 -0.49154E+03  0.00000E+00 -0.18178E+04  0.00000E+00  0.55450E+01  0.16361E+02  0.74548E+02  0.28472E+02   3237  0.00000E+00      0.000
     180.0000  0.43659E-01  0.42000E-01  0.43659E-01  0.00000E+00  0.24447E-07 -0.52404E+02  0.13643E+02 -0.47163E+02  0.00000E+00 -0.14512E+02 -0.55110E+03  0.00000E+00 -0.18463E+04  0.00000E+00  0.55450E+01  0.16318E+02  0.74574E+02  0.28542E+02   3238  0.00000E+00      0.000
     181.0000  0.12029E-01  0.38000E-01  0.12029E-01  0.00000E+00  0.35157E-07 -0.52392E+02  0.13681E+02 -0.47151E+02  0.00000E+00 -0.14512E+02 -0.54702E+03  0.00000E+00 -0.18736E+04  0.00000E+00  0.55450E+01  0.16306E+02  0.74599E+02  0.28579E+02   3239  0.00000E+00      0.000
     182.0000 -0.14841E-01  0.32000E-01 -0.14841E-01  0.00000E+00  0.12224E-06 -0.52407E+02  0.13713E+02 -0.47166E+02  0.00000E+00 -0.14512E+02 -0.49118E+03  0.00000E+00 -0.19001E+04  0.00000E+00  0.55450E+01  0.16320E+02  0.74614E+02  0.28579E+02   3252  0.00000E+00      0.000
     183.0000 -0.31895E-01  0.40000E-01 -0.31895E-01  0.00000E+00  0.12945E-06 -0.52439E+02  0.13753E+02 -0.47198E+02  0.00000E+00 -0.14512E+02 -0.42146E+03  0.00000E+00 -0.19252E+04  0.00000E+00  0.55450E+01  0.16352E+02  0.74646E+02  0.28579E+02   3265  0.00000E+00      0.000
     184.0000  0.85300E-02  0.35000E-01  0.85299E-02  0.00000E+00 -0.39581E-08 -0.52431E+02  0.13788E+02 -0.47189E+02  0.00000E+00 -0.14512E+02 -0.43178E+03  0.00000E+00 -0.19489E+04  0.00000E+00  0.55450E+01  0.16344E+02  0.74670E+02  0.28612E+02   3268  0.00000E+00      0.000
     185.0000 -0.94716E+00  0.13000E-01 -0.94716E+00  0.00000E+00 -0.16484E-06 -0.53378E+02  0.13801E+02 -0.48137E+02  0.00000E+00 -0.14512E+02 -0.45533E+02  0.00000E+00 -0.19746E+04  0.00000E+00  0.55450E+01  0.17291E+02  0.75618E+02  0.28612E+02   3284  0.00000E+00      0.000
     186.0000 -0.50599E+00  0.19000E-01 -0.50599E+00  0.00000E+00 -0.60303E-07 -0.53884E+02  0.13820E+02 -0.48643E+02  0.00000E+00 -0.14512E+02 -0.42931E+02  0.00000E+00 -0.20042E+04  0.00000E+00  0.55450E+01  0.17797E+02  0.76124E+02  0.28612E+02   3297  0.00000E+00      0.000
     187.0000 -0.72957E+00  0.33000E-01 -0.72956E+00  0.00000E+00  0.11828E-06 -0.54613E+02  0.13853E+02 -0.49372E+02  0.00000E+00 -0.14512E+02 -0.25383E+02  0.00000E+00 -0.20328E+04  0.00000E+00  0.55450E+01  0.18526E+02  0.76853E+02  0.28612E+02   3310  0.00000E+00      0.000
     188.0000 -0.10515E+00  0.26000E-01 -0.10515E+00  0.00000E+00 -0.20489E-06 -0.54718E+02  0.13879E+02 -0.49477E+02  0.00000E+00 -0.14512E+02 -0.56248E+02  0.00000E+00 -0.20606E+04  0.00000E+00  0.55450E+01  0.18632E+02  0.76959E+02  0.28612E+02   3323  0.00000E+00      0.000
     189.0000 -0.83202E-01  0.14000E-01 -0.83202E-01  0.00000E+00 -0.36205E-07 -0.54802E+02  0.13893E+02 -0.49560E+02  0.00000E+00 -0.14512E+02 -0.68184E+02  0.00000E+00 -0.20876E+04  0.00000E+00  0.55450E+01  0.18715E+02  0.77042E+02  0.28613E+02   3336  0.00000E+00      0.000
     190.0000 -0.69900E-02  0.70000E-02 -0.69899E-02  0.00000E+00  0.18079E-06 -0.54809E+02  0.13900E+02 -0.49567E+02  0.00000E+00 -0.14512E+02 -0.88564E+02  0.00000E+00 -0.21137E+04  0.00000E+00  0.55450E+01  0.18722E+02  0.77085E+02  0.28648E+02   3349  0.00000E+00      0.000
     191.0000 -0.14424E-01  0.90000E-02 -0.14424E-01  0.00000E+00  0.34925E-09 -0.54823E+02  0.13909E+02 -0.49582E+02  0.00000E+00 -0.14512E+02 -0.10006E+03  0.00000E+00 -0.21391E+04  0.00000E+00  0.55450E+01  0.18736E+02  0.77133E+02  0.28682E+02   3362  0.00000E+00      0.000
     192.0000  0.27494E-01  0.23000E-01  0.27494E-01  0.00000E+00 -0.20955E-07 -0.54796E+02  0.13932E+02 -0.49554E+02  0.00000E+00 -0.14512E+02 -0.12100E+03  0.00000E+00 -0.21636E+04  0.00000E+00  0.55450E+01  0.18709E+02  0.77173E+02  0.28750E+02   3365  0.00000E+00      0.000
     193.0000 -0.76340E-02  0.13000E-01 -0.76340E-02  0.00000E+00 -0.50059E-08 -0.54803E+02  0.13945E+02 -0.49562E+02  0.00000E+00 -0.14512E+02 -0.12707E+03  0.00000E+00 -0.21875E+04  0.00000E+00  0.55450E+01  0.18716E+02  0.77215E+02  0.28784E+02   3378  0.00000E+00      0.000
     194.0000  0.29200E-02  0.32000E-01  0.29200E-02  0.00000E+00 -0.25495E-07 -0.54800E+02  0.13977E+02 -0.49559E+02  0.00000E+00 -0.14512E+02 -0.13738E+03  0.00000E+00 -0.22106E+04  0.00000E+00  0.55450E+01  0.18713E+02  0.77276E+02  0.28848E+02   3381  0.00000E+00      0.000
     195.0000  0.20892E-01  0.13000E-01  0.20892E-01  0.00000E+00 -0.21537E-07 -0.54779E+02  0.13990E+02 -0.49538E+02  0.00000E+00 -0.14512E+02 -0.15285E+03  0.00000E+00 -0.22329E+04  0.00000E+00  0.55450E+01  0.18693E+02  0.77373E+02  0.28965E+02   3383  0.00000E+00      0.000
     196.0000  0.29586E-01  0.22000E-01  0.29586E-01  0.00000E+00 -0.25029E-07 -0.54750E+02  0.14012E+02 -0.49509E+02  0.00000E+00 -0.14512E+02 -0.17324E+03  0.00000E+00 -0.22546E+04  0.00000E+00  0.55450E+01  0.18663E+02  0.77406E+02  0.29029E+02   3385  0.00000E+00      0.000
     197.0000 -0.16036E-01  0.19000E-01 -0.16036E-01  0.00000E+00 -0.15169E-06 -0.54766E+02  0.14031E+02 -0.49525E+02  0.00000E+00 -0.14512E+02 -0.16709E+03  0.00000E+00 -0.22759E+04  0.00000E+00  0.55450E+01  0.18679E+02  0.77483E+02  0.29090E+02   3398  0.00000E+00      0.000
     198.0000 -0.24160E+00  0.18000E-01 -0.24160E+00  0.00000E+00  0.13539E-06 -0.55007E+02  0.14049E+02 -0.49766E+02  0.00000E+00 -0.14512E+02 -0.89553E+02  0.00000E+00 -0.22965E+04  0.00000E+00  0.55450E+01  0.18921E+02  0.77755E+02  0.29120E+02   3411  0.00000E+00      0.000
     199.0000 -0.94560E-02  0.21000E-01 -0.94558E-02  0.00000E+00  0.10827E-06 -0.55017E+02  0.14070E+02 -0.49776E+02  0.00000E+00 -0.14512E+02 -0.11487E+03  0.00000E+00 -0.23166E+04  0.00000E+00  0.55450E+01  0.18930E+02  0.77796E+02  0.29151E+02   3424  0.00000E+00      0.000
     200.0000  0.34939E-01  0.17000E-01  0.34939E-01  0.00000E+00 -0.67521E-08 -0.54982E+02  0.14087E+02 -0.49741E+02  0.00000E+00 -0.14512E+02 -0.14462E+03  0.00000E+00 -0.23360E+04  0.00000E+00  0.55450E+01  0.18895E+02  0.77837E+02  0.29227E+02   3427  0.00000E+00      0.000
     201.0000 -0.81193E+00  0.00000E+00 -0.81193E+00  0.00000E+00  0.13667E-06 -0.55794E+02  0.14087E+02 -0.50553E+02  0.00000E+00 -0.14512E+02 -0.28656E+02  0.00000E+00 -0.23549E+04  0.00000E+00  0.55450E+01  0.19707E+02  0.78687E+02  0.29265E+02   3441  0.00000E+00      0.000
     202.0000 -0.19626E+01  0.30000E-02 -0.19626E+01  0.00000E+00  0.94855E-06 -0.57756E+02  0.14090E+02 -0.52515E+02  0.00000E+00 -0.14512E+02 -0.11976E+01  0.00000E+00 -0.23734E+04  0.00000E+00  0.55450E+01  0.21670E+02  0.80682E+02  0.29297E+02   3469  0.00000E+00      0.000
     203.0000 -0.63900E+00  0.30000E-02 -0.63900E+00  0.00000E+00  0.15693E-06 -0.58395E+02  0.14093E+02 -0.53154E+02  0.00000E+00 -0.14512E+02 -0.13064E+02  0.00000E+00 -0.23913E+04  0.00000E+00  0.55450E+01  0.22309E+02  0.81439E+02  0.29415E+02   3482  0.00000E+00      0.000
     204.0000  0.31050E+00  0.21000E-01  0.31050E+00  0.00000E+00 -0.98953E-08 -0.58085E+02  0.14114E+02 -0.52844E+02  0.00000E+00 -0.14512E+02 -0.78639E+02  0.00000E+00 -0.24087E+04  0.00000E+00  0.55450E+01  0.21998E+02  0.81549E+02  0.29836E+02   3486  0.00000E+00      0.000
     205.0000  0.36536E+00  0.24000E-01  0.36536E+00  0.00000E+00 -0.47847E-07 -0.57720E+02  0.14138E+02 -0.52478E+02  0.00000E+00 -0.14512E+02 -0.17678E+03  0.00000E+00 -0.24256E+04  0.00000E+00  0.55450E+01  0.21633E+02  0.81621E+02  0.30273E+02   3489  0.00000E+00      0.000
     206.0000  0.25875E+00  0.25000E-01  0.25875E+00  0.00000E+00 -0.25611E-08 -0.57461E+02  0.14163E+02 -0.52220E+02  0.00000E+00 -0.14512E+02 -0.26848E+03  0.00000E+00 -0.24420E+04  0.00000E+00  0.55450E+01  0.21374E+02  0.81679E+02  0.30590E+02   3491  0.00000E+00      0.000
     207.0000  0.25354E+00  0.20000E-01  0.25354E+00  0.00000E+00  0.56461E-07 -0.57207E+02  0.14183E+02 -0.51966E+02  0.00000E+00 -0.14512E+02 -0.41971E+03  0.00000E+00 -0.24580E+04  0.00000E+00  0.55450E+01  0.21121E+02  0.81752E+02  0.30917E+02   3493  0.00000E+00      0.000
     208.0000 -0.55246E+00  0.22000E-01 -0.55246E+00  0.00000E+00 -0.22445E-06 -0.57760E+02  0.14205E+02 -0.52519E+02  0.00000E+00 -0.14512E+02 -0.59428E+02  0.00000E+00 -0.24736E+04  0.00000E+00  0.55450E+01  0.21673E+02  0.82493E+02  0.31105E+02   3507  0.00000E+00      0.000
     209.0000  0.16702E-01  0.12000E-01  0.16702E-01  0.00000E+00 -0.10442E-06 -0.57743E+02  0.14217E+02 -0.52502E+02  0.00000E+00 -0.14512E+02 -0.94127E+02  0.00000E+00 -0.24930E+04  0.00000E+00  0.55450E+01  0.21656E+02  0.82661E+02  0.31290E+02   3512  0.00000E+00      0.000
     210.0000  0.11262E+00  0.17000E-01  0.11262E+00  0.00000E+00 -0.80559E-07 -0.57630E+02  0.14234E+02 -0.52389E+02  0.00000E+00 -0.14512E+02 -0.14361E+03  0.00000E+00 -0.25132E+04  0.00000E+00  0.55450E+01  0.21544E+02  0.82692E+02  0.31433E+02   3515  0.00000E+00      0.000
     211.0000  0.77935E-01  0.27000E-01  0.77935E-01  0.00000E+00  0.41910E-08 -0.57553E+02  0.14261E+02 -0.52311E+02  0.00000E+00 -0.14512E+02 -0.17405E+03  0.00000E+00 -0.25331E+04  0.00000E+00  0.55450E+01  0.21466E+02  0.82757E+02  0.31576E+02   3517  0.00000E+00      0.000
     212.0000  0.11304E+00  0.10000E-01  0.11304E+00  0.00000E+00  0.13039E-07 -0.57440E+02  0.14271E+02 -0.52198E+02  0.00000E+00 -0.14512E+02 -0.22786E+03  0.00000E+00 -0.25527E+04  0.00000E+00  0.55450E+01  0.21353E+02  0.82799E+02  0.31731E+02   3519  0.00000E+00      0.000
     213.0000  0.98641E-01  0.21000E-01  0.98641E-01  0.00000E+00  0.26543E-07 -0.57341E+02  0.14292E+02 -0.52100E+02  0.00000E+00 -0.14512E+02 -0.27664E+03  0.00000E+00 -0.25718E+04  0.00000E+00  0.55450E+01  0.21254E+02  0.82835E+02  0.31866E+02   3520  0.00000E+00      0.000
end
