

   Time         sum(rTop)     sum(rRoot)    sum(vTop)     sum(vRoot)     sum(vBot)    hTop       hRoot      hBot      A-level
    [T]           [L]           [L]           [L]           [L]            [L]        [L]         [L]       [L] 

     1.00000 -0.510000E+00  0.146450E-01 -0.510000E+00  0.146450E-01 -0.494503E-02   -223.542   -387.997   -500.000       1
     2.00000 -0.530000E+00  0.330700E-01 -0.530001E+00  0.330700E-01 -0.989006E-02   -326.967   -380.901   -500.000       2
     3.00000 -0.496056E+00  0.643960E-01 -0.496138E+00  0.643960E-01 -0.148351E-01   -393.553   -399.790   -499.998       3
     4.00000 -0.496056E+00  0.918790E-01 -0.496106E+00  0.918790E-01 -0.197804E-01   -407.985   -415.012   -499.971       4
     5.00000 -0.462478E+00  0.114391E+00 -0.462466E+00  0.114391E+00 -0.247273E-01   -461.892   -436.479   -499.880       5
     6.00000 -0.425347E+00  0.142181E+00 -0.425466E+00  0.142181E+00 -0.296794E-01   -504.029   -456.682   -499.621       6
     7.00000 -0.363988E+00  0.162007E+00 -0.363908E+00  0.162007E+00 -0.346411E-01   -592.242   -486.439   -499.208       7
     8.00000 -0.318183E+00  0.179222E+00 -0.318038E+00  0.179222E+00 -0.396150E-01   -627.939   -508.809   -498.626       8
     9.00000 -0.277535E+00  0.202088E+00 -0.277531E+00  0.202088E+00 -0.446035E-01   -661.861   -528.978   -497.897       9
    10.00000 -0.219581E+00  0.223838E+00 -0.219549E+00  0.223838E+00 -0.496100E-01   -767.621   -560.160   -497.073      10
    11.00000 -0.169124E+00  0.267209E+00 -0.169633E+00  0.267209E+00 -0.546352E-01   -835.103   -587.702   -496.183      11
    12.00000 -0.169124E+00  0.336740E+00 -0.170287E+00  0.336740E+00 -0.596792E-01   -728.517   -599.085   -495.281      12
    13.00000 -0.122451E+00  0.367016E+00 -0.122633E+00  0.367016E+00 -0.647412E-01   -942.181   -649.326   -494.415      13
    14.00000 -0.721331E-01  0.399647E+00 -0.723734E-01  0.399647E+00 -0.698196E-01  -1124.627   -686.940   -493.639      14
    15.00000 -0.121308E-02  0.417441E+00 -0.106689E-02  0.417425E+00 -0.749114E-01  -1728.149   -751.659   -492.994      15
    16.00000  0.511129E-01  0.436466E+00  0.512456E-01  0.436415E+00 -0.800129E-01  -1949.850   -792.267   -492.531      16
    17.00000  0.101479E+00  0.463071E+00  0.101475E+00  0.462888E+00 -0.851196E-01  -2339.941   -838.476   -492.279      17
    18.00000  0.101479E+00  0.502830E+00  0.101060E+00  0.502647E+00 -0.902272E-01  -1383.529   -819.668   -492.238      18
    19.00000 -0.268521E+00  0.536019E+00 -0.268938E+00  0.535836E+00 -0.953342E-01   -340.938   -619.852   -492.325      19
    20.00000 -0.268521E+00  0.536019E+00 -0.268800E+00  0.535836E+00 -0.100436E+00   -524.959   -600.329   -492.665      20
    21.00000 -0.217245E+00  0.580189E+00 -0.217892E+00  0.580006E+00 -0.105525E+00   -705.739   -627.943   -493.256      21
    22.00000 -0.347245E+00  0.594202E+00 -0.347884E+00  0.594019E+00 -0.110603E+00   -438.767   -577.790   -494.005      22
    23.00000 -0.222724E+01  0.594202E+00 -0.222788E+01  0.594019E+00 -0.115663E+00   -102.442   -240.846   -494.949      23
    24.00000 -0.317724E+01  0.613531E+00 -0.317789E+01  0.613348E+00 -0.120701E+00   -114.694   -160.846   -496.076      24
    25.00000 -0.315876E+01  0.642187E+00 -0.315946E+01  0.642004E+00 -0.125712E+00   -185.854   -192.195   -497.342      25
    26.00000 -0.313475E+01  0.665492E+00 -0.313540E+01  0.665309E+00 -0.130696E+00   -220.371   -218.733   -498.389      26
    27.00000 -0.308900E+01  0.691639E+00 -0.308969E+01  0.691456E+00 -0.135678E+00   -250.454   -240.571   -497.832      27
    28.00000 -0.305803E+01  0.733687E+00 -0.305892E+01  0.733504E+00 -0.140714E+00   -274.095   -261.603   -494.380      28
    29.00000 -0.305803E+01  0.803642E+00 -0.305962E+01  0.803459E+00 -0.145925E+00   -283.286   -274.964   -486.575      29
    30.00000 -0.298458E+01  0.848157E+00 -0.298553E+01  0.847974E+00 -0.151604E+00   -339.091   -302.327   -478.087      30
    31.00000 -0.291505E+01  0.887681E+00 -0.291587E+01  0.887498E+00 -0.157888E+00   -375.922   -325.303   -466.900      31
    32.00000 -0.291505E+01  0.981537E+00 -0.291723E+01  0.981354E+00 -0.164820E+00   -358.210   -334.027   -454.454      32
    33.00000 -0.286833E+01  0.103490E+01 -0.286950E+01  0.103472E+01 -0.172405E+00   -418.853   -363.973   -442.271      33
    34.00000 -0.286833E+01  0.110933E+01 -0.287003E+01  0.110914E+01 -0.180599E+00   -407.143   -373.695   -430.844      34
    35.00000 -0.285161E+01  0.120010E+01 -0.285371E+01  0.119992E+01 -0.189331E+00   -438.912   -393.313   -420.745      35
    36.00000 -0.277520E+01  0.124822E+01 -0.277624E+01  0.124804E+01 -0.198523E+00   -561.333   -433.660   -412.132      36
    37.00000 -0.278657E+01  0.130687E+01 -0.278761E+01  0.130669E+01 -0.207960E+00   -485.392   -439.348   -404.381      37
    38.00000 -0.299657E+01  0.134339E+01 -0.299761E+01  0.134320E+01 -0.217762E+00   -315.016   -392.337   -398.165      38
    39.00000 -0.299657E+01  0.142824E+01 -0.299791E+01  0.142806E+01 -0.227866E+00   -406.265   -405.867   -393.380      39
    40.00000 -0.302883E+01  0.149524E+01 -0.303017E+01  0.149506E+01 -0.238177E+00   -407.193   -413.438   -389.716      40
    41.00000 -0.297742E+01  0.156309E+01 -0.297876E+01  0.156290E+01 -0.248663E+00   -517.105   -443.459   -387.159      41
    42.00000 -0.296260E+01  0.162860E+01 -0.296392E+01  0.162841E+01 -0.259261E+00   -527.621   -463.135   -385.513      42
    43.00000 -0.364260E+01  0.170402E+01 -0.364392E+01  0.170383E+01 -0.269944E+00   -193.061   -335.784   -384.492      43
    44.00000 -0.523260E+01  0.179370E+01 -0.523393E+01  0.179352E+01 -0.280735E+00   -102.976   -172.652   -383.844      44
    45.00000 -0.520788E+01  0.191506E+01 -0.520932E+01  0.191488E+01 -0.291588E+00   -195.932   -202.439   -383.549      45
    46.00000 -0.523788E+01  0.198729E+01 -0.523931E+01  0.198711E+01 -0.302464E+00   -223.352   -226.335   -383.404      46
    47.00000 -0.523788E+01  0.205608E+01 -0.523929E+01  0.205590E+01 -0.313421E+00   -250.115   -245.883   -382.438      47
    48.00000 -0.523174E+01  0.212450E+01 -0.523315E+01  0.212432E+01 -0.324755E+00   -274.556   -265.470   -379.170      48
    49.00000 -0.523174E+01  0.217220E+01 -0.523289E+01  0.217202E+01 -0.336725E+00   -290.037   -279.814   -373.867      49
    50.00000 -0.521192E+01  0.225948E+01 -0.521406E+01  0.225930E+01 -0.349834E+00   -311.430   -293.746   -366.937      50
    51.00000 -0.514919E+01  0.234824E+01 -0.515137E+01  0.234806E+01 -0.363891E+00   -366.209   -320.865   -359.952      51
    52.00000 -0.510450E+01  0.245476E+01 -0.510712E+01  0.245458E+01 -0.378831E+00   -399.000   -345.009   -353.380      52
    53.00000 -0.507331E+01  0.256196E+01 -0.507595E+01  0.256178E+01 -0.394559E+00   -432.824   -370.964   -347.789      53
    54.00000 -0.504987E+01  0.265583E+01 -0.505217E+01  0.265564E+01 -0.410900E+00   -464.481   -395.748   -343.247      54
    55.00000 -0.504987E+01  0.272118E+01 -0.505146E+01  0.272100E+01 -0.427699E+00   -466.569   -411.392   -339.857      55
    56.00000 -0.513987E+01  0.277203E+01 -0.514146E+01  0.277185E+01 -0.444701E+00   -375.699   -395.079   -337.034      56
    57.00000 -0.591737E+01  0.285421E+01 -0.591896E+01  0.285403E+01 -0.461985E+00   -168.625   -278.846   -335.357      57
    58.00000 -0.591737E+01  0.294120E+01 -0.591899E+01  0.294102E+01 -0.479426E+00   -271.092   -288.955   -334.655      58
    59.00000 -0.594737E+01  0.300285E+01 -0.594899E+01  0.300267E+01 -0.496907E+00   -291.570   -300.812   -334.567      59
    60.00000 -0.594737E+01  0.309201E+01 -0.594916E+01  0.309183E+01 -0.514369E+00   -327.358   -320.811   -334.757      60
    61.00000 -0.612737E+01  0.315666E+01 -0.612915E+01  0.315648E+01 -0.531813E+00   -264.216   -305.651   -334.854      61
    62.00000 -0.612737E+01  0.320670E+01 -0.612906E+01  0.320652E+01 -0.549267E+00   -318.189   -318.190   -334.684      62
    63.00000 -0.612737E+01  0.339162E+01 -0.613018E+01  0.339144E+01 -0.566768E+00   -363.155   -347.382   -334.318      63
    64.00000 -0.606295E+01  0.351963E+01 -0.606505E+01  0.351945E+01 -0.584326E+00   -477.159   -393.122   -333.883      64
    65.00000 -0.606292E+01  0.369920E+01 -0.606631E+01  0.369902E+01 -0.601938E+00   -479.879   -419.388   -333.576      65
    66.00000 -0.606292E+01  0.379752E+01 -0.606428E+01  0.379733E+01 -0.619555E+00   -537.590   -460.760   -333.537      66
    67.00000 -0.832293E+01  0.382656E+01 -0.832427E+01  0.382637E+01 -0.637171E+00    -87.322   -161.322   -333.640      67
    68.00000 -0.832293E+01  0.391735E+01 -0.832444E+01  0.391717E+01 -0.654742E+00   -180.250   -185.659   -334.115      68
    69.00000 -0.832293E+01  0.406429E+01 -0.832491E+01  0.406410E+01 -0.672260E+00   -219.564   -216.013   -334.183      69
    70.00000 -0.827821E+01  0.421924E+01 -0.828029E+01  0.421906E+01 -0.689994E+00   -266.742   -246.888   -331.759      70
    71.00000 -0.821462E+01  0.438596E+01 -0.821685E+01  0.438578E+01 -0.708326E+00   -322.047   -282.842   -326.766      71
    72.00000 -0.815037E+01  0.456495E+01 -0.815291E+01  0.456477E+01 -0.727713E+00   -382.829   -319.754   -320.462      72
    73.00000 -0.811587E+01  0.477283E+01 -0.811912E+01  0.477264E+01 -0.747910E+00   -428.563   -355.163   -314.699      73
    74.00000 -0.806944E+01  0.494465E+01 -0.807179E+01  0.494447E+01 -0.768715E+00   -526.785   -404.767   -309.925      74
    75.00000 -0.802024E+01  0.512457E+01 -0.802280E+01  0.512439E+01 -0.790009E+00   -636.232   -452.563   -306.638      75
    76.00000 -0.801351E+01  0.530319E+01 -0.801603E+01  0.530301E+01 -0.811623E+00   -657.820   -493.084   -304.656      76
    77.00000 -0.801351E+01  0.552491E+01 -0.801711E+01  0.552472E+01 -0.833510E+00   -712.222   -536.452   -304.104      77
    78.00000 -0.115135E+02  0.553425E+01 -0.115171E+02  0.553407E+01 -0.855478E+00    -63.871   -105.878   -303.730      78
    79.00000 -0.124235E+02  0.560057E+01 -0.124271E+02  0.560039E+01 -0.877341E+00    -96.492   -109.838   -304.409      79
    80.00000 -0.123984E+02  0.572955E+01 -0.124023E+02  0.572937E+01 -0.899392E+00   -151.730   -144.324   -301.909      80
    81.00000 -0.123599E+02  0.590420E+01 -0.123643E+02  0.590402E+01 -0.926390E+00   -185.375   -172.046   -284.960      81
    82.00000 -0.127699E+02  0.601543E+01 -0.127742E+02  0.601525E+01 -0.959289E+00   -146.890   -161.364   -260.658      82
    83.00000 -0.150499E+02  0.603745E+01 -0.150542E+02  0.603727E+01 -0.100036E+01    -69.200    -85.116   -239.119      83
    84.00000 -0.150799E+02  0.613594E+01 -0.150842E+02  0.613575E+01 -0.105542E+01   -127.620   -119.937   -215.977      84
    85.00000 -0.150899E+02  0.625907E+01 -0.150942E+02  0.625888E+01 -0.113859E+01   -152.710   -142.427   -183.508      85
    86.00000 -0.150899E+02  0.644326E+01 -0.150946E+02  0.644307E+01 -0.126726E+01   -175.738   -161.821   -165.058      86
    87.00000 -0.150899E+02  0.664160E+01 -0.150947E+02  0.664141E+01 -0.141805E+01   -195.935   -179.600   -158.252      87
    88.00000 -0.150734E+02  0.683547E+01 -0.150782E+02  0.683528E+01 -0.157297E+01   -220.089   -198.271   -156.933      88
    89.00000 -0.150734E+02  0.695438E+01 -0.150763E+02  0.695420E+01 -0.172329E+01   -236.588   -213.837   -159.380      89
    90.00000 -0.151234E+02  0.709094E+01 -0.151263E+02  0.709075E+01 -0.186966E+01   -233.135   -219.504   -162.521      90
    91.00000 -0.151934E+02  0.722795E+01 -0.151963E+02  0.722777E+01 -0.200808E+01   -232.672   -223.649   -166.823      91
    92.00000 -0.152514E+02  0.746043E+01 -0.152543E+02  0.746024E+01 -0.213745E+01   -253.216   -239.325   -171.433      92
    93.00000 -0.153314E+02  0.771777E+01 -0.153343E+02  0.771758E+01 -0.225749E+01   -267.545   -255.562   -176.097      93
    94.00000 -0.154714E+02  0.779137E+01 -0.154743E+02  0.779119E+01 -0.236813E+01   -234.908   -241.280   -180.814      94
    95.00000 -0.154194E+02  0.803729E+01 -0.154234E+02  0.803711E+01 -0.246835E+01   -311.854   -271.842   -185.496      95
    96.00000 -0.153848E+02  0.833153E+01 -0.153891E+02  0.833135E+01 -0.255839E+01   -377.733   -312.134   -190.069      96
    97.00000 -0.155848E+02  0.860294E+01 -0.155891E+02  0.860276E+01 -0.264220E+01   -289.065   -307.873   -195.464      97
    98.00000 -0.155848E+02  0.879333E+01 -0.155886E+02  0.879315E+01 -0.272084E+01   -373.812   -332.995   -200.957      98
    99.00000 -0.155620E+02  0.908218E+01 -0.155667E+02  0.908200E+01 -0.279422E+01   -464.807   -376.603   -206.439      99
   100.00000 -0.155620E+02  0.937698E+01 -0.155667E+02  0.937680E+01 -0.286320E+01   -545.618   -428.553   -211.894     100
   101.00000 -0.155388E+02  0.968275E+01 -0.155438E+02  0.968257E+01 -0.292651E+01   -730.574   -501.743   -217.333     101
   102.00000 -0.155031E+02  0.999229E+01 -0.155083E+02  0.999211E+01 -0.298531E+01  -1140.480   -613.188   -222.769     102
   103.00000 -0.154804E+02  0.103333E+02 -0.154859E+02  0.103323E+02 -0.303958E+01  -1843.928   -772.187   -228.217     103
   104.00000 -0.154503E+02  0.106746E+02 -0.154478E+02  0.106419E+02 -0.308930E+01  -7778.788  -1175.854   -233.696     104
   105.00000 -0.154298E+02  0.110265E+02 -0.154271E+02  0.109167E+02 -0.313438E+01 -27611.574  -1992.775   -239.270     105
   106.00000 -0.154199E+02  0.113595E+02 -0.154172E+02  0.111436E+02 -0.317590E+01 -43676.418  -2800.084   -245.798     106
   107.00000 -0.154141E+02  0.117185E+02 -0.154115E+02  0.113530E+02 -0.321513E+01 -52244.949  -3430.476   -252.615     107
   108.00000 -0.154141E+02  0.118771E+02 -0.154115E+02  0.114472E+02 -0.325215E+01 -29860.402  -3454.020   -259.154     108
   109.00000 -0.154106E+02  0.122035E+02 -0.154080E+02  0.116161E+02 -0.328704E+01 -37838.230  -3736.182   -265.480     109
   110.00000 -0.154106E+02  0.125526E+02 -0.154080E+02  0.117795E+02 -0.331985E+01 -26794.508  -3816.685   -271.621     110
   111.00000 -0.153979E+02  0.128871E+02 -0.153992E+02  0.119235E+02 -0.335065E+01-100000.000  -5436.312   -277.593     111
   112.00000 -0.153685E+02  0.132232E+02 -0.153962E+02  0.120570E+02 -0.337949E+01-100000.000  -5744.406   -283.419     112
   113.00000 -0.153639E+02  0.135900E+02 -0.153938E+02  0.121892E+02 -0.340639E+01-100000.000  -6007.940   -289.113     113
   114.00000 -0.153639E+02  0.137123E+02 -0.153938E+02  0.122347E+02 -0.343140E+01 -62076.344  -5590.573   -294.750     114
   115.00000 -0.155439E+02  0.139904E+02 -0.155739E+02  0.123598E+02 -0.345540E+01   -923.185  -3489.191   -300.404     115
   116.00000 -0.155236E+02  0.143451E+02 -0.155526E+02  0.125328E+02 -0.347734E+01  -5682.445  -3877.442   -306.770     116
   117.00000 -0.155131E+02  0.147223E+02 -0.155411E+02  0.126680E+02 -0.349793E+01 -14013.237  -4567.993   -313.840     117
   118.00000 -0.154861E+02  0.151226E+02 -0.155233E+02  0.127777E+02 -0.351754E+01-100000.000  -6511.221   -320.380     118
   119.00000 -0.155161E+02  0.154692E+02 -0.155539E+02  0.128708E+02 -0.353646E+01  -3730.789  -4776.722   -326.679     119
   120.00000 -0.155161E+02  0.157877E+02 -0.155528E+02  0.129541E+02 -0.355447E+01  -7016.012  -4887.433   -332.709     120
   121.00000 -0.155161E+02  0.160698E+02 -0.155523E+02  0.130227E+02 -0.357159E+01  -7806.523  -4947.939   -338.521     121
   122.00000 -0.155161E+02  0.163928E+02 -0.155522E+02  0.130992E+02 -0.358796E+01  -7966.638  -5002.268   -344.176     122
   123.00000 -0.155161E+02  0.166628E+02 -0.155522E+02  0.131583E+02 -0.360340E+01  -8008.541  -5085.202   -349.634     123
   124.00000 -0.182861E+02  0.168001E+02 -0.183222E+02  0.132606E+02 -0.361847E+01    -94.681   -625.057   -355.043     124
   125.00000 -0.183561E+02  0.170633E+02 -0.183922E+02  0.135239E+02 -0.363279E+01   -257.624   -376.870   -360.313     125
   126.00000 -0.187061E+02  0.173864E+02 -0.187422E+02  0.138470E+02 -0.364639E+01   -237.452   -369.199   -365.490     126
   127.00000 -0.187061E+02  0.177999E+02 -0.187428E+02  0.142604E+02 -0.365926E+01   -427.987   -457.525   -370.593     127
   128.00000 -0.188961E+02  0.180772E+02 -0.189327E+02  0.145378E+02 -0.367148E+01   -359.937   -487.358   -375.632     128
   129.00000 -0.189861E+02  0.183145E+02 -0.190227E+02  0.147751E+02 -0.368303E+01   -436.326   -530.927   -380.605     129
   130.00000 -0.189861E+02  0.186591E+02 -0.190234E+02  0.151197E+02 -0.369385E+01   -685.332   -652.190   -385.727     130
   131.00000 -0.189861E+02  0.191199E+02 -0.190244E+02  0.155805E+02 -0.370421E+01  -1143.572   -905.905   -391.362     131
   132.00000 -0.204861E+02  0.193566E+02 -0.205243E+02  0.158172E+02 -0.371437E+01   -139.354   -455.290   -396.387     132
   133.00000 -0.204861E+02  0.197243E+02 -0.205247E+02  0.161849E+02 -0.372426E+01   -353.954   -452.150   -400.858     133
   134.00000 -0.204861E+02  0.202012E+02 -0.205256E+02  0.166617E+02 -0.373391E+01   -571.467   -583.869   -404.973     134
   135.00000 -0.221861E+02  0.202685E+02 -0.222255E+02  0.167290E+02 -0.374337E+01   -112.412   -271.411   -408.900     135
   136.00000 -0.221861E+02  0.204425E+02 -0.222258E+02  0.169030E+02 -0.375261E+01   -237.289   -269.773   -412.660     136
   137.00000 -0.224861E+02  0.207655E+02 -0.225258E+02  0.172260E+02 -0.376167E+01   -225.268   -289.874   -416.289     137
   138.00000 -0.224861E+02  0.211791E+02 -0.225264E+02  0.176396E+02 -0.377052E+01   -370.179   -366.175   -419.700     138
   139.00000 -0.224678E+02  0.215753E+02 -0.225080E+02  0.180358E+02 -0.377919E+01   -556.641   -475.213   -422.511     139
   140.00000 -0.232878E+02  0.219003E+02 -0.233280E+02  0.183608E+02 -0.378775E+01   -190.573   -366.651   -424.814     140
   141.00000 -0.232914E+02  0.223613E+02 -0.233315E+02  0.188218E+02 -0.379622E+01   -429.567   -451.556   -426.256     141
   142.00000 -0.233914E+02  0.227881E+02 -0.234315E+02  0.192486E+02 -0.380463E+01   -483.052   -550.081   -426.979     142
   143.00000 -0.236114E+02  0.230680E+02 -0.236515E+02  0.195285E+02 -0.381302E+01   -392.409   -565.375   -427.257     143
   144.00000 -0.235942E+02  0.235399E+02 -0.236355E+02  0.200004E+02 -0.382140E+01   -864.451   -758.780   -427.373     144
   145.00000 -0.235942E+02  0.240139E+02 -0.236354E+02  0.204728E+02 -0.382977E+01  -1596.618  -1149.015   -427.586     145
   146.00000 -0.235942E+02  0.245073E+02 -0.236333E+02  0.208971E+02 -0.383812E+01  -3661.537  -2075.345   -428.003     146
   147.00000 -0.238542E+02  0.248784E+02 -0.238933E+02  0.211939E+02 -0.384644E+01   -627.711  -2221.633   -428.633     147
   148.00000 -0.248642E+02  0.251587E+02 -0.249033E+02  0.214366E+02 -0.385473E+01   -204.651  -1166.801   -429.573     148
   149.00000 -0.271542E+02  0.254807E+02 -0.271933E+02  0.217557E+02 -0.386296E+01    -95.457   -319.609   -430.854     149
   150.00000 -0.277242E+02  0.256672E+02 -0.277633E+02  0.219422E+02 -0.387110E+01   -147.907   -210.991   -432.492     150
   151.00000 -0.276847E+02  0.261173E+02 -0.277254E+02  0.223923E+02 -0.387914E+01   -279.230   -279.910   -434.475     151
   152.00000 -0.276847E+02  0.265034E+02 -0.277249E+02  0.227784E+02 -0.388706E+01   -381.305   -360.868   -436.664     152
   153.00000 -0.276847E+02  0.267727E+02 -0.277234E+02  0.230477E+02 -0.389486E+01   -493.632   -439.912   -438.663     153
   154.00000 -0.276829E+02  0.272189E+02 -0.277239E+02  0.234939E+02 -0.390258E+01   -685.587   -555.432   -440.072     154
   155.00000 -0.278629E+02  0.274986E+02 -0.279038E+02  0.237736E+02 -0.391025E+01   -459.660   -577.793   -440.838     155
   156.00000 -0.307129E+02  0.277126E+02 -0.307538E+02  0.239876E+02 -0.391790E+01    -78.374   -162.570   -440.842     156
   157.00000 -0.308629E+02  0.279727E+02 -0.309038E+02  0.242477E+02 -0.392558E+01   -170.203   -186.272   -440.251     157
   158.00000 -0.308729E+02  0.282732E+02 -0.309138E+02  0.245482E+02 -0.393329E+01   -238.484   -234.826   -439.373     158
   159.00000 -0.310729E+02  0.286783E+02 -0.311139E+02  0.249533E+02 -0.394108E+01   -246.728   -271.152   -437.702     159
   160.00000 -0.310555E+02  0.291747E+02 -0.310971E+02  0.254497E+02 -0.394903E+01   -405.211   -354.890   -433.508     160
   161.00000 -0.310555E+02  0.296152E+02 -0.310966E+02  0.258903E+02 -0.395738E+01   -576.578   -461.762   -426.060     161
   162.00000 -0.310555E+02  0.300487E+02 -0.310965E+02  0.263237E+02 -0.396617E+01   -859.062   -608.842   -417.333     162
   163.00000 -0.319255E+02  0.304397E+02 -0.319665E+02  0.267147E+02 -0.397535E+01   -203.585   -436.323   -408.350     163
   164.00000 -0.319026E+02  0.309479E+02 -0.319439E+02  0.272229E+02 -0.398501E+01   -546.784   -547.596   -400.422     164
   165.00000 -0.319026E+02  0.314572E+02 -0.319439E+02  0.277322E+02 -0.399505E+01   -958.220   -777.798   -394.282     165
   166.00000 -0.319026E+02  0.319647E+02 -0.319435E+02  0.282317E+02 -0.400538E+01  -1979.139  -1252.115   -390.038     166
   167.00000 -0.319426E+02  0.324591E+02 -0.319834E+02  0.286692E+02 -0.401584E+01  -1951.602  -2076.501   -387.129     167
   168.00000 -0.319426E+02  0.329748E+02 -0.319817E+02  0.289885E+02 -0.402642E+01  -5568.528  -3524.561   -385.733     168
   169.00000 -0.319926E+02  0.334058E+02 -0.320320E+02  0.291857E+02 -0.403704E+01  -2252.689  -3922.353   -385.559     169
   170.00000 -0.319926E+02  0.338934E+02 -0.320305E+02  0.293588E+02 -0.404761E+01  -6151.103  -4547.678   -386.709     170
   171.00000 -0.319926E+02  0.344130E+02 -0.320289E+02  0.294830E+02 -0.405808E+01  -7994.623  -5010.942   -388.851     171
   172.00000 -0.319926E+02  0.349333E+02 -0.320289E+02  0.295924E+02 -0.406841E+01  -8021.956  -5201.544   -391.592     172
   173.00000 -0.319926E+02  0.354019E+02 -0.320289E+02  0.296689E+02 -0.407852E+01  -8012.601  -5420.632   -394.903     173
   174.00000 -0.323025E+02  0.356603E+02 -0.323389E+02  0.297588E+02 -0.408854E+01   -576.743  -4108.863   -398.364     174
   175.00000 -0.323025E+02  0.361675E+02 -0.323392E+02  0.299901E+02 -0.409835E+01  -2193.382  -4382.897   -402.163     175
   176.00000 -0.323025E+02  0.367037E+02 -0.323371E+02  0.301504E+02 -0.410793E+01  -5420.878  -5242.480   -406.190     176
   177.00000 -0.323225E+02  0.369271E+02 -0.323572E+02  0.302044E+02 -0.411731E+01  -3245.014  -5215.622   -410.353     177
   178.00000 -0.329426E+02  0.371235E+02 -0.329772E+02  0.302896E+02 -0.412648E+01   -321.625  -3481.539   -414.621     178
   179.00000 -0.334126E+02  0.375167E+02 -0.334473E+02  0.305575E+02 -0.413541E+01   -314.781  -2681.304   -418.967     179
   180.00000 -0.334126E+02  0.379056E+02 -0.334473E+02  0.308621E+02 -0.414409E+01   -809.040  -2614.958   -423.359     180
   181.00000 -0.340826E+02  0.383031E+02 -0.341173E+02  0.311767E+02 -0.415255E+01   -262.505  -2404.992   -427.769     181
   182.00000 -0.340826E+02  0.388323E+02 -0.341176E+02  0.316094E+02 -0.416077E+01   -790.353  -2556.843   -432.183     182
   183.00000 -0.340826E+02  0.392127E+02 -0.341167E+02  0.319040E+02 -0.416874E+01  -1501.949  -3105.424   -436.585     183
   184.00000 -0.342725E+02  0.396687E+02 -0.343067E+02  0.322079E+02 -0.417649E+01   -704.965  -3763.818   -440.970     184
   185.00000 -0.368825E+02  0.397158E+02 -0.369166E+02  0.322450E+02 -0.418402E+01    -93.886   -818.463   -445.330     185
   186.00000 -0.369125E+02  0.401029E+02 -0.369467E+02  0.326315E+02 -0.419132E+01   -280.931   -427.506   -449.664     186
   187.00000 -0.369125E+02  0.404345E+02 -0.369464E+02  0.329631E+02 -0.419836E+01   -426.670   -497.964   -453.971     187
   188.00000 -0.369725E+02  0.408728E+02 -0.370065E+02  0.334015E+02 -0.420518E+01   -546.910   -641.084   -458.259     188
   189.00000 -0.370025E+02  0.413149E+02 -0.370365E+02  0.338435E+02 -0.421178E+01   -841.209   -876.025   -462.525     189
   190.00000 -0.388926E+02  0.417378E+02 -0.389265E+02  0.342664E+02 -0.421816E+01   -118.969   -458.807   -466.769     190
   191.00000 -0.411625E+02  0.419779E+02 -0.411961E+02  0.345065E+02 -0.422431E+01    -83.127   -145.733   -470.975     191
   192.00000 -0.411625E+02  0.423430E+02 -0.411963E+02  0.348716E+02 -0.423023E+01   -193.059   -200.288   -475.119     192
   193.00000 -0.412400E+02  0.427344E+02 -0.412738E+02  0.352630E+02 -0.423593E+01   -248.729   -256.568   -479.185     193
   194.00000 -0.412400E+02  0.431956E+02 -0.412742E+02  0.357242E+02 -0.424140E+01   -363.849   -334.429   -482.822     194
   195.00000 -0.412258E+02  0.437247E+02 -0.412606E+02  0.362533E+02 -0.424673E+01   -570.164   -455.954   -484.991     195
   196.00000 -0.412258E+02  0.442861E+02 -0.412610E+02  0.368147E+02 -0.425201E+01   -954.549   -660.656   -485.325     196
   197.00000 -0.412140E+02  0.448650E+02 -0.412409E+02  0.372566E+02 -0.425739E+01  -2632.595  -1132.966   -483.522     197
   198.00000 -0.412140E+02  0.454305E+02 -0.412383E+02  0.375852E+02 -0.426293E+01  -4016.692  -1826.684   -480.514     198
   199.00000 -0.412081E+02  0.459920E+02 -0.412294E+02  0.378325E+02 -0.426867E+01  -7807.370  -2693.167   -476.882     199
   200.00000 -0.412026E+02  0.465274E+02 -0.412238E+02  0.380213E+02 -0.427460E+01 -11618.581  -3518.926   -473.196     200
   201.00000 -0.412026E+02  0.471003E+02 -0.412238E+02  0.381820E+02 -0.428070E+01  -9436.277  -4056.718   -469.964     201
   202.00000 -0.412026E+02  0.476341E+02 -0.412238E+02  0.383105E+02 -0.428695E+01  -9243.202  -4548.169   -467.226     202
   203.00000 -0.412026E+02  0.481503E+02 -0.412238E+02  0.384184E+02 -0.429331E+01  -8764.582  -4872.862   -465.355     203
   204.00000 -0.412026E+02  0.486353E+02 -0.412238E+02  0.385094E+02 -0.429973E+01  -8569.185  -5137.361   -464.098     204
   205.00000 -0.420126E+02  0.489760E+02 -0.420338E+02  0.386753E+02 -0.430618E+01   -271.208  -3061.740   -463.190     205
   206.00000 -0.420088E+02  0.494643E+02 -0.420302E+02  0.390205E+02 -0.431265E+01   -980.291  -2988.561   -463.061     206
   207.00000 -0.420040E+02  0.499780E+02 -0.420245E+02  0.393235E+02 -0.431910E+01  -2493.935  -3921.454   -463.618     207
   208.00000 -0.420140E+02  0.504249E+02 -0.420342E+02  0.395159E+02 -0.432551E+01  -3586.428  -4861.024   -464.645     208
   209.00000 -0.425140E+02  0.508645E+02 -0.425342E+02  0.397012E+02 -0.433186E+01   -396.202  -4063.167   -466.117     209
   210.00000 -0.425941E+02  0.512106E+02 -0.426142E+02  0.398929E+02 -0.433811E+01   -780.105  -3799.100   -468.018     210
   211.00000 -0.465941E+02  0.512664E+02 -0.466142E+02  0.399398E+02 -0.434426E+01    -65.418   -285.279   -470.253     211
   212.00000 -0.465896E+02  0.516632E+02 -0.466099E+02  0.403366E+02 -0.435027E+01   -209.085   -227.596   -472.808     212
   213.00000 -0.465578E+02  0.520945E+02 -0.465783E+02  0.407678E+02 -0.435613E+01   -323.346   -310.316   -475.656     213
   214.00000 -0.465289E+02  0.525338E+02 -0.465494E+02  0.412072E+02 -0.436181E+01   -486.666   -416.295   -478.670     214
   215.00000 -0.474589E+02  0.526728E+02 -0.474793E+02  0.413461E+02 -0.436736E+01   -159.027   -285.850   -481.646     215
   216.00000 -0.474589E+02  0.530774E+02 -0.474804E+02  0.417508E+02 -0.437275E+01   -315.603   -339.030   -484.139     216
   217.00000 -0.474497E+02  0.535276E+02 -0.474716E+02  0.422010E+02 -0.437802E+01   -481.252   -444.083   -485.677     217
   218.00000 -0.474187E+02  0.539701E+02 -0.474405E+02  0.426434E+02 -0.438326E+01   -848.533   -609.995   -486.414     218
   219.00000 -0.476787E+02  0.543882E+02 -0.477005E+02  0.430616E+02 -0.438848E+01   -441.780   -666.466   -486.362     219
   220.00000 -0.476787E+02  0.547236E+02 -0.477000E+02  0.433969E+02 -0.439373E+01   -925.220   -849.906   -485.754     220
   221.00000 -0.480487E+02  0.550184E+02 -0.480700E+02  0.436917E+02 -0.439902E+01   -372.622   -800.800   -484.726     221
   222.00000 -0.485087E+02  0.551777E+02 -0.485291E+02  0.438511E+02 -0.440438E+01   -280.072   -651.976   -483.395     222
   223.00000 -0.494487E+02  0.553258E+02 -0.494691E+02  0.439992E+02 -0.440981E+01   -165.068   -417.606   -482.017     223
   224.00000 -0.494687E+02  0.556016E+02 -0.494892E+02  0.442750E+02 -0.441530E+01   -336.527   -421.356   -480.783     224
   225.00000 -0.494830E+02  0.559958E+02 -0.495035E+02  0.446692E+02 -0.442086E+01   -499.225   -527.191   -479.832     225
   226.00000 -0.494830E+02  0.564337E+02 -0.495038E+02  0.451071E+02 -0.442646E+01   -800.269   -708.371   -479.287     226
   227.00000 -0.494553E+02  0.568885E+02 -0.494756E+02  0.455602E+02 -0.443207E+01  -2042.340  -1082.370   -479.144     227
   228.00000 -0.494150E+02  0.573422E+02 -0.494301E+02  0.459531E+02 -0.443768E+01 -32970.215  -2479.530   -479.331     228
   229.00000 -0.514150E+02  0.576799E+02 -0.514301E+02  0.462773E+02 -0.444327E+01   -123.393   -611.394   -479.743     229
   230.00000 -0.514355E+02  0.580370E+02 -0.514506E+02  0.466344E+02 -0.444883E+01   -347.335   -517.412   -480.432     230
   231.00000 -0.514205E+02  0.583652E+02 -0.514354E+02  0.469627E+02 -0.445434E+01   -554.455   -614.173   -481.398     231
   232.00000 -0.532605E+02  0.584685E+02 -0.532754E+02  0.470659E+02 -0.445980E+01   -106.886   -277.372   -482.573     232
   233.00000 -0.532605E+02  0.587923E+02 -0.532760E+02  0.473897E+02 -0.446518E+01   -249.296   -285.205   -484.044     233
   234.00000 -0.555105E+02  0.591739E+02 -0.555260E+02  0.477713E+02 -0.447048E+01    -85.171   -140.893   -485.851     234
   235.00000 -0.566505E+02  0.593619E+02 -0.566660E+02  0.479593E+02 -0.447570E+01    -99.197   -124.109   -488.407     235
   236.00000 -0.566233E+02  0.597081E+02 -0.566398E+02  0.483055E+02 -0.448085E+01   -180.520   -174.067   -490.512     236
   237.00000 -0.566228E+02  0.600208E+02 -0.566390E+02  0.486182E+02 -0.448602E+01   -229.223   -216.354   -488.906     237
   238.00000 -0.566136E+02  0.604116E+02 -0.566307E+02  0.490091E+02 -0.449138E+01   -292.628   -264.686   -481.796     238
   239.00000 -0.565965E+02  0.607826E+02 -0.566134E+02  0.493800E+02 -0.449741E+01   -380.589   -325.174   -467.059     239
   240.00000 -0.567265E+02  0.610232E+02 -0.567434E+02  0.496206E+02 -0.450427E+01   -328.961   -338.583   -446.447     240
   241.00000 -0.579065E+02  0.610855E+02 -0.579233E+02  0.496829E+02 -0.451231E+01   -125.751   -201.040   -423.262     241
   242.00000 -0.585965E+02  0.611203E+02 -0.586133E+02  0.497177E+02 -0.452156E+01   -129.571   -164.084   -402.739     242
   243.00000 -0.585965E+02  0.612404E+02 -0.586139E+02  0.498378E+02 -0.453181E+01   -191.922   -191.665   -386.625     243
   244.00000 -0.586584E+02  0.615100E+02 -0.586758E+02  0.501075E+02 -0.454319E+01   -228.219   -225.644   -374.462     244
   245.00000 -0.586352E+02  0.617702E+02 -0.586525E+02  0.503676E+02 -0.455657E+01   -291.372   -265.390   -360.129     245
   246.00000 -0.587052E+02  0.620841E+02 -0.587226E+02  0.506815E+02 -0.457177E+01   -310.362   -300.089   -344.882     246
   247.00000 -0.609652E+02  0.621716E+02 -0.609825E+02  0.507691E+02 -0.458892E+01    -81.027   -122.668   -330.700     247
   248.00000 -0.610652E+02  0.623228E+02 -0.610825E+02  0.509203E+02 -0.460783E+01   -151.334   -153.425   -319.204     248
   249.00000 -0.615152E+02  0.623810E+02 -0.615325E+02  0.509784E+02 -0.462827E+01   -134.798   -149.022   -307.202     249
   250.00000 -0.642652E+02  0.624352E+02 -0.642825E+02  0.510326E+02 -0.465181E+01    -61.821    -75.003   -291.734     250
   251.00000 -0.642498E+02  0.626716E+02 -0.642678E+02  0.512690E+02 -0.468419E+01   -126.978   -117.302   -256.268     251
   252.00000 -0.642498E+02  0.629120E+02 -0.642679E+02  0.515094E+02 -0.474458E+01   -156.603   -144.242   -205.325     252
   253.00000 -0.642324E+02  0.631514E+02 -0.642504E+02  0.517489E+02 -0.484732E+01   -184.911   -167.875   -178.194     253
   254.00000 -0.643002E+02  0.634478E+02 -0.643182E+02  0.520452E+02 -0.497661E+01   -200.546   -187.649   -165.313     254
   255.00000 -0.643002E+02  0.636988E+02 -0.643180E+02  0.522962E+02 -0.511855E+01   -233.625   -210.650   -162.920     255
   256.00000 -0.642353E+02  0.639709E+02 -0.642533E+02  0.525683E+02 -0.525875E+01   -287.329   -241.289   -164.742     256
   257.00000 -0.641673E+02  0.642350E+02 -0.641852E+02  0.528324E+02 -0.539251E+01   -345.360   -275.052   -168.316     257
   258.00000 -0.641673E+02  0.644152E+02 -0.641831E+02  0.530126E+02 -0.551434E+01   -361.447   -299.896   -173.118     258
   259.00000 -0.641044E+02  0.646848E+02 -0.641224E+02  0.532822E+02 -0.562563E+01   -426.260   -325.941   -178.406     259
   260.00000 -0.640814E+02  0.648982E+02 -0.640980E+02  0.534956E+02 -0.572588E+01   -479.521   -364.379   -183.912     260
   261.00000 -0.681614E+02  0.649145E+02 -0.681779E+02  0.535119E+02 -0.582029E+01    -53.373    -73.081   -189.599     261
   262.00000 -0.681121E+02  0.651225E+02 -0.681290E+02  0.537199E+02 -0.590579E+01   -131.549   -121.281   -190.674     262
   263.00000 -0.680388E+02  0.653451E+02 -0.680558E+02  0.539425E+02 -0.601269E+01   -169.056   -151.709   -175.181     263
   264.00000 -0.679672E+02  0.655610E+02 -0.679841E+02  0.541584E+02 -0.615045E+01   -200.661   -176.939   -163.316     264
   265.00000 -0.678923E+02  0.657727E+02 -0.679091E+02  0.543702E+02 -0.630019E+01   -233.633   -201.500   -158.994     265
   266.00000 -0.678263E+02  0.659736E+02 -0.678429E+02  0.545710E+02 -0.644908E+01   -264.705   -224.360   -160.365     266
   267.00000 -0.677731E+02  0.661882E+02 -0.677900E+02  0.547856E+02 -0.659080E+01   -293.102   -246.075   -163.504     267
   268.00000 -0.677295E+02  0.663641E+02 -0.677455E+02  0.549615E+02 -0.672343E+01   -325.256   -269.377   -167.956     268
   269.00000 -0.677295E+02  0.664656E+02 -0.677436E+02  0.550631E+02 -0.684575E+01   -328.319   -282.155   -172.911     269
   270.00000 -0.695795E+02  0.666074E+02 -0.695937E+02  0.552048E+02 -0.696249E+01    -91.329   -133.331   -178.187     270
   271.00000 -0.725627E+02  0.667974E+02 -0.725768E+02  0.553948E+02 -0.706894E+01    -58.474    -70.127   -182.471     271
   272.00000 -0.725427E+02  0.669863E+02 -0.725568E+02  0.555837E+02 -0.718614E+01   -121.925   -111.785   -165.558     272
   273.00000 -0.724584E+02  0.671800E+02 -0.724726E+02  0.557774E+02 -0.737358E+01   -155.477   -138.580   -141.622     273
   274.00000 -0.723861E+02  0.673667E+02 -0.724002E+02  0.559641E+02 -0.761728E+01   -181.369   -160.214   -134.512     274
   275.00000 -0.723165E+02  0.675393E+02 -0.723304E+02  0.561367E+02 -0.786515E+01   -204.999   -179.249   -134.844     275
   276.00000 -0.722725E+02  0.677125E+02 -0.722864E+02  0.563099E+02 -0.809179E+01   -222.118   -194.828   -138.823     276
   277.00000 -0.722725E+02  0.677768E+02 -0.722837E+02  0.563742E+02 -0.829603E+01   -230.453   -206.628   -143.480     277
   278.00000 -0.726320E+02  0.679184E+02 -0.726433E+02  0.565158E+02 -0.848698E+01   -170.334   -184.538   -148.619     278
   279.00000 -0.727120E+02  0.679442E+02 -0.727232E+02  0.565416E+02 -0.865426E+01   -187.628   -184.467   -154.248     279
   280.00000 -0.726776E+02  0.680759E+02 -0.726895E+02  0.566733E+02 -0.880727E+01   -219.680   -200.630   -159.144     280
   281.00000 -0.725876E+02  0.682176E+02 -0.725995E+02  0.568150E+02 -0.895068E+01   -259.159   -222.816   -163.360     281
   282.00000 -0.725215E+02  0.683507E+02 -0.725334E+02  0.569481E+02 -0.908589E+01   -284.119   -241.825   -167.602     282
   283.00000 -0.725086E+02  0.684570E+02 -0.725197E+02  0.570544E+02 -0.920985E+01   -287.677   -253.190   -172.112     283
   284.00000 -0.724711E+02  0.685810E+02 -0.724828E+02  0.571784E+02 -0.932450E+01   -306.075   -265.134   -176.791     284
   285.00000 -0.724167E+02  0.686995E+02 -0.724282E+02  0.572969E+02 -0.942965E+01   -336.595   -282.496   -181.507     285
   286.00000 -0.724034E+02  0.688151E+02 -0.724148E+02  0.574125E+02 -0.952528E+01   -338.484   -292.912   -186.259     286
   287.00000 -0.723182E+02  0.689315E+02 -0.723296E+02  0.575289E+02 -0.961130E+01   -403.337   -316.862   -191.038     287
   288.00000 -0.722381E+02  0.690403E+02 -0.722493E+02  0.576377E+02 -0.969178E+01   -454.290   -341.212   -196.880     288
   289.00000 -0.721537E+02  0.691487E+02 -0.721649E+02  0.577461E+02 -0.976742E+01   -517.474   -367.307   -202.452     289
   290.00000 -0.720821E+02  0.692558E+02 -0.720933E+02  0.578532E+02 -0.983851E+01   -567.087   -392.046   -207.986     290
   291.00000 -0.729121E+02  0.692965E+02 -0.729233E+02  0.578940E+02 -0.990711E+01   -162.345   -248.697   -213.421     291
   292.00000 -0.729321E+02  0.694145E+02 -0.729433E+02  0.580119E+02 -0.997117E+01   -253.983   -258.546   -218.704     292
   293.00000 -0.730421E+02  0.694699E+02 -0.730533E+02  0.580673E+02 -0.100310E+02   -241.605   -255.144   -223.610     293
   294.00000 -0.730921E+02  0.695297E+02 -0.731033E+02  0.581272E+02 -0.100871E+02   -259.191   -260.208   -227.777     294
   295.00000 -0.742421E+02  0.695424E+02 -0.742533E+02  0.581399E+02 -0.101401E+02   -115.113   -162.867   -231.147     295
   296.00000 -0.752421E+02  0.695694E+02 -0.752534E+02  0.581668E+02 -0.101906E+02   -104.807   -128.328   -233.501     296
   297.00000 -0.756621E+02  0.695793E+02 -0.756733E+02  0.581768E+02 -0.102403E+02   -123.521   -132.629   -233.098     297
   298.00000 -0.756397E+02  0.696457E+02 -0.756513E+02  0.582431E+02 -0.102942E+02   -164.937   -156.024   -224.918     298
   299.00000 -0.757997E+02  0.696690E+02 -0.758113E+02  0.582665E+02 -0.103575E+02   -158.979   -160.285   -211.477     299
   300.00000 -0.757997E+02  0.697010E+02 -0.758113E+02  0.582984E+02 -0.104327E+02   -183.019   -173.919   -199.458     300
   301.00000 -0.769097E+02  0.697340E+02 -0.769213E+02  0.583315E+02 -0.105154E+02   -101.875   -123.218   -190.923     301
   302.00000 -0.768695E+02  0.698129E+02 -0.768814E+02  0.584104E+02 -0.106097E+02   -158.370   -148.812   -184.289     302
   303.00000 -0.769795E+02  0.698660E+02 -0.769914E+02  0.584634E+02 -0.107182E+02   -160.586   -157.308   -176.538     303
   304.00000 -0.769687E+02  0.699454E+02 -0.769808E+02  0.585429E+02 -0.108416E+02   -184.820   -172.760   -170.867     304
   305.00000 -0.768950E+02  0.700185E+02 -0.769071E+02  0.586160E+02 -0.109725E+02   -211.178   -189.472   -168.435     305
   306.00000 -0.768394E+02  0.700850E+02 -0.768514E+02  0.586824E+02 -0.111048E+02   -226.835   -203.097   -168.160     306
   307.00000 -0.768024E+02  0.701467E+02 -0.768143E+02  0.587441E+02 -0.112336E+02   -236.381   -213.046   -169.913     307
   308.00000 -0.768024E+02  0.701833E+02 -0.768137E+02  0.587807E+02 -0.113572E+02   -237.121   -218.726   -172.397     308
   309.00000 -0.767327E+02  0.702420E+02 -0.767445E+02  0.588394E+02 -0.114745E+02   -259.914   -229.672   -175.403     309
   310.00000 -0.767226E+02  0.702960E+02 -0.767343E+02  0.588934E+02 -0.115851E+02   -257.803   -235.164   -178.811     310
   311.00000 -0.766874E+02  0.703559E+02 -0.766992E+02  0.589533E+02 -0.116886E+02   -272.332   -244.280   -182.299     311
   312.00000 -0.766572E+02  0.704177E+02 -0.766690E+02  0.590151E+02 -0.117850E+02   -281.765   -252.660   -185.918     312
   313.00000 -0.771672E+02  0.704371E+02 -0.771790E+02  0.590345E+02 -0.118771E+02   -165.115   -200.687   -189.584     313
   314.00000 -0.771672E+02  0.705263E+02 -0.771795E+02  0.591237E+02 -0.119620E+02   -221.030   -214.308   -193.561     314
   315.00000 -0.772490E+02  0.705993E+02 -0.772613E+02  0.591967E+02 -0.120433E+02   -218.895   -218.331   -196.975     315
   316.00000 -0.772490E+02  0.706949E+02 -0.772614E+02  0.592924E+02 -0.121222E+02   -243.863   -230.666   -199.436     316
   317.00000 -0.772068E+02  0.707474E+02 -0.772188E+02  0.593448E+02 -0.121990E+02   -269.546   -244.325   -201.609     317
   318.00000 -0.771944E+02  0.707836E+02 -0.772062E+02  0.593810E+02 -0.122740E+02   -273.008   -251.435   -203.848     318
   319.00000 -0.771944E+02  0.708216E+02 -0.772063E+02  0.594190E+02 -0.123465E+02   -273.918   -255.474   -206.324     319
   320.00000 -0.771845E+02  0.708781E+02 -0.771968E+02  0.594755E+02 -0.124168E+02   -281.765   -261.369   -208.941     320
   321.00000 -0.771845E+02  0.709195E+02 -0.771965E+02  0.595169E+02 -0.124848E+02   -286.899   -267.593   -211.687     321
   322.00000 -0.782145E+02  0.709287E+02 -0.782265E+02  0.595261E+02 -0.125516E+02   -123.476   -171.595   -214.476     322
   323.00000 -0.782245E+02  0.709578E+02 -0.782365E+02  0.595552E+02 -0.126160E+02   -188.187   -187.072   -217.112     323
   324.00000 -0.782245E+02  0.709812E+02 -0.782364E+02  0.595786E+02 -0.126788E+02   -207.941   -200.947   -218.111     324
   325.00000 -0.782245E+02  0.710085E+02 -0.782365E+02  0.596059E+02 -0.127419E+02   -220.959   -211.506   -217.351     325
   326.00000 -0.782245E+02  0.710698E+02 -0.782369E+02  0.596672E+02 -0.128059E+02   -233.321   -221.698   -216.128     326
   327.00000 -0.782245E+02  0.711281E+02 -0.782368E+02  0.597255E+02 -0.128710E+02   -243.999   -230.812   -215.341     327
   328.00000 -0.782236E+02  0.711755E+02 -0.782357E+02  0.597729E+02 -0.129363E+02   -254.863   -239.658   -215.127     328
   329.00000 -0.792536E+02  0.712001E+02 -0.792657E+02  0.597976E+02 -0.130015E+02   -119.076   -159.442   -215.212     329
   330.00000 -0.792536E+02  0.712735E+02 -0.792659E+02  0.598709E+02 -0.130664E+02   -183.003   -179.666   -215.369     330
   331.00000 -0.792486E+02  0.713198E+02 -0.792607E+02  0.599172E+02 -0.131322E+02   -203.094   -194.220   -213.924     331
   332.00000 -0.792082E+02  0.713362E+02 -0.792199E+02  0.599336E+02 -0.131997E+02   -224.440   -208.917   -211.697     332
   333.00000 -0.792082E+02  0.713533E+02 -0.792199E+02  0.599507E+02 -0.132694E+02   -227.488   -215.413   -209.879     333
   334.00000 -0.791971E+02  0.713767E+02 -0.792090E+02  0.599741E+02 -0.133400E+02   -236.680   -222.728   -208.798     334
   335.00000 -0.791589E+02  0.713997E+02 -0.791707E+02  0.599971E+02 -0.134108E+02   -251.803   -232.023   -208.502     335
   336.00000 -0.791326E+02  0.714241E+02 -0.791445E+02  0.600215E+02 -0.134812E+02   -259.350   -239.144   -208.903     336
   337.00000 -0.795826E+02  0.714402E+02 -0.795945E+02  0.600376E+02 -0.135513E+02   -167.363   -199.020   -209.620     337
   338.00000 -0.795571E+02  0.714633E+02 -0.795690E+02  0.600607E+02 -0.136204E+02   -220.375   -212.161   -210.768     338
   339.00000 -0.795372E+02  0.714884E+02 -0.795491E+02  0.600858E+02 -0.136886E+02   -235.590   -222.763   -211.610     339
   340.00000 -0.794795E+02  0.715016E+02 -0.794913E+02  0.600990E+02 -0.137563E+02   -258.187   -234.933   -212.241     340
   341.00000 -0.798495E+02  0.715180E+02 -0.798613E+02  0.601154E+02 -0.138235E+02   -175.808   -203.124   -212.852     341
   342.00000 -0.818171E+02  0.715472E+02 -0.818289E+02  0.601446E+02 -0.138903E+02    -80.141   -105.537   -213.528     342
   343.00000 -0.821308E+02  0.715712E+02 -0.821426E+02  0.601686E+02 -0.139573E+02   -119.297   -122.759   -211.204     343
   344.00000 -0.824408E+02  0.715961E+02 -0.824527E+02  0.601935E+02 -0.140326E+02   -126.660   -129.601   -197.791     344
   345.00000 -0.824112E+02  0.716161E+02 -0.824230E+02  0.602135E+02 -0.141262E+02   -158.460   -148.063   -182.606     345
   346.00000 -0.835312E+02  0.716254E+02 -0.835430E+02  0.602228E+02 -0.142436E+02    -94.856   -109.620   -170.549     346
   347.00000 -0.835438E+02  0.716625E+02 -0.835555E+02  0.602599E+02 -0.143827E+02   -141.273   -133.120   -159.906     347
   348.00000 -0.835438E+02  0.716778E+02 -0.835554E+02  0.602752E+02 -0.145463E+02   -156.784   -146.518   -150.620     348
   349.00000 -0.837838E+02  0.717098E+02 -0.837954E+02  0.603072E+02 -0.147317E+02   -143.451   -144.368   -145.869     349
   350.00000 -0.839834E+02  0.717349E+02 -0.839950E+02  0.603324E+02 -0.149297E+02   -145.457   -145.248   -144.383     350
   351.00000 -0.840234E+02  0.717453E+02 -0.840350E+02  0.603427E+02 -0.151308E+02   -161.802   -153.823   -144.154     351
   352.00000 -0.840058E+02  0.717605E+02 -0.840175E+02  0.603579E+02 -0.153305E+02   -176.772   -164.069   -144.774     352
   353.00000 -0.839757E+02  0.717690E+02 -0.839873E+02  0.603664E+02 -0.155232E+02   -187.161   -172.519   -146.406     353
   354.00000 -0.839757E+02  0.717829E+02 -0.839874E+02  0.603803E+02 -0.157060E+02   -190.711   -177.897   -148.687     354
   355.00000 -0.839757E+02  0.717945E+02 -0.839873E+02  0.603919E+02 -0.158730E+02   -195.425   -182.655   -151.405     355
   356.00000 -0.839757E+02  0.718054E+02 -0.839873E+02  0.604028E+02 -0.160319E+02   -200.124   -187.191   -154.821     356
   357.00000 -0.839757E+02  0.718183E+02 -0.839874E+02  0.604158E+02 -0.161837E+02   -204.530   -191.466   -158.250     357
   358.00000 -0.839757E+02  0.718330E+02 -0.839874E+02  0.604305E+02 -0.163286E+02   -208.984   -195.756   -161.685     358
   359.00000 -0.839682E+02  0.718480E+02 -0.839799E+02  0.604454E+02 -0.164667E+02   -214.974   -200.672   -165.060     359
   360.00000 -0.839658E+02  0.718687E+02 -0.839777E+02  0.604661E+02 -0.165982E+02   -218.660   -204.718   -168.380     360
   361.00000 -0.839658E+02  0.718794E+02 -0.839774E+02  0.604768E+02 -0.167231E+02   -222.967   -209.065   -171.633     361
   362.00000 -0.839658E+02  0.718949E+02 -0.839775E+02  0.604924E+02 -0.168417E+02   -225.817   -212.178   -174.806     362
   363.00000 -0.839658E+02  0.719084E+02 -0.839775E+02  0.605059E+02 -0.169541E+02   -229.673   -215.929   -177.892     363
   364.00000 -0.839658E+02  0.719202E+02 -0.839774E+02  0.605176E+02 -0.170605E+02   -232.829   -219.139   -180.884     364
   365.00000 -0.839546E+02  0.719407E+02 -0.839664E+02  0.605381E+02 -0.171611E+02   -238.808   -223.383   -183.786     365
   366.00000 -0.839262E+02  0.719605E+02 -0.839380E+02  0.605579E+02 -0.172560E+02   -249.154   -229.803   -186.622     366
   367.00000 -0.839187E+02  0.719822E+02 -0.839306E+02  0.605796E+02 -0.173453E+02   -250.124   -233.228   -189.408     367
   368.00000 -0.839187E+02  0.720069E+02 -0.839307E+02  0.606043E+02 -0.174295E+02   -252.332   -236.689   -192.297     368
   369.00000 -0.839187E+02  0.720231E+02 -0.839305E+02  0.606206E+02 -0.175109E+02   -255.798   -240.276   -195.645     369
   370.00000 -0.839187E+02  0.720340E+02 -0.839303E+02  0.606315E+02 -0.175896E+02   -258.068   -242.915   -198.771     370
   371.00000 -0.839110E+02  0.720545E+02 -0.839229E+02  0.606520E+02 -0.176658E+02   -262.616   -246.191   -201.845     371
   372.00000 -0.839103E+02  0.720754E+02 -0.839221E+02  0.606728E+02 -0.177395E+02   -265.112   -249.524   -204.807     372
   373.00000 -0.838484E+02  0.720873E+02 -0.838601E+02  0.606847E+02 -0.178108E+02   -291.247   -260.654   -207.723     373
   374.00000 -0.838244E+02  0.721012E+02 -0.838361E+02  0.606987E+02 -0.178797E+02   -288.797   -264.131   -210.590     374
   375.00000 -0.838190E+02  0.721205E+02 -0.838308E+02  0.607180E+02 -0.179463E+02   -286.939   -266.784   -213.441     375
   376.00000 -0.838160E+02  0.721411E+02 -0.838278E+02  0.607385E+02 -0.180105E+02   -287.728   -269.349   -216.264     376
   377.00000 -0.838149E+02  0.721913E+02 -0.838274E+02  0.607887E+02 -0.180724E+02   -289.245   -271.881   -219.053     377
   378.00000 -0.839649E+02  0.722036E+02 -0.839774E+02  0.608011E+02 -0.181330E+02   -236.360   -253.069   -221.824     378
   379.00000 -0.839510E+02  0.722328E+02 -0.839636E+02  0.608303E+02 -0.181910E+02   -273.423   -260.955   -224.509     379
   380.00000 -0.839510E+02  0.722328E+02 -0.839634E+02  0.608303E+02 -0.182468E+02   -276.665   -264.145   -227.005     380
   381.00000 -0.839510E+02  0.722556E+02 -0.839637E+02  0.608531E+02 -0.183006E+02   -281.289   -267.827   -229.322     381
   382.00000 -0.841010E+02  0.722730E+02 -0.841137E+02  0.608704E+02 -0.183529E+02   -233.919   -251.392   -231.493     382
   383.00000 -0.841001E+02  0.723032E+02 -0.841129E+02  0.609006E+02 -0.184033E+02   -267.168   -258.857   -233.493     383
   384.00000 -0.840951E+02  0.723343E+02 -0.841079E+02  0.609317E+02 -0.184521E+02   -279.720   -266.507   -235.307     384
   385.00000 -0.840229E+02  0.723694E+02 -0.840357E+02  0.609668E+02 -0.184994E+02   -320.579   -282.771   -236.990     385
   386.00000 -0.839806E+02  0.724041E+02 -0.839934E+02  0.610016E+02 -0.185450E+02   -330.693   -293.622   -238.634     386
   387.00000 -0.839806E+02  0.724344E+02 -0.839933E+02  0.610319E+02 -0.185892E+02   -320.576   -296.736   -240.366     387
   388.00000 -0.839623E+02  0.724990E+02 -0.839759E+02  0.610964E+02 -0.186319E+02   -332.104   -303.683   -242.322     388
   389.00000 -0.838935E+02  0.725241E+02 -0.839061E+02  0.611215E+02 -0.186738E+02   -382.258   -324.288   -244.813     389
   390.00000 -0.838837E+02  0.725632E+02 -0.838966E+02  0.611606E+02 -0.187148E+02   -363.397   -326.569   -247.373     390
   391.00000 -0.838244E+02  0.726000E+02 -0.838372E+02  0.611974E+02 -0.187548E+02   -402.513   -340.847   -250.065     391
   392.00000 -0.838244E+02  0.726603E+02 -0.838378E+02  0.612577E+02 -0.187940E+02   -378.846   -342.709   -252.862     392
   393.00000 -0.838244E+02  0.727283E+02 -0.838380E+02  0.613257E+02 -0.188322E+02   -383.260   -349.784   -255.765     393
   394.00000 -0.837676E+02  0.727687E+02 -0.837805E+02  0.613661E+02 -0.188693E+02   -443.498   -370.187   -258.738     394
   395.00000 -0.837454E+02  0.728057E+02 -0.837583E+02  0.614031E+02 -0.189055E+02   -437.159   -376.764   -261.786     395
   396.00000 -0.837398E+02  0.728535E+02 -0.837529E+02  0.614510E+02 -0.189406E+02   -426.325   -379.097   -264.893     396
   397.00000 -0.837398E+02  0.728989E+02 -0.837528E+02  0.614963E+02 -0.189746E+02   -424.629   -383.613   -268.029     397
   398.00000 -0.842998E+02  0.729142E+02 -0.843128E+02  0.615116E+02 -0.190080E+02   -194.182   -285.818   -271.179     398
   399.00000 -0.843098E+02  0.729649E+02 -0.843228E+02  0.615623E+02 -0.190404E+02   -280.668   -290.531   -274.341     399
   400.00000 -0.843034E+02  0.730070E+02 -0.843164E+02  0.616045E+02 -0.190716E+02   -307.915   -301.923   -277.386     400
   401.00000 -0.848434E+02  0.730470E+02 -0.848564E+02  0.616445E+02 -0.191019E+02   -177.098   -242.438   -280.185     401
   402.00000 -0.848264E+02  0.730909E+02 -0.848394E+02  0.616884E+02 -0.191313E+02   -253.566   -256.690   -282.534     402
   403.00000 -0.848132E+02  0.731928E+02 -0.848267E+02  0.617903E+02 -0.191600E+02   -287.522   -277.987   -284.217     403
   404.00000 -0.847869E+02  0.732654E+02 -0.848001E+02  0.618628E+02 -0.191883E+02   -319.961   -297.481   -285.329     404
   405.00000 -0.847093E+02  0.733154E+02 -0.847219E+02  0.619129E+02 -0.192163E+02   -380.216   -324.329   -285.887     405
   406.00000 -0.846616E+02  0.733749E+02 -0.846744E+02  0.619724E+02 -0.192441E+02   -396.900   -340.687   -286.262     406
   407.00000 -0.846162E+02  0.734311E+02 -0.846290E+02  0.620285E+02 -0.192719E+02   -423.979   -358.795   -286.700     407
   408.00000 -0.845769E+02  0.734833E+02 -0.845895E+02  0.620808E+02 -0.192994E+02   -444.686   -374.411   -287.328     408
   409.00000 -0.845111E+02  0.735390E+02 -0.845239E+02  0.621364E+02 -0.193266E+02   -503.198   -396.573   -288.183     409
   410.00000 -0.845111E+02  0.735540E+02 -0.845229E+02  0.621515E+02 -0.193534E+02   -463.153   -402.217   -289.353     410
   411.00000 -0.845111E+02  0.735857E+02 -0.845233E+02  0.621832E+02 -0.193798E+02   -443.927   -398.242   -290.854     411
   412.00000 -0.845111E+02  0.736769E+02 -0.845248E+02  0.622744E+02 -0.194055E+02   -440.773   -401.185   -292.564     412
   413.00000 -0.844758E+02  0.737458E+02 -0.844888E+02  0.623433E+02 -0.194306E+02   -505.440   -426.285   -294.488     413
   414.00000 -0.844681E+02  0.738628E+02 -0.844823E+02  0.624603E+02 -0.194550E+02   -505.345   -438.030   -296.631     414
   415.00000 -0.844319E+02  0.739724E+02 -0.844460E+02  0.625698E+02 -0.194786E+02   -600.098   -475.073   -298.955     415
   416.00000 -0.843600E+02  0.740529E+02 -0.843734E+02  0.626504E+02 -0.195013E+02   -813.580   -527.236   -301.462     416
   417.00000 -0.843184E+02  0.741634E+02 -0.843326E+02  0.627609E+02 -0.195231E+02   -858.657   -558.962   -304.195     417
   418.00000 -0.842953E+02  0.742577E+02 -0.843090E+02  0.628552E+02 -0.195443E+02   -897.486   -597.360   -307.675     418
   419.00000 -0.842639E+02  0.743852E+02 -0.842785E+02  0.629827E+02 -0.195649E+02  -1028.925   -636.389   -311.325     419
   420.00000 -0.841917E+02  0.745065E+02 -0.842058E+02  0.631036E+02 -0.195850E+02  -2180.024   -748.687   -315.023     420
   421.00000 -0.841419E+02  0.746540E+02 -0.841558E+02  0.632490E+02 -0.196046E+02  -3466.792   -869.307   -318.776     421
   422.00000 -0.840934E+02  0.747924E+02 -0.841048E+02  0.633803E+02 -0.196237E+02 -10449.504  -1147.316   -322.573     422
   423.00000 -0.840956E+02  0.749319E+02 -0.841071E+02  0.635143E+02 -0.196425E+02  -3256.693  -1099.886   -326.404     423
   424.00000 -0.841098E+02  0.750473E+02 -0.841214E+02  0.636260E+02 -0.196608E+02  -2190.981  -1109.268   -330.285     424
   425.00000 -0.840953E+02  0.751626E+02 -0.841066E+02  0.637362E+02 -0.196785E+02  -4044.565  -1239.588   -334.216     425
   426.00000 -0.842153E+02  0.752318E+02 -0.842267E+02  0.638040E+02 -0.196957E+02   -866.043  -1004.649   -338.182     426
   427.00000 -0.842353E+02  0.754096E+02 -0.842467E+02  0.639807E+02 -0.197124E+02  -1327.641  -1109.849   -342.180     427
   428.00000 -0.842353E+02  0.755847E+02 -0.842466E+02  0.641510E+02 -0.197285E+02  -1966.078  -1288.833   -346.201     428
   429.00000 -0.848853E+02  0.756271E+02 -0.848965E+02  0.641930E+02 -0.197441E+02   -267.769   -735.709   -350.232     429
   430.00000 -0.849553E+02  0.756837E+02 -0.849666E+02  0.642496E+02 -0.197592E+02   -443.211   -646.369   -354.268     430
   431.00000 -0.849532E+02  0.757690E+02 -0.849646E+02  0.643348E+02 -0.197736E+02   -586.599   -654.454   -358.310     431
   432.00000 -0.849532E+02  0.758146E+02 -0.849642E+02  0.643805E+02 -0.197875E+02   -657.348   -666.116   -362.350     432
   433.00000 -0.853032E+02  0.758763E+02 -0.853142E+02  0.644422E+02 -0.198009E+02   -307.374   -553.060   -366.387     433
   434.00000 -0.852925E+02  0.760124E+02 -0.853041E+02  0.645783E+02 -0.198137E+02   -511.908   -574.615   -370.418     434
   435.00000 -0.852925E+02  0.761845E+02 -0.853044E+02  0.647503E+02 -0.198259E+02   -624.191   -630.505   -374.438     435
   436.00000 -0.855025E+02  0.762562E+02 -0.855144E+02  0.648220E+02 -0.198377E+02   -380.854   -571.717   -378.462     436
   437.00000 -0.856626E+02  0.764434E+02 -0.856744E+02  0.650093E+02 -0.198490E+02   -394.795   -573.246   -382.561     437
   438.00000 -0.856626E+02  0.766226E+02 -0.856743E+02  0.651885E+02 -0.198596E+02   -590.910   -630.906   -387.370     438
   439.00000 -0.856626E+02  0.767639E+02 -0.856740E+02  0.653298E+02 -0.198699E+02   -720.539   -693.408   -392.263     439
   440.00000 -0.856348E+02  0.769324E+02 -0.856467E+02  0.654983E+02 -0.198800E+02  -1032.211   -791.053   -396.833     440
   441.00000 -0.857348E+02  0.771071E+02 -0.857467E+02  0.656730E+02 -0.198899E+02   -667.001   -818.136   -401.201     441
   442.00000 -0.858448E+02  0.772842E+02 -0.858567E+02  0.658501E+02 -0.198995E+02   -613.503   -844.585   -405.357     442
   443.00000 -0.858448E+02  0.773742E+02 -0.858559E+02  0.659400E+02 -0.199089E+02   -910.320   -902.820   -409.368     443
   444.00000 -0.858309E+02  0.775352E+02 -0.858429E+02  0.661011E+02 -0.199181E+02  -1256.900  -1002.552   -413.254     444
   445.00000 -0.858284E+02  0.776975E+02 -0.858404E+02  0.662633E+02 -0.199271E+02  -1553.522  -1148.462   -417.051     445
   446.00000 -0.858284E+02  0.777953E+02 -0.858386E+02  0.663583E+02 -0.199358E+02  -1966.774  -1337.554   -420.765     446
   447.00000 -0.863384E+02  0.778752E+02 -0.863486E+02  0.664375E+02 -0.199444E+02   -317.630   -925.992   -424.458     447
   448.00000 -0.873984E+02  0.779806E+02 -0.874086E+02  0.665428E+02 -0.199528E+02   -163.267   -532.048   -428.098     448
   449.00000 -0.882384E+02  0.780789E+02 -0.882486E+02  0.666411E+02 -0.199611E+02   -151.287   -314.805   -431.703     449
   450.00000 -0.882384E+02  0.782171E+02 -0.882488E+02  0.667794E+02 -0.199691E+02   -266.125   -316.107   -435.281     450
   451.00000 -0.882384E+02  0.783729E+02 -0.882489E+02  0.669351E+02 -0.199769E+02   -333.156   -355.594   -438.830     451
   452.00000 -0.882584E+02  0.784983E+02 -0.882689E+02  0.670606E+02 -0.199846E+02   -370.220   -387.329   -442.327     452
   453.00000 -0.883284E+02  0.785689E+02 -0.883389E+02  0.671311E+02 -0.199921E+02   -355.315   -396.040   -445.683     453
   454.00000 -0.883484E+02  0.787555E+02 -0.883589E+02  0.673178E+02 -0.199994E+02   -435.722   -442.774   -448.763     454
   455.00000 -0.882993E+02  0.790012E+02 -0.883102E+02  0.675634E+02 -0.200065E+02   -660.042   -530.753   -451.376     455
   456.00000 -0.882498E+02  0.792301E+02 -0.882606E+02  0.677924E+02 -0.200135E+02  -1010.373   -650.033   -453.466     456
   457.00000 -0.882498E+02  0.794359E+02 -0.882603E+02  0.679982E+02 -0.200204E+02  -1079.036   -756.819   -455.091     457
   458.00000 -0.883798E+02  0.795382E+02 -0.883903E+02  0.681004E+02 -0.200273E+02   -586.996   -710.640   -456.407     458
   459.00000 -0.883998E+02  0.796845E+02 -0.884103E+02  0.682467E+02 -0.200341E+02   -794.189   -764.057   -457.398     459
   460.00000 -0.883998E+02  0.798266E+02 -0.884103E+02  0.683888E+02 -0.200408E+02  -1003.346   -839.724   -458.190     460
   461.00000 -0.883943E+02  0.800356E+02 -0.884053E+02  0.685979E+02 -0.200475E+02  -1354.829   -980.249   -458.940     461
   462.00000 -0.883943E+02  0.802677E+02 -0.884054E+02  0.688281E+02 -0.200542E+02  -1833.463  -1203.376   -459.744     462
   463.00000 -0.889943E+02  0.804034E+02 -0.890054E+02  0.689633E+02 -0.200608E+02   -283.540   -822.654   -460.624     463
   464.00000 -0.889943E+02  0.805154E+02 -0.890054E+02  0.690754E+02 -0.200674E+02   -585.670   -793.912   -461.663     464
   465.00000 -0.889943E+02  0.807423E+02 -0.890063E+02  0.693023E+02 -0.200739E+02   -807.391   -886.281   -462.895     465
   466.00000 -0.889943E+02  0.810465E+02 -0.890073E+02  0.696064E+02 -0.200803E+02  -1179.778  -1097.667   -464.340     466
   467.00000 -0.889943E+02  0.812326E+02 -0.890057E+02  0.697902E+02 -0.200866E+02  -1701.037  -1377.811   -465.979     467
   468.00000 -0.891643E+02  0.813226E+02 -0.891757E+02  0.698784E+02 -0.200929E+02   -636.010  -1255.958   -467.765     468
   469.00000 -0.891643E+02  0.815025E+02 -0.891763E+02  0.700547E+02 -0.200991E+02  -1198.991  -1395.033   -469.755     469
   470.00000 -0.891542E+02  0.817949E+02 -0.891665E+02  0.703226E+02 -0.201051E+02  -2263.438  -1846.894   -471.944     470
   471.00000 -0.904641E+02  0.818832E+02 -0.904764E+02  0.704066E+02 -0.201110E+02   -163.294   -853.715   -474.258     471
   472.00000 -0.904641E+02  0.821027E+02 -0.904766E+02  0.706260E+02 -0.201168E+02   -416.788   -714.311   -476.744     472
   473.00000 -0.905941E+02  0.823032E+02 -0.906066E+02  0.708265E+02 -0.201225E+02   -411.340   -707.189   -479.401     473
   474.00000 -0.905941E+02  0.824949E+02 -0.906065E+02  0.710182E+02 -0.201280E+02   -619.580   -774.006   -482.255     474
   475.00000 -0.910341E+02  0.827460E+02 -0.910466E+02  0.712693E+02 -0.201333E+02   -294.565   -717.475   -485.375     475
   476.00000 -0.910341E+02  0.831056E+02 -0.910470E+02  0.716290E+02 -0.201385E+02   -622.169   -850.704   -489.464     476
   477.00000 -0.910341E+02  0.833329E+02 -0.910459E+02  0.718563E+02 -0.201436E+02   -903.134  -1024.173   -493.424     477
   478.00000 -0.910341E+02  0.835470E+02 -0.910457E+02  0.720703E+02 -0.201486E+02  -1245.236  -1235.042   -497.298     478
   479.00000 -0.911341E+02  0.837222E+02 -0.911457E+02  0.722448E+02 -0.201536E+02   -791.302  -1325.526   -501.125     479
   480.00000 -0.911341E+02  0.840112E+02 -0.911464E+02  0.725229E+02 -0.201585E+02  -1542.341  -1704.444   -504.903     480
   481.00000 -0.913341E+02  0.842358E+02 -0.913464E+02  0.727277E+02 -0.201633E+02   -615.150  -1825.467   -508.644     481
   482.00000 -0.913841E+02  0.844745E+02 -0.913964E+02  0.729364E+02 -0.201680E+02   -965.404  -2129.132   -512.345     482
   483.00000 -0.913553E+02  0.848372E+02 -0.913676E+02  0.732141E+02 -0.201726E+02  -3741.840  -3019.341   -516.007     483
   484.00000 -0.913553E+02  0.852165E+02 -0.913651E+02  0.733778E+02 -0.201772E+02  -5584.160  -4379.765   -519.629     484
   485.00000 -0.913553E+02  0.853792E+02 -0.913644E+02  0.734295E+02 -0.201817E+02  -6610.267  -4923.168   -523.223     485
   486.00000 -0.913553E+02  0.856347E+02 -0.913639E+02  0.734856E+02 -0.201860E+02  -7303.892  -5163.894   -526.784     486
   487.00000 -0.916353E+02  0.858662E+02 -0.916439E+02  0.735717E+02 -0.201904E+02   -605.085  -4215.734   -530.336     487
   488.00000 -0.916478E+02  0.862599E+02 -0.916564E+02  0.737508E+02 -0.201946E+02  -1749.683  -4473.135   -533.865     488
   489.00000 -0.918878E+02  0.865861E+02 -0.918964E+02  0.738953E+02 -0.201988E+02   -611.770  -4298.917   -537.377     489
   490.00000 -0.919076E+02  0.869501E+02 -0.919162E+02  0.740659E+02 -0.202030E+02  -1461.899  -4489.495   -540.875     490
   491.00000 -0.926676E+02  0.872042E+02 -0.926762E+02  0.742008E+02 -0.202070E+02   -258.740  -3367.753   -544.363     491
   492.00000 -0.927676E+02  0.874788E+02 -0.927762E+02  0.744015E+02 -0.202110E+02   -515.680  -2791.212   -547.842     492
   493.00000 -0.927676E+02  0.878212E+02 -0.927764E+02  0.746687E+02 -0.202149E+02   -987.098  -2954.293   -551.312     493
   494.00000 -0.927641E+02  0.882678E+02 -0.927733E+02  0.749586E+02 -0.202187E+02  -2010.517  -3774.980   -554.775     494
   495.00000 -0.927641E+02  0.886351E+02 -0.927709E+02  0.751277E+02 -0.202224E+02  -4025.640  -4894.801   -558.233     495
   496.00000 -0.927641E+02  0.889383E+02 -0.927691E+02  0.752012E+02 -0.202261E+02  -6260.378  -5785.507   -561.687     496
   497.00000 -0.927641E+02  0.892708E+02 -0.927671E+02  0.752307E+02 -0.202297E+02  -8011.812  -6310.588   -565.135     497
   498.00000 -0.927641E+02  0.896783E+02 -0.927671E+02  0.752653E+02 -0.202332E+02  -7814.827  -6299.275   -568.579     498
   499.00000 -0.927641E+02  0.900828E+02 -0.927671E+02  0.752977E+02 -0.202366E+02  -8052.592  -6412.319   -572.020     499
   500.00000 -0.927641E+02  0.905868E+02 -0.927671E+02  0.753345E+02 -0.202400E+02  -7999.739  -6449.512   -575.458     500
   501.00000 -0.927641E+02  0.910164E+02 -0.927671E+02  0.753643E+02 -0.202433E+02  -8018.385  -6532.525   -578.895     501
   502.00000 -0.928041E+02  0.913347E+02 -0.928075E+02  0.754009E+02 -0.202465E+02  -2548.520  -6240.794   -582.331     502
   503.00000 -0.928041E+02  0.915389E+02 -0.928064E+02  0.754269E+02 -0.202497E+02  -5181.518  -6297.332   -585.771     503
   504.00000 -0.931941E+02  0.916779E+02 -0.931964E+02  0.754664E+02 -0.202528E+02   -456.803  -4892.439   -589.219     504
   505.00000 -0.946341E+02  0.919512E+02 -0.946365E+02  0.756313E+02 -0.202558E+02   -153.268  -2618.967   -592.681     505
   506.00000 -0.971742E+02  0.919925E+02 -0.971765E+02  0.756701E+02 -0.202588E+02    -82.650   -334.357   -596.167     506
   507.00000 -0.978343E+02  0.921024E+02 -0.978366E+02  0.757799E+02 -0.202617E+02   -130.223   -178.449   -599.688     507
   508.00000 -0.978343E+02  0.924135E+02 -0.978373E+02  0.760910E+02 -0.202645E+02   -224.776   -235.045   -603.263     508
   509.00000 -0.978343E+02  0.926216E+02 -0.978364E+02  0.762992E+02 -0.202672E+02   -286.000   -286.695   -606.916     509
   510.00000 -0.980170E+02  0.930698E+02 -0.980192E+02  0.767474E+02 -0.202699E+02   -296.699   -343.685   -610.673     510
   511.00000 -0.980080E+02  0.934750E+02 -0.980100E+02  0.771525E+02 -0.202725E+02   -487.841   -444.123   -614.902     511
   512.00000 -0.979955E+02  0.939156E+02 -0.979977E+02  0.775931E+02 -0.202750E+02   -771.557   -596.964   -618.427     512
   513.00000 -0.979955E+02  0.944580E+02 -0.979990E+02  0.781355E+02 -0.202775E+02  -1354.994   -886.250   -620.350     513
   514.00000 -0.979955E+02  0.949864E+02 -0.979895E+02  0.784774E+02 -0.202800E+02  -3443.938  -1660.624   -620.198     514
   515.00000 -0.979955E+02  0.954044E+02 -0.979875E+02  0.787036E+02 -0.202826E+02  -4999.061  -2473.277   -618.693     515
   516.00000 -0.981168E+02  0.958385E+02 -0.981090E+02  0.789941E+02 -0.202851E+02  -1182.562  -3023.585   -616.579     516
   517.00000 -0.980601E+02  0.962996E+02 -0.980546E+02  0.792107E+02 -0.202876E+02-100000.000  -5849.902   -613.783     517
   518.00000 -0.980439E+02  0.967782E+02 -0.980454E+02  0.793528E+02 -0.202902E+02-100000.000  -6625.308   -611.135     518
   519.00000 -0.980539E+02  0.971270E+02 -0.980554E+02  0.794398E+02 -0.202929E+02  -9581.403  -5257.966   -608.036     519
   520.00000 -0.980539E+02  0.974618E+02 -0.980554E+02  0.795150E+02 -0.202956E+02 -10357.481  -5387.906   -604.842     520
   521.00000 -0.992240E+02  0.976949E+02 -0.992255E+02  0.796435E+02 -0.202984E+02   -198.462  -2357.843   -601.781     521
   522.00000 -0.101524E+03  0.977469E+02 -0.101525E+03  0.796924E+02 -0.203013E+02    -93.613   -398.803   -599.046     522
   523.00000 -0.102504E+03  0.979563E+02 -0.102505E+03  0.799018E+02 -0.203042E+02   -121.836   -190.587   -596.757     523
   524.00000 -0.102564E+03  0.981998E+02 -0.102565E+03  0.801452E+02 -0.203071E+02   -211.957   -232.320   -594.957     524
   525.00000 -0.105604E+03  0.984221E+02 -0.105605E+03  0.803675E+02 -0.203101E+02    -64.873    -92.193   -593.614     525
   526.00000 -0.105631E+03  0.988329E+02 -0.105633E+03  0.807784E+02 -0.203131E+02   -154.696   -150.142   -592.720     526
   527.00000 -0.105617E+03  0.993415E+02 -0.105619E+03  0.812869E+02 -0.203161E+02   -224.806   -205.905   -591.393     527
   528.00000 -0.106137E+03  0.996846E+02 -0.106139E+03  0.816300E+02 -0.203192E+02   -165.866   -198.313   -585.967     528
   529.00000 -0.106387E+03  0.998261E+02 -0.106389E+03  0.817716E+02 -0.203225E+02   -180.927   -199.871   -567.365     529
   530.00000 -0.107107E+03  0.999131E+02 -0.107109E+03  0.818585E+02 -0.203265E+02   -132.272   -164.787   -531.369     530
   531.00000 -0.107487E+03  0.100160E+03 -0.107489E+03  0.821050E+02 -0.203313E+02   -154.132   -172.840   -487.447     531
   532.00000 -0.107497E+03  0.100523E+03 -0.107499E+03  0.824685E+02 -0.203376E+02   -229.681   -218.050   -448.885     532
   533.00000 -0.107497E+03  0.100831E+03 -0.107498E+03  0.827763E+02 -0.203463E+02   -284.062   -259.195   -409.120     533
   534.00000 -0.107527E+03  0.101059E+03 -0.107528E+03  0.830042E+02 -0.203569E+02   -305.071   -285.539   -376.459     534
   535.00000 -0.109827E+03  0.101384E+03 -0.109828E+03  0.833298E+02 -0.203706E+02    -82.846   -126.625   -351.066     535
   536.00000 -0.109826E+03  0.101893E+03 -0.109828E+03  0.838380E+02 -0.203875E+02   -188.646   -181.382   -331.894     536
   537.00000 -0.109826E+03  0.102279E+03 -0.109827E+03  0.842244E+02 -0.204068E+02   -250.993   -230.613   -315.153     537
   538.00000 -0.109866E+03  0.102740E+03 -0.109867E+03  0.846855E+02 -0.204285E+02   -312.522   -284.237   -300.020     538
   539.00000 -0.109866E+03  0.103305E+03 -0.109868E+03  0.852500E+02 -0.204547E+02   -465.068   -373.511   -287.162     539
   540.00000 -0.110176E+03  0.103766E+03 -0.110178E+03  0.857112E+02 -0.204843E+02   -315.003   -382.813   -277.475     540
   541.00000 -0.111466E+03  0.104279E+03 -0.111468E+03  0.862246E+02 -0.205163E+02   -137.908   -253.307   -271.987     541
   542.00000 -0.111481E+03  0.104800E+03 -0.111483E+03  0.867457E+02 -0.205494E+02   -311.419   -311.209   -270.024     542
   543.00000 -0.111481E+03  0.105298E+03 -0.111483E+03  0.872438E+02 -0.205828E+02   -477.610   -411.349   -270.338     543
   544.00000 -0.112151E+03  0.105623E+03 -0.112153E+03  0.875680E+02 -0.206158E+02   -205.103   -330.749   -271.608     544
   545.00000 -0.112161E+03  0.106107E+03 -0.112163E+03  0.880529E+02 -0.206483E+02   -427.847   -413.683   -273.560     545
   546.00000 -0.112161E+03  0.106606E+03 -0.112163E+03  0.885519E+02 -0.206799E+02   -691.551   -555.181   -276.059     546
   547.00000 -0.112631E+03  0.106902E+03 -0.112633E+03  0.888478E+02 -0.207107E+02   -283.518   -474.002   -278.912     547
   548.00000 -0.112617E+03  0.107412E+03 -0.112620E+03  0.893577E+02 -0.207403E+02   -669.412   -610.499   -282.150     548
   549.00000 -0.112613E+03  0.107906E+03 -0.112616E+03  0.898512E+02 -0.207687E+02  -1244.138   -887.171   -285.739     549
   550.00000 -0.112613E+03  0.108415E+03 -0.112615E+03  0.903336E+02 -0.207957E+02  -2754.795  -1510.491   -289.592     550
   551.00000 -0.113233E+03  0.108794E+03 -0.113235E+03  0.906888E+02 -0.208218E+02   -313.508  -1144.589   -293.639     551
   552.00000 -0.113223E+03  0.109237E+03 -0.113225E+03  0.911120E+02 -0.208463E+02  -1040.619  -1412.979   -297.969     552
   553.00000 -0.113403E+03  0.109745E+03 -0.113405E+03  0.915616E+02 -0.208693E+02   -678.664  -2008.578   -302.611     553
   554.00000 -0.114013E+03  0.110231E+03 -0.114015E+03  0.919554E+02 -0.208909E+02   -302.145  -1921.977   -308.429     554
   555.00000 -0.114373E+03  0.110356E+03 -0.114375E+03  0.920694E+02 -0.209114E+02   -315.088  -1135.189   -314.471     555
   556.00000 -0.114623E+03  0.110669E+03 -0.114625E+03  0.923772E+02 -0.209311E+02   -368.446   -975.454   -320.333     556
   557.00000 -0.114616E+03  0.111146E+03 -0.114619E+03  0.928489E+02 -0.209501E+02   -862.923  -1223.829   -326.088     557
   558.00000 -0.114616E+03  0.111686E+03 -0.114620E+03  0.933511E+02 -0.209682E+02  -1853.839  -2005.254   -331.741     558
   559.00000 -0.114616E+03  0.112209E+03 -0.114616E+03  0.936385E+02 -0.209855E+02  -4661.731  -3685.625   -337.282     559
   560.00000 -0.114706E+03  0.112518E+03 -0.114706E+03  0.937887E+02 -0.210022E+02  -1368.165  -4026.144   -342.738     560
   561.00000 -0.120176E+03  0.112622E+03 -0.120176E+03  0.938806E+02 -0.210182E+02    -50.018   -103.479   -348.095     561
   562.00000 -0.120186E+03  0.112983E+03 -0.120186E+03  0.942417E+02 -0.210334E+02   -160.675   -160.835   -353.353     562
   563.00000 -0.120186E+03  0.113490E+03 -0.120186E+03  0.947484E+02 -0.210480E+02   -236.388   -222.605   -358.005     563
   564.00000 -0.120866E+03  0.113895E+03 -0.120866E+03  0.951530E+02 -0.210621E+02   -158.267   -204.551   -360.188     564
   565.00000 -0.122746E+03  0.114152E+03 -0.122746E+03  0.954108E+02 -0.210762E+02    -85.830   -118.432   -357.126     565
   566.00000 -0.122739E+03  0.114665E+03 -0.122740E+03  0.959232E+02 -0.210913E+02   -182.407   -173.451   -348.274     566
   567.00000 -0.123709E+03  0.115112E+03 -0.123710E+03  0.963706E+02 -0.211081E+02   -121.171   -151.386   -332.983     567
   568.00000 -0.124959E+03  0.115231E+03 -0.124960E+03  0.964898E+02 -0.211274E+02    -94.623   -115.081   -310.836     568
   569.00000 -0.124969E+03  0.115547E+03 -0.124970E+03  0.968053E+02 -0.211514E+02   -164.915   -155.270   -287.724     569
   570.00000 -0.125829E+03  0.115656E+03 -0.125830E+03  0.969147E+02 -0.211844E+02   -110.810   -128.546   -258.217     570
   571.00000 -0.125829E+03  0.115910E+03 -0.125831E+03  0.971685E+02 -0.212292E+02   -169.306   -159.396   -232.259     571
   572.00000 -0.125829E+03  0.116155E+03 -0.125831E+03  0.974137E+02 -0.212931E+02   -200.197   -185.392   -213.304     572
   573.00000 -0.125829E+03  0.116522E+03 -0.125833E+03  0.977809E+02 -0.213683E+02   -239.184   -216.268   -200.798     573
   574.00000 -0.125979E+03  0.116932E+03 -0.125983E+03  0.981906E+02 -0.214492E+02   -242.885   -239.301   -193.662     574
   575.00000 -0.125962E+03  0.117407E+03 -0.125966E+03  0.986654E+02 -0.215335E+02   -355.766   -296.506   -191.983     575
   576.00000 -0.125946E+03  0.117881E+03 -0.125950E+03  0.991392E+02 -0.216167E+02   -490.640   -370.263   -193.879     576
   577.00000 -0.126176E+03  0.118279E+03 -0.126180E+03  0.995378E+02 -0.216980E+02   -346.750   -375.162   -197.481     577
   578.00000 -0.126186E+03  0.118608E+03 -0.126190E+03  0.998664E+02 -0.217755E+02   -519.765   -427.681   -202.430     578
   579.00000 -0.126186E+03  0.119078E+03 -0.126191E+03  0.100336E+03 -0.218481E+02   -765.131   -541.294   -208.118     579
   580.00000 -0.127386E+03  0.119434E+03 -0.127391E+03  0.100693E+03 -0.219164E+02   -155.232   -311.228   -214.061     580
   581.00000 -0.127373E+03  0.119897E+03 -0.127379E+03  0.101155E+03 -0.219794E+02   -366.869   -363.613   -220.137     581
   582.00000 -0.128353E+03  0.120344E+03 -0.128359E+03  0.101603E+03 -0.220376E+02   -159.751   -275.317   -226.176     582
   583.00000 -0.128593E+03  0.120535E+03 -0.128598E+03  0.101793E+03 -0.220908E+02   -216.413   -261.593   -232.013     583
   584.00000 -0.128568E+03  0.120981E+03 -0.128575E+03  0.102240E+03 -0.221390E+02   -355.522   -325.822   -237.468     584
   585.00000 -0.128549E+03  0.121444E+03 -0.128555E+03  0.102702E+03 -0.221825E+02   -526.911   -421.366   -242.485     585
   586.00000 -0.132399E+03  0.121689E+03 -0.132405E+03  0.102947E+03 -0.222242E+02    -58.991    -90.332   -247.922     586
   587.00000 -0.133569E+03  0.122039E+03 -0.133575E+03  0.103298E+03 -0.222642E+02    -89.460   -101.282   -251.476     587
   588.00000 -0.133539E+03  0.122463E+03 -0.133546E+03  0.103721E+03 -0.223056E+02   -159.323   -146.726   -241.123     588
   589.00000 -0.133516E+03  0.122900E+03 -0.133523E+03  0.104159E+03 -0.223630E+02   -208.590   -186.297   -219.956     589
   590.00000 -0.133526E+03  0.123322E+03 -0.133533E+03  0.104581E+03 -0.224336E+02   -253.699   -224.756   -201.290     590
   591.00000 -0.133526E+03  0.123748E+03 -0.133533E+03  0.105006E+03 -0.225158E+02   -315.005   -268.405   -192.689     591
   592.00000 -0.133549E+03  0.124164E+03 -0.133557E+03  0.105423E+03 -0.226022E+02   -373.127   -314.778   -190.283     592
   593.00000 -0.135879E+03  0.124508E+03 -0.135887E+03  0.105767E+03 -0.226889E+02    -83.632   -128.696   -191.614     593
   594.00000 -0.137769E+03  0.124684E+03 -0.137776E+03  0.105942E+03 -0.227719E+02    -74.800    -90.124   -194.563     594
   595.00000 -0.137734E+03  0.125000E+03 -0.137742E+03  0.106259E+03 -0.228594E+02   -142.819   -131.797   -186.657     595
   596.00000 -0.137708E+03  0.125405E+03 -0.137717E+03  0.106663E+03 -0.229760E+02   -185.417   -166.357   -170.826     596
   597.00000 -0.137667E+03  0.125815E+03 -0.137676E+03  0.107073E+03 -0.231174E+02   -234.947   -202.701   -162.346     597
   598.00000 -0.137917E+03  0.126118E+03 -0.137926E+03  0.107377E+03 -0.232649E+02   -197.204   -202.325   -160.009     598
   599.00000 -0.137909E+03  0.126471E+03 -0.137919E+03  0.107729E+03 -0.234106E+02   -264.812   -234.573   -162.377     599
   600.00000 -0.137881E+03  0.126866E+03 -0.137891E+03  0.108125E+03 -0.235477E+02   -335.417   -277.322   -166.689     600
   601.00000 -0.141811E+03  0.126985E+03 -0.141821E+03  0.108244E+03 -0.236775E+02    -53.526    -69.947   -171.575     601
   602.00000 -0.143130E+03  0.127321E+03 -0.143140E+03  0.108580E+03 -0.238054E+02    -78.736    -83.874   -164.851     602
   603.00000 -0.143087E+03  0.127667E+03 -0.143096E+03  0.108925E+03 -0.240010E+02   -135.618   -121.747   -136.217     603
   604.00000 -0.143027E+03  0.128031E+03 -0.143037E+03  0.109289E+03 -0.242857E+02   -172.003   -150.922   -125.975     604
   605.00000 -0.142973E+03  0.128404E+03 -0.142983E+03  0.109662E+03 -0.245778E+02   -209.101   -179.672   -125.779     605
   606.00000 -0.142924E+03  0.128758E+03 -0.142934E+03  0.110016E+03 -0.248415E+02   -248.877   -208.760   -131.128     606
   607.00000 -0.142888E+03  0.129103E+03 -0.142897E+03  0.110361E+03 -0.250742E+02   -290.041   -238.314   -137.467     607
   608.00000 -0.142898E+03  0.129319E+03 -0.142907E+03  0.110577E+03 -0.252889E+02   -286.751   -248.527   -144.348     608
   609.00000 -0.142898E+03  0.129541E+03 -0.142907E+03  0.110799E+03 -0.254668E+02   -304.879   -263.324   -151.452     609
   610.00000 -0.142856E+03  0.129822E+03 -0.142866E+03  0.111081E+03 -0.256196E+02   -364.741   -293.527   -159.511     610
   611.00000 -0.142818E+03  0.130119E+03 -0.142828E+03  0.111377E+03 -0.257575E+02   -432.916   -331.186   -167.026     611
   612.00000 -0.142787E+03  0.130457E+03 -0.142797E+03  0.111715E+03 -0.258775E+02   -517.012   -375.065   -174.083     612
   613.00000 -0.142787E+03  0.130749E+03 -0.142796E+03  0.112007E+03 -0.259839E+02   -598.874   -429.555   -180.933     613
   614.00000 -0.142787E+03  0.131094E+03 -0.142798E+03  0.112352E+03 -0.260770E+02   -701.453   -481.627   -187.539     614
   615.00000 -0.142787E+03  0.131438E+03 -0.142798E+03  0.112696E+03 -0.261590E+02   -910.321   -572.565   -194.730     615
   616.00000 -0.143017E+03  0.131714E+03 -0.143028E+03  0.112972E+03 -0.262373E+02   -444.627   -519.610   -202.633     616
   617.00000 -0.143844E+03  0.131993E+03 -0.143855E+03  0.113251E+03 -0.263095E+02   -191.957   -352.568   -210.033     617
   618.00000 -0.143804E+03  0.132311E+03 -0.143816E+03  0.113570E+03 -0.263750E+02   -412.703   -395.008   -217.065     618
   619.00000 -0.143754E+03  0.132595E+03 -0.143765E+03  0.113854E+03 -0.264343E+02   -623.731   -473.591   -223.691     619
   620.00000 -0.143720E+03  0.132907E+03 -0.143732E+03  0.114166E+03 -0.264883E+02   -887.394   -574.131   -230.011     620
   621.00000 -0.148581E+03  0.133176E+03 -0.148592E+03  0.114434E+03 -0.265385E+02    -50.327    -75.247   -236.110     621
   622.00000 -0.148711E+03  0.133248E+03 -0.148722E+03  0.114507E+03 -0.265836E+02   -120.114   -117.636   -240.983     622
   623.00000 -0.149101E+03  0.133300E+03 -0.149112E+03  0.114559E+03 -0.266297E+02   -120.081   -124.765   -232.725     623
   624.00000 -0.149741E+03  0.133402E+03 -0.149752E+03  0.114661E+03 -0.266916E+02   -110.869   -119.555   -207.730     624
   625.00000 -0.149741E+03  0.133472E+03 -0.149751E+03  0.114730E+03 -0.267785E+02   -150.902   -142.027   -184.673     625
   626.00000 -0.149708E+03  0.133685E+03 -0.149721E+03  0.114944E+03 -0.269007E+02   -180.102   -164.303   -170.942     626
   627.00000 -0.149652E+03  0.133885E+03 -0.149663E+03  0.115144E+03 -0.270392E+02   -211.674   -187.726   -163.987     627
   628.00000 -0.149608E+03  0.134076E+03 -0.149619E+03  0.115335E+03 -0.271823E+02   -236.868   -208.287   -163.365     628
   629.00000 -0.149608E+03  0.134205E+03 -0.149618E+03  0.115463E+03 -0.273212E+02   -249.192   -223.364   -164.968     629
   630.00000 -0.149608E+03  0.134338E+03 -0.149618E+03  0.115597E+03 -0.274535E+02   -258.386   -233.043   -168.151     630
   631.00000 -0.149836E+03  0.134468E+03 -0.149846E+03  0.115727E+03 -0.275815E+02   -207.652   -219.175   -171.837     631
   632.00000 -0.149840E+03  0.134611E+03 -0.149850E+03  0.115870E+03 -0.277012E+02   -249.993   -232.969   -176.149     632
   633.00000 -0.149815E+03  0.134797E+03 -0.149826E+03  0.116056E+03 -0.278113E+02   -286.331   -254.659   -180.424     633
   634.00000 -0.151455E+03  0.134860E+03 -0.151466E+03  0.116119E+03 -0.279140E+02    -94.406   -132.284   -184.599     634
   635.00000 -0.151465E+03  0.134947E+03 -0.151476E+03  0.116206E+03 -0.280089E+02   -162.809   -157.929   -187.854     635
   636.00000 -0.151465E+03  0.135029E+03 -0.151476E+03  0.116288E+03 -0.281015E+02   -186.012   -176.311   -187.300     636
   637.00000 -0.151461E+03  0.135158E+03 -0.151472E+03  0.116416E+03 -0.281989E+02   -205.975   -192.139   -184.984     637
   638.00000 -0.151392E+03  0.135335E+03 -0.151403E+03  0.116594E+03 -0.282998E+02   -244.211   -215.889   -183.354     638
   639.00000 -0.151337E+03  0.135519E+03 -0.151348E+03  0.116778E+03 -0.284009E+02   -275.692   -238.542   -183.714     639
   640.00000 -0.151337E+03  0.135706E+03 -0.151349E+03  0.116965E+03 -0.284988E+02   -286.756   -255.244   -185.219     640
   641.00000 -0.151309E+03  0.135848E+03 -0.151320E+03  0.117107E+03 -0.285913E+02   -321.643   -277.247   -187.673     641
   642.00000 -0.154159E+03  0.135868E+03 -0.154170E+03  0.117126E+03 -0.286809E+02    -66.705    -92.410   -190.824     642
   643.00000 -0.154739E+03  0.135965E+03 -0.154750E+03  0.117223E+03 -0.287654E+02   -104.040   -108.873   -191.533     643
   644.00000 -0.154681E+03  0.136130E+03 -0.154692E+03  0.117389E+03 -0.288660E+02   -151.249   -139.176   -178.993     644
   645.00000 -0.154627E+03  0.136271E+03 -0.154638E+03  0.117530E+03 -0.289982E+02   -177.660   -160.694   -165.998     645
   646.00000 -0.154606E+03  0.136428E+03 -0.154617E+03  0.117687E+03 -0.291464E+02   -195.161   -177.682   -159.122     646
   647.00000 -0.154525E+03  0.136573E+03 -0.154536E+03  0.117832E+03 -0.292977E+02   -227.013   -198.271   -158.252     647
   648.00000 -0.154451E+03  0.136717E+03 -0.154461E+03  0.117976E+03 -0.294465E+02   -251.935   -216.618   -160.250     648
   649.00000 -0.154537E+03  0.136870E+03 -0.154548E+03  0.118129E+03 -0.295916E+02   -229.051   -219.534   -163.003     649
   650.00000 -0.154452E+03  0.137007E+03 -0.154462E+03  0.118266E+03 -0.297283E+02   -284.637   -241.478   -167.198     650
   651.00000 -0.154360E+03  0.137138E+03 -0.154371E+03  0.118397E+03 -0.298550E+02   -324.036   -263.493   -171.857     651
   652.00000 -0.154292E+03  0.137275E+03 -0.154303E+03  0.118534E+03 -0.299722E+02   -350.188   -283.347   -176.706     652
   653.00000 -0.154215E+03  0.137396E+03 -0.154226E+03  0.118655E+03 -0.300770E+02   -392.084   -305.993   -181.704     653
   654.00000 -0.154167E+03  0.137516E+03 -0.154177E+03  0.118775E+03 -0.301717E+02   -405.869   -321.556   -186.731     654
   655.00000 -0.154134E+03  0.137665E+03 -0.154145E+03  0.118923E+03 -0.302562E+02   -417.492   -335.487   -191.861     655
   656.00000 -0.154534E+03  0.137726E+03 -0.154545E+03  0.118985E+03 -0.303377E+02   -216.498   -269.391   -198.194     656
   657.00000 -0.154489E+03  0.137844E+03 -0.154500E+03  0.119103E+03 -0.304138E+02   -311.364   -286.358   -204.104     657
   658.00000 -0.154423E+03  0.137930E+03 -0.154434E+03  0.119189E+03 -0.304846E+02   -362.325   -308.322   -209.501     658
   659.00000 -0.154331E+03  0.138023E+03 -0.154342E+03  0.119282E+03 -0.305513E+02   -430.582   -335.003   -214.450     659
   660.00000 -0.154255E+03  0.138113E+03 -0.154266E+03  0.119372E+03 -0.306132E+02   -474.760   -359.215   -219.037     660
   661.00000 -0.154177E+03  0.138210E+03 -0.154188E+03  0.119468E+03 -0.306715E+02   -535.175   -385.102   -223.444     661
   662.00000 -0.154177E+03  0.138239E+03 -0.154186E+03  0.119498E+03 -0.307261E+02   -478.849   -391.796   -227.798     662
   663.00000 -0.154174E+03  0.138318E+03 -0.154185E+03  0.119577E+03 -0.307772E+02   -451.260   -385.521   -232.094     663
   664.00000 -0.154174E+03  0.138354E+03 -0.154184E+03  0.119613E+03 -0.308247E+02   -452.068   -392.184   -236.366     664
   665.00000 -0.154174E+03  0.138384E+03 -0.154184E+03  0.119643E+03 -0.308686E+02   -440.066   -388.689   -240.674     665
   666.00000 -0.154157E+03  0.138447E+03 -0.154167E+03  0.119706E+03 -0.309102E+02   -450.463   -391.549   -245.777     666
   667.00000 -0.154142E+03  0.138538E+03 -0.154153E+03  0.119796E+03 -0.309500E+02   -462.708   -400.601   -250.713     667
   668.00000 -0.154152E+03  0.138623E+03 -0.154163E+03  0.119882E+03 -0.309890E+02   -454.025   -408.181   -255.551     668
   669.00000 -0.154392E+03  0.138731E+03 -0.154403E+03  0.119990E+03 -0.310263E+02   -298.085   -367.366   -260.138     669
   670.00000 -0.154392E+03  0.138784E+03 -0.154402E+03  0.120043E+03 -0.310621E+02   -381.299   -373.665   -264.536     670
   671.00000 -0.155080E+03  0.138852E+03 -0.155090E+03  0.120111E+03 -0.310965E+02   -175.816   -273.197   -268.788     671
   672.00000 -0.155090E+03  0.138892E+03 -0.155100E+03  0.120151E+03 -0.311294E+02   -264.231   -277.137   -272.865     672
   673.00000 -0.155039E+03  0.138960E+03 -0.155050E+03  0.120218E+03 -0.311610E+02   -319.256   -299.359   -276.593     673
   674.00000 -0.155037E+03  0.139014E+03 -0.155048E+03  0.120272E+03 -0.311913E+02   -327.716   -312.410   -279.702     674
   675.00000 -0.155184E+03  0.139095E+03 -0.155195E+03  0.120354E+03 -0.312208E+02   -274.699   -303.226   -282.384     675
   676.00000 -0.155270E+03  0.139159E+03 -0.155280E+03  0.120417E+03 -0.312496E+02   -283.228   -301.208   -284.489     676
   677.00000 -0.156210E+03  0.139194E+03 -0.156220E+03  0.120453E+03 -0.312777E+02   -136.266   -203.775   -286.204     677
   678.00000 -0.157050E+03  0.139212E+03 -0.157060E+03  0.120471E+03 -0.313053E+02   -121.231   -157.553   -287.585     678
   679.00000 -0.156992E+03  0.139262E+03 -0.157003E+03  0.120521E+03 -0.313326E+02   -188.898   -184.971   -287.981     679
   680.00000 -0.156975E+03  0.139316E+03 -0.156986E+03  0.120575E+03 -0.313605E+02   -213.470   -205.635   -285.384     680
   681.00000 -0.156975E+03  0.139358E+03 -0.156986E+03  0.120617E+03 -0.313899E+02   -228.652   -219.979   -280.194     681
   682.00000 -0.156975E+03  0.139381E+03 -0.156985E+03  0.120640E+03 -0.314221E+02   -240.219   -230.303   -273.553     682
   683.00000 -0.157655E+03  0.139396E+03 -0.157665E+03  0.120654E+03 -0.314555E+02   -140.765   -178.430   -266.929     683
   684.00000 -0.157725E+03  0.139413E+03 -0.157735E+03  0.120672E+03 -0.314911E+02   -184.799   -188.337   -260.878     684
   685.00000 -0.157700E+03  0.139454E+03 -0.157710E+03  0.120713E+03 -0.315289E+02   -215.810   -206.293   -254.910     685
   686.00000 -0.157646E+03  0.139487E+03 -0.157656E+03  0.120746E+03 -0.315690E+02   -240.930   -222.835   -248.711     686
   687.00000 -0.157698E+03  0.139552E+03 -0.157709E+03  0.120811E+03 -0.316107E+02   -233.466   -229.282   -242.933     687
   688.00000 -0.157629E+03  0.139573E+03 -0.157639E+03  0.120832E+03 -0.316550E+02   -272.099   -244.952   -239.061     688
   689.00000 -0.157576E+03  0.139597E+03 -0.157586E+03  0.120855E+03 -0.317021E+02   -286.046   -256.754   -236.406     689
   690.00000 -0.157522E+03  0.139629E+03 -0.157533E+03  0.120888E+03 -0.317507E+02   -301.465   -268.442   -234.751     690
   691.00000 -0.157772E+03  0.139651E+03 -0.157783E+03  0.120910E+03 -0.318000E+02   -213.282   -239.472   -233.922     691
   692.00000 -0.157772E+03  0.139717E+03 -0.157783E+03  0.120976E+03 -0.318495E+02   -257.070   -249.724   -234.007     692
   693.00000 -0.157766E+03  0.139787E+03 -0.157776E+03  0.121046E+03 -0.318986E+02   -277.464   -262.636   -234.595     693
   694.00000 -0.158046E+03  0.139807E+03 -0.158056E+03  0.121066E+03 -0.319472E+02   -203.330   -233.259   -235.374     694
   695.00000 -0.158046E+03  0.139829E+03 -0.158056E+03  0.121088E+03 -0.319951E+02   -244.651   -240.440   -236.327     695
   696.00000 -0.157985E+03  0.139841E+03 -0.157995E+03  0.121100E+03 -0.320420E+02   -278.044   -255.374   -237.231     696
   697.00000 -0.157921E+03  0.139852E+03 -0.157932E+03  0.121111E+03 -0.320883E+02   -299.872   -268.683   -238.032     697
   698.00000 -0.158300E+03  0.139875E+03 -0.158310E+03  0.121134E+03 -0.321341E+02   -188.942   -227.682   -238.780     698
   699.00000 -0.158868E+03  0.139899E+03 -0.158879E+03  0.121158E+03 -0.321792E+02   -148.743   -186.292   -239.556     699
   700.00000 -0.159171E+03  0.139924E+03 -0.159181E+03  0.121183E+03 -0.322237E+02   -160.111   -178.776   -240.190     700
   701.00000 -0.160131E+03  0.139945E+03 -0.160141E+03  0.121204E+03 -0.322681E+02   -110.088   -136.277   -239.910     701
   702.00000 -0.160189E+03  0.139970E+03 -0.160199E+03  0.121229E+03 -0.323137E+02   -157.702   -156.279   -237.054     702
   703.00000 -0.160459E+03  0.139998E+03 -0.160469E+03  0.121257E+03 -0.323639E+02   -148.167   -156.201   -229.396     703
   704.00000 -0.160459E+03  0.140019E+03 -0.160469E+03  0.121278E+03 -0.324232E+02   -179.519   -172.055   -218.650     704
   705.00000 -0.160469E+03  0.140038E+03 -0.160479E+03  0.121297E+03 -0.324904E+02   -191.199   -182.625   -208.514     705
   706.00000 -0.160489E+03  0.140065E+03 -0.160499E+03  0.121324E+03 -0.325649E+02   -199.156   -190.474   -200.795     706
   707.00000 -0.160471E+03  0.140087E+03 -0.160481E+03  0.121346E+03 -0.326449E+02   -214.116   -200.355   -196.032     707
   708.00000 -0.160429E+03  0.140097E+03 -0.160440E+03  0.121356E+03 -0.327277E+02   -228.177   -210.098   -193.613     708
   709.00000 -0.160355E+03  0.140099E+03 -0.160366E+03  0.121358E+03 -0.328114E+02   -246.901   -221.152   -192.733     709
   710.00000 -0.160355E+03  0.140122E+03 -0.160366E+03  0.121381E+03 -0.328948E+02   -238.150   -222.857   -193.414     710
   711.00000 -0.162105E+03  0.140130E+03 -0.162116E+03  0.121388E+03 -0.329776E+02    -86.802   -116.285   -194.437     711
   712.00000 -0.163855E+03  0.140136E+03 -0.163866E+03  0.121395E+03 -0.330606E+02    -74.281    -86.218   -192.194     712
   713.00000 -0.164535E+03  0.140145E+03 -0.164546E+03  0.121404E+03 -0.331592E+02    -93.330    -96.260   -175.678     713
   714.00000 -0.164595E+03  0.140152E+03 -0.164606E+03  0.121411E+03 -0.333140E+02   -125.103   -117.376   -146.701     714
   715.00000 -0.164765E+03  0.140161E+03 -0.164776E+03  0.121419E+03 -0.335502E+02   -129.095   -124.595   -131.421     715
   716.00000 -0.164835E+03  0.140183E+03 -0.164846E+03  0.121441E+03 -0.338271E+02   -142.961   -135.138   -126.635     716
   717.00000 -0.165565E+03  0.140196E+03 -0.165576E+03  0.121455E+03 -0.341129E+02   -105.862   -113.772   -126.174     717
   718.00000 -0.167065E+03  0.140202E+03 -0.167076E+03  0.121461E+03 -0.344022E+02    -76.923    -85.176   -123.967     718
   719.00000 -0.167415E+03  0.140232E+03 -0.167426E+03  0.121491E+03 -0.347386E+02   -103.914   -101.051   -114.102     719
   720.00000 -0.167412E+03  0.140255E+03 -0.167423E+03  0.121513E+03 -0.351671E+02   -129.704   -118.858   -108.594     720
   721.00000 -0.167351E+03  0.140259E+03 -0.167362E+03  0.121518E+03 -0.356009E+02   -146.588   -132.349   -109.770     721
   722.00000 -0.167340E+03  0.140277E+03 -0.167351E+03  0.121536E+03 -0.360013E+02   -154.136   -141.171   -113.318     722
   723.00000 -0.167271E+03  0.140279E+03 -0.167281E+03  0.121537E+03 -0.363411E+02   -168.863   -151.804   -117.826     723
   724.00000 -0.167230E+03  0.140294E+03 -0.167240E+03  0.121553E+03 -0.366432E+02   -174.522   -158.429   -122.815     724
   725.00000 -0.167450E+03  0.140300E+03 -0.167460E+03  0.121558E+03 -0.369304E+02   -149.118   -149.653   -128.224     725
   726.00000 -0.167424E+03  0.140315E+03 -0.167435E+03  0.121574E+03 -0.371916E+02   -173.083   -160.089   -132.885     726
   727.00000 -0.167424E+03  0.140328E+03 -0.167435E+03  0.121587E+03 -0.374310E+02   -179.060   -166.573   -136.939     727
   728.00000 -0.167413E+03  0.140349E+03 -0.167424E+03  0.121608E+03 -0.376525E+02   -186.844   -173.163   -140.832     728
   729.00000 -0.167413E+03  0.140365E+03 -0.167424E+03  0.121624E+03 -0.378516E+02   -191.297   -178.190   -144.600     729
   730.00000 -0.167395E+03  0.140383E+03 -0.167406E+03  0.121642E+03 -0.380336E+02   -199.379   -184.297   -148.259     730
end
