 ******* Program HYDRUS
 ******* None                                                                    
 Date: 527.**.    Time: ***: 0:**
 Units: L = cm   , T = days , M = mmol 

 CosAlf,MaxIt,TolTh,  TolH
 1.000   10   0.001 1.00000

 TopInF,BotInF,AtmBC,SinkF,WLayer,qGWLF,FreeD,SeepF,lWat,lChem,lTemp,lRoot,lWDep
     T     F     T     T     F     F     T     F     T     F     F     F     F

Nodal point information

node      x         hOld    MatN LayN  Beta      Ah       AK      ATh     Temp    Conc(1...NS)         Sorb(1...NS)

   1      0.000   -500.000    1    1   0.050    1.000    1.000    1.000
   2     -1.000   -500.000    1    1   0.050    1.000    1.000    1.000
   3     -2.000   -500.000    1    1   0.050    1.000    1.000    1.000
   4     -3.000   -500.000    1    1   0.050    1.000    1.000    1.000
   5     -4.000   -500.000    1    1   0.050    1.000    1.000    1.000
   6     -5.000   -500.000    1    1   0.050    1.000    1.000    1.000
   7     -6.000   -500.000    1    1   0.050    1.000    1.000    1.000
   8     -7.000   -500.000    1    1   0.050    1.000    1.000    1.000
   9     -8.000   -500.000    1    1   0.050    1.000    1.000    1.000
  10     -9.000   -500.000    1    1   0.050    1.000    1.000    1.000
  11    -10.000   -500.000    1    1   0.050    1.000    1.000    1.000
  12    -11.000   -500.000    1    1   0.047    1.000    1.000    1.000
  13    -12.000   -500.000    1    1   0.045    1.000    1.000    1.000
  14    -13.000   -500.000    1    1   0.043    1.000    1.000    1.000
  15    -14.000   -500.000    1    1   0.040    1.000    1.000    1.000
  16    -15.000   -500.000    1    1   0.038    1.000    1.000    1.000
  17    -16.000   -500.000    1    1   0.035    1.000    1.000    1.000
  18    -17.000   -500.000    1    1   0.032    1.000    1.000    1.000
  19    -18.000   -500.000    1    1   0.030    1.000    1.000    1.000
  20    -19.000   -500.000    1    1   0.027    1.000    1.000    1.000
  21    -20.000   -500.000    1    1   0.025    1.000    1.000    1.000
  22    -21.000   -500.000    1    1   0.022    1.000    1.000    1.000
  23    -22.000   -500.000    1    1   0.020    1.000    1.000    1.000
  24    -23.000   -500.000    1    1   0.018    1.000    1.000    1.000
  25    -24.000   -500.000    1    1   0.015    1.000    1.000    1.000
  26    -25.000   -500.000    1    1   0.013    1.000    1.000    1.000
  27    -26.000   -500.000    1    1   0.010    1.000    1.000    1.000
  28    -27.000   -500.000    1    1   0.008    1.000    1.000    1.000
  29    -28.000   -500.000    1    1   0.005    1.000    1.000    1.000
  30    -29.000   -500.000    1    1   0.002    1.000    1.000    1.000
  31    -30.000   -500.000    1    1   0.000    1.000    1.000    1.000
  32    -31.000   -500.000    1    1   0.000    1.000    1.000    1.000
  33    -32.000   -500.000    1    1   0.000    1.000    1.000    1.000
  34    -33.000   -500.000    1    1   0.000    1.000    1.000    1.000
  35    -34.000   -500.000    1    1   0.000    1.000    1.000    1.000
  36    -35.000   -500.000    1    1   0.000    1.000    1.000    1.000
  37    -36.000   -500.000    1    1   0.000    1.000    1.000    1.000
  38    -37.000   -500.000    1    1   0.000    1.000    1.000    1.000
  39    -38.000   -500.000    1    1   0.000    1.000    1.000    1.000
  40    -39.000   -500.000    1    1   0.000    1.000    1.000    1.000
  41    -40.000   -500.000    1    1   0.000    1.000    1.000    1.000
  42    -41.000   -500.000    1    1   0.000    1.000    1.000    1.000
  43    -42.000   -500.000    1    1   0.000    1.000    1.000    1.000
  44    -43.000   -500.000    1    1   0.000    1.000    1.000    1.000
  45    -44.000   -500.000    1    1   0.000    1.000    1.000    1.000
  46    -45.000   -500.000    1    1   0.000    1.000    1.000    1.000
  47    -46.000   -500.000    1    1   0.000    1.000    1.000    1.000
  48    -47.000   -500.000    1    1   0.000    1.000    1.000    1.000
  49    -48.000   -500.000    1    1   0.000    1.000    1.000    1.000
  50    -49.000   -500.000    1    1   0.000    1.000    1.000    1.000
  51    -50.000   -500.000    1    1   0.000    1.000    1.000    1.000
  52    -51.000   -500.000    1    1   0.000    1.000    1.000    1.000
  53    -52.000   -500.000    1    1   0.000    1.000    1.000    1.000
  54    -53.000   -500.000    1    1   0.000    1.000    1.000    1.000
  55    -54.000   -500.000    1    1   0.000    1.000    1.000    1.000
  56    -55.000   -500.000    1    1   0.000    1.000    1.000    1.000
  57    -56.000   -500.000    1    1   0.000    1.000    1.000    1.000
  58    -57.000   -500.000    1    1   0.000    1.000    1.000    1.000
  59    -58.000   -500.000    1    1   0.000    1.000    1.000    1.000
  60    -59.000   -500.000    1    1   0.000    1.000    1.000    1.000
  61    -60.000   -500.000    1    1   0.000    1.000    1.000    1.000
  62    -61.000   -500.000    1    1   0.000    1.000    1.000    1.000
  63    -62.000   -500.000    1    1   0.000    1.000    1.000    1.000
  64    -63.000   -500.000    1    1   0.000    1.000    1.000    1.000
  65    -64.000   -500.000    1    1   0.000    1.000    1.000    1.000
  66    -65.000   -500.000    1    1   0.000    1.000    1.000    1.000
  67    -66.000   -500.000    1    1   0.000    1.000    1.000    1.000
  68    -67.000   -500.000    1    1   0.000    1.000    1.000    1.000
  69    -68.000   -500.000    1    1   0.000    1.000    1.000    1.000
  70    -69.000   -500.000    1    1   0.000    1.000    1.000    1.000
  71    -70.000   -500.000    1    1   0.000    1.000    1.000    1.000
  72    -71.000   -500.000    1    1   0.000    1.000    1.000    1.000
  73    -72.000   -500.000    1    1   0.000    1.000    1.000    1.000
  74    -73.000   -500.000    1    1   0.000    1.000    1.000    1.000
  75    -74.000   -500.000    1    1   0.000    1.000    1.000    1.000
  76    -75.000   -500.000    1    1   0.000    1.000    1.000    1.000
  77    -76.000   -500.000    1    1   0.000    1.000    1.000    1.000
  78    -77.000   -500.000    1    1   0.000    1.000    1.000    1.000
  79    -78.000   -500.000    1    1   0.000    1.000    1.000    1.000
  80    -79.000   -500.000    1    1   0.000    1.000    1.000    1.000
  81    -80.000   -500.000    1    1   0.000    1.000    1.000    1.000
  82    -81.000   -500.000    1    1   0.000    1.000    1.000    1.000
  83    -82.000   -500.000    1    1   0.000    1.000    1.000    1.000
  84    -83.000   -500.000    1    1   0.000    1.000    1.000    1.000
  85    -84.000   -500.000    1    1   0.000    1.000    1.000    1.000
  86    -85.000   -500.000    1    1   0.000    1.000    1.000    1.000
  87    -86.000   -500.000    1    1   0.000    1.000    1.000    1.000
  88    -87.000   -500.000    1    1   0.000    1.000    1.000    1.000
  89    -88.000   -500.000    1    1   0.000    1.000    1.000    1.000
  90    -89.000   -500.000    1    1   0.000    1.000    1.000    1.000
  91    -90.000   -500.000    1    1   0.000    1.000    1.000    1.000
  92    -91.000   -500.000    1    1   0.000    1.000    1.000    1.000
  93    -92.000   -500.000    1    1   0.000    1.000    1.000    1.000
  94    -93.000   -500.000    1    1   0.000    1.000    1.000    1.000
  95    -94.000   -500.000    1    1   0.000    1.000    1.000    1.000
  96    -95.000   -500.000    1    1   0.000    1.000    1.000    1.000
  97    -96.000   -500.000    1    1   0.000    1.000    1.000    1.000
  98    -97.000   -500.000    1    1   0.000    1.000    1.000    1.000
  99    -98.000   -500.000    1    1   0.000    1.000    1.000    1.000
 100    -99.000   -500.000    1    1   0.000    1.000    1.000    1.000
 101   -100.000   -500.000    1    1   0.000    1.000    1.000    1.000
end

 Number of species in the chain :   0


MatNum, Param. array:

   Mat     Qr     Qs        Alfa         n          Ks      l

    1    0.000  0.363   0.231E-01   0.145E+01   0.108E+03  0.500

       Table of Hydraulic Properties which are interpolated in simulation
       =================================================================

  theta         h        log h        C             K        log K          S          Kv

  0.3634  -0.100E-05 -0.6000E+01  0.1449E-05  0.1079E+03  0.2033E+01    1.0000  0.0000E+00
  0.3634  -0.126E-05 -0.5899E+01  0.1608E-05  0.1079E+03  0.2033E+01    1.0000  0.0000E+00
  0.3634  -0.159E-05 -0.5798E+01  0.1784E-05  0.1079E+03  0.2033E+01    1.0000  0.0000E+00
  0.3634  -0.201E-05 -0.5697E+01  0.1979E-05  0.1078E+03  0.2033E+01    1.0000  0.0000E+00
  0.3634  -0.254E-05 -0.5596E+01  0.2196E-05  0.1078E+03  0.2033E+01    1.0000  0.0000E+00
  0.3634  -0.320E-05 -0.5495E+01  0.2436E-05  0.1078E+03  0.2033E+01    1.0000  0.0000E+00
  0.3634  -0.404E-05 -0.5394E+01  0.2703E-05  0.1078E+03  0.2033E+01    1.0000  0.0000E+00
  0.3634  -0.509E-05 -0.5293E+01  0.3000E-05  0.1078E+03  0.2033E+01    1.0000  0.0000E+00
  0.3634  -0.643E-05 -0.5192E+01  0.3328E-05  0.1078E+03  0.2033E+01    1.0000  0.0000E+00
  0.3634  -0.811E-05 -0.5091E+01  0.3693E-05  0.1078E+03  0.2032E+01    1.0000  0.0000E+00
  0.3634  -0.102E-04 -0.4990E+01  0.4098E-05  0.1077E+03  0.2032E+01    1.0000  0.0000E+00
  0.3634  -0.129E-04 -0.4889E+01  0.4546E-05  0.1077E+03  0.2032E+01    1.0000  0.0000E+00
  0.3634  -0.163E-04 -0.4788E+01  0.5045E-05  0.1077E+03  0.2032E+01    1.0000  0.0000E+00
  0.3634  -0.206E-04 -0.4687E+01  0.5597E-05  0.1076E+03  0.2032E+01    1.0000  0.0000E+00
  0.3634  -0.260E-04 -0.4586E+01  0.6211E-05  0.1076E+03  0.2032E+01    1.0000  0.0000E+00
  0.3634  -0.327E-04 -0.4485E+01  0.6891E-05  0.1076E+03  0.2032E+01    1.0000  0.0000E+00
  0.3634  -0.413E-04 -0.4384E+01  0.7646E-05  0.1075E+03  0.2032E+01    1.0000  0.0000E+00
  0.3634  -0.521E-04 -0.4283E+01  0.8484E-05  0.1075E+03  0.2031E+01    1.0000  0.0000E+00
  0.3634  -0.658E-04 -0.4182E+01  0.9413E-05  0.1074E+03  0.2031E+01    1.0000  0.0000E+00
  0.3634  -0.830E-04 -0.4081E+01  0.1044E-04  0.1074E+03  0.2031E+01    1.0000  0.0000E+00
  0.3634  -0.105E-03 -0.3980E+01  0.1159E-04  0.1073E+03  0.2031E+01    1.0000  0.0000E+00
  0.3634  -0.132E-03 -0.3879E+01  0.1286E-04  0.1072E+03  0.2030E+01    1.0000  0.0000E+00
  0.3634  -0.167E-03 -0.3778E+01  0.1427E-04  0.1071E+03  0.2030E+01    1.0000  0.0000E+00
  0.3634  -0.210E-03 -0.3677E+01  0.1583E-04  0.1071E+03  0.2030E+01    1.0000  0.0000E+00
  0.3634  -0.266E-03 -0.3576E+01  0.1756E-04  0.1070E+03  0.2029E+01    1.0000  0.0000E+00
  0.3634  -0.335E-03 -0.3475E+01  0.1949E-04  0.1068E+03  0.2029E+01    1.0000  0.0000E+00
  0.3634  -0.423E-03 -0.3374E+01  0.2162E-04  0.1067E+03  0.2028E+01    1.0000  0.0000E+00
  0.3634  -0.534E-03 -0.3273E+01  0.2399E-04  0.1066E+03  0.2028E+01    1.0000  0.0000E+00
  0.3634  -0.673E-03 -0.3172E+01  0.2662E-04  0.1064E+03  0.2027E+01    1.0000  0.0000E+00
  0.3634  -0.850E-03 -0.3071E+01  0.2954E-04  0.1063E+03  0.2026E+01    1.0000  0.1646E-30
  0.3634  -0.107E-02 -0.2970E+01  0.3278E-04  0.1061E+03  0.2026E+01    1.0000  0.1646E-30
  0.3634  -0.135E-02 -0.2869E+01  0.3637E-04  0.1059E+03  0.2025E+01    1.0000  0.1646E-30
  0.3634  -0.171E-02 -0.2768E+01  0.4035E-04  0.1057E+03  0.2024E+01    1.0000  0.1659E-29
  0.3634  -0.215E-02 -0.2667E+01  0.4477E-04  0.1054E+03  0.2023E+01    1.0000  0.1659E-29
  0.3634  -0.272E-02 -0.2566E+01  0.4968E-04  0.1051E+03  0.2022E+01    1.0000  0.6411E-29
  0.3634  -0.343E-02 -0.2465E+01  0.5512E-04  0.1048E+03  0.2020E+01    1.0000  0.1673E-28
  0.3634  -0.433E-02 -0.2364E+01  0.6116E-04  0.1045E+03  0.2019E+01    1.0000  0.6462E-28
  0.3634  -0.546E-02 -0.2263E+01  0.6786E-04  0.1041E+03  0.2017E+01    1.0000  0.2496E-27
  0.3634  -0.689E-02 -0.2162E+01  0.7530E-04  0.1037E+03  0.2016E+01    1.0000  0.6513E-27
  0.3634  -0.870E-02 -0.2061E+01  0.8355E-04  0.1032E+03  0.2014E+01    1.0000  0.2080E-26
  0.3634  -0.110E-01 -0.1960E+01  0.9270E-04  0.1027E+03  0.2012E+01    1.0000  0.6565E-26
  0.3634  -0.138E-01 -0.1859E+01  0.1029E-03  0.1021E+03  0.2009E+01    1.0000  0.1898E-25
  0.3634  -0.175E-01 -0.1758E+01  0.1141E-03  0.1015E+03  0.2006E+01    1.0000  0.5742E-25
  0.3634  -0.221E-01 -0.1657E+01  0.1266E-03  0.1008E+03  0.2003E+01    1.0000  0.1818E-24
  0.3634  -0.278E-01 -0.1556E+01  0.1405E-03  0.1000E+03  0.2000E+01    1.0000  0.5580E-24
  0.3634  -0.351E-01 -0.1455E+01  0.1559E-03  0.9918E+02  0.1996E+01    1.0000  0.1695E-23
  0.3634  -0.443E-01 -0.1354E+01  0.1730E-03  0.9824E+02  0.1992E+01    1.0000  0.5223E-23
  0.3634  -0.559E-01 -0.1253E+01  0.1919E-03  0.9720E+02  0.1988E+01    1.0000  0.1599E-22
  0.3634  -0.705E-01 -0.1152E+01  0.2129E-03  0.9606E+02  0.1983E+01    1.0000  0.4880E-22
  0.3634  -0.890E-01 -0.1051E+01  0.2362E-03  0.9480E+02  0.1977E+01    1.0000  0.1506E-21
  0.3634  -0.112E+00 -0.9495E+00  0.2621E-03  0.9341E+02  0.1970E+01    0.9999  0.4619E-21
  0.3634  -0.142E+00 -0.8485E+00  0.2908E-03  0.9187E+02  0.1963E+01    0.9999  0.1417E-20
  0.3634  -0.179E+00 -0.7475E+00  0.3226E-03  0.9019E+02  0.1955E+01    0.9999  0.4345E-20
  0.3633  -0.226E+00 -0.6465E+00  0.3579E-03  0.8834E+02  0.1946E+01    0.9998  0.1336E-19
  0.3633  -0.285E+00 -0.5455E+00  0.3970E-03  0.8631E+02  0.1936E+01    0.9998  0.4097E-19
  0.3633  -0.359E+00 -0.4444E+00  0.4403E-03  0.8408E+02  0.1925E+01    0.9997  0.1258E-18
  0.3632  -0.453E+00 -0.3434E+00  0.4883E-03  0.8165E+02  0.1912E+01    0.9996  0.3858E-18
  0.3632  -0.572E+00 -0.2424E+00  0.5415E-03  0.7899E+02  0.1898E+01    0.9994  0.1183E-17
  0.3631  -0.722E+00 -0.1414E+00  0.6002E-03  0.7609E+02  0.1881E+01    0.9992  0.3627E-17
  0.3630  -0.911E+00 -0.4040E-01  0.6650E-03  0.7293E+02  0.1863E+01    0.9988  0.1111E-16
  0.3628  -0.115E+01  0.6061E-01  0.7364E-03  0.6952E+02  0.1842E+01    0.9984  0.3400E-16
  0.3626  -0.145E+01  0.1616E+00  0.8149E-03  0.6583E+02  0.1818E+01    0.9977  0.1039E-15
  0.3622  -0.183E+01  0.2626E+00  0.9007E-03  0.6186E+02  0.1791E+01    0.9968  0.3171E-15
  0.3618  -0.231E+01  0.3636E+00  0.9941E-03  0.5762E+02  0.1761E+01    0.9956  0.9650E-15
  0.3612  -0.292E+01  0.4646E+00  0.1095E-02  0.5310E+02  0.1725E+01    0.9939  0.2927E-14
  0.3603  -0.368E+01  0.5657E+00  0.1202E-02  0.4835E+02  0.1684E+01    0.9914  0.8833E-14
  0.3591  -0.464E+01  0.6667E+00  0.1315E-02  0.4338E+02  0.1637E+01    0.9881  0.2648E-13
  0.3574  -0.586E+01  0.7677E+00  0.1431E-02  0.3825E+02  0.1583E+01    0.9835  0.7866E-13
  0.3551  -0.739E+01  0.8687E+00  0.1545E-02  0.3305E+02  0.1519E+01    0.9772  0.2307E-12
  0.3520  -0.933E+01  0.9697E+00  0.1652E-02  0.2788E+02  0.1445E+01    0.9687  0.6655E-12
  0.3479  -0.118E+02  0.1071E+01  0.1743E-02  0.2286E+02  0.1359E+01    0.9572  0.1877E-11
  0.3424  -0.148E+02  0.1172E+01  0.1808E-02  0.1813E+02  0.1258E+01    0.9422  0.5140E-11
  0.3353  -0.187E+02  0.1273E+01  0.1835E-02  0.1384E+02  0.1141E+01    0.9226  0.1356E-10
  0.3263  -0.236E+02  0.1374E+01  0.1815E-02  0.1013E+02  0.1006E+01    0.8979  0.3415E-10
  0.3153  -0.298E+02  0.1475E+01  0.1741E-02  0.7078E+01  0.8499E+00    0.8676  0.8132E-10
  0.3022  -0.376E+02  0.1576E+01  0.1614E-02  0.4710E+01  0.6730E+00    0.8315  0.1816E-09
  0.2871  -0.475E+02  0.1677E+01  0.1442E-02  0.2983E+01  0.4747E+00    0.7900  0.3779E-09
  0.2704  -0.599E+02  0.1778E+01  0.1242E-02  0.1803E+01  0.2559E+00    0.7442  0.7300E-09
  0.2526  -0.756E+02  0.1879E+01  0.1033E-02  0.1043E+01  0.1816E-01    0.6952  0.1308E-08
  0.2343  -0.955E+02  0.1980E+01  0.8322E-03  0.5805E+00 -0.2362E+00    0.6447  0.2182E-08
  0.2159  -0.120E+03  0.2081E+01  0.6527E-03  0.3130E+00 -0.5045E+00    0.5940  0.3403E-08
  0.1978  -0.152E+03  0.2182E+01  0.5006E-03  0.1644E+00 -0.7842E+00    0.5444  0.4997E-08
  0.1806  -0.192E+03  0.2283E+01  0.3771E-03  0.8455E-01 -0.1073E+01    0.4969  0.6957E-08
  0.1643  -0.242E+03  0.2384E+01  0.2802E-03  0.4281E-01 -0.1368E+01    0.4520  0.9249E-08
  0.1491  -0.305E+03  0.2485E+01  0.2060E-03  0.2142E-01 -0.1669E+01    0.4102  0.1182E-07
  0.1350  -0.385E+03  0.2586E+01  0.1503E-03  0.1062E-01 -0.1974E+01    0.3715  0.1460E-07
  0.1221  -0.486E+03  0.2687E+01  0.1090E-03  0.5233E-02 -0.2281E+01    0.3360  0.1754E-07
  0.1103  -0.614E+03  0.2788E+01  0.7869E-04  0.2566E-02 -0.2591E+01    0.3036  0.2055E-07
  0.0996  -0.774E+03  0.2889E+01  0.5665E-04  0.1254E-02 -0.2902E+01    0.2742  0.2359E-07
  0.0899  -0.977E+03  0.2990E+01  0.4069E-04  0.6110E-03 -0.3214E+01    0.2474  0.2661E-07
  0.0811  -0.123E+04  0.3091E+01  0.2918E-04  0.2972E-03 -0.3527E+01    0.2232  0.2957E-07
  0.0732  -0.156E+04  0.3192E+01  0.2090E-04  0.1444E-03 -0.3840E+01    0.2013  0.3244E-07
  0.0660  -0.196E+04  0.3293E+01  0.1496E-04  0.7010E-04 -0.4154E+01    0.1815  0.3518E-07
  0.0595  -0.248E+04  0.3394E+01  0.1070E-04  0.3401E-04 -0.4468E+01    0.1637  0.3779E-07
  0.0536  -0.313E+04  0.3495E+01  0.7651E-05  0.1649E-04 -0.4783E+01    0.1475  0.4026E-07
  0.0483  -0.394E+04  0.3596E+01  0.5469E-05  0.7992E-05 -0.5097E+01    0.1330  0.4257E-07
  0.0436  -0.498E+04  0.3697E+01  0.3908E-05  0.3873E-05 -0.5412E+01    0.1199  0.4472E-07
  0.0393  -0.628E+04  0.3798E+01  0.2792E-05  0.1876E-05 -0.5727E+01    0.1080  0.4671E-07
  0.0354  -0.792E+04  0.3899E+01  0.1995E-05  0.9089E-06 -0.6041E+01    0.0974  0.4854E-07
  0.0319  -0.100E+05  0.4000E+01  0.1425E-05  0.4403E-06 -0.6356E+01    0.0878  0.5021E-07
end
