 ******* Program HYDRUS
 ******* None                                                                    
 Date: 527.**.    Time: ***: 0:**
 Units: L = cm   , T = days , M = mmol 



                               Node( 31)

         time         h        theta    Temp   
          1.0000     -496.82  0.1211   20.000
          2.0000     -469.02  0.1243   20.000
          3.0000     -448.93  0.1269   20.000
          4.0000     -444.30  0.1275   20.000
          5.0000     -445.32  0.1274   20.000
          6.0000     -450.19  0.1268   20.000
          7.0000     -456.81  0.1259   20.000
          8.0000     -464.48  0.1249   20.000
          9.0000     -472.66  0.1239   20.000
         10.0000     -481.96  0.1227   20.000
         11.0000     -492.67  0.1215   20.000
         12.0000     -505.04  0.1204   20.000
         13.0000     -518.96  0.1191   20.000
         14.0000     -530.78  0.1180   20.000
         15.0000     -542.14  0.1169   20.000
         16.0000     -552.47  0.1160   20.000
         17.0000     -562.54  0.1151   20.000
         18.0000     -572.94  0.1141   20.000
         19.0000     -583.81  0.1131   20.000
         20.0000     -589.55  0.1125   20.000
         21.0000     -589.70  0.1125   20.000
         22.0000     -587.72  0.1127   20.000
         23.0000     -541.64  0.1170   20.000
         24.0000     -259.24  0.1602   20.000
         25.0000     -228.62  0.1687   20.000
         26.0000     -238.08  0.1655   20.000
         27.0000     -251.47  0.1620   20.000
         28.0000     -265.07  0.1587   20.000
         29.0000     -276.36  0.1560   20.000
         30.0000     -289.57  0.1528   20.000
         31.0000     -302.41  0.1498   20.000
         32.0000     -315.67  0.1473   20.000
         33.0000     -330.98  0.1446   20.000
         34.0000     -342.99  0.1424   20.000
         35.0000     -354.76  0.1404   20.000
         36.0000     -367.98  0.1380   20.000
         37.0000     -380.96  0.1358   20.000
         38.0000     -390.71  0.1343   20.000
         39.0000     -393.50  0.1340   20.000
         40.0000     -396.90  0.1335   20.000
         41.0000     -402.86  0.1328   20.000
         42.0000     -411.26  0.1317   20.000
         43.0000     -415.55  0.1311   20.000
         44.0000     -304.83  0.1492   20.000
         45.0000     -238.06  0.1655   20.000
         46.0000     -243.46  0.1639   20.000
         47.0000     -254.03  0.1614   20.000
         48.0000     -265.50  0.1586   20.000
         49.0000     -275.70  0.1562   20.000
         50.0000     -284.59  0.1540   20.000
         51.0000     -295.94  0.1513   20.000
         52.0000     -309.09  0.1484   20.000
         53.0000     -324.77  0.1457   20.000
         54.0000     -339.12  0.1431   20.000
         55.0000     -351.98  0.1408   20.000
         56.0000     -362.21  0.1391   20.000
         57.0000     -359.96  0.1395   20.000
         58.0000     -326.68  0.1453   20.000
         59.0000     -317.23  0.1470   20.000
         60.0000     -320.40  0.1464   20.000
         61.0000     -323.76  0.1458   20.000
         62.0000     -323.09  0.1459   20.000
         63.0000     -331.06  0.1446   20.000
         64.0000     -344.60  0.1422   20.000
         65.0000     -358.57  0.1397   20.000
         66.0000     -375.23  0.1368   20.000
         67.0000     -309.16  0.1484   20.000
         68.0000     -216.00  0.1728   20.000
         69.0000     -225.02  0.1698   20.000
         70.0000     -240.30  0.1648   20.000
         71.0000     -260.22  0.1599   20.000
         72.0000     -279.06  0.1553   20.000
         73.0000     -297.65  0.1509   20.000
         74.0000     -318.49  0.1468   20.000
         75.0000     -337.95  0.1433   20.000
         76.0000     -356.93  0.1400   20.000
         77.0000     -375.44  0.1367   20.000
         78.0000     -209.25  0.1749   20.000
         79.0000     -132.74  0.2088   20.000
         80.0000     -146.01  0.2013   20.000
         81.0000     -165.64  0.1919   20.000
         82.0000     -171.74  0.1893   20.000
         83.0000     -109.18  0.2242   20.000
         84.0000     -117.86  0.2178   20.000
         85.0000     -135.57  0.2072   20.000
         86.0000     -149.73  0.1991   20.000
         87.0000     -163.59  0.1928   20.000
         88.0000     -176.65  0.1871   20.000
         89.0000     -188.43  0.1820   20.000
         90.0000     -198.17  0.1785   20.000
         91.0000     -205.02  0.1763   20.000
         92.0000     -213.94  0.1734   20.000
         93.0000     -224.70  0.1699   20.000
         94.0000     -228.41  0.1687   20.000
         95.0000     -235.35  0.1665   20.000
         96.0000     -250.82  0.1622   20.000
         97.0000     -265.67  0.1586   20.000
         98.0000     -275.66  0.1562   20.000
         99.0000     -288.46  0.1531   20.000
        100.0000     -305.51  0.1490   20.000
        101.0000     -324.23  0.1457   20.000
        102.0000     -343.44  0.1424   20.000
        103.0000     -363.11  0.1389   20.000
        104.0000     -384.65  0.1351   20.000
        105.0000     -406.91  0.1323   20.000
        106.0000     -428.18  0.1295   20.000
        107.0000     -448.71  0.1269   20.000
        108.0000     -469.53  0.1242   20.000
        109.0000     -484.10  0.1224   20.000
        110.0000     -504.33  0.1204   20.000
        111.0000     -524.78  0.1186   20.000
        112.0000     -544.26  0.1168   20.000
        113.0000     -563.13  0.1150   20.000
        114.0000     -582.78  0.1132   20.000
        115.0000     -600.71  0.1115   20.000
        116.0000     -620.50  0.1099   20.000
        117.0000     -641.57  0.1085   20.000
        118.0000     -662.49  0.1071   20.000
        119.0000     -682.00  0.1058   20.000
        120.0000     -699.22  0.1046   20.000
        121.0000     -714.88  0.1036   20.000
        122.0000     -730.68  0.1025   20.000
        123.0000     -747.58  0.1014   20.000
        124.0000     -757.00  0.1008   20.000
        125.0000     -657.86  0.1074   20.000
        126.0000     -528.51  0.1182   20.000
        127.0000     -501.41  0.1207   20.000
        128.0000     -507.27  0.1202   20.000
        129.0000     -520.06  0.1190   20.000
        130.0000     -539.17  0.1172   20.000
        131.0000     -569.15  0.1144   20.000
        132.0000     -596.38  0.1119   20.000
        133.0000     -580.32  0.1134   20.000
        134.0000     -565.69  0.1148   20.000
        135.0000     -538.73  0.1173   20.000
        136.0000     -368.43  0.1381   20.000
        137.0000     -354.33  0.1405   20.000
        138.0000     -368.82  0.1379   20.000
        139.0000     -402.83  0.1328   20.000
        140.0000     -433.76  0.1288   20.000
        141.0000     -446.42  0.1272   20.000
        142.0000     -468.09  0.1244   20.000
        143.0000     -495.45  0.1213   20.000
        144.0000     -528.08  0.1182   20.000
        145.0000     -565.95  0.1147   20.000
        146.0000     -607.07  0.1109   20.000
        147.0000     -646.56  0.1081   20.000
        148.0000     -678.36  0.1060   20.000
        149.0000     -705.16  0.1042   20.000
        150.0000     -352.20  0.1409   20.000
        151.0000     -319.99  0.1466   20.000
        152.0000     -349.87  0.1413   20.000
        153.0000     -382.01  0.1356   20.000
        154.0000     -420.34  0.1305   20.000
        155.0000     -454.69  0.1261   20.000
        156.0000     -379.59  0.1361   20.000
        157.0000     -227.97  0.1688   20.000
        158.0000     -244.62  0.1636   20.000
        159.0000     -273.29  0.1567   20.000
        160.0000     -303.17  0.1496   20.000
        161.0000     -342.32  0.1425   20.000
        162.0000     -380.29  0.1359   20.000
        163.0000     -419.09  0.1307   20.000
        164.0000     -447.80  0.1270   20.000
        165.0000     -478.46  0.1231   20.000
        166.0000     -515.85  0.1194   20.000
        167.0000     -554.00  0.1159   20.000
        168.0000     -592.45  0.1123   20.000
        169.0000     -629.52  0.1093   20.000
        170.0000     -665.54  0.1069   20.000
        171.0000     -700.04  0.1046   20.000
        172.0000     -734.37  0.1023   20.000
        173.0000     -768.86  0.1000   20.000
        174.0000     -792.29  0.0988   20.000
        175.0000     -821.44  0.0974   20.000
        176.0000     -852.20  0.0959   20.000
        177.0000     -870.04  0.0950   20.000
        178.0000     -882.24  0.0945   20.000
        179.0000     -902.42  0.0935   20.000
        180.0000     -924.32  0.0924   20.000
        181.0000     -948.01  0.0913   20.000
        182.0000     -975.47  0.0900   20.000
        183.0000    -1001.20  0.0891   20.000
        184.0000    -1025.47  0.0882   20.000
        185.0000    -1029.15  0.0881   20.000
        186.0000     -901.96  0.0935   20.000
        187.0000     -695.36  0.1050   20.000
        188.0000     -669.98  0.1066   20.000
        189.0000     -696.71  0.1048   20.000
        190.0000     -734.69  0.1023   20.000
        191.0000     -332.76  0.1443   20.000
        192.0000     -240.98  0.1646   20.000
        193.0000     -271.09  0.1573   20.000
        194.0000     -307.31  0.1487   20.000
        195.0000     -353.09  0.1407   20.000
        196.0000     -401.48  0.1329   20.000
        197.0000     -451.55  0.1266   20.000
        198.0000     -502.96  0.1206   20.000
        199.0000     -552.18  0.1160   20.000
        200.0000     -599.08  0.1117   20.000
        201.0000     -646.00  0.1082   20.000
        202.0000     -690.34  0.1052   20.000
        203.0000     -731.66  0.1025   20.000
        204.0000     -772.25  0.0998   20.000
        205.0000     -806.16  0.0981   20.000
        206.0000     -841.75  0.0964   20.000
        207.0000     -877.36  0.0947   20.000
        208.0000     -908.95  0.0932   20.000
        209.0000     -940.09  0.0917   20.000
        210.0000     -964.78  0.0905   20.000
        211.0000     -972.69  0.0901   20.000
        212.0000     -311.49  0.1480   20.000
        213.0000     -333.86  0.1441   20.000
        214.0000     -374.42  0.1369   20.000
        215.0000     -396.50  0.1336   20.000
        216.0000     -381.63  0.1359   20.000
        217.0000     -408.00  0.1323   20.000
        218.0000     -445.93  0.1273   20.000
        219.0000     -488.56  0.1219   20.000
        220.0000     -530.88  0.1180   20.000
        221.0000     -566.88  0.1147   20.000
        222.0000     -596.16  0.1120   20.000
        223.0000     -611.66  0.1105   20.000
        224.0000     -559.48  0.1154   20.000
        225.0000     -537.73  0.1174   20.000
        226.0000     -561.02  0.1152   20.000
        227.0000     -598.64  0.1117   20.000
        228.0000     -644.69  0.1083   20.000
        229.0000     -685.34  0.1056   20.000
        230.0000     -700.69  0.1045   20.000
        231.0000     -672.33  0.1064   20.000
        232.0000     -621.67  0.1098   20.000
        233.0000     -401.85  0.1330   20.000
        234.0000     -259.80  0.1600   20.000
        235.0000     -167.20  0.1912   20.000
        236.0000     -181.29  0.1851   20.000
        237.0000     -210.72  0.1744   20.000
        238.0000     -239.12  0.1652   20.000
        239.0000     -272.58  0.1569   20.000
        240.0000     -298.77  0.1506   20.000
        241.0000     -285.41  0.1538   20.000
        242.0000     -214.99  0.1731   20.000
        243.0000     -206.68  0.1758   20.000
        244.0000     -223.61  0.1702   20.000
        245.0000     -243.71  0.1639   20.000
        246.0000     -269.24  0.1577   20.000
        247.0000     -194.29  0.1797   20.000
        248.0000     -166.26  0.1917   20.000
        249.0000     -166.40  0.1916   20.000
        250.0000      -95.85  0.2340   20.000
        251.0000     -113.24  0.2211   20.000
        252.0000     -135.02  0.2075   20.000
        253.0000     -152.53  0.1976   20.000
        254.0000     -170.00  0.1900   20.000
        255.0000     -184.86  0.1836   20.000
        256.0000     -201.09  0.1776   20.000
        257.0000     -217.89  0.1721   20.000
        258.0000     -233.72  0.1670   20.000
        259.0000     -247.67  0.1629   20.000
        260.0000     -263.87  0.1590   20.000
        261.0000     -111.14  0.2227   20.000
        262.0000     -118.24  0.2175   20.000
        263.0000     -140.03  0.2046   20.000
        264.0000     -157.86  0.1953   20.000
        265.0000     -174.66  0.1880   20.000
        266.0000     -189.67  0.1814   20.000
        267.0000     -204.26  0.1765   20.000
        268.0000     -218.50  0.1719   20.000
        269.0000     -230.45  0.1680   20.000
        270.0000     -187.25  0.1826   20.000
        271.0000      -87.89  0.2413   20.000
        272.0000     -106.48  0.2261   20.000
        273.0000     -126.17  0.2126   20.000
        274.0000     -142.79  0.2031   20.000
        275.0000     -157.23  0.1956   20.000
        276.0000     -169.47  0.1902   20.000
        277.0000     -180.18  0.1855   20.000
        278.0000     -183.17  0.1843   20.000
        279.0000     -179.57  0.1859   20.000
        280.0000     -184.53  0.1837   20.000
        281.0000     -195.32  0.1795   20.000
        282.0000     -207.08  0.1756   20.000
        283.0000     -217.34  0.1723   20.000
        284.0000     -226.21  0.1693   20.000
        285.0000     -236.09  0.1662   20.000
        286.0000     -245.65  0.1634   20.000
        287.0000     -255.90  0.1609   20.000
        288.0000     -266.88  0.1583   20.000
        289.0000     -277.82  0.1557   20.000
        290.0000     -289.04  0.1530   20.000
        291.0000     -289.47  0.1529   20.000
        292.0000     -265.56  0.1586   20.000
        293.0000     -259.15  0.1601   20.000
        294.0000     -257.04  0.1607   20.000
        295.0000     -220.82  0.1711   20.000
        296.0000     -161.84  0.1936   20.000
        297.0000     -146.63  0.2009   20.000
        298.0000     -155.09  0.1965   20.000
        299.0000     -162.66  0.1932   20.000
        300.0000     -169.51  0.1902   20.000
        301.0000     -146.99  0.2007   20.000
        302.0000     -146.76  0.2009   20.000
        303.0000     -155.16  0.1965   20.000
        304.0000     -164.22  0.1925   20.000
        305.0000     -174.43  0.1881   20.000
        306.0000     -184.18  0.1839   20.000
        307.0000     -192.66  0.1803   20.000
        308.0000     -199.71  0.1780   20.000
        309.0000     -206.63  0.1757   20.000
        310.0000     -212.96  0.1737   20.000
        311.0000     -219.33  0.1716   20.000
        312.0000     -225.73  0.1695   20.000
        313.0000     -220.23  0.1713   20.000
        314.0000     -211.78  0.1741   20.000
        315.0000     -213.81  0.1734   20.000
        316.0000     -218.45  0.1719   20.000
        317.0000     -224.93  0.1698   20.000
        318.0000     -231.09  0.1678   20.000
        319.0000     -236.00  0.1662   20.000
        320.0000     -240.88  0.1646   20.000
        321.0000     -246.22  0.1633   20.000
        322.0000     -222.12  0.1707   20.000
        323.0000     -197.10  0.1789   20.000
        324.0000     -200.75  0.1777   20.000
        325.0000     -206.67  0.1757   20.000
        326.0000     -213.02  0.1737   20.000
        327.0000     -219.52  0.1716   20.000
        328.0000     -225.78  0.1695   20.000
        329.0000     -202.02  0.1773   20.000
        330.0000     -186.07  0.1830   20.000
        331.0000     -191.98  0.1805   20.000
        332.0000     -200.39  0.1778   20.000
        333.0000     -206.59  0.1757   20.000
        334.0000     -212.23  0.1739   20.000
        335.0000     -218.14  0.1720   20.000
        336.0000     -223.61  0.1702   20.000
        337.0000     -218.99  0.1717   20.000
        338.0000     -211.89  0.1741   20.000
        339.0000     -215.60  0.1729   20.000
        340.0000     -221.17  0.1710   20.000
        341.0000     -218.92  0.1717   20.000
        342.0000     -144.19  0.2023   20.000
        343.0000     -131.38  0.2096   20.000
        344.0000     -134.79  0.2077   20.000
        345.0000     -143.59  0.2026   20.000
        346.0000     -126.14  0.2126   20.000
        347.0000     -129.93  0.2104   20.000
        348.0000     -139.96  0.2047   20.000
        349.0000     -143.83  0.2025   20.000
        350.0000     -144.60  0.2021   20.000
        351.0000     -148.16  0.2000   20.000
        352.0000     -154.54  0.1967   20.000
        353.0000     -161.17  0.1938   20.000
        354.0000     -166.74  0.1914   20.000
        355.0000     -171.42  0.1894   20.000
        356.0000     -175.77  0.1875   20.000
        357.0000     -179.85  0.1857   20.000
        358.0000     -183.85  0.1840   20.000
        359.0000     -187.97  0.1822   20.000
        360.0000     -191.90  0.1805   20.000
        361.0000     -195.96  0.1792   20.000
        362.0000     -199.41  0.1781   20.000
        363.0000     -202.98  0.1769   20.000
        364.0000     -206.26  0.1759   20.000
        365.0000     -209.73  0.1747   20.000
        366.0000     -213.96  0.1734   20.000
        367.0000     -217.73  0.1721   20.000
        368.0000     -221.38  0.1710   20.000
        369.0000     -224.88  0.1698   20.000
        370.0000     -227.92  0.1688   20.000
        371.0000     -230.89  0.1679   20.000
        372.0000     -234.06  0.1668   20.000
        373.0000     -238.73  0.1653   20.000
        374.0000     -243.03  0.1640   20.000
        375.0000     -246.96  0.1631   20.000
        376.0000     -250.48  0.1622   20.000
        377.0000     -253.67  0.1615   20.000
        378.0000     -253.56  0.1615   20.000
        379.0000     -251.88  0.1619   20.000
        380.0000     -253.19  0.1616   20.000
        381.0000     -255.31  0.1611   20.000
        382.0000     -254.98  0.1611   20.000
        383.0000     -253.30  0.1616   20.000
        384.0000     -255.73  0.1610   20.000
        385.0000     -260.89  0.1597   20.000
        386.0000     -267.41  0.1582   20.000
        387.0000     -272.85  0.1568   20.000
        388.0000     -277.97  0.1556   20.000
        389.0000     -285.30  0.1539   20.000
        390.0000     -291.18  0.1525   20.000
        391.0000     -297.64  0.1509   20.000
        392.0000     -303.65  0.1495   20.000
        393.0000     -310.21  0.1482   20.000
        394.0000     -317.74  0.1469   20.000
        395.0000     -324.29  0.1457   20.000
        396.0000     -329.85  0.1447   20.000
        397.0000     -335.44  0.1438   20.000
        398.0000     -331.96  0.1444   20.000
        399.0000     -308.85  0.1485   20.000
        400.0000     -303.28  0.1496   20.000
        401.0000     -293.62  0.1519   20.000
        402.0000     -275.23  0.1563   20.000
        403.0000     -277.53  0.1559   20.000
        404.0000     -284.50  0.1541   20.000
        405.0000     -293.86  0.1518   20.000
        406.0000     -303.40  0.1495   20.000
        407.0000     -313.89  0.1476   20.000
        408.0000     -323.69  0.1458   20.000
        409.0000     -333.38  0.1441   20.000
        410.0000     -342.37  0.1426   20.000
        411.0000     -347.78  0.1415   20.000
        412.0000     -353.50  0.1406   20.000
        413.0000     -361.53  0.1392   20.000
        414.0000     -369.52  0.1378   20.000
        415.0000     -380.41  0.1359   20.000
        416.0000     -392.94  0.1340   20.000
        417.0000     -404.81  0.1325   20.000
        418.0000     -417.97  0.1309   20.000
        419.0000     -430.05  0.1293   20.000
        420.0000     -443.76  0.1275   20.000
        421.0000     -457.68  0.1258   20.000
        422.0000     -473.26  0.1238   20.000
        423.0000     -489.83  0.1218   20.000
        424.0000     -505.29  0.1204   20.000
        425.0000     -519.75  0.1190   20.000
        426.0000     -531.74  0.1179   20.000
        427.0000     -547.25  0.1165   20.000
        428.0000     -563.99  0.1149   20.000
        429.0000     -575.16  0.1139   20.000
        430.0000     -583.00  0.1132   20.000
        431.0000     -583.78  0.1131   20.000
        432.0000     -579.60  0.1135   20.000
        433.0000     -575.31  0.1139   20.000
        434.0000     -569.98  0.1144   20.000
        435.0000     -569.11  0.1145   20.000
        436.0000     -567.04  0.1146   20.000
        437.0000     -570.80  0.1143   20.000
        438.0000     -575.78  0.1138   20.000
        439.0000     -582.29  0.1132   20.000
        440.0000     -591.81  0.1124   20.000
        441.0000     -605.20  0.1111   20.000
        442.0000     -622.12  0.1098   20.000
        443.0000     -636.94  0.1088   20.000
        444.0000     -650.32  0.1079   20.000
        445.0000     -665.64  0.1069   20.000
        446.0000     -681.90  0.1058   20.000
        447.0000     -694.35  0.1050   20.000
        448.0000     -706.23  0.1042   20.000
        449.0000     -629.07  0.1093   20.000
        450.0000     -458.86  0.1256   20.000
        451.0000     -424.05  0.1301   20.000
        452.0000     -422.54  0.1303   20.000
        453.0000     -427.49  0.1296   20.000
        454.0000     -439.37  0.1281   20.000
        455.0000     -458.58  0.1257   20.000
        456.0000     -484.01  0.1224   20.000
        457.0000     -513.41  0.1196   20.000
        458.0000     -536.29  0.1175   20.000
        459.0000     -557.66  0.1155   20.000
        460.0000     -577.82  0.1136   20.000
        461.0000     -599.70  0.1116   20.000
        462.0000     -626.10  0.1095   20.000
        463.0000     -648.77  0.1080   20.000
        464.0000     -667.39  0.1068   20.000
        465.0000     -684.87  0.1056   20.000
        466.0000     -706.56  0.1042   20.000
        467.0000     -729.16  0.1026   20.000
        468.0000     -745.06  0.1016   20.000
        469.0000     -762.10  0.1004   20.000
        470.0000     -786.27  0.0990   20.000
        471.0000     -804.28  0.0982   20.000
        472.0000     -823.33  0.0973   20.000
        473.0000     -823.58  0.0973   20.000
        474.0000     -810.14  0.0979   20.000
        475.0000     -806.21  0.0981   20.000
        476.0000     -818.44  0.0975   20.000
        477.0000     -834.11  0.0967   20.000
        478.0000     -850.38  0.0960   20.000
        479.0000     -865.45  0.0953   20.000
        480.0000     -886.30  0.0943   20.000
        481.0000     -909.04  0.0932   20.000
        482.0000     -932.97  0.0920   20.000
        483.0000     -963.69  0.0906   20.000
        484.0000     -999.52  0.0891   20.000
        485.0000    -1030.05  0.0881   20.000
        486.0000    -1048.86  0.0874   20.000
        487.0000    -1070.73  0.0867   20.000
        488.0000    -1101.05  0.0856   20.000
        489.0000    -1129.28  0.0847   20.000
        490.0000    -1157.72  0.0837   20.000
        491.0000    -1180.88  0.0829   20.000
        492.0000    -1201.84  0.0822   20.000
        493.0000    -1224.63  0.0814   20.000
        494.0000    -1254.42  0.0806   20.000
        495.0000    -1283.51  0.0799   20.000
        496.0000    -1306.15  0.0793   20.000
        497.0000    -1326.82  0.0788   20.000
        498.0000    -1347.59  0.0783   20.000
        499.0000    -1372.80  0.0777   20.000
        500.0000    -1394.73  0.0771   20.000
        501.0000    -1421.81  0.0764   20.000
        502.0000    -1441.77  0.0760   20.000
        503.0000    -1452.37  0.0757   20.000
        504.0000    -1454.53  0.0756   20.000
        505.0000    -1463.88  0.0754   20.000
        506.0000    -1455.01  0.0756   20.000
        507.0000     -305.35  0.1491   20.000
        508.0000     -286.85  0.1535   20.000
        509.0000     -314.86  0.1474   20.000
        510.0000     -354.09  0.1405   20.000
        511.0000     -395.01  0.1338   20.000
        512.0000     -442.05  0.1278   20.000
        513.0000     -492.49  0.1215   20.000
        514.0000     -548.92  0.1163   20.000
        515.0000     -603.73  0.1112   20.000
        516.0000     -659.88  0.1073   20.000
        517.0000     -710.84  0.1039   20.000
        518.0000     -761.80  0.1005   20.000
        519.0000     -807.57  0.0980   20.000
        520.0000     -847.64  0.0961   20.000
        521.0000     -879.97  0.0946   20.000
        522.0000     -899.97  0.0936   20.000
        523.0000     -370.93  0.1375   20.000
        524.0000     -294.32  0.1518   20.000
        525.0000     -147.42  0.2005   20.000
        526.0000     -157.17  0.1956   20.000
        527.0000     -193.50  0.1800   20.000
        528.0000     -216.06  0.1727   20.000
        529.0000     -217.12  0.1723   20.000
        530.0000     -201.48  0.1774   20.000
        531.0000     -193.03  0.1802   20.000
        532.0000     -210.23  0.1746   20.000
        533.0000     -233.72  0.1670   20.000
        534.0000     -256.40  0.1608   20.000
        535.0000     -196.89  0.1789   20.000
        536.0000     -183.47  0.1843   20.000
        537.0000     -212.30  0.1739   20.000
        538.0000     -241.10  0.1646   20.000
        539.0000     -274.58  0.1564   20.000
        540.0000     -306.59  0.1488   20.000
        541.0000     -322.64  0.1460   20.000
        542.0000     -303.69  0.1495   20.000
        543.0000     -326.09  0.1454   20.000
        544.0000     -345.61  0.1420   20.000
        545.0000     -356.31  0.1401   20.000
        546.0000     -379.98  0.1360   20.000
        547.0000     -403.30  0.1327   20.000
        548.0000     -426.65  0.1297   20.000
        549.0000     -453.81  0.1263   20.000
        550.0000     -484.07  0.1224   20.000
        551.0000     -512.39  0.1197   20.000
        552.0000     -539.98  0.1171   20.000
        553.0000     -569.60  0.1144   20.000
        554.0000     -598.61  0.1117   20.000
        555.0000     -613.65  0.1103   20.000
        556.0000     -632.17  0.1091   20.000
        557.0000     -655.48  0.1075   20.000
        558.0000     -682.18  0.1058   20.000
        559.0000     -709.29  0.1040   20.000
        560.0000     -727.64  0.1027   20.000
        561.0000     -368.07  0.1380   20.000
        562.0000     -180.60  0.1854   20.000
        563.0000     -216.34  0.1726   20.000
        564.0000     -234.03  0.1668   20.000
        565.0000     -168.21  0.1908   20.000
        566.0000     -173.04  0.1888   20.000
        567.0000     -177.18  0.1869   20.000
        568.0000     -141.63  0.2038   20.000
        569.0000     -151.70  0.1980   20.000
        570.0000     -146.67  0.2009   20.000
        571.0000     -154.90  0.1966   20.000
        572.0000     -172.83  0.1887   20.000
        573.0000     -191.21  0.1809   20.000
        574.0000     -211.69  0.1741   20.000
        575.0000     -233.06  0.1672   20.000
        576.0000     -258.64  0.1603   20.000
        577.0000     -281.99  0.1547   20.000
        578.0000     -300.31  0.1503   20.000
        579.0000     -322.37  0.1461   20.000
        580.0000     -340.71  0.1428   20.000
        581.0000     -333.48  0.1441   20.000
        582.0000     -331.90  0.1444   20.000
        583.0000     -297.26  0.1510   20.000
        584.0000     -296.39  0.1513   20.000
        585.0000     -320.16  0.1465   20.000
        586.0000     -157.88  0.1953   20.000
        587.0000     -117.53  0.2180   20.000
        588.0000     -139.89  0.2047   20.000
        589.0000     -166.26  0.1916   20.000
        590.0000     -191.46  0.1807   20.000
        591.0000     -215.68  0.1728   20.000
        592.0000     -239.19  0.1652   20.000
        593.0000     -192.83  0.1802   20.000
        594.0000     -112.08  0.2221   20.000
        595.0000     -126.70  0.2123   20.000
        596.0000     -149.20  0.1994   20.000
        597.0000     -171.95  0.1892   20.000
        598.0000     -186.97  0.1826   20.000
        599.0000     -200.62  0.1777   20.000
        600.0000     -219.13  0.1717   20.000
        601.0000      -98.61  0.2319   20.000
        602.0000      -89.86  0.2394   20.000
        603.0000     -111.68  0.2223   20.000
        604.0000     -132.42  0.2090   20.000
        605.0000     -151.87  0.1979   20.000
        606.0000     -170.18  0.1899   20.000
        607.0000     -187.67  0.1823   20.000
        608.0000     -202.14  0.1772   20.000
        609.0000     -214.00  0.1734   20.000
        610.0000     -227.22  0.1691   20.000
        611.0000     -243.08  0.1640   20.000
        612.0000     -260.12  0.1599   20.000
        613.0000     -278.08  0.1556   20.000
        614.0000     -295.12  0.1515   20.000
        615.0000     -314.68  0.1474   20.000
        616.0000     -333.04  0.1442   20.000
        617.0000     -347.38  0.1417   20.000
        618.0000     -345.34  0.1420   20.000
        619.0000     -351.96  0.1409   20.000
        620.0000     -365.04  0.1386   20.000
        621.0000     -132.47  0.2090   20.000
        622.0000     -123.21  0.2143   20.000
        623.0000     -131.50  0.2095   20.000
        624.0000     -129.22  0.2108   20.000
        625.0000     -138.07  0.2058   20.000
        626.0000     -152.02  0.1980   20.000
        627.0000     -168.11  0.1908   20.000
        628.0000     -182.30  0.1846   20.000
        629.0000     -194.97  0.1795   20.000
        630.0000     -204.78  0.1763   20.000
        631.0000     -210.63  0.1744   20.000
        632.0000     -213.78  0.1734   20.000
        633.0000     -222.80  0.1705   20.000
        634.0000     -180.26  0.1856   20.000
        635.0000     -161.49  0.1937   20.000
        636.0000     -171.14  0.1895   20.000
        637.0000     -181.17  0.1852   20.000
        638.0000     -193.64  0.1800   20.000
        639.0000     -207.58  0.1754   20.000
        640.0000     -220.27  0.1713   20.000
        641.0000     -233.00  0.1672   20.000
        642.0000     -136.47  0.2068   20.000
        643.0000     -117.40  0.2181   20.000
        644.0000     -133.19  0.2086   20.000
        645.0000     -148.36  0.1998   20.000
        646.0000     -162.18  0.1934   20.000
        647.0000     -175.36  0.1877   20.000
        648.0000     -187.72  0.1823   20.000
        649.0000     -198.69  0.1783   20.000
        650.0000     -208.04  0.1753   20.000
        651.0000     -219.21  0.1717   20.000
        652.0000     -230.81  0.1679   20.000
        653.0000     -242.89  0.1641   20.000
        654.0000     -254.37  0.1613   20.000
        655.0000     -264.87  0.1588   20.000
        656.0000     -268.80  0.1578   20.000
        657.0000     -264.50  0.1589   20.000
        658.0000     -268.88  0.1578   20.000
        659.0000     -276.87  0.1559   20.000
        660.0000     -286.80  0.1535   20.000
        661.0000     -297.43  0.1510   20.000
        662.0000     -308.09  0.1486   20.000
        663.0000     -314.96  0.1474   20.000
        664.0000     -322.27  0.1461   20.000
        665.0000     -326.82  0.1452   20.000
        666.0000     -331.21  0.1445   20.000
        667.0000     -336.74  0.1436   20.000
        668.0000     -343.07  0.1424   20.000
        669.0000     -349.25  0.1413   20.000
        670.0000     -348.79  0.1414   20.000
        671.0000     -338.14  0.1433   20.000
        672.0000     -304.06  0.1494   20.000
        673.0000     -298.41  0.1508   20.000
        674.0000     -301.83  0.1499   20.000
        675.0000     -306.36  0.1489   20.000
        676.0000     -305.93  0.1490   20.000
        677.0000     -279.50  0.1553   20.000
        678.0000     -210.44  0.1745   20.000
        679.0000     -198.93  0.1784   20.000
        680.0000     -208.39  0.1753   20.000
        681.0000     -217.67  0.1722   20.000
        682.0000     -225.29  0.1696   20.000
        683.0000     -213.99  0.1734   20.000
        684.0000     -200.36  0.1778   20.000
        685.0000     -205.73  0.1761   20.000
        686.0000     -214.64  0.1732   20.000
        687.0000     -222.96  0.1704   20.000
        688.0000     -229.65  0.1683   20.000
        689.0000     -237.06  0.1659   20.000
        690.0000     -245.06  0.1635   20.000
        691.0000     -247.07  0.1630   20.000
        692.0000     -245.09  0.1635   20.000
        693.0000     -249.79  0.1624   20.000
        694.0000     -247.74  0.1629   20.000
        695.0000     -241.90  0.1643   20.000
        696.0000     -244.77  0.1636   20.000
        697.0000     -250.67  0.1622   20.000
        698.0000     -248.61  0.1627   20.000
        699.0000     -224.11  0.1701   20.000
        700.0000     -202.23  0.1772   20.000
        701.0000     -169.62  0.1902   20.000
        702.0000     -163.05  0.1931   20.000
        703.0000     -165.36  0.1920   20.000
        704.0000     -170.72  0.1897   20.000
        705.0000     -178.03  0.1865   20.000
        706.0000     -184.40  0.1838   20.000
        707.0000     -190.60  0.1811   20.000
        708.0000     -197.39  0.1787   20.000
        709.0000     -204.50  0.1764   20.000
        710.0000     -209.31  0.1748   20.000
        711.0000     -157.28  0.1956   20.000
        712.0000     -103.58  0.2282   20.000
        713.0000     -101.59  0.2298   20.000
        714.0000     -113.18  0.2212   20.000
        715.0000     -121.21  0.2154   20.000
        716.0000     -129.02  0.2110   20.000
        717.0000     -120.88  0.2156   20.000
        718.0000      -94.99  0.2348   20.000
        719.0000      -99.72  0.2311   20.000
        720.0000     -111.28  0.2226   20.000
        721.0000     -121.67  0.2151   20.000
        722.0000     -130.31  0.2102   20.000
        723.0000     -138.53  0.2055   20.000
        724.0000     -145.23  0.2016   20.000
        725.0000     -146.94  0.2007   20.000
        726.0000     -150.36  0.1988   20.000
        727.0000     -155.86  0.1962   20.000
        728.0000     -161.42  0.1937   20.000
        729.0000     -166.39  0.1916   20.000
        730.0000     -171.44  0.1894   20.000
end
