 ******* Program HYDRUS
 ******* None                                                                    
 Date: 527.**.    Time: ***: 0:**
 Units: L = cm   , T = days , M = mmol 


    TLevel      Time          dt      Iter    ItCum  KodT  KodB  Convergency

       14  0.1000000E+01  0.20873E+00    4       37    -4    -5     T
       27  0.2000000E+01  0.21151E+00    2       63    -4    -5     T
       30  0.3000000E+01  0.37500E+00    2       69    -4    -5     T
       32  0.4000000E+01  0.66667E+00    2       73    -4    -5     T
       34  0.5000000E+01  0.50000E+00    2       77    -4    -5     T
       35  0.6000000E+01  0.10000E+01    2       79    -4    -5     T
       36  0.7000000E+01  0.10000E+01    3       82    -4    -5     T
       37  0.8000000E+01  0.10000E+01    3       85    -4    -5     T
       38  0.9000000E+01  0.10000E+01    2       87    -4    -5     T
       39  0.1000000E+02  0.10000E+01    3       90    -4    -5     T
       40  0.1100000E+02  0.10000E+01    3       93    -4    -5     T
       41  0.1200000E+02  0.10000E+01    3       96    -4    -5     T
       42  0.1300000E+02  0.10000E+01    4      100    -4    -5     T
       43  0.1400000E+02  0.10000E+01    3      103    -4    -5     T
       44  0.1500000E+02  0.10000E+01    5      108    -4    -5     T
       45  0.1600000E+02  0.10000E+01    4      112    -4    -5     T
       46  0.1700000E+02  0.10000E+01    3      115    -4    -5     T
       47  0.1800000E+02  0.10000E+01    4      119    -4    -5     T
       64  0.1900000E+02  0.13786E+00    3      169    -4    -5     T
       68  0.2000000E+02  0.44444E+00    2      179    -4    -5     T
       70  0.2100000E+02  0.66667E+00    2      184    -4    -5     T
       83  0.2200000E+02  0.21151E+00    2      210    -4    -5     T
      107  0.2300000E+02  0.85906E-01    3      298    -4    -5     T
      120  0.2400000E+02  0.21151E+00    3      330    -4    -5     T
      124  0.2500000E+02  0.25000E+00    2      343    -4    -5     T
      127  0.2600000E+02  0.33333E+00    2      350    -4    -5     T
      129  0.2700000E+02  0.50000E+00    2      354    -4    -5     T
      131  0.2800000E+02  0.50000E+00    2      358    -4    -5     T
      132  0.2900000E+02  0.10000E+01    2      360    -4    -5     T
      133  0.3000000E+02  0.10000E+01    3      363    -4    -5     T
      134  0.3100000E+02  0.10000E+01    3      366    -4    -5     T
      135  0.3200000E+02  0.10000E+01    2      368    -4    -5     T
      136  0.3300000E+02  0.10000E+01    3      371    -4    -5     T
      137  0.3400000E+02  0.10000E+01    3      374    -4    -5     T
      138  0.3500000E+02  0.10000E+01    3      377    -4    -5     T
      139  0.3600000E+02  0.10000E+01    3      380    -4    -5     T
      152  0.3700000E+02  0.21151E+00    2      406    -4    -5     T
      165  0.3800000E+02  0.21151E+00    2      432    -4    -5     T
      169  0.3900000E+02  0.25000E+00    2      442    -4    -5     T
      182  0.4000000E+02  0.21151E+00    2      468    -4    -5     T
      185  0.4100000E+02  0.37500E+00    2      475    -4    -5     T
      187  0.4200000E+02  0.66667E+00    2      479    -4    -5     T
      202  0.4300000E+02  0.14843E+00    3      524    -4    -5     T
      217  0.4400000E+02  0.16698E+00    4      568    -4    -5     T
      222  0.4500000E+02  0.26786E+00    3      585    -4    -5     T
      235  0.4600000E+02  0.21151E+00    2      611    -4    -5     T
      238  0.4700000E+02  0.37500E+00    2      617    -4    -5     T
      240  0.4800000E+02  0.66667E+00    2      621    -4    -5     T
      242  0.4900000E+02  0.50000E+00    2      625    -4    -5     T
      243  0.5000000E+02  0.10000E+01    2      627    -4    -5     T
      244  0.5100000E+02  0.10000E+01    3      630    -4    -5     T
      245  0.5200000E+02  0.10000E+01    3      633    -4    -5     T
      246  0.5300000E+02  0.10000E+01    2      635    -4    -5     T
      247  0.5400000E+02  0.10000E+01    2      637    -4    -5     T
      248  0.5500000E+02  0.10000E+01    2      639    -4    -5     T
      261  0.5600000E+02  0.21151E+00    2      665    -4    -5     T
      276  0.5700000E+02  0.13915E+00    3      705    -4    -5     T
      280  0.5800000E+02  0.25000E+00    2      717    -4    -5     T
      293  0.5900000E+02  0.21151E+00    2      743    -4    -5     T
      296  0.6000000E+02  0.37500E+00    2      749    -4    -5     T
      309  0.6100000E+02  0.21151E+00    2      775    -4    -5     T
      312  0.6200000E+02  0.37500E+00    2      781    -4    -5     T
      314  0.6300000E+02  0.66667E+00    3      786    -4    -5     T
      316  0.6400000E+02  0.50000E+00    2      791    -4    -5     T
      317  0.6500000E+02  0.10000E+01    4      795    -4    -5     T
      318  0.6600000E+02  0.10000E+01    3      798    -4    -5     T
      345  0.6700000E+02  0.80918E-01    3      898    -4    -5     T
      352  0.6800000E+02  0.17778E+00    2      920    -4    -5     T
      355  0.6900000E+02  0.33333E+00    2      927    -4    -5     T
      357  0.7000000E+02  0.50000E+00    2      931    -4    -5     T
      359  0.7100000E+02  0.50000E+00    2      935    -4    -5     T
      360  0.7200000E+02  0.10000E+01    2      937    -4    -5     T
      361  0.7300000E+02  0.10000E+01    2      939    -4    -5     T
      362  0.7400000E+02  0.10000E+01    3      942    -4    -5     T
      363  0.7500000E+02  0.10000E+01    2      944    -4    -5     T
      364  0.7600000E+02  0.10000E+01    3      947    -4    -5     T
      365  0.7700000E+02  0.10000E+01    2      949    -4    -5     T
      401  0.7800000E+02  0.82528E-01    5     1093    -4    -5     T
      414  0.7900000E+02  0.21151E+00    3     1126    -4    -5     T
      418  0.8000000E+02  0.25000E+00    2     1138    -4    -5     T
      420  0.8100000E+02  0.66667E+00    3     1143    -4    -5     T
      433  0.8200000E+02  0.21151E+00    2     1169    -4    -5     T
      448  0.8300000E+02  0.16698E+00    4     1213    -4    -5     T
      461  0.8400000E+02  0.21151E+00    2     1239    -4    -5     T
      474  0.8500000E+02  0.21151E+00    2     1265    -4    -5     T
      477  0.8600000E+02  0.37500E+00    2     1271    -4    -5     T
      479  0.8700000E+02  0.66667E+00    2     1275    -4    -5     T
      481  0.8800000E+02  0.50000E+00    2     1279    -4    -5     T
      482  0.8900000E+02  0.10000E+01    2     1281    -4    -5     T
      495  0.9000000E+02  0.21151E+00    2     1307    -4    -5     T
      508  0.9100000E+02  0.21151E+00    2     1333    -4    -5     T
      521  0.9200000E+02  0.21151E+00    2     1359    -4    -5     T
      534  0.9300000E+02  0.21151E+00    2     1385    -4    -5     T
      547  0.9400000E+02  0.21151E+00    2     1411    -4    -5     T
      550  0.9500000E+02  0.37500E+00    2     1419    -4    -5     T
      552  0.9600000E+02  0.66667E+00    2     1423    -4    -5     T
      565  0.9700000E+02  0.21151E+00    2     1449    -4    -5     T
      569  0.9800000E+02  0.25000E+00    2     1459    -4    -5     T
      571  0.9900000E+02  0.66667E+00    3     1464    -4    -5     T
      573  0.1000000E+03  0.50000E+00    2     1468    -4    -5     T
      574  0.1010000E+03  0.10000E+01    3     1471    -4    -5     T
      575  0.1020000E+03  0.10000E+01    4     1475    -4    -5     T
      576  0.1030000E+03  0.10000E+01    4     1479    -4    -5     T
      577  0.1040000E+03  0.10000E+01    6     1485    -4    -5     T
      578  0.1050000E+03  0.10000E+01    5     1490    -4    -5     T
      579  0.1060000E+03  0.10000E+01    3     1493    -4    -5     T
      580  0.1070000E+03  0.10000E+01    3     1496    -4    -5     T
      581  0.1080000E+03  0.10000E+01    4     1500    -4    -5     T
      582  0.1090000E+03  0.10000E+01    6     1506    -4    -5     T
      583  0.1100000E+03  0.10000E+01    6     1512    -4    -5     T
      584  0.1110000E+03  0.10000E+01    5     1517     4    -5     T
      585  0.1120000E+03  0.10000E+01    3     1520     4    -5     T
      586  0.1130000E+03  0.10000E+01    2     1522     4    -5     T
      587  0.1140000E+03  0.10000E+01    3     1525    -4    -5     T
      609  0.1150000E+03  0.84652E-01    3     1606    -4    -5     T
      615  0.1160000E+03  0.24306E+00    3     1624    -4    -5     T
      618  0.1170000E+03  0.33333E+00    2     1630    -4    -5     T
      620  0.1180000E+03  0.50000E+00    3     1637     4    -5     T
      635  0.1190000E+03  0.11280E+00    3     1677    -4    -5     T
      639  0.1200000E+03  0.44444E+00    2     1687    -4    -5     T
      641  0.1210000E+03  0.66667E+00    2     1691    -4    -5     T
      643  0.1220000E+03  0.50000E+00    2     1695    -4    -5     T
      644  0.1230000E+03  0.10000E+01    2     1697    -4    -5     T
      728  0.1240000E+03  0.20416E-01    3     2064    -4    -5     T
      747  0.1250000E+03  0.23653E+00    4     2128    -4    -5     T
      760  0.1260000E+03  0.21151E+00    2     2154    -4    -5     T
      764  0.1270000E+03  0.25000E+00    2     2164    -4    -5     T
      777  0.1280000E+03  0.21151E+00    2     2190    -4    -5     T
      790  0.1290000E+03  0.21151E+00    2     2216    -4    -5     T
      793  0.1300000E+03  0.37500E+00    2     2223    -4    -5     T
      795  0.1310000E+03  0.66667E+00    3     2228    -4    -5     T
      825  0.1320000E+03  0.64271E-01    3     2346    -4    -5     T
      832  0.1330000E+03  0.17778E+00    2     2369    -4    -5     T
      835  0.1340000E+03  0.33333E+00    2     2375    -4    -5     T
      859  0.1350000E+03  0.10213E+00    4     2463    -4    -5     T
      866  0.1360000E+03  0.17778E+00    2     2485    -4    -5     T
      879  0.1370000E+03  0.21151E+00    2     2511    -4    -5     T
      883  0.1380000E+03  0.25000E+00    2     2521    -4    -5     T
      885  0.1390000E+03  0.66667E+00    2     2525    -4    -5     T
      901  0.1400000E+03  0.24743E+00    5     2578    -4    -5     T
      914  0.1410000E+03  0.21151E+00    2     2605    -4    -5     T
      927  0.1420000E+03  0.21151E+00    2     2631    -4    -5     T
      940  0.1430000E+03  0.21151E+00    2     2657    -4    -5     T
      944  0.1440000E+03  0.25000E+00    2     2668    -4    -5     T
      946  0.1450000E+03  0.66667E+00    3     2673    -4    -5     T
      948  0.1460000E+03  0.50000E+00    3     2679    -4    -5     T
      967  0.1470000E+03  0.12861E+00    5     2745    -4    -5     T
      996  0.1480000E+03  0.49635E-01    4     2858    -4    -5     T
     1026  0.1490000E+03  0.41570E-01    3     2972    -4    -5     T
     1041  0.1500000E+03  0.14843E+00    3     3014    -4    -5     T
     1045  0.1510000E+03  0.25000E+00    2     3027    -4    -5     T
     1048  0.1520000E+03  0.33333E+00    2     3033    -4    -5     T
     1050  0.1530000E+03  0.50000E+00    3     3038    -4    -5     T
     1052  0.1540000E+03  0.50000E+00    3     3043    -4    -5     T
     1065  0.1550000E+03  0.21151E+00    2     3069    -4    -5     T
     1096  0.1560000E+03  0.72101E-01    4     3189    -4    -5     T
     1110  0.1570000E+03  0.20873E+00    3     3225    -4    -5     T
     1123  0.1580000E+03  0.21151E+00    2     3251    -4    -5     T
     1136  0.1590000E+03  0.21151E+00    2     3277    -4    -5     T
     1140  0.1600000E+03  0.25000E+00    2     3287    -4    -5     T
     1142  0.1610000E+03  0.66667E+00    2     3291    -4    -5     T
     1144  0.1620000E+03  0.50000E+00    3     3297    -4    -5     T
     1165  0.1630000E+03  0.11785E+00    3     3368    -4    -5     T
     1170  0.1640000E+03  0.26786E+00    2     3382    -4    -5     T
     1173  0.1650000E+03  0.33333E+00    2     3388    -4    -5     T
     1175  0.1660000E+03  0.50000E+00    3     3394    -4    -5     T
     1188  0.1670000E+03  0.21151E+00    2     3420    -4    -5     T
     1192  0.1680000E+03  0.25000E+00    2     3430    -4    -5     T
     1205  0.1690000E+03  0.21151E+00    2     3460    -4    -5     T
     1209  0.1700000E+03  0.25000E+00    2     3470    -4    -5     T
     1211  0.1710000E+03  0.66667E+00    3     3475    -4    -5     T
     1213  0.1720000E+03  0.50000E+00    2     3479    -4    -5     T
     1214  0.1730000E+03  0.10000E+01    2     3481    -4    -5     T
     1238  0.1740000E+03  0.90703E-01    4     3573    -4    -5     T
     1245  0.1750000E+03  0.19527E+00    2     3593    -4    -5     T
     1248  0.1760000E+03  0.33333E+00    2     3599    -4    -5     T
     1261  0.1770000E+03  0.21151E+00    2     3625    -4    -5     T
     1292  0.1780000E+03  0.61841E-01    4     3748    -4    -5     T
     1308  0.1790000E+03  0.11280E+00    3     3794    -4    -5     T
     1313  0.1800000E+03  0.33333E+00    3     3813    -4    -5     T
     1331  0.1810000E+03  0.20501E+00    7     3875    -4    -5     T
     1338  0.1820000E+03  0.21875E+00    2     3898    -4    -5     T
     1341  0.1830000E+03  0.37500E+00    2     3904    -4    -5     T
     1355  0.1840000E+03  0.15040E+00    2     3938    -4    -5     T
     1414  0.1850000E+03  0.20738E-01    4     4194    -4    -5     T
     1436  0.1860000E+03  0.11877E+00    2     4269    -4    -5     T
     1440  0.1870000E+03  0.31250E+00    2     4279    -4    -5     T
     1453  0.1880000E+03  0.21151E+00    2     4305    -4    -5     T
     1466  0.1890000E+03  0.21151E+00    2     4331    -4    -5     T
     1498  0.1900000E+03  0.56667E-01    3     4455    -4    -5     T
     1510  0.1910000E+03  0.83685E-01    4     4503    -4    -5     T
     1517  0.1920000E+03  0.33474E+00    5     4528    -4    -5     T
     1530  0.1930000E+03  0.21151E+00    2     4554    -4    -5     T
     1533  0.1940000E+03  0.37500E+00    2     4560    -4    -5     T
     1535  0.1950000E+03  0.66667E+00    3     4565    -4    -5     T
     1537  0.1960000E+03  0.50000E+00    3     4571    -4    -5     T
     1538  0.1970000E+03  0.10000E+01    5     4576    -4    -5     T
     1539  0.1980000E+03  0.10000E+01    5     4581    -4    -5     T
     1540  0.1990000E+03  0.10000E+01    4     4585    -4    -5     T
     1541  0.2000000E+03  0.10000E+01    4     4589    -4    -5     T
     1542  0.2010000E+03  0.10000E+01    2     4591    -4    -5     T
     1543  0.2020000E+03  0.10000E+01    3     4594    -4    -5     T
     1544  0.2030000E+03  0.10000E+01    2     4596    -4    -5     T
     1545  0.2040000E+03  0.10000E+01    2     4598    -4    -5     T
     1586  0.2050000E+03  0.46419E-01    4     4768    -4    -5     T
     1597  0.2060000E+03  0.14323E+00    2     4803    -4    -5     T
     1600  0.2070000E+03  0.53333E+00    4     4811    -4    -5     T
     1613  0.2080000E+03  0.21151E+00    2     4837    -4    -5     T
     1640  0.2090000E+03  0.65432E-01    3     4939    -4    -5     T
     1653  0.2100000E+03  0.21151E+00    3     4971    -4    -5     T
     1729  0.2110000E+03  0.18389E-01    4     5313    -4    -5     T
     1747  0.2120000E+03  0.15450E+00    3     5375    -4    -5     T
     1751  0.2130000E+03  0.26667E+00    2     5385    -4    -5     T
     1753  0.2140000E+03  0.50000E+00    3     5391    -4    -5     T
     1770  0.2150000E+03  0.13573E+00    3     5445    -4    -5     T
     1774  0.2160000E+03  0.44444E+00    2     5456    -4    -5     T
     1776  0.2170000E+03  0.66667E+00    2     5460    -4    -5     T
     1778  0.2180000E+03  0.50000E+00    3     5466    -4    -5     T
     1792  0.2190000E+03  0.20873E+00    3     5500    -4    -5     T
     1796  0.2200000E+03  0.25000E+00    2     5510    -4    -5     T
     1811  0.2210000E+03  0.13860E+00    3     5553    -4    -5     T
     1815  0.2220000E+03  0.25000E+00    4     5569    -4    -5     T
     1829  0.2230000E+03  0.15040E+00    3     5607    -4    -5     T
     1842  0.2240000E+03  0.21151E+00    2     5633    -4    -5     T
     1855  0.2250000E+03  0.21151E+00    2     5659    -4    -5     T
     1858  0.2260000E+03  0.37500E+00    2     5665    -4    -5     T
     1860  0.2270000E+03  0.66667E+00    4     5672    -4    -5     T
     1862  0.2280000E+03  0.50000E+00    4     5681    -4    -5     T
     1924  0.2290000E+03  0.33651E-01    3     5944    -4    -5     T
     1939  0.2300000E+03  0.18831E+00    2     5986    -4    -5     T
     1942  0.2310000E+03  0.37500E+00    2     5992    -4    -5     T
     1967  0.2320000E+03  0.85532E-01    3     6083    -4    -5     T
     1974  0.2330000E+03  0.17778E+00    2     6106    -4    -5     T
     1992  0.2340000E+03  0.12831E+00    4     6168    -4    -5     T
     2005  0.2350000E+03  0.21151E+00    3     6197    -4    -5     T
     2009  0.2360000E+03  0.25000E+00    3     6210    -4    -5     T
     2011  0.2370000E+03  0.66667E+00    4     6217    -4    -5     T
     2013  0.2380000E+03  0.50000E+00    2     6222    -4    -5     T
     2015  0.2390000E+03  0.50000E+00    2     6226    -4    -5     T
     2028  0.2400000E+03  0.21151E+00    2     6252    -4    -5     T
     2044  0.2410000E+03  0.13391E+00    3     6302    -4    -5     T
     2057  0.2420000E+03  0.21151E+00    2     6328    -4    -5     T
     2061  0.2430000E+03  0.25000E+00    2     6339    -4    -5     T
     2074  0.2440000E+03  0.21151E+00    2     6365    -4    -5     T
     2077  0.2450000E+03  0.37500E+00    2     6371    -4    -5     T
     2090  0.2460000E+03  0.21151E+00    2     6397    -4    -5     T
     2111  0.2470000E+03  0.11094E+00    3     6471    -4    -5     T
     2124  0.2480000E+03  0.21151E+00    2     6497    -4    -5     T
     2137  0.2490000E+03  0.21151E+00    2     6523    -4    -5     T
     2152  0.2500000E+03  0.24352E+00    5     6569    -4    -5     T
     2157  0.2510000E+03  0.25000E+00    3     6587    -4    -5     T
     2160  0.2520000E+03  0.33333E+00    2     6594    -4    -5     T
     2162  0.2530000E+03  0.50000E+00    2     6599    -4    -5     T
     2175  0.2540000E+03  0.21151E+00    2     6625    -4    -5     T
     2178  0.2550000E+03  0.37500E+00    2     6631    -4    -5     T
     2180  0.2560000E+03  0.66667E+00    2     6635    -4    -5     T
     2182  0.2570000E+03  0.50000E+00    2     6639    -4    -5     T
     2183  0.2580000E+03  0.10000E+01    3     6642    -4    -5     T
     2184  0.2590000E+03  0.10000E+01    3     6645    -4    -5     T
     2185  0.2600000E+03  0.10000E+01    3     6648    -4    -5     T
     2217  0.2610000E+03  0.82895E-01    4     6776    -4    -5     T
     2225  0.2620000E+03  0.18137E+00    2     6802    -4    -5     T
     2228  0.2630000E+03  0.37500E+00    2     6809    -4    -5     T
     2230  0.2640000E+03  0.50000E+00    2     6813    -4    -5     T
     2232  0.2650000E+03  0.50000E+00    2     6817    -4    -5     T
     2233  0.2660000E+03  0.10000E+01    2     6819    -4    -5     T
     2234  0.2670000E+03  0.10000E+01    2     6821    -4    -5     T
     2235  0.2680000E+03  0.10000E+01    2     6823    -4    -5     T
     2236  0.2690000E+03  0.10000E+01    3     6826    -4    -5     T
     2255  0.2700000E+03  0.10793E+00    3     6890    -4    -5     T
     2269  0.2710000E+03  0.15040E+00    4     6930    -4    -5     T
     2275  0.2720000E+03  0.19048E+00    2     6949    -4    -5     T
     2278  0.2730000E+03  0.33333E+00    2     6956    -4    -5     T
     2280  0.2740000E+03  0.50000E+00    2     6960    -4    -5     T
     2282  0.2750000E+03  0.50000E+00    2     6964    -4    -5     T
     2283  0.2760000E+03  0.10000E+01    2     6966    -4    -5     T
     2284  0.2770000E+03  0.10000E+01    2     6968    -4    -5     T
     2297  0.2780000E+03  0.21151E+00    2     6994    -4    -5     T
     2310  0.2790000E+03  0.21151E+00    2     7020    -4    -5     T
     2313  0.2800000E+03  0.37500E+00    2     7026    -4    -5     T
     2315  0.2810000E+03  0.66667E+00    2     7030    -4    -5     T
     2317  0.2820000E+03  0.50000E+00    2     7034    -4    -5     T
     2318  0.2830000E+03  0.10000E+01    3     7037    -4    -5     T
     2319  0.2840000E+03  0.10000E+01    2     7039    -4    -5     T
     2320  0.2850000E+03  0.10000E+01    3     7042    -4    -5     T
     2321  0.2860000E+03  0.10000E+01    3     7045    -4    -5     T
     2322  0.2870000E+03  0.10000E+01    3     7048    -4    -5     T
     2323  0.2880000E+03  0.10000E+01    2     7050    -4    -5     T
     2324  0.2890000E+03  0.10000E+01    2     7052    -4    -5     T
     2325  0.2900000E+03  0.10000E+01    2     7054    -4    -5     T
     2342  0.2910000E+03  0.13863E+00    3     7108    -4    -5     T
     2355  0.2920000E+03  0.21151E+00    2     7134    -4    -5     T
     2368  0.2930000E+03  0.21151E+00    2     7160    -4    -5     T
     2381  0.2940000E+03  0.21151E+00    2     7186    -4    -5     T
     2396  0.2950000E+03  0.14843E+00    3     7225    -4    -5     T
     2400  0.2960000E+03  0.25000E+00    2     7237    -4    -5     T
     2413  0.2970000E+03  0.21151E+00    2     7263    -4    -5     T
     2417  0.2980000E+03  0.25000E+00    2     7273    -4    -5     T
     2430  0.2990000E+03  0.21151E+00    2     7299    -4    -5     T
     2433  0.3000000E+03  0.37500E+00    2     7305    -4    -5     T
     2447  0.3010000E+03  0.20873E+00    3     7339    -4    -5     T
     2451  0.3020000E+03  0.25000E+00    2     7349    -4    -5     T
     2464  0.3030000E+03  0.21151E+00    2     7375    -4    -5     T
     2467  0.3040000E+03  0.37500E+00    2     7381    -4    -5     T
     2469  0.3050000E+03  0.66667E+00    2     7385    -4    -5     T
     2471  0.3060000E+03  0.50000E+00    2     7389    -4    -5     T
     2472  0.3070000E+03  0.10000E+01    2     7391    -4    -5     T
     2473  0.3080000E+03  0.10000E+01    2     7393    -4    -5     T
     2474  0.3090000E+03  0.10000E+01    3     7396    -4    -5     T
     2475  0.3100000E+03  0.10000E+01    2     7398    -4    -5     T
     2476  0.3110000E+03  0.10000E+01    3     7401    -4    -5     T
     2477  0.3120000E+03  0.10000E+01    2     7403    -4    -5     T
     2490  0.3130000E+03  0.21151E+00    2     7430    -4    -5     T
     2494  0.3140000E+03  0.25000E+00    2     7440    -4    -5     T
     2507  0.3150000E+03  0.21151E+00    2     7466    -4    -5     T
     2510  0.3160000E+03  0.37500E+00    2     7472    -4    -5     T
     2512  0.3170000E+03  0.66667E+00    2     7476    -4    -5     T
     2514  0.3180000E+03  0.50000E+00    2     7480    -4    -5     T
     2515  0.3190000E+03  0.10000E+01    2     7482    -4    -5     T
     2516  0.3200000E+03  0.10000E+01    2     7484    -4    -5     T
     2517  0.3210000E+03  0.10000E+01    2     7486    -4    -5     T
     2532  0.3220000E+03  0.13915E+00    2     7526    -4    -5     T
     2545  0.3230000E+03  0.21151E+00    2     7552    -4    -5     T
     2548  0.3240000E+03  0.37500E+00    2     7558    -4    -5     T
     2550  0.3250000E+03  0.66667E+00    2     7562    -4    -5     T
     2552  0.3260000E+03  0.50000E+00    2     7566    -4    -5     T
     2553  0.3270000E+03  0.10000E+01    2     7568    -4    -5     T
     2554  0.3280000E+03  0.10000E+01    2     7570    -4    -5     T
     2568  0.3290000E+03  0.20873E+00    4     7607    -4    -5     T
     2572  0.3300000E+03  0.44444E+00    3     7618    -4    -5     T
     2574  0.3310000E+03  0.66667E+00    2     7622    -4    -5     T
     2576  0.3320000E+03  0.50000E+00    2     7626    -4    -5     T
     2577  0.3330000E+03  0.10000E+01    2     7628    -4    -5     T
     2578  0.3340000E+03  0.10000E+01    2     7630    -4    -5     T
     2579  0.3350000E+03  0.10000E+01    2     7632    -4    -5     T
     2580  0.3360000E+03  0.10000E+01    2     7634    -4    -5     T
     2593  0.3370000E+03  0.21151E+00    2     7660    -4    -5     T
     2597  0.3380000E+03  0.25000E+00    2     7670    -4    -5     T
     2599  0.3390000E+03  0.66667E+00    2     7674    -4    -5     T
     2601  0.3400000E+03  0.50000E+00    2     7678    -4    -5     T
     2614  0.3410000E+03  0.21151E+00    2     7704    -4    -5     T
     2629  0.3420000E+03  0.24352E+00    5     7748    -4    -5     T
     2642  0.3430000E+03  0.21151E+00    2     7774    -4    -5     T
     2645  0.3440000E+03  0.37500E+00    2     7780    -4    -5     T
     2648  0.3450000E+03  0.33333E+00    2     7788    -4    -5     T
     2662  0.3460000E+03  0.20873E+00    2     7819    -4    -5     T
     2675  0.3470000E+03  0.21151E+00    2     7845    -4    -5     T
     2678  0.3480000E+03  0.37500E+00    2     7851    -4    -5     T
     2691  0.3490000E+03  0.21151E+00    2     7877    -4    -5     T
     2704  0.3500000E+03  0.21151E+00    2     7903    -4    -5     T
     2717  0.3510000E+03  0.21151E+00    2     7929    -4    -5     T
     2720  0.3520000E+03  0.37500E+00    2     7935    -4    -5     T
     2722  0.3530000E+03  0.66667E+00    2     7939    -4    -5     T
     2724  0.3540000E+03  0.50000E+00    2     7943    -4    -5     T
     2725  0.3550000E+03  0.10000E+01    2     7945    -4    -5     T
     2726  0.3560000E+03  0.10000E+01    2     7947    -4    -5     T
     2727  0.3570000E+03  0.10000E+01    2     7949    -4    -5     T
     2728  0.3580000E+03  0.10000E+01    2     7951    -4    -5     T
     2729  0.3590000E+03  0.10000E+01    2     7953    -4    -5     T
     2730  0.3600000E+03  0.10000E+01    2     7955    -4    -5     T
     2731  0.3610000E+03  0.10000E+01    2     7957    -4    -5     T
     2732  0.3620000E+03  0.10000E+01    2     7959    -4    -5     T
     2733  0.3630000E+03  0.10000E+01    2     7961    -4    -5     T
     2734  0.3640000E+03  0.10000E+01    2     7963    -4    -5     T
     2735  0.3650000E+03  0.10000E+01    2     7965    -4    -5     T
     2736  0.3660000E+03  0.10000E+01    2     7967    -4    -5     T
     2737  0.3670000E+03  0.10000E+01    2     7969    -4    -5     T
     2738  0.3680000E+03  0.10000E+01    2     7971    -4    -5     T
     2739  0.3690000E+03  0.10000E+01    2     7973    -4    -5     T
     2740  0.3700000E+03  0.10000E+01    2     7975    -4    -5     T
     2741  0.3710000E+03  0.10000E+01    2     7977    -4    -5     T
     2742  0.3720000E+03  0.10000E+01    2     7979    -4    -5     T
     2743  0.3730000E+03  0.10000E+01    3     7982    -4    -5     T
     2744  0.3740000E+03  0.10000E+01    2     7984    -4    -5     T
     2745  0.3750000E+03  0.10000E+01    2     7986    -4    -5     T
     2746  0.3760000E+03  0.10000E+01    2     7988    -4    -5     T
     2747  0.3770000E+03  0.10000E+01    2     7990    -4    -5     T
     2760  0.3780000E+03  0.21151E+00    2     8016    -4    -5     T
     2763  0.3790000E+03  0.37500E+00    2     8023    -4    -5     T
     2765  0.3800000E+03  0.66667E+00    2     8027    -4    -5     T
     2767  0.3810000E+03  0.50000E+00    2     8031    -4    -5     T
     2780  0.3820000E+03  0.21151E+00    2     8057    -4    -5     T
     2783  0.3830000E+03  0.37500E+00    2     8064    -4    -5     T
     2785  0.3840000E+03  0.66667E+00    2     8068    -4    -5     T
     2787  0.3850000E+03  0.50000E+00    2     8073    -4    -5     T
     2788  0.3860000E+03  0.10000E+01    3     8076    -4    -5     T
     2789  0.3870000E+03  0.10000E+01    2     8078    -4    -5     T
     2790  0.3880000E+03  0.10000E+01    3     8081    -4    -5     T
     2791  0.3890000E+03  0.10000E+01    3     8084    -4    -5     T
     2792  0.3900000E+03  0.10000E+01    4     8088    -4    -5     T
     2793  0.3910000E+03  0.10000E+01    3     8091    -4    -5     T
     2794  0.3920000E+03  0.10000E+01    3     8094    -4    -5     T
     2795  0.3930000E+03  0.10000E+01    2     8096    -4    -5     T
     2796  0.3940000E+03  0.10000E+01    3     8099    -4    -5     T
     2797  0.3950000E+03  0.10000E+01    3     8102    -4    -5     T
     2798  0.3960000E+03  0.10000E+01    2     8104    -4    -5     T
     2799  0.3970000E+03  0.10000E+01    2     8106    -4    -5     T
     2813  0.3980000E+03  0.20873E+00    3     8141    -4    -5     T
     2826  0.3990000E+03  0.21151E+00    2     8167    -4    -5     T
     2829  0.4000000E+03  0.37500E+00    2     8173    -4    -5     T
     2843  0.4010000E+03  0.20873E+00    3     8205    -4    -5     T
     2847  0.4020000E+03  0.25000E+00    2     8215    -4    -5     T
     2849  0.4030000E+03  0.66667E+00    2     8219    -4    -5     T
     2851  0.4040000E+03  0.50000E+00    2     8223    -4    -5     T
     2852  0.4050000E+03  0.10000E+01    3     8226    -4    -5     T
     2853  0.4060000E+03  0.10000E+01    3     8229    -4    -5     T
     2854  0.4070000E+03  0.10000E+01    2     8231    -4    -5     T
     2855  0.4080000E+03  0.10000E+01    2     8233    -4    -5     T
     2856  0.4090000E+03  0.10000E+01    3     8236    -4    -5     T
     2857  0.4100000E+03  0.10000E+01    4     8240    -4    -5     T
     2858  0.4110000E+03  0.10000E+01    2     8242    -4    -5     T
     2859  0.4120000E+03  0.10000E+01    2     8244    -4    -5     T
     2860  0.4130000E+03  0.10000E+01    3     8247    -4    -5     T
     2861  0.4140000E+03  0.10000E+01    3     8250    -4    -5     T
     2862  0.4150000E+03  0.10000E+01    3     8253    -4    -5     T
     2863  0.4160000E+03  0.10000E+01    4     8257    -4    -5     T
     2864  0.4170000E+03  0.10000E+01    3     8260    -4    -5     T
     2865  0.4180000E+03  0.10000E+01    2     8262    -4    -5     T
     2866  0.4190000E+03  0.10000E+01    3     8265    -4    -5     T
     2867  0.4200000E+03  0.10000E+01    6     8271    -4    -5     T
     2868  0.4210000E+03  0.10000E+01    2     8273    -4    -5     T
     2869  0.4220000E+03  0.10000E+01    7     8280    -4    -5     T
     2884  0.4230000E+03  0.15961E+00    2     8310    -4    -5     T
     2897  0.4240000E+03  0.21151E+00    2     8336    -4    -5     T
     2900  0.4250000E+03  0.37500E+00    2     8343    -4    -5     T
     2915  0.4260000E+03  0.13801E+00    2     8382    -4    -5     T
     2928  0.4270000E+03  0.21151E+00    2     8408    -4    -5     T
     2931  0.4280000E+03  0.37500E+00    2     8414    -4    -5     T
     2956  0.4290000E+03  0.15683E+00    6     8507    -4    -5     T
     2969  0.4300000E+03  0.21151E+00    2     8533    -4    -5     T
     2972  0.4310000E+03  0.37500E+00    2     8539    -4    -5     T
     2974  0.4320000E+03  0.66667E+00    2     8543    -4    -5     T
     2987  0.4330000E+03  0.21151E+00    3     8575    -4    -5     T
     2991  0.4340000E+03  0.25000E+00    2     8586    -4    -5     T
     2993  0.4350000E+03  0.66667E+00    2     8590    -4    -5     T
     3006  0.4360000E+03  0.21151E+00    2     8616    -4    -5     T
     3019  0.4370000E+03  0.21151E+00    2     8642    -4    -5     T
     3023  0.4380000E+03  0.25000E+00    2     8652    -4    -5     T
     3025  0.4390000E+03  0.66667E+00    2     8656    -4    -5     T
     3027  0.4400000E+03  0.50000E+00    2     8661    -4    -5     T
     3040  0.4410000E+03  0.21151E+00    2     8687    -4    -5     T
     3043  0.4420000E+03  0.37500E+00    2     8693    -4    -5     T
     3046  0.4430000E+03  0.33333E+00    2     8701    -4    -5     T
     3048  0.4440000E+03  0.50000E+00    2     8705    -4    -5     T
     3050  0.4450000E+03  0.50000E+00    2     8709    -4    -5     T
     3051  0.4460000E+03  0.10000E+01    2     8711    -4    -5     T
     3074  0.4470000E+03  0.86652E-01    3     8792    -4    -5     T
     3092  0.4480000E+03  0.86084E-01    3     8849    -4    -5     T
     3105  0.4490000E+03  0.21151E+00    4     8881    -4    -5     T
     3109  0.4500000E+03  0.44444E+00    4     8895    -4    -5     T
     3112  0.4510000E+03  0.33333E+00    2     8901    -4    -5     T
     3125  0.4520000E+03  0.21151E+00    2     8927    -4    -5     T
     3138  0.4530000E+03  0.21151E+00    2     8953    -4    -5     T
     3151  0.4540000E+03  0.21151E+00    2     8979    -4    -5     T
     3154  0.4550000E+03  0.37500E+00    2     8986    -4    -5     T
     3156  0.4560000E+03  0.66667E+00    3     8991    -4    -5     T
     3158  0.4570000E+03  0.50000E+00    2     8996    -4    -5     T
     3171  0.4580000E+03  0.21151E+00    2     9023    -4    -5     T
     3184  0.4590000E+03  0.21151E+00    2     9049    -4    -5     T
     3187  0.4600000E+03  0.37500E+00    2     9055    -4    -5     T
     3189  0.4610000E+03  0.66667E+00    3     9060    -4    -5     T
     3191  0.4620000E+03  0.50000E+00    2     9064    -4    -5     T
     3215  0.4630000E+03  0.87554E-01    3     9150    -4    -5     T
     3221  0.4640000E+03  0.24306E+00    2     9169    -4    -5     T
     3224  0.4650000E+03  0.33333E+00    2     9175    -4    -5     T
     3226  0.4660000E+03  0.50000E+00    2     9179    -4    -5     T
     3228  0.4670000E+03  0.50000E+00    2     9183    -4    -5     T
     3242  0.4680000E+03  0.15040E+00    3     9219    -4    -5     T
     3246  0.4690000E+03  0.25000E+00    2     9230    -4    -5     T
     3248  0.4700000E+03  0.66667E+00    4     9236    -4    -5     T
     3286  0.4710000E+03  0.42156E-01    4     9393    -4    -5     T
     3297  0.4720000E+03  0.18177E+00    2     9429    -4    -5     T
     3310  0.4730000E+03  0.21151E+00    2     9455    -4    -5     T
     3314  0.4740000E+03  0.25000E+00    2     9465    -4    -5     T
     3328  0.4750000E+03  0.20873E+00    4     9503    -4    -5     T
     3332  0.4760000E+03  0.44444E+00    3     9515    -4    -5     T
     3334  0.4770000E+03  0.66667E+00    2     9519    -4    -5     T
     3336  0.4780000E+03  0.50000E+00    2     9523    -4    -5     T
     3349  0.4790000E+03  0.21151E+00    2     9549    -4    -5     T
     3353  0.4800000E+03  0.25000E+00    2     9560    -4    -5     T
     3367  0.4810000E+03  0.18507E+00    3     9597    -4    -5     T
     3380  0.4820000E+03  0.21151E+00    2     9623    -4    -5     T
     3384  0.4830000E+03  0.25000E+00    3     9636    -4    -5     T
     3386  0.4840000E+03  0.66667E+00    3     9641    -4    -5     T
     3388  0.4850000E+03  0.50000E+00    3     9646    -4    -5     T
     3389  0.4860000E+03  0.10000E+01    2     9648    -4    -5     T
     3413  0.4870000E+03  0.78784E-01    3     9736    -4    -5     T
     3426  0.4880000E+03  0.21151E+00    2     9762    -4    -5     T
     3441  0.4890000E+03  0.13801E+00    3     9806    -4    -5     T
     3454  0.4900000E+03  0.21151E+00    2     9832    -4    -5     T
     3481  0.4910000E+03  0.60563E-01    4     9934    -4    -5     T
     3496  0.4920000E+03  0.16693E+00    3     9977    -4    -5     T
     3500  0.4930000E+03  0.44444E+00    3     9989    -4    -5     T
     3502  0.4940000E+03  0.66667E+00    4     9995    -4    -5     T
     3504  0.4950000E+03  0.50000E+00    2    10000    -4    -5     T
     3506  0.4960000E+03  0.50000E+00    2    10004    -4    -5     T
     3507  0.4970000E+03  0.10000E+01    2    10006    -4    -5     T
     3508  0.4980000E+03  0.10000E+01    2    10008    -4    -5     T
     3509  0.4990000E+03  0.10000E+01    2    10010    -4    -5     T
     3510  0.5000000E+03  0.10000E+01    2    10012    -4    -5     T
     3511  0.5010000E+03  0.10000E+01    3    10015    -4    -5     T
     3524  0.5020000E+03  0.21151E+00    2    10043    -4    -5     T
     3528  0.5030000E+03  0.25000E+00    2    10053    -4    -5     T
     3555  0.5040000E+03  0.65022E-01    3    10155    -4    -5     T
     3592  0.5050000E+03  0.38204E-01    5    10302    -4    -5     T
     3629  0.5060000E+03  0.29979E-01    4    10467    -4    -5     T
     3649  0.5070000E+03  0.10448E+00    3    10534    -4    -5     T
     3654  0.5080000E+03  0.26786E+00    3    10551    -4    -5     T
     3657  0.5090000E+03  0.33333E+00    2    10559    -4    -5     T
     3670  0.5100000E+03  0.21151E+00    2    10585    -4    -5     T
     3674  0.5110000E+03  0.25000E+00    2    10595    -4    -5     T
     3676  0.5120000E+03  0.66667E+00    3    10600    -4    -5     T
     3678  0.5130000E+03  0.50000E+00    3    10606    -4    -5     T
     3679  0.5140000E+03  0.10000E+01    5    10611    -4    -5     T
     3680  0.5150000E+03  0.10000E+01    4    10615    -4    -5     T
     3695  0.5160000E+03  0.14307E+00    3    10659    -4    -5     T
     3700  0.5170000E+03  0.22222E+00    8    10682     4    -5     T
     3704  0.5180000E+03  0.31250E+00    2    10691     4    -5     T
     3717  0.5190000E+03  0.21151E+00    3    10720    -4    -5     T
     3720  0.5200000E+03  0.37500E+00    2    10727    -4    -5     T
     3769  0.5210000E+03  0.37239E-01    4    10934    -4    -5     T
     3807  0.5220000E+03  0.32205E-01    4    11091    -4    -5     T
     3823  0.5230000E+03  0.15484E+00    4    11141    -4    -5     T
     3836  0.5240000E+03  0.21151E+00    2    11168    -4    -5     T
     3856  0.5250000E+03  0.99575E-01    3    11237    -4    -5     T
     3869  0.5260000E+03  0.21151E+00    3    11269    -4    -5     T
     3872  0.5270000E+03  0.37500E+00    3    11279    -4    -5     T
     3885  0.5280000E+03  0.21151E+00    2    11305    -4    -5     T
     3898  0.5290000E+03  0.21151E+00    2    11331    -4    -5     T
     3911  0.5300000E+03  0.21151E+00    2    11357    -4    -5     T
     3924  0.5310000E+03  0.21151E+00    2    11383    -4    -5     T
     3937  0.5320000E+03  0.21151E+00    2    11409    -4    -5     T
     3940  0.5330000E+03  0.37500E+00    2    11415    -4    -5     T
     3953  0.5340000E+03  0.21151E+00    2    11441    -4    -5     T
     3973  0.5350000E+03  0.12993E+00    4    11513    -4    -5     T
     3979  0.5360000E+03  0.24306E+00    2    11532    -4    -5     T
     3982  0.5370000E+03  0.33333E+00    2    11538    -4    -5     T
     3995  0.5380000E+03  0.21151E+00    2    11564    -4    -5     T
     3998  0.5390000E+03  0.37500E+00    2    11570    -4    -5     T
     4011  0.5400000E+03  0.21151E+00    2    11596    -4    -5     T
     4027  0.5410000E+03  0.13359E+00    3    11646    -4    -5     T
     4040  0.5420000E+03  0.21151E+00    2    11672    -4    -5     T
     4043  0.5430000E+03  0.37500E+00    2    11678    -4    -5     T
     4058  0.5440000E+03  0.13915E+00    3    11720    -4    -5     T
     4071  0.5450000E+03  0.21151E+00    2    11746    -4    -5     T
     4074  0.5460000E+03  0.37500E+00    2    11752    -4    -5     T
     4089  0.5470000E+03  0.13860E+00    3    11794    -4    -5     T
     4093  0.5480000E+03  0.25000E+00    2    11806    -4    -5     T
     4095  0.5490000E+03  0.66667E+00    3    11811    -4    -5     T
     4097  0.5500000E+03  0.50000E+00    3    11817    -4    -5     T
     4124  0.5510000E+03  0.80888E-01    4    11918    -4    -5     T
     4131  0.5520000E+03  0.34431E+00    3    11942    -4    -5     T
     4144  0.5530000E+03  0.21151E+00    2    11969    -4    -5     T
     4162  0.5540000E+03  0.12649E+00    6    12032    -4    -5     T
     4177  0.5550000E+03  0.11280E+00    3    12074    -4    -5     T
     4190  0.5560000E+03  0.21151E+00    3    12103    -4    -5     T
     4194  0.5570000E+03  0.25000E+00    2    12115    -4    -5     T
     4197  0.5580000E+03  0.33333E+00    3    12123    -4    -5     T
     4199  0.5590000E+03  0.50000E+00    3    12129    -4    -5     T
     4213  0.5600000E+03  0.14100E+00    3    12167    -4    -5     T
     4315  0.5610000E+03  0.27345E-01    5    12611    -4    -5     T
     4332  0.5620000E+03  0.25841E+00    4    12667    -4    -5     T
     4336  0.5630000E+03  0.31250E+00    2    12678    -4    -5     T
     4349  0.5640000E+03  0.21151E+00    2    12705    -4    -5     T
     4364  0.5650000E+03  0.14843E+00    3    12746    -4    -5     T
     4369  0.5660000E+03  0.25000E+00    2    12762    -4    -5     T
     4382  0.5670000E+03  0.21151E+00    2    12788    -4    -5     T
     4395  0.5680000E+03  0.21151E+00    2    12815    -4    -5     T
     4408  0.5690000E+03  0.21151E+00    2    12841    -4    -5     T
     4421  0.5700000E+03  0.21151E+00    2    12868    -4    -5     T
     4425  0.5710000E+03  0.25000E+00    2    12878    -4    -5     T
     4427  0.5720000E+03  0.66667E+00    2    12882    -4    -5     T
     4429  0.5730000E+03  0.50000E+00    2    12886    -4    -5     T
     4442  0.5740000E+03  0.21151E+00    2    12912    -4    -5     T
     4445  0.5750000E+03  0.37500E+00    2    12919    -4    -5     T
     4447  0.5760000E+03  0.66667E+00    3    12924    -4    -5     T
     4460  0.5770000E+03  0.21151E+00    2    12950    -4    -5     T
     4473  0.5780000E+03  0.21151E+00    2    12976    -4    -5     T
     4476  0.5790000E+03  0.37500E+00    2    12983    -4    -5     T
     4498  0.5800000E+03  0.10870E+00    3    13064    -4    -5     T
     4503  0.5810000E+03  0.26786E+00    2    13078    -4    -5     T
     4518  0.5820000E+03  0.14843E+00    3    13121    -4    -5     T
     4531  0.5830000E+03  0.21151E+00    2    13147    -4    -5     T
     4535  0.5840000E+03  0.25000E+00    2    13157    -4    -5     T
     4537  0.5850000E+03  0.66667E+00    3    13162    -4    -5     T
     4570  0.5860000E+03  0.81136E-01    4    13293    -4    -5     T
     4584  0.5870000E+03  0.20873E+00    3    13329    -4    -5     T
     4588  0.5880000E+03  0.25000E+00    2    13340    -4    -5     T
     4590  0.5890000E+03  0.66667E+00    3    13345    -4    -5     T
     4603  0.5900000E+03  0.21151E+00    2    13371    -4    -5     T
     4606  0.5910000E+03  0.37500E+00    2    13377    -4    -5     T
     4619  0.5920000E+03  0.21151E+00    2    13403    -4    -5     T
     4641  0.5930000E+03  0.12433E+00    4    13483    -4    -5     T
     4654  0.5940000E+03  0.21151E+00    3    13511    -4    -5     T
     4658  0.5950000E+03  0.25000E+00    2    13525    -4    -5     T
     4661  0.5960000E+03  0.33333E+00    2    13531    -4    -5     T
     4663  0.5970000E+03  0.50000E+00    2    13535    -4    -5     T
     4676  0.5980000E+03  0.21151E+00    2    13561    -4    -5     T
     4680  0.5990000E+03  0.25000E+00    2    13571    -4    -5     T
     4682  0.6000000E+03  0.66667E+00    2    13575    -4    -5     T
     4709  0.6010000E+03  0.11742E+00    5    13680    -4    -5     T
     4722  0.6020000E+03  0.21151E+00    3    13710    -4    -5     T
     4726  0.6030000E+03  0.25000E+00    2    13721    -4    -5     T
     4728  0.6040000E+03  0.66667E+00    2    13725    -4    -5     T
     4730  0.6050000E+03  0.50000E+00    2    13729    -4    -5     T
     4731  0.6060000E+03  0.10000E+01    2    13731    -4    -5     T
     4732  0.6070000E+03  0.10000E+01    2    13733    -4    -5     T
     4745  0.6080000E+03  0.21151E+00    2    13759    -4    -5     T
     4748  0.6090000E+03  0.37500E+00    2    13765    -4    -5     T
     4750  0.6100000E+03  0.66667E+00    3    13770    -4    -5     T
     4752  0.6110000E+03  0.50000E+00    2    13774    -4    -5     T
     4753  0.6120000E+03  0.10000E+01    2    13776    -4    -5     T
     4754  0.6130000E+03  0.10000E+01    3    13779    -4    -5     T
     4755  0.6140000E+03  0.10000E+01    2    13781    -4    -5     T
     4756  0.6150000E+03  0.10000E+01    3    13784    -4    -5     T
     4769  0.6160000E+03  0.21151E+00    3    13813    -4    -5     T
     4785  0.6170000E+03  0.13773E+00    3    13862    -4    -5     T
     4789  0.6180000E+03  0.44444E+00    3    13875    -4    -5     T
     4791  0.6190000E+03  0.66667E+00    2    13879    -4    -5     T
     4793  0.6200000E+03  0.50000E+00    3    13884    -4    -5     T
     4839  0.6210000E+03  0.55442E-01    4    14071    -4    -5     T
     4853  0.6220000E+03  0.20873E+00    3    14109    -4    -5     T
     4866  0.6230000E+03  0.21151E+00    2    14135    -4    -5     T
     4879  0.6240000E+03  0.21151E+00    2    14161    -4    -5     T
     4883  0.6250000E+03  0.25000E+00    2    14171    -4    -5     T
     4885  0.6260000E+03  0.66667E+00    2    14175    -4    -5     T
     4887  0.6270000E+03  0.50000E+00    2    14179    -4    -5     T
     4888  0.6280000E+03  0.10000E+01    2    14181    -4    -5     T
     4889  0.6290000E+03  0.10000E+01    2    14183    -4    -5     T
     4890  0.6300000E+03  0.10000E+01    2    14185    -4    -5     T
     4903  0.6310000E+03  0.21151E+00    2    14211    -4    -5     T
     4916  0.6320000E+03  0.21151E+00    2    14237    -4    -5     T
     4919  0.6330000E+03  0.37500E+00    2    14243    -4    -5     T
     4936  0.6340000E+03  0.13573E+00    3    14297    -4    -5     T
     4949  0.6350000E+03  0.21151E+00    2    14324    -4    -5     T
     4952  0.6360000E+03  0.37500E+00    2    14330    -4    -5     T
     4954  0.6370000E+03  0.66667E+00    2    14334    -4    -5     T
     4956  0.6380000E+03  0.50000E+00    2    14338    -4    -5     T
     4957  0.6390000E+03  0.10000E+01    2    14340    -4    -5     T
     4958  0.6400000E+03  0.10000E+01    2    14342    -4    -5     T
     4959  0.6410000E+03  0.10000E+01    3    14345    -4    -5     T
     4982  0.6420000E+03  0.10234E+00    3    14428    -4    -5     T
     4995  0.6430000E+03  0.21151E+00    2    14455    -4    -5     T
     4998  0.6440000E+03  0.37500E+00    2    14462    -4    -5     T
     5000  0.6450000E+03  0.66667E+00    2    14466    -4    -5     T
     5002  0.6460000E+03  0.50000E+00    2    14470    -4    -5     T
     5003  0.6470000E+03  0.10000E+01    3    14473    -4    -5     T
     5004  0.6480000E+03  0.10000E+01    2    14475    -4    -5     T
     5017  0.6490000E+03  0.21151E+00    2    14501    -4    -5     T
     5020  0.6500000E+03  0.37500E+00    2    14508    -4    -5     T
     5022  0.6510000E+03  0.66667E+00    2    14512    -4    -5     T
     5024  0.6520000E+03  0.50000E+00    2    14516    -4    -5     T
     5025  0.6530000E+03  0.10000E+01    2    14518    -4    -5     T
     5026  0.6540000E+03  0.10000E+01    3    14521    -4    -5     T
     5027  0.6550000E+03  0.10000E+01    2    14523    -4    -5     T
     5040  0.6560000E+03  0.21151E+00    3    14551    -4    -5     T
     5044  0.6570000E+03  0.25000E+00    2    14561    -4    -5     T
     5046  0.6580000E+03  0.66667E+00    3    14566    -4    -5     T
     5048  0.6590000E+03  0.50000E+00    2    14570    -4    -5     T
     5049  0.6600000E+03  0.10000E+01    3    14573    -4    -5     T
     5050  0.6610000E+03  0.10000E+01    2    14575    -4    -5     T
     5051  0.6620000E+03  0.10000E+01    4    14579    -4    -5     T
     5052  0.6630000E+03  0.10000E+01    3    14582    -4    -5     T
     5053  0.6640000E+03  0.10000E+01    3    14585    -4    -5     T
     5054  0.6650000E+03  0.10000E+01    2    14587    -4    -5     T
     5055  0.6660000E+03  0.10000E+01    2    14589    -4    -5     T
     5056  0.6670000E+03  0.10000E+01    2    14591    -4    -5     T
     5069  0.6680000E+03  0.21151E+00    2    14617    -4    -5     T
     5082  0.6690000E+03  0.21151E+00    2    14643    -4    -5     T
     5086  0.6700000E+03  0.25000E+00    2    14653    -4    -5     T
     5100  0.6710000E+03  0.20873E+00    4    14690    -4    -5     T
     5113  0.6720000E+03  0.21151E+00    2    14716    -4    -5     T
     5116  0.6730000E+03  0.37500E+00    2    14722    -4    -5     T
     5118  0.6740000E+03  0.66667E+00    2    14726    -4    -5     T
     5131  0.6750000E+03  0.21151E+00    2    14752    -4    -5     T
     5144  0.6760000E+03  0.21151E+00    2    14778    -4    -5     T
     5158  0.6770000E+03  0.20873E+00    4    14816    -4    -5     T
     5162  0.6780000E+03  0.44444E+00    4    14828    -4    -5     T
     5165  0.6790000E+03  0.33333E+00    2    14837    -4    -5     T
     5167  0.6800000E+03  0.66667E+00    2    14841    -4    -5     T
     5169  0.6810000E+03  0.50000E+00    2    14845    -4    -5     T
     5170  0.6820000E+03  0.10000E+01    2    14847    -4    -5     T
     5183  0.6830000E+03  0.21151E+00    3    14876    -4    -5     T
     5196  0.6840000E+03  0.21151E+00    2    14902    -4    -5     T
     5199  0.6850000E+03  0.37500E+00    2    14908    -4    -5     T
     5201  0.6860000E+03  0.66667E+00    2    14912    -4    -5     T
     5214  0.6870000E+03  0.21151E+00    2    14938    -4    -5     T
     5217  0.6880000E+03  0.37500E+00    2    14944    -4    -5     T
     5219  0.6890000E+03  0.66667E+00    2    14948    -4    -5     T
     5221  0.6900000E+03  0.50000E+00    2    14952    -4    -5     T
     5234  0.6910000E+03  0.21151E+00    2    14978    -4    -5     T
     5237  0.6920000E+03  0.37500E+00    2    14984    -4    -5     T
     5239  0.6930000E+03  0.66667E+00    2    14988    -4    -5     T
     5252  0.6940000E+03  0.21151E+00    2    15014    -4    -5     T
     5256  0.6950000E+03  0.25000E+00    2    15024    -4    -5     T
     5258  0.6960000E+03  0.66667E+00    2    15028    -4    -5     T
     5260  0.6970000E+03  0.50000E+00    2    15032    -4    -5     T
     5273  0.6980000E+03  0.21151E+00    2    15058    -4    -5     T
     5286  0.6990000E+03  0.21151E+00    2    15084    -4    -5     T
     5299  0.7000000E+03  0.21151E+00    2    15110    -4    -5     T
     5312  0.7010000E+03  0.21151E+00    3    15138    -4    -5     T
     5325  0.7020000E+03  0.21151E+00    2    15164    -4    -5     T
     5338  0.7030000E+03  0.21151E+00    2    15190    -4    -5     T
     5341  0.7040000E+03  0.37500E+00    2    15197    -4    -5     T
     5354  0.7050000E+03  0.21151E+00    2    15223    -4    -5     T
     5367  0.7060000E+03  0.21151E+00    2    15249    -4    -5     T
     5370  0.7070000E+03  0.37500E+00    2    15255    -4    -5     T
     5372  0.7080000E+03  0.66667E+00    2    15259    -4    -5     T
     5374  0.7090000E+03  0.50000E+00    2    15263    -4    -5     T
     5375  0.7100000E+03  0.10000E+01    2    15265    -4    -5     T
     5391  0.7110000E+03  0.13889E+00    3    15316    -4    -5     T
     5395  0.7120000E+03  0.41667E+00    5    15331    -4    -5     T
     5408  0.7130000E+03  0.21151E+00    2    15357    -4    -5     T
     5421  0.7140000E+03  0.21151E+00    2    15383    -4    -5     T
     5434  0.7150000E+03  0.21151E+00    2    15409    -4    -5     T
     5447  0.7160000E+03  0.21151E+00    2    15435    -4    -5     T
     5460  0.7170000E+03  0.21151E+00    2    15461    -4    -5     T
     5473  0.7180000E+03  0.21151E+00    2    15488    -4    -5     T
     5486  0.7190000E+03  0.21151E+00    2    15514    -4    -5     T
     5489  0.7200000E+03  0.37500E+00    2    15520    -4    -5     T
     5491  0.7210000E+03  0.66667E+00    2    15524    -4    -5     T
     5493  0.7220000E+03  0.50000E+00    2    15528    -4    -5     T
     5494  0.7230000E+03  0.10000E+01    2    15530    -4    -5     T
     5495  0.7240000E+03  0.10000E+01    2    15532    -4    -5     T
     5508  0.7250000E+03  0.21151E+00    2    15558    -4    -5     T
     5511  0.7260000E+03  0.37500E+00    2    15564    -4    -5     T
     5513  0.7270000E+03  0.66667E+00    2    15568    -4    -5     T
     5515  0.7280000E+03  0.50000E+00    2    15572    -4    -5     T
     5516  0.7290000E+03  0.10000E+01    2    15574    -4    -5     T
     5517  0.7300000E+03  0.10000E+01    2    15576    -4    -5     T
end
