

   Time         sum(rTop)     sum(rRoot)    sum(vTop)     sum(vRoot)     sum(vBot)    hTop       hRoot      hBot      A-level
    [T]           [L]           [L]           [L]           [L]            [L]        [L]         [L]       [L] 

     1.00000 -0.510000E+00  0.146450E-01 -0.510000E+00  0.146450E-01 -0.891640E-02   -277.816   -405.753   -500.000       1
     2.00000 -0.530000E+00  0.330700E-01 -0.530001E+00  0.330700E-01 -0.178328E-01   -371.291   -405.976   -500.000       2
     3.00000 -0.496056E+00  0.643960E-01 -0.496138E+00  0.643960E-01 -0.267497E-01   -431.546   -428.093   -499.974       3
     4.00000 -0.496056E+00  0.918790E-01 -0.496106E+00  0.918790E-01 -0.356714E-01   -443.439   -441.495   -499.800       4
     5.00000 -0.462478E+00  0.114391E+00 -0.462466E+00  0.114391E+00 -0.446066E-01   -482.665   -458.836   -499.390       5
     6.00000 -0.425347E+00  0.142181E+00 -0.425466E+00  0.142181E+00 -0.535757E-01   -514.041   -475.527   -498.603       6
     7.00000 -0.363988E+00  0.162007E+00 -0.363908E+00  0.162007E+00 -0.625876E-01   -573.453   -500.124   -497.612       7
     8.00000 -0.318183E+00  0.179222E+00 -0.318038E+00  0.179222E+00 -0.716453E-01   -595.642   -518.116   -496.461       8
     9.00000 -0.277535E+00  0.202088E+00 -0.277531E+00  0.202088E+00 -0.807505E-01   -615.794   -533.522   -495.259       9
    10.00000 -0.219581E+00  0.223838E+00 -0.219549E+00  0.223838E+00 -0.899015E-01   -675.775   -556.562   -494.113      10
    11.00000 -0.169124E+00  0.267209E+00 -0.169633E+00  0.267209E+00 -0.990947E-01   -709.632   -576.206   -493.095      11
    12.00000 -0.169124E+00  0.336740E+00 -0.170287E+00  0.336740E+00 -0.108321E+00   -656.477   -583.488   -492.293      12
    13.00000 -0.122451E+00  0.367016E+00 -0.122632E+00  0.367016E+00 -0.117565E+00   -774.209   -620.864   -491.768      13
    14.00000 -0.721331E-01  0.399647E+00 -0.723732E-01  0.399647E+00 -0.126817E+00   -844.658   -644.258   -491.564      14
    15.00000 -0.121308E-02  0.417441E+00 -0.108229E-02  0.417441E+00 -0.136064E+00  -1016.389   -682.131   -491.699      15
    16.00000  0.511129E-01  0.436466E+00  0.512129E-01  0.436466E+00 -0.145292E+00  -1048.768   -703.591   -492.167      16
    17.00000  0.101479E+00  0.463071E+00  0.101389E+00  0.463071E+00 -0.154492E+00  -1107.207   -726.473   -492.966      17
    18.00000  0.101479E+00  0.502830E+00  0.101061E+00  0.502830E+00 -0.163645E+00   -913.932   -722.146   -494.041      18
    19.00000 -0.268521E+00  0.536019E+00 -0.268938E+00  0.536019E+00 -0.172772E+00   -387.810   -586.945   -495.283      19
    20.00000 -0.268521E+00  0.536019E+00 -0.268730E+00  0.536019E+00 -0.181839E+00   -534.889   -576.592   -496.811      20
    21.00000 -0.217245E+00  0.580189E+00 -0.217823E+00  0.580189E+00 -0.190827E+00   -649.039   -599.428   -498.599      21
    22.00000 -0.347245E+00  0.594202E+00 -0.347815E+00  0.594202E+00 -0.199756E+00   -471.257   -562.612   -500.528      22
    23.00000 -0.222725E+01  0.594202E+00 -0.222781E+01  0.594202E+00 -0.208607E+00   -148.100   -271.279   -502.610      23
    24.00000 -0.317724E+01  0.613531E+00 -0.317782E+01  0.613531E+00 -0.217370E+00   -162.037   -210.012   -504.787      24
    25.00000 -0.315876E+01  0.642187E+00 -0.315939E+01  0.642187E+00 -0.226043E+00   -237.775   -243.611   -506.824      25
    26.00000 -0.313475E+01  0.665492E+00 -0.313533E+01  0.665492E+00 -0.234685E+00   -272.722   -270.575   -506.742      26
    27.00000 -0.308900E+01  0.691639E+00 -0.308962E+01  0.691639E+00 -0.243429E+00   -302.911   -292.827   -502.734      27
    28.00000 -0.305803E+01  0.733687E+00 -0.305905E+01  0.733687E+00 -0.252588E+00   -321.868   -309.778   -492.915      28
    29.00000 -0.305803E+01  0.803642E+00 -0.305975E+01  0.803642E+00 -0.262531E+00   -334.246   -325.566   -481.947      29
    30.00000 -0.298458E+01  0.848157E+00 -0.298566E+01  0.848157E+00 -0.273724E+00   -384.018   -352.434   -470.262      30
    31.00000 -0.291505E+01  0.887681E+00 -0.291600E+01  0.887681E+00 -0.286246E+00   -415.708   -372.942   -457.830      31
    32.00000 -0.291505E+01  0.981537E+00 -0.291736E+01  0.981537E+00 -0.299984E+00   -403.946   -381.274   -446.321      32
    33.00000 -0.286833E+01  0.103490E+01 -0.286963E+01  0.103490E+01 -0.314796E+00   -453.814   -408.009   -436.261      33
    34.00000 -0.286833E+01  0.110933E+01 -0.287016E+01  0.110933E+01 -0.330538E+00   -443.369   -415.264   -428.040      34
    35.00000 -0.285161E+01  0.120010E+01 -0.285384E+01  0.120010E+01 -0.346944E+00   -471.194   -433.741   -421.352      35
    36.00000 -0.277520E+01  0.124822E+01 -0.277637E+01  0.124822E+01 -0.363879E+00   -560.780   -467.636   -416.402      36
    37.00000 -0.278657E+01  0.130687E+01 -0.278774E+01  0.130687E+01 -0.381084E+00   -508.367   -471.879   -412.315      37
    38.00000 -0.299657E+01  0.134339E+01 -0.299774E+01  0.134339E+01 -0.398635E+00   -368.497   -430.932   -409.675      38
    39.00000 -0.299657E+01  0.142824E+01 -0.299804E+01  0.142824E+01 -0.416403E+00   -448.887   -444.432   -408.330      39
    40.00000 -0.302883E+01  0.149524E+01 -0.303030E+01  0.149524E+01 -0.434246E+00   -450.368   -450.840   -407.803      40
    41.00000 -0.297742E+01  0.156309E+01 -0.297889E+01  0.156309E+01 -0.452097E+00   -535.155   -476.205   -408.019      41
    42.00000 -0.296260E+01  0.162860E+01 -0.296405E+01  0.162860E+01 -0.469881E+00   -544.294   -493.106   -408.711      42
    43.00000 -0.364260E+01  0.170402E+01 -0.364405E+01  0.170402E+01 -0.487590E+00   -251.722   -377.498   -409.641      43
    44.00000 -0.523260E+01  0.179370E+01 -0.523406E+01  0.179370E+01 -0.505184E+00   -148.465   -223.537   -410.841      44
    45.00000 -0.520788E+01  0.191506E+01 -0.520947E+01  0.191506E+01 -0.522631E+00   -248.958   -256.226   -412.080      45
    46.00000 -0.523788E+01  0.198729E+01 -0.523946E+01  0.198729E+01 -0.539996E+00   -279.145   -281.252   -412.403      46
    47.00000 -0.523788E+01  0.205608E+01 -0.523944E+01  0.205608E+01 -0.557528E+00   -305.425   -300.277   -409.625      47
    48.00000 -0.523174E+01  0.212450E+01 -0.523329E+01  0.212450E+01 -0.575665E+00   -329.440   -319.488   -403.607      48
    49.00000 -0.523174E+01  0.217220E+01 -0.523303E+01  0.217220E+01 -0.594559E+00   -345.306   -334.393   -396.201      49
    50.00000 -0.521192E+01  0.225948E+01 -0.521421E+01  0.225948E+01 -0.614463E+00   -366.112   -348.749   -388.903      50
    51.00000 -0.514920E+01  0.234824E+01 -0.515151E+01  0.234824E+01 -0.635310E+00   -412.851   -373.180   -383.138      51
    52.00000 -0.510451E+01  0.245476E+01 -0.510727E+01  0.245476E+01 -0.657468E+00   -442.518   -395.555   -378.908      52
    53.00000 -0.507331E+01  0.256196E+01 -0.507609E+01  0.256196E+01 -0.680625E+00   -470.532   -418.920   -375.297      53
    54.00000 -0.504987E+01  0.265583E+01 -0.505232E+01  0.265583E+01 -0.704499E+00   -495.786   -439.899   -372.818      54
    55.00000 -0.504987E+01  0.272118E+01 -0.505161E+01  0.272118E+01 -0.728810E+00   -498.949   -453.061   -371.247      55
    56.00000 -0.513987E+01  0.277203E+01 -0.514160E+01  0.277203E+01 -0.753301E+00   -428.005   -439.355   -370.159      56
    57.00000 -0.591737E+01  0.285421E+01 -0.591911E+01  0.285421E+01 -0.777935E+00   -224.812   -327.510   -370.006      57
    58.00000 -0.591737E+01  0.294120E+01 -0.591914E+01  0.294120E+01 -0.802481E+00   -329.697   -342.327   -370.577      58
    59.00000 -0.594737E+01  0.300285E+01 -0.594913E+01  0.300285E+01 -0.826803E+00   -350.990   -355.616   -371.536      59
    60.00000 -0.594737E+01  0.309201E+01 -0.594930E+01  0.309201E+01 -0.850812E+00   -381.524   -372.755   -372.499      60
    61.00000 -0.612737E+01  0.315666E+01 -0.612930E+01  0.315666E+01 -0.874611E+00   -324.505   -359.115   -373.215      61
    62.00000 -0.612737E+01  0.320670E+01 -0.612921E+01  0.320670E+01 -0.898258E+00   -374.354   -370.926   -373.564      62
    63.00000 -0.612737E+01  0.339162E+01 -0.613033E+01  0.339162E+01 -0.921850E+00   -415.401   -397.038   -373.687      63
    64.00000 -0.606295E+01  0.351963E+01 -0.606519E+01  0.351963E+01 -0.945428E+00   -509.437   -439.276   -373.729      64
    65.00000 -0.606292E+01  0.369920E+01 -0.606646E+01  0.369920E+01 -0.968946E+00   -512.788   -461.604   -373.894      65
    66.00000 -0.606292E+01  0.379752E+01 -0.606443E+01  0.379752E+01 -0.992338E+00   -560.921   -497.502   -374.322      66
    67.00000 -0.832293E+01  0.382656E+01 -0.832441E+01  0.382656E+01 -0.101566E+01   -130.747   -212.448   -374.924      67
    68.00000 -0.832293E+01  0.391735E+01 -0.832463E+01  0.391735E+01 -0.103874E+01   -233.243   -239.933   -375.890      68
    69.00000 -0.832293E+01  0.406429E+01 -0.832510E+01  0.406429E+01 -0.106158E+01   -275.737   -272.214   -376.316      69
    70.00000 -0.827821E+01  0.421924E+01 -0.828049E+01  0.421924E+01 -0.108482E+01   -321.934   -302.978   -374.115      70
    71.00000 -0.821463E+01  0.438596E+01 -0.821705E+01  0.438596E+01 -0.110925E+01   -374.712   -338.756   -369.417      71
    72.00000 -0.815037E+01  0.456495E+01 -0.815310E+01  0.456495E+01 -0.113567E+01   -428.146   -373.290   -363.916      72
    73.00000 -0.811587E+01  0.477283E+01 -0.811932E+01  0.477283E+01 -0.116343E+01   -467.822   -406.500   -359.277      73
    74.00000 -0.806944E+01  0.494465E+01 -0.807199E+01  0.494465E+01 -0.119208E+01   -546.215   -450.539   -355.808      74
    75.00000 -0.802024E+01  0.512457E+01 -0.802299E+01  0.512457E+01 -0.122135E+01   -623.870   -491.046   -354.025      75
    76.00000 -0.801351E+01  0.530319E+01 -0.801622E+01  0.530319E+01 -0.125073E+01   -642.923   -524.526   -353.291      76
    77.00000 -0.801351E+01  0.552491E+01 -0.801730E+01  0.552491E+01 -0.127999E+01   -683.833   -559.245   -353.955      77
    78.00000 -0.115135E+02  0.553425E+01 -0.115173E+02  0.553425E+01 -0.130909E+01   -100.983   -155.112   -354.918      78
    79.00000 -0.124235E+02  0.560057E+01 -0.124273E+02  0.560057E+01 -0.133774E+01   -139.504   -157.232   -356.654      79
    80.00000 -0.123984E+02  0.572955E+01 -0.124025E+02  0.572955E+01 -0.136658E+01   -200.771   -194.305   -352.781      80
    81.00000 -0.123599E+02  0.590421E+01 -0.123644E+02  0.590421E+01 -0.140025E+01   -237.385   -224.774   -333.865      81
    82.00000 -0.127699E+02  0.601543E+01 -0.127744E+02  0.601543E+01 -0.143902E+01   -199.019   -214.500   -310.113      82
    83.00000 -0.150499E+02  0.603745E+01 -0.150544E+02  0.603745E+01 -0.148648E+01   -106.664   -129.190   -292.094      83
    84.00000 -0.150799E+02  0.613594E+01 -0.150844E+02  0.613594E+01 -0.154776E+01   -173.616   -167.201   -270.778      84
    85.00000 -0.150899E+02  0.625907E+01 -0.150944E+02  0.625907E+01 -0.163020E+01   -200.702   -190.426   -240.529      85
    86.00000 -0.150899E+02  0.644326E+01 -0.150948E+02  0.644326E+01 -0.174875E+01   -225.196   -211.819   -222.505      86
    87.00000 -0.150899E+02  0.664160E+01 -0.150949E+02  0.664160E+01 -0.188995E+01   -246.268   -230.523   -214.849      87
    88.00000 -0.150734E+02  0.683547E+01 -0.150784E+02  0.683547E+01 -0.203703E+01   -271.167   -250.029   -212.569      88
    89.00000 -0.150734E+02  0.695438E+01 -0.150765E+02  0.695438E+01 -0.218149E+01   -288.048   -266.108   -214.308      89
    90.00000 -0.151234E+02  0.709094E+01 -0.151265E+02  0.709094E+01 -0.232299E+01   -285.693   -272.080   -216.827      90
    91.00000 -0.151934E+02  0.722796E+01 -0.151965E+02  0.722796E+01 -0.245775E+01   -286.024   -276.496   -220.747      91
    92.00000 -0.152514E+02  0.746043E+01 -0.152545E+02  0.746043E+01 -0.258438E+01   -304.532   -291.389   -225.128      92
    93.00000 -0.153314E+02  0.771777E+01 -0.153345E+02  0.771777E+01 -0.270235E+01   -319.610   -307.029   -229.683      93
    94.00000 -0.154714E+02  0.779137E+01 -0.154745E+02  0.779137E+01 -0.281138E+01   -290.043   -294.319   -234.402      94
    95.00000 -0.154194E+02  0.803729E+01 -0.154236E+02  0.803729E+01 -0.291026E+01   -361.390   -323.777   -239.194      95
    96.00000 -0.153848E+02  0.833153E+01 -0.153893E+02  0.833153E+01 -0.300023E+01   -417.258   -360.482   -244.607      96
    97.00000 -0.155848E+02  0.860294E+01 -0.155893E+02  0.860294E+01 -0.308624E+01   -344.120   -356.830   -250.408      97
    98.00000 -0.155848E+02  0.879333E+01 -0.155888E+02  0.879333E+01 -0.316749E+01   -416.559   -379.542   -256.205      98
    99.00000 -0.155620E+02  0.908218E+01 -0.155669E+02  0.908218E+01 -0.324390E+01   -488.025   -417.524   -262.054      99
   100.00000 -0.155620E+02  0.937698E+01 -0.155669E+02  0.937698E+01 -0.331606E+01   -552.305   -461.643   -267.904     100
   101.00000 -0.155388E+02  0.968275E+01 -0.155440E+02  0.968275E+01 -0.338272E+01   -676.021   -519.045   -273.787     101
   102.00000 -0.155031E+02  0.999229E+01 -0.155084E+02  0.999229E+01 -0.344495E+01   -894.293   -599.790   -279.714     102
   103.00000 -0.154804E+02  0.103333E+02 -0.154865E+02  0.103333E+02 -0.350270E+01  -1170.701   -699.338   -285.691     103
   104.00000 -0.154503E+02  0.106746E+02 -0.154554E+02  0.106724E+02 -0.355595E+01  -2092.555   -876.757   -291.735     104
   105.00000 -0.154298E+02  0.110265E+02 -0.154293E+02  0.109936E+02 -0.360460E+01  -5110.043  -1190.669   -297.873     105
   106.00000 -0.154199E+02  0.113595E+02 -0.154174E+02  0.112628E+02 -0.364849E+01  -9015.903  -1646.930   -304.248     106
   107.00000 -0.154141E+02  0.117185E+02 -0.154117E+02  0.115121E+02 -0.368956E+01 -11907.798  -2115.754   -312.229     107
   108.00000 -0.154141E+02  0.118771E+02 -0.154117E+02  0.116229E+02 -0.372845E+01  -9576.789  -2481.724   -319.954     108
   109.00000 -0.154106E+02  0.122035E+02 -0.154081E+02  0.118219E+02 -0.376522E+01 -12364.671  -2667.697   -327.392     109
   110.00000 -0.154106E+02  0.125526E+02 -0.154081E+02  0.120122E+02 -0.379995E+01 -10600.670  -2935.351   -334.572     110
   111.00000 -0.153979E+02  0.128871E+02 -0.153955E+02  0.121793E+02 -0.383269E+01 -57489.254  -4129.955   -341.525     111
   112.00000 -0.153685E+02  0.132232E+02 -0.153897E+02  0.123329E+02 -0.386351E+01-100000.000  -5225.439   -348.257     112
   113.00000 -0.153639E+02  0.135900E+02 -0.153867E+02  0.124847E+02 -0.389246E+01-100000.000  -5542.148   -354.849     113
   114.00000 -0.153639E+02  0.137123E+02 -0.153867E+02  0.125375E+02 -0.391959E+01 -52871.613  -4980.822   -361.268     114
   115.00000 -0.155439E+02  0.139904E+02 -0.155668E+02  0.126802E+02 -0.394575E+01  -1050.065  -3189.059   -367.616     115
   116.00000 -0.155236E+02  0.143451E+02 -0.155456E+02  0.128732E+02 -0.396999E+01  -5512.178  -3606.474   -373.918     116
   117.00000 -0.155131E+02  0.147223E+02 -0.155339E+02  0.130262E+02 -0.399230E+01 -14345.399  -4340.912   -380.289     117
   118.00000 -0.154861E+02  0.151226E+02 -0.155183E+02  0.131506E+02 -0.401269E+01-100000.000  -6294.012   -387.555     118
   119.00000 -0.155161E+02  0.154692E+02 -0.155490E+02  0.132568E+02 -0.403223E+01  -3692.499  -4551.644   -395.699     119
   120.00000 -0.155161E+02  0.157877E+02 -0.155479E+02  0.133515E+02 -0.405086E+01  -6907.735  -4682.075   -403.145     120
   121.00000 -0.155161E+02  0.160698E+02 -0.155473E+02  0.134292E+02 -0.406862E+01  -7778.911  -4755.405   -410.210     121
   122.00000 -0.155161E+02  0.163928E+02 -0.155472E+02  0.135158E+02 -0.408567E+01  -7957.153  -4817.646   -417.025     122
   123.00000 -0.155161E+02  0.166628E+02 -0.155472E+02  0.135822E+02 -0.410184E+01  -8009.250  -4907.100   -423.538     123
   124.00000 -0.182861E+02  0.168001E+02 -0.183172E+02  0.136878E+02 -0.411767E+01   -142.657   -665.784   -429.974     124
   125.00000 -0.183561E+02  0.170633E+02 -0.183872E+02  0.139510E+02 -0.413278E+01   -331.717   -455.295   -436.183     125
   126.00000 -0.187061E+02  0.173864E+02 -0.187372E+02  0.142741E+02 -0.414723E+01   -311.686   -448.841   -442.217     126
   127.00000 -0.187061E+02  0.177998E+02 -0.187378E+02  0.146875E+02 -0.416102E+01   -511.765   -541.339   -448.075     127
   128.00000 -0.188961E+02  0.180772E+02 -0.189277E+02  0.149649E+02 -0.417422E+01   -446.682   -568.643   -453.736     128
   129.00000 -0.189861E+02  0.183145E+02 -0.190177E+02  0.152022E+02 -0.418683E+01   -527.291   -611.278   -459.105     129
   130.00000 -0.189861E+02  0.186591E+02 -0.190184E+02  0.155468E+02 -0.419884E+01   -764.667   -727.232   -464.051     130
   131.00000 -0.189861E+02  0.191199E+02 -0.190194E+02  0.160076E+02 -0.421030E+01  -1194.627   -965.280   -468.578     131
   132.00000 -0.204861E+02  0.193566E+02 -0.205193E+02  0.162443E+02 -0.422141E+01   -199.087   -521.954   -472.832     132
   133.00000 -0.204861E+02  0.197243E+02 -0.205197E+02  0.166120E+02 -0.423206E+01   -437.385   -529.258   -476.816     133
   134.00000 -0.204861E+02  0.202011E+02 -0.205206E+02  0.170888E+02 -0.424226E+01   -656.600   -662.725   -480.663     134
   135.00000 -0.221861E+02  0.202685E+02 -0.222205E+02  0.171562E+02 -0.425210E+01   -164.485   -341.910   -484.567     135
   136.00000 -0.221861E+02  0.204425E+02 -0.222209E+02  0.173302E+02 -0.426153E+01   -305.389   -344.050   -489.447     136
   137.00000 -0.224861E+02  0.207654E+02 -0.225209E+02  0.176531E+02 -0.427076E+01   -295.038   -365.402   -494.089     137
   138.00000 -0.224861E+02  0.211791E+02 -0.225215E+02  0.180668E+02 -0.427981E+01   -450.468   -446.438   -498.180     138
   139.00000 -0.224678E+02  0.215753E+02 -0.225031E+02  0.184630E+02 -0.428870E+01   -631.656   -553.983   -501.214     139
   140.00000 -0.232878E+02  0.219003E+02 -0.233230E+02  0.187880E+02 -0.429751E+01   -257.336   -442.702   -503.445     140
   141.00000 -0.232914E+02  0.223613E+02 -0.233266E+02  0.192490E+02 -0.430626E+01   -509.233   -530.724   -504.525     141
   142.00000 -0.233914E+02  0.227881E+02 -0.234266E+02  0.196758E+02 -0.431499E+01   -569.069   -627.124   -504.818     142
   143.00000 -0.236114E+02  0.230679E+02 -0.236466E+02  0.199556E+02 -0.432371E+01   -479.441   -640.417   -504.768     143
   144.00000 -0.235942E+02  0.235398E+02 -0.236306E+02  0.204275E+02 -0.433244E+01   -938.035   -823.295   -504.736     144
   145.00000 -0.235942E+02  0.240139E+02 -0.236305E+02  0.209003E+02 -0.434116E+01  -1595.638  -1168.252   -505.012     145
   146.00000 -0.235942E+02  0.245073E+02 -0.236289E+02  0.213409E+02 -0.434986E+01  -3377.418  -1940.034   -505.655     146
   147.00000 -0.238542E+02  0.248784E+02 -0.238889E+02  0.216523E+02 -0.435853E+01   -747.475  -2048.802   -506.643     147
   148.00000 -0.248642E+02  0.251587E+02 -0.248989E+02  0.219041E+02 -0.436715E+01   -276.820  -1127.790   -508.083     148
   149.00000 -0.271542E+02  0.254807E+02 -0.271889E+02  0.222244E+02 -0.437571E+01   -142.968   -386.120   -509.987     149
   150.00000 -0.277242E+02  0.256672E+02 -0.277589E+02  0.224109E+02 -0.438418E+01   -206.300   -281.125   -512.352     150
   151.00000 -0.276847E+02  0.261173E+02 -0.277210E+02  0.228610E+02 -0.439253E+01   -351.295   -355.111   -515.120     151
   152.00000 -0.276847E+02  0.265034E+02 -0.277205E+02  0.232471E+02 -0.440076E+01   -458.728   -439.639   -517.960     152
   153.00000 -0.276847E+02  0.267726E+02 -0.277190E+02  0.235163E+02 -0.440889E+01   -570.094   -518.940   -520.315     153
   154.00000 -0.276829E+02  0.272189E+02 -0.277217E+02  0.239626E+02 -0.441694E+01   -690.745   -598.162   -521.476     154
   155.00000 -0.278629E+02  0.274986E+02 -0.279016E+02  0.242423E+02 -0.442498E+01   -522.057   -620.811   -522.228     155
   156.00000 -0.307129E+02  0.277126E+02 -0.307516E+02  0.244563E+02 -0.443301E+01   -119.694   -220.457   -522.034     156
   157.00000 -0.308629E+02  0.279727E+02 -0.309016E+02  0.247164E+02 -0.444107E+01   -226.317   -247.026   -521.268     157
   158.00000 -0.308729E+02  0.282731E+02 -0.309116E+02  0.250169E+02 -0.444916E+01   -301.505   -299.506   -520.226     158
   159.00000 -0.310729E+02  0.286783E+02 -0.311117E+02  0.254220E+02 -0.445731E+01   -313.312   -338.987   -517.978     159
   160.00000 -0.310555E+02  0.291747E+02 -0.310949E+02  0.259184E+02 -0.446565E+01   -471.215   -424.430   -512.356     160
   161.00000 -0.310555E+02  0.296152E+02 -0.310944E+02  0.263589E+02 -0.447434E+01   -626.518   -526.104   -503.584     161
   162.00000 -0.310555E+02  0.300487E+02 -0.310943E+02  0.267924E+02 -0.448340E+01   -871.843   -660.912   -493.848     162
   163.00000 -0.319255E+02  0.304397E+02 -0.319643E+02  0.271834E+02 -0.449278E+01   -271.333   -497.736   -485.168     163
   164.00000 -0.319026E+02  0.309479E+02 -0.319417E+02  0.276916E+02 -0.450280E+01   -611.841   -605.748   -478.496     164
   165.00000 -0.319026E+02  0.314571E+02 -0.319417E+02  0.282008E+02 -0.451350E+01   -981.744   -814.203   -473.012     165
   166.00000 -0.319026E+02  0.319647E+02 -0.319414E+02  0.287037E+02 -0.452470E+01  -1837.456  -1206.406   -469.210     166
   167.00000 -0.319426E+02  0.324591E+02 -0.319813E+02  0.291583E+02 -0.453615E+01  -1948.783  -1855.540   -466.678     167
   168.00000 -0.319426E+02  0.329747E+02 -0.319798E+02  0.295158E+02 -0.454780E+01  -5217.544  -3179.103   -465.532     168
   169.00000 -0.319926E+02  0.334058E+02 -0.320301E+02  0.297382E+02 -0.455950E+01  -2337.932  -3708.625   -465.417     169
   170.00000 -0.319926E+02  0.338933E+02 -0.320286E+02  0.299289E+02 -0.457114E+01  -6129.915  -4387.913   -466.285     170
   171.00000 -0.319926E+02  0.344130E+02 -0.320269E+02  0.300647E+02 -0.458260E+01  -7924.138  -4882.007   -468.034     171
   172.00000 -0.319926E+02  0.349333E+02 -0.320269E+02  0.301845E+02 -0.459383E+01  -8023.424  -5086.045   -470.349     172
   173.00000 -0.319926E+02  0.354019E+02 -0.320269E+02  0.302673E+02 -0.460468E+01  -8022.163  -5328.227   -473.283     173
   174.00000 -0.323025E+02  0.356603E+02 -0.323370E+02  0.303617E+02 -0.461535E+01   -686.836  -4012.093   -476.497     174
   175.00000 -0.323025E+02  0.361675E+02 -0.323374E+02  0.306026E+02 -0.462563E+01  -2306.202  -4277.148   -480.190     175
   176.00000 -0.323025E+02  0.367036E+02 -0.323354E+02  0.307713E+02 -0.463545E+01  -5443.114  -5140.862   -484.428     176
   177.00000 -0.323225E+02  0.369271E+02 -0.323555E+02  0.308287E+02 -0.464488E+01  -3335.772  -5120.148   -490.112     177
   178.00000 -0.329426E+02  0.371235E+02 -0.329755E+02  0.309175E+02 -0.465407E+01   -415.102  -3378.384   -495.876     178
   179.00000 -0.334126E+02  0.375167E+02 -0.334456E+02  0.311936E+02 -0.466302E+01   -407.183  -2595.362   -501.520     179
   180.00000 -0.334126E+02  0.379056E+02 -0.334456E+02  0.315058E+02 -0.467175E+01   -940.523  -2535.344   -507.106     180
   181.00000 -0.340825E+02  0.383031E+02 -0.341156E+02  0.318269E+02 -0.468026E+01   -345.961  -2346.094   -512.643     181
   182.00000 -0.340825E+02  0.388323E+02 -0.341161E+02  0.322676E+02 -0.468854E+01   -902.350  -2502.466   -518.116     182
   183.00000 -0.340825E+02  0.392127E+02 -0.341148E+02  0.325636E+02 -0.469659E+01  -1637.223  -3084.713   -523.520     183
   184.00000 -0.342725E+02  0.396687E+02 -0.343048E+02  0.328677E+02 -0.470445E+01   -830.413  -3732.646   -528.861     184
   185.00000 -0.368825E+02  0.397158E+02 -0.369147E+02  0.329050E+02 -0.471211E+01   -141.750   -878.422   -534.132     185
   186.00000 -0.369125E+02  0.401029E+02 -0.369448E+02  0.332916E+02 -0.471955E+01   -356.941   -521.133   -539.325     186
   187.00000 -0.369125E+02  0.404344E+02 -0.369446E+02  0.336231E+02 -0.472677E+01   -513.440   -593.894   -544.440     187
   188.00000 -0.369725E+02  0.408728E+02 -0.370046E+02  0.340615E+02 -0.473380E+01   -645.746   -737.378   -549.490     188
   189.00000 -0.370025E+02  0.413148E+02 -0.370346E+02  0.345035E+02 -0.474064E+01   -936.029   -972.153   -554.462     189
   190.00000 -0.388926E+02  0.417377E+02 -0.389246E+02  0.349264E+02 -0.474728E+01   -173.546   -542.528   -559.346     190
   191.00000 -0.411626E+02  0.419778E+02 -0.411941E+02  0.351665E+02 -0.475373E+01   -127.394   -213.067   -564.098     191
   192.00000 -0.411626E+02  0.423430E+02 -0.411945E+02  0.355316E+02 -0.475999E+01   -258.709   -270.983   -568.678     192
   193.00000 -0.412400E+02  0.427343E+02 -0.412719E+02  0.359230E+02 -0.476607E+01   -321.386   -332.698   -573.051     193
   194.00000 -0.412400E+02  0.431955E+02 -0.412724E+02  0.363842E+02 -0.477197E+01   -444.173   -416.128   -576.884     194
   195.00000 -0.412258E+02  0.437246E+02 -0.412587E+02  0.369133E+02 -0.477775E+01   -648.507   -540.511   -579.312     195
   196.00000 -0.412258E+02  0.442861E+02 -0.412591E+02  0.374748E+02 -0.478349E+01  -1010.207   -740.295   -579.739     196
   197.00000 -0.412140E+02  0.448649E+02 -0.412399E+02  0.379323E+02 -0.478932E+01  -2388.277  -1166.033   -577.693     197
   198.00000 -0.412140E+02  0.454304E+02 -0.412369E+02  0.382720E+02 -0.479527E+01  -3757.175  -1815.822   -574.349     198
   199.00000 -0.412082E+02  0.459919E+02 -0.412278E+02  0.385282E+02 -0.480138E+01  -7334.548  -2644.494   -570.512     199
   200.00000 -0.412027E+02  0.465273E+02 -0.412219E+02  0.387235E+02 -0.480764E+01 -11300.531  -3458.606   -566.795     200
   201.00000 -0.412027E+02  0.471002E+02 -0.412219E+02  0.388891E+02 -0.481403E+01  -9223.074  -4004.107   -563.678     201
   202.00000 -0.412027E+02  0.476340E+02 -0.412219E+02  0.390214E+02 -0.482051E+01  -9081.752  -4499.573   -561.205     202
   203.00000 -0.412027E+02  0.481502E+02 -0.412219E+02  0.391329E+02 -0.482705E+01  -8634.820  -4829.192   -559.700     203
   204.00000 -0.412027E+02  0.486353E+02 -0.412219E+02  0.392268E+02 -0.483363E+01  -8460.388  -5098.790   -558.899     204
   205.00000 -0.420126E+02  0.489760E+02 -0.420319E+02  0.393966E+02 -0.484022E+01   -355.183  -3050.043   -558.478     205
   206.00000 -0.420089E+02  0.494643E+02 -0.420283E+02  0.397464E+02 -0.484680E+01  -1117.521  -2991.255   -558.899     206
   207.00000 -0.420041E+02  0.499780E+02 -0.420225E+02  0.400508E+02 -0.485334E+01  -2617.420  -3921.053   -560.026     207
   208.00000 -0.420141E+02  0.504249E+02 -0.420322E+02  0.402449E+02 -0.485983E+01  -3655.620  -4845.657   -561.621     208
   209.00000 -0.425141E+02  0.508645E+02 -0.425323E+02  0.404332E+02 -0.486625E+01   -498.127  -4047.789   -563.654     209
   210.00000 -0.425941E+02  0.512105E+02 -0.426123E+02  0.406275E+02 -0.487258E+01   -909.152  -3789.235   -566.087     210
   211.00000 -0.465941E+02  0.512664E+02 -0.466122E+02  0.406745E+02 -0.487881E+01   -104.479   -378.580   -568.819     211
   212.00000 -0.465896E+02  0.516632E+02 -0.466080E+02  0.410713E+02 -0.488493E+01   -274.309   -302.329   -571.826     212
   213.00000 -0.465579E+02  0.520944E+02 -0.465764E+02  0.415025E+02 -0.489090E+01   -398.808   -392.252   -575.064     213
   214.00000 -0.465289E+02  0.525338E+02 -0.465475E+02  0.419419E+02 -0.489673E+01   -569.470   -505.223   -578.396     214
   215.00000 -0.474589E+02  0.526727E+02 -0.474774E+02  0.420808E+02 -0.490245E+01   -221.556   -367.905   -581.653     215
   216.00000 -0.474589E+02  0.530774E+02 -0.474785E+02  0.424855E+02 -0.490804E+01   -397.136   -426.241   -584.458     216
   217.00000 -0.474497E+02  0.535276E+02 -0.474697E+02  0.429357E+02 -0.491353E+01   -573.130   -537.314   -586.438     217
   218.00000 -0.474187E+02  0.539700E+02 -0.474386E+02  0.433781E+02 -0.491897E+01   -926.146   -705.858   -587.660     218
   219.00000 -0.476787E+02  0.543882E+02 -0.476986E+02  0.437962E+02 -0.492438E+01   -540.907   -762.161   -588.115     219
   220.00000 -0.476787E+02  0.547236E+02 -0.476981E+02  0.441316E+02 -0.492980E+01  -1023.619   -943.764   -587.739     220
   221.00000 -0.480487E+02  0.550184E+02 -0.480681E+02  0.444264E+02 -0.493524E+01   -469.029   -889.004   -586.810     221
   222.00000 -0.485087E+02  0.551777E+02 -0.485275E+02  0.445858E+02 -0.494074E+01   -363.844   -736.875   -585.556     222
   223.00000 -0.494487E+02  0.553258E+02 -0.494675E+02  0.447339E+02 -0.494628E+01   -228.991   -502.444   -584.276     223
   224.00000 -0.494687E+02  0.556016E+02 -0.494876E+02  0.450097E+02 -0.495186E+01   -421.770   -511.382   -583.183     224
   225.00000 -0.494830E+02  0.559958E+02 -0.495019E+02  0.454039E+02 -0.495749E+01   -592.444   -618.736   -582.417     225
   226.00000 -0.494830E+02  0.564337E+02 -0.495021E+02  0.458418E+02 -0.496313E+01   -900.610   -806.293   -582.087     226
   227.00000 -0.494553E+02  0.568885E+02 -0.494740E+02  0.462945E+02 -0.496878E+01  -2000.968  -1160.472   -582.153     227
   228.00000 -0.494151E+02  0.573422E+02 -0.494285E+02  0.466904E+02 -0.497442E+01 -29101.496  -2417.317   -582.525     228
   229.00000 -0.514151E+02  0.576799E+02 -0.514285E+02  0.470155E+02 -0.498003E+01   -178.712   -693.833   -583.093     229
   230.00000 -0.514355E+02  0.580369E+02 -0.514490E+02  0.473725E+02 -0.498563E+01   -432.004   -609.589   -583.888     230
   231.00000 -0.514206E+02  0.583652E+02 -0.514338E+02  0.477008E+02 -0.499118E+01   -645.314   -708.263   -584.899     231
   232.00000 -0.532605E+02  0.584684E+02 -0.532738E+02  0.478040E+02 -0.499669E+01   -158.567   -357.761   -586.072     232
   233.00000 -0.532605E+02  0.587922E+02 -0.532744E+02  0.481278E+02 -0.500215E+01   -324.995   -368.298   -587.461     233
   234.00000 -0.555105E+02  0.591738E+02 -0.555244E+02  0.485094E+02 -0.500755E+01   -129.856   -205.763   -589.049     234
   235.00000 -0.566505E+02  0.593619E+02 -0.566644E+02  0.486974E+02 -0.501288E+01   -146.045   -181.536   -590.814     235
   236.00000 -0.566234E+02  0.597081E+02 -0.566381E+02  0.490437E+02 -0.501813E+01   -239.764   -236.497   -592.540     236
   237.00000 -0.566229E+02  0.600208E+02 -0.566374E+02  0.493564E+02 -0.502337E+01   -295.641   -284.957   -592.197     237
   238.00000 -0.566136E+02  0.604116E+02 -0.566291E+02  0.497472E+02 -0.502878E+01   -364.796   -338.833   -586.125     238
   239.00000 -0.565966E+02  0.607826E+02 -0.566118E+02  0.501182E+02 -0.503465E+01   -457.242   -403.262   -572.275     239
   240.00000 -0.567266E+02  0.610231E+02 -0.567418E+02  0.503587E+02 -0.504111E+01   -406.862   -418.336   -552.649     240
   241.00000 -0.579066E+02  0.610855E+02 -0.579217E+02  0.504210E+02 -0.504844E+01   -180.387   -271.319   -529.749     241
   242.00000 -0.585966E+02  0.611203E+02 -0.586117E+02  0.504558E+02 -0.505667E+01   -184.021   -228.967   -508.451     242
   243.00000 -0.585966E+02  0.612404E+02 -0.586123E+02  0.505759E+02 -0.506570E+01   -257.754   -260.273   -490.887     243
   244.00000 -0.586585E+02  0.615100E+02 -0.586742E+02  0.508456E+02 -0.507553E+01   -296.523   -295.894   -477.739     244
   245.00000 -0.586353E+02  0.617702E+02 -0.586509E+02  0.511057E+02 -0.508696E+01   -365.819   -340.862   -462.861     245
   246.00000 -0.587053E+02  0.620841E+02 -0.587209E+02  0.514196E+02 -0.509991E+01   -386.364   -377.719   -446.731     246
   247.00000 -0.609652E+02  0.621716E+02 -0.609809E+02  0.515072E+02 -0.511453E+01   -124.819   -181.993   -431.191     247
   248.00000 -0.610652E+02  0.623228E+02 -0.610809E+02  0.516584E+02 -0.513071E+01   -209.563   -214.831   -418.046     248
   249.00000 -0.615153E+02  0.623810E+02 -0.615309E+02  0.517165E+02 -0.514825E+01   -188.784   -208.940   -404.859     249
   250.00000 -0.642653E+02  0.624352E+02 -0.642809E+02  0.517707E+02 -0.516744E+01    -97.707   -119.281   -387.148     250
   251.00000 -0.642498E+02  0.626716E+02 -0.642662E+02  0.520071E+02 -0.519136E+01   -174.674   -166.656   -359.737     251
   252.00000 -0.642498E+02  0.629120E+02 -0.642663E+02  0.522475E+02 -0.522888E+01   -208.554   -196.494   -306.870     252
   253.00000 -0.642324E+02  0.631514E+02 -0.642488E+02  0.524870E+02 -0.529296E+01   -239.549   -223.715   -270.214     253
   254.00000 -0.643002E+02  0.634478E+02 -0.643166E+02  0.527833E+02 -0.537322E+01   -258.717   -246.310   -247.201     254
   255.00000 -0.643002E+02  0.636988E+02 -0.643164E+02  0.530343E+02 -0.546682E+01   -293.755   -271.520   -238.605     255
   256.00000 -0.642354E+02  0.639708E+02 -0.642517E+02  0.533064E+02 -0.556774E+01   -348.110   -303.684   -236.391     256
   257.00000 -0.641674E+02  0.642350E+02 -0.641836E+02  0.535705E+02 -0.566848E+01   -403.132   -338.224   -237.063     257
   258.00000 -0.641674E+02  0.644151E+02 -0.641815E+02  0.537507E+02 -0.576229E+01   -420.822   -363.568   -240.075     258
   259.00000 -0.641044E+02  0.646848E+02 -0.641208E+02  0.540203E+02 -0.585037E+01   -478.365   -389.579   -245.086     259
   260.00000 -0.640814E+02  0.648982E+02 -0.640964E+02  0.542337E+02 -0.593398E+01   -526.354   -426.150   -251.067     260
   261.00000 -0.681615E+02  0.649144E+02 -0.681764E+02  0.542500E+02 -0.601522E+01    -87.165   -117.812   -257.229     261
   262.00000 -0.681122E+02  0.651224E+02 -0.681275E+02  0.544580E+02 -0.609280E+01   -178.536   -170.351   -258.669     262
   263.00000 -0.680390E+02  0.653450E+02 -0.680544E+02  0.546806E+02 -0.617788E+01   -220.086   -203.459   -243.229     263
   264.00000 -0.679673E+02  0.655610E+02 -0.679826E+02  0.548966E+02 -0.628536E+01   -254.115   -231.327   -230.673     264
   265.00000 -0.678924E+02  0.657727E+02 -0.679077E+02  0.551083E+02 -0.640833E+01   -288.658   -257.834   -224.117     265
   266.00000 -0.678264E+02  0.659735E+02 -0.678414E+02  0.553091E+02 -0.653534E+01   -319.317   -281.388   -223.534     266
   267.00000 -0.677732E+02  0.661881E+02 -0.677885E+02  0.555237E+02 -0.665867E+01   -347.619   -303.624   -225.095     267
   268.00000 -0.677297E+02  0.663640E+02 -0.677440E+02  0.556996E+02 -0.677540E+01   -377.524   -326.963   -228.452     268
   269.00000 -0.677297E+02  0.664656E+02 -0.677422E+02  0.558012E+02 -0.688377E+01   -380.876   -339.458   -232.612     269
   270.00000 -0.695797E+02  0.666073E+02 -0.695922E+02  0.559429E+02 -0.698735E+01   -135.959   -186.615   -237.398     270
   271.00000 -0.725628E+02  0.667973E+02 -0.725753E+02  0.561329E+02 -0.708173E+01    -92.519   -111.005   -241.517     271
   272.00000 -0.725428E+02  0.669862E+02 -0.725553E+02  0.563218E+02 -0.718411E+01   -163.557   -154.446   -228.909     272
   273.00000 -0.724586E+02  0.671799E+02 -0.724711E+02  0.565155E+02 -0.733263E+01   -201.291   -185.219   -204.480     273
   274.00000 -0.723863E+02  0.673666E+02 -0.723988E+02  0.567022E+02 -0.751540E+01   -228.865   -208.564   -192.403     274
   275.00000 -0.723167E+02  0.675392E+02 -0.723289E+02  0.568747E+02 -0.771179E+01   -252.718   -228.292   -189.628     275
   276.00000 -0.722726E+02  0.677124E+02 -0.722849E+02  0.570479E+02 -0.789868E+01   -270.224   -244.345   -191.749     276
   277.00000 -0.722726E+02  0.677767E+02 -0.722822E+02  0.571123E+02 -0.807825E+01   -279.273   -256.550   -196.095     277
   278.00000 -0.726322E+02  0.679183E+02 -0.726418E+02  0.572539E+02 -0.825172E+01   -221.284   -234.849   -201.268     278
   279.00000 -0.727122E+02  0.679441E+02 -0.727217E+02  0.572797E+02 -0.841457E+01   -238.688   -235.245   -206.709     279
   280.00000 -0.726778E+02  0.680758E+02 -0.726880E+02  0.574114E+02 -0.856703E+01   -270.718   -251.876   -211.200     280
   281.00000 -0.725877E+02  0.682175E+02 -0.725980E+02  0.575531E+02 -0.871081E+01   -307.348   -273.851   -215.212     281
   282.00000 -0.725217E+02  0.683507E+02 -0.725319E+02  0.576862E+02 -0.884692E+01   -330.413   -291.963   -219.363     282
   283.00000 -0.725087E+02  0.684569E+02 -0.725182E+02  0.577925E+02 -0.897218E+01   -334.330   -302.759   -223.898     283
   284.00000 -0.724713E+02  0.685809E+02 -0.724813E+02  0.579165E+02 -0.908829E+01   -351.024   -314.369   -228.687     284
   285.00000 -0.724168E+02  0.686994E+02 -0.724267E+02  0.580350E+02 -0.919498E+01   -376.301   -330.692   -233.572     285
   286.00000 -0.724036E+02  0.688150E+02 -0.724133E+02  0.581506E+02 -0.929207E+01   -377.379   -339.245   -238.560     286
   287.00000 -0.723183E+02  0.689314E+02 -0.723281E+02  0.582670E+02 -0.938087E+01   -429.989   -361.280   -244.160     287
   288.00000 -0.722382E+02  0.690402E+02 -0.722478E+02  0.583758E+02 -0.946504E+01   -466.637   -382.332   -250.503     288
   289.00000 -0.721538E+02  0.691486E+02 -0.721634E+02  0.584842E+02 -0.954458E+01   -509.677   -404.133   -256.525     289
   290.00000 -0.720822E+02  0.692557E+02 -0.720918E+02  0.585913E+02 -0.961968E+01   -541.390   -424.326   -262.508     290
   291.00000 -0.729122E+02  0.692965E+02 -0.729218E+02  0.586321E+02 -0.969233E+01   -215.137   -295.675   -268.399     291
   292.00000 -0.729322E+02  0.694144E+02 -0.729418E+02  0.587500E+02 -0.976058E+01   -304.464   -306.714   -274.101     292
   293.00000 -0.730422E+02  0.694698E+02 -0.730518E+02  0.588054E+02 -0.982479E+01   -294.613   -304.819   -279.193     293
   294.00000 -0.730922E+02  0.695297E+02 -0.731018E+02  0.588653E+02 -0.988561E+01   -310.577   -310.305   -283.264     294
   295.00000 -0.742422E+02  0.695424E+02 -0.742518E+02  0.588779E+02 -0.994382E+01   -163.772   -215.343   -286.393     295
   296.00000 -0.752422E+02  0.695693E+02 -0.752519E+02  0.589049E+02 -0.100000E+02   -149.933   -178.479   -288.335     296
   297.00000 -0.756622E+02  0.695792E+02 -0.756719E+02  0.589148E+02 -0.100561E+02   -171.628   -182.578   -286.857     297
   298.00000 -0.756398E+02  0.696456E+02 -0.756498E+02  0.589812E+02 -0.101173E+02   -215.854   -208.020   -277.415     298
   299.00000 -0.757998E+02  0.696690E+02 -0.758098E+02  0.590045E+02 -0.101868E+02   -211.126   -212.686   -264.300     299
   300.00000 -0.757998E+02  0.697009E+02 -0.758099E+02  0.590365E+02 -0.102665E+02   -235.407   -226.452   -252.863     300
   301.00000 -0.769098E+02  0.697340E+02 -0.769199E+02  0.590696E+02 -0.103527E+02   -146.595   -172.590   -244.386     301
   302.00000 -0.768696E+02  0.698129E+02 -0.768799E+02  0.591484E+02 -0.104465E+02   -208.820   -199.876   -237.919     302
   303.00000 -0.769796E+02  0.698659E+02 -0.769899E+02  0.592015E+02 -0.105530E+02   -212.627   -209.659   -230.468     303
   304.00000 -0.769688E+02  0.699454E+02 -0.769793E+02  0.592810E+02 -0.106735E+02   -237.117   -225.189   -224.778     304
   305.00000 -0.768951E+02  0.700185E+02 -0.769056E+02  0.593540E+02 -0.108016E+02   -263.704   -242.245   -222.155     305
   306.00000 -0.768396E+02  0.700849E+02 -0.768499E+02  0.594205E+02 -0.109315E+02   -279.327   -256.184   -221.650     306
   307.00000 -0.768026E+02  0.701466E+02 -0.768128E+02  0.594822E+02 -0.110584E+02   -288.871   -266.305   -223.231     307
   308.00000 -0.768026E+02  0.701832E+02 -0.768122E+02  0.595188E+02 -0.111805E+02   -290.078   -272.069   -225.598     308
   309.00000 -0.767329E+02  0.702419E+02 -0.767430E+02  0.595775E+02 -0.112968E+02   -310.877   -282.648   -228.540     309
   310.00000 -0.767228E+02  0.702960E+02 -0.767328E+02  0.596315E+02 -0.114066E+02   -309.454   -288.028   -231.956     310
   311.00000 -0.766875E+02  0.703558E+02 -0.766977E+02  0.596914E+02 -0.115096E+02   -323.413   -296.975   -235.496     311
   312.00000 -0.766573E+02  0.704176E+02 -0.766676E+02  0.597532E+02 -0.116054E+02   -332.198   -304.932   -239.214     312
   313.00000 -0.771673E+02  0.704370E+02 -0.771776E+02  0.597726E+02 -0.116972E+02   -218.557   -253.917   -243.496     313
   314.00000 -0.771673E+02  0.705263E+02 -0.771780E+02  0.598618E+02 -0.117844E+02   -276.057   -268.605   -247.883     314
   315.00000 -0.772491E+02  0.705992E+02 -0.772598E+02  0.599348E+02 -0.118690E+02   -274.322   -272.844   -251.210     315
   316.00000 -0.772491E+02  0.706949E+02 -0.772600E+02  0.600304E+02 -0.119513E+02   -298.986   -285.459   -253.627     316
   317.00000 -0.772069E+02  0.707473E+02 -0.772174E+02  0.600829E+02 -0.120318E+02   -322.582   -298.400   -255.857     317
   318.00000 -0.771945E+02  0.707835E+02 -0.772048E+02  0.601191E+02 -0.121105E+02   -326.054   -305.264   -258.230     318
   319.00000 -0.771945E+02  0.708216E+02 -0.772048E+02  0.601571E+02 -0.121869E+02   -327.283   -309.305   -260.902     319
   320.00000 -0.771846E+02  0.708780E+02 -0.771954E+02  0.602136E+02 -0.122611E+02   -335.053   -315.236   -263.726     320
   321.00000 -0.771846E+02  0.709194E+02 -0.771950E+02  0.602550E+02 -0.123331E+02   -340.511   -321.595   -266.686     321
   322.00000 -0.782146E+02  0.709287E+02 -0.782250E+02  0.602642E+02 -0.124038E+02   -173.270   -225.650   -269.688     322
   323.00000 -0.782246E+02  0.709577E+02 -0.782350E+02  0.602932E+02 -0.124723E+02   -242.438   -241.857   -272.394     323
   324.00000 -0.782246E+02  0.709811E+02 -0.782349E+02  0.603167E+02 -0.125395E+02   -264.214   -257.047   -273.111     324
   325.00000 -0.782246E+02  0.710084E+02 -0.782350E+02  0.603440E+02 -0.126072E+02   -277.541   -267.859   -272.120     325
   326.00000 -0.782246E+02  0.710698E+02 -0.782354E+02  0.604053E+02 -0.126759E+02   -290.112   -278.274   -270.849     326
   327.00000 -0.782246E+02  0.711281E+02 -0.782353E+02  0.604636E+02 -0.127453E+02   -300.864   -287.544   -270.207     327
   328.00000 -0.782238E+02  0.711755E+02 -0.782342E+02  0.605110E+02 -0.128148E+02   -310.848   -296.030   -270.204     328
   329.00000 -0.792538E+02  0.712001E+02 -0.792642E+02  0.605356E+02 -0.128841E+02   -168.633   -213.635   -270.524     329
   330.00000 -0.792538E+02  0.712734E+02 -0.792645E+02  0.606090E+02 -0.129530E+02   -237.327   -234.412   -270.843     330
   331.00000 -0.792488E+02  0.713197E+02 -0.792593E+02  0.606552E+02 -0.130226E+02   -259.448   -250.688   -269.306     331
   332.00000 -0.792084E+02  0.713361E+02 -0.792185E+02  0.606717E+02 -0.130939E+02   -281.087   -265.650   -267.047     332
   333.00000 -0.792084E+02  0.713532E+02 -0.792185E+02  0.606888E+02 -0.131670E+02   -284.406   -272.268   -265.345     333
   334.00000 -0.791973E+02  0.713766E+02 -0.792076E+02  0.607122E+02 -0.132408E+02   -293.736   -279.774   -264.429     334
   335.00000 -0.791590E+02  0.713997E+02 -0.791693E+02  0.607352E+02 -0.133147E+02   -308.320   -289.050   -264.332     335
   336.00000 -0.791327E+02  0.714241E+02 -0.791431E+02  0.607596E+02 -0.133881E+02   -315.610   -295.999   -264.943     336
   337.00000 -0.795827E+02  0.714401E+02 -0.795931E+02  0.607757E+02 -0.134610E+02   -222.624   -255.436   -265.874     337
   338.00000 -0.795572E+02  0.714632E+02 -0.795676E+02  0.607988E+02 -0.135330E+02   -278.129   -269.583   -267.182     338
   339.00000 -0.795373E+02  0.714884E+02 -0.795477E+02  0.608239E+02 -0.136041E+02   -293.393   -280.409   -268.091     339
   340.00000 -0.794796E+02  0.715016E+02 -0.794899E+02  0.608371E+02 -0.136746E+02   -314.973   -292.445   -268.788     340
   341.00000 -0.798496E+02  0.715180E+02 -0.798599E+02  0.608535E+02 -0.137447E+02   -231.781   -260.152   -269.497     341
   342.00000 -0.818172E+02  0.715472E+02 -0.818275E+02  0.608827E+02 -0.138143E+02   -120.487   -154.175   -270.301     342
   343.00000 -0.821310E+02  0.715712E+02 -0.821413E+02  0.609067E+02 -0.138840E+02   -167.519   -172.426   -268.083     343
   344.00000 -0.824410E+02  0.715960E+02 -0.824513E+02  0.609316E+02 -0.139607E+02   -174.803   -178.944   -255.427     344
   345.00000 -0.824114E+02  0.716160E+02 -0.824216E+02  0.609516E+02 -0.140522E+02   -206.705   -197.663   -240.221     345
   346.00000 -0.835314E+02  0.716254E+02 -0.835416E+02  0.609609E+02 -0.141593E+02   -137.927   -156.743   -228.545     346
   347.00000 -0.835439E+02  0.716624E+02 -0.835542E+02  0.609980E+02 -0.142873E+02   -189.097   -181.563   -217.721     347
   348.00000 -0.835439E+02  0.716778E+02 -0.835540E+02  0.610133E+02 -0.144383E+02   -205.761   -195.448   -207.660     348
   349.00000 -0.837839E+02  0.717097E+02 -0.837940E+02  0.610453E+02 -0.146026E+02   -190.491   -192.517   -201.330     349
   350.00000 -0.839835E+02  0.717349E+02 -0.839936E+02  0.610704E+02 -0.147748E+02   -192.921   -193.634   -198.528     350
   351.00000 -0.840235E+02  0.717452E+02 -0.840336E+02  0.610808E+02 -0.149506E+02   -211.661   -203.807   -197.245     351
   352.00000 -0.840060E+02  0.717604E+02 -0.840161E+02  0.610959E+02 -0.151276E+02   -227.072   -214.540   -197.190     352
   353.00000 -0.839759E+02  0.717690E+02 -0.839860E+02  0.611045E+02 -0.153027E+02   -237.697   -223.234   -198.505     353
   354.00000 -0.839759E+02  0.717829E+02 -0.839860E+02  0.611184E+02 -0.154739E+02   -241.541   -228.804   -200.713     354
   355.00000 -0.839759E+02  0.717944E+02 -0.839860E+02  0.611300E+02 -0.156384E+02   -246.491   -233.731   -203.639     355
   356.00000 -0.839759E+02  0.718054E+02 -0.839859E+02  0.611409E+02 -0.157967E+02   -251.396   -238.436   -206.775     356
   357.00000 -0.839759E+02  0.718183E+02 -0.839860E+02  0.611538E+02 -0.159488E+02   -255.987   -242.875   -210.047     357
   358.00000 -0.839759E+02  0.718330E+02 -0.839860E+02  0.611685E+02 -0.160944E+02   -260.606   -247.320   -213.353     358
   359.00000 -0.839683E+02  0.718479E+02 -0.839785E+02  0.611835E+02 -0.162337E+02   -266.697   -252.391   -216.664     359
   360.00000 -0.839660E+02  0.718687E+02 -0.839763E+02  0.612042E+02 -0.163666E+02   -270.550   -256.583   -219.953     360
   361.00000 -0.839660E+02  0.718794E+02 -0.839760E+02  0.612149E+02 -0.164932E+02   -274.997   -261.061   -223.208     361
   362.00000 -0.839660E+02  0.718949E+02 -0.839762E+02  0.612304E+02 -0.166137E+02   -277.997   -264.309   -226.403     362
   363.00000 -0.839660E+02  0.719084E+02 -0.839761E+02  0.612439E+02 -0.167281E+02   -281.980   -268.188   -229.533     363
   364.00000 -0.839660E+02  0.719202E+02 -0.839761E+02  0.612557E+02 -0.168367E+02   -285.287   -271.543   -232.587     364
   365.00000 -0.839547E+02  0.719406E+02 -0.839650E+02  0.612762E+02 -0.169395E+02   -291.230   -275.924   -235.570     365
   366.00000 -0.839263E+02  0.719604E+02 -0.839366E+02  0.612960E+02 -0.170367E+02   -301.030   -282.370   -238.515     366
   367.00000 -0.839189E+02  0.719821E+02 -0.839292E+02  0.613177E+02 -0.171282E+02   -302.101   -285.760   -241.466     367
   368.00000 -0.839189E+02  0.720069E+02 -0.839293E+02  0.613424E+02 -0.172165E+02   -304.521   -289.275   -245.074     368
   369.00000 -0.839189E+02  0.720231E+02 -0.839291E+02  0.613586E+02 -0.173020E+02   -307.781   -292.742   -248.519     369
   370.00000 -0.839189E+02  0.720340E+02 -0.839289E+02  0.613695E+02 -0.173850E+02   -310.203   -295.425   -251.894     370
   371.00000 -0.839112E+02  0.720545E+02 -0.839215E+02  0.613900E+02 -0.174656E+02   -314.739   -298.733   -255.146     371
   372.00000 -0.839104E+02  0.720753E+02 -0.839207E+02  0.614109E+02 -0.175439E+02   -317.407   -302.095   -258.305     372
   373.00000 -0.838486E+02  0.720873E+02 -0.838587E+02  0.614228E+02 -0.176198E+02   -342.037   -313.169   -261.410     373
   374.00000 -0.838246E+02  0.721012E+02 -0.838347E+02  0.614367E+02 -0.176934E+02   -340.109   -316.739   -264.475     374
   375.00000 -0.838192E+02  0.721205E+02 -0.838294E+02  0.614560E+02 -0.177648E+02   -338.639   -319.358   -267.528     375
   376.00000 -0.838162E+02  0.721410E+02 -0.838265E+02  0.614766E+02 -0.178339E+02   -339.836   -322.093   -270.552     376
   377.00000 -0.838150E+02  0.721913E+02 -0.838260E+02  0.615268E+02 -0.179007E+02   -341.674   -324.805   -273.538     377
   378.00000 -0.839650E+02  0.722036E+02 -0.839760E+02  0.615392E+02 -0.179663E+02   -292.199   -306.120   -276.504     378
   379.00000 -0.839511E+02  0.722328E+02 -0.839623E+02  0.615683E+02 -0.180295E+02   -327.002   -314.414   -279.359     379
   380.00000 -0.839511E+02  0.722328E+02 -0.839620E+02  0.615683E+02 -0.180904E+02   -330.654   -318.038   -281.977     380
   381.00000 -0.839511E+02  0.722556E+02 -0.839623E+02  0.615912E+02 -0.181496E+02   -335.531   -322.014   -284.393     381
   382.00000 -0.841012E+02  0.722729E+02 -0.841123E+02  0.616085E+02 -0.182074E+02   -290.934   -305.827   -286.654     382
   383.00000 -0.841003E+02  0.723031E+02 -0.841115E+02  0.616387E+02 -0.182634E+02   -322.288   -313.475   -288.739     383
   384.00000 -0.840953E+02  0.723342E+02 -0.841065E+02  0.616698E+02 -0.183178E+02   -335.087   -321.640   -290.629     384
   385.00000 -0.840230E+02  0.723693E+02 -0.840343E+02  0.617049E+02 -0.183708E+02   -372.110   -338.151   -292.392     385
   386.00000 -0.839808E+02  0.724041E+02 -0.839920E+02  0.617397E+02 -0.184223E+02   -381.187   -348.297   -294.157     386
   387.00000 -0.839808E+02  0.724344E+02 -0.839919E+02  0.617699E+02 -0.184723E+02   -374.101   -351.987   -296.023     387
   388.00000 -0.839625E+02  0.724990E+02 -0.839745E+02  0.618345E+02 -0.185209E+02   -384.358   -358.507   -298.037     388
   389.00000 -0.838937E+02  0.725240E+02 -0.839047E+02  0.618596E+02 -0.185678E+02   -427.439   -377.147   -300.210     389
   390.00000 -0.838838E+02  0.725631E+02 -0.838952E+02  0.618987E+02 -0.186129E+02   -410.804   -378.725   -302.601     390
   391.00000 -0.838245E+02  0.726000E+02 -0.838358E+02  0.619355E+02 -0.186560E+02   -445.467   -392.959   -305.268     391
   392.00000 -0.838245E+02  0.726602E+02 -0.838364E+02  0.619958E+02 -0.186981E+02   -424.564   -393.441   -308.812     392
   393.00000 -0.838245E+02  0.727283E+02 -0.838366E+02  0.620638E+02 -0.187392E+02   -432.104   -401.498   -312.246     393
   394.00000 -0.837678E+02  0.727687E+02 -0.837792E+02  0.621042E+02 -0.187793E+02   -479.799   -419.950   -315.770     394
   395.00000 -0.837455E+02  0.728057E+02 -0.837569E+02  0.621412E+02 -0.188183E+02   -475.290   -425.943   -319.320     395
   396.00000 -0.837399E+02  0.728535E+02 -0.837515E+02  0.621890E+02 -0.188564E+02   -467.002   -428.166   -322.905     396
   397.00000 -0.837399E+02  0.728988E+02 -0.837515E+02  0.622344E+02 -0.188934E+02   -466.450   -432.414   -326.503     397
   398.00000 -0.842999E+02  0.729141E+02 -0.843115E+02  0.622497E+02 -0.189299E+02   -253.144   -338.926   -330.106     398
   399.00000 -0.843099E+02  0.729648E+02 -0.843215E+02  0.623004E+02 -0.189653E+02   -340.459   -347.820   -333.685     399
   400.00000 -0.843035E+02  0.730070E+02 -0.843150E+02  0.623426E+02 -0.189996E+02   -368.194   -360.672   -337.021     400
   401.00000 -0.848435E+02  0.730470E+02 -0.848550E+02  0.623826E+02 -0.190332E+02   -235.270   -300.202   -339.943     401
   402.00000 -0.848265E+02  0.730909E+02 -0.848381E+02  0.624264E+02 -0.190659E+02   -313.111   -315.222   -342.215     402
   403.00000 -0.848134E+02  0.731928E+02 -0.848254E+02  0.625284E+02 -0.190982E+02   -348.013   -337.637   -343.579     403
   404.00000 -0.847871E+02  0.732654E+02 -0.847987E+02  0.626009E+02 -0.191302E+02   -378.740   -357.424   -344.258     404
   405.00000 -0.847094E+02  0.733154E+02 -0.847205E+02  0.626510E+02 -0.191621E+02   -432.849   -382.526   -344.478     405
   406.00000 -0.846618E+02  0.733749E+02 -0.846731E+02  0.627105E+02 -0.191939E+02   -447.989   -398.188   -344.699     406
   407.00000 -0.846164E+02  0.734310E+02 -0.846276E+02  0.627666E+02 -0.192256E+02   -470.803   -415.144   -345.186     407
   408.00000 -0.845770E+02  0.734833E+02 -0.845881E+02  0.628189E+02 -0.192571E+02   -487.939   -429.202   -346.002     408
   409.00000 -0.845113E+02  0.735390E+02 -0.845225E+02  0.628745E+02 -0.192883E+02   -535.539   -449.429   -347.164     409
   410.00000 -0.845113E+02  0.735540E+02 -0.845215E+02  0.628895E+02 -0.193189E+02   -503.000   -453.647   -348.723     410
   411.00000 -0.845113E+02  0.735857E+02 -0.845219E+02  0.629213E+02 -0.193491E+02   -487.580   -450.232   -350.637     411
   412.00000 -0.845113E+02  0.736769E+02 -0.845234E+02  0.630125E+02 -0.193787E+02   -486.372   -453.169   -352.772     412
   413.00000 -0.844759E+02  0.737458E+02 -0.844874E+02  0.630813E+02 -0.194075E+02   -542.182   -476.136   -355.110     413
   414.00000 -0.844682E+02  0.738628E+02 -0.844810E+02  0.631983E+02 -0.194357E+02   -540.941   -485.912   -357.658     414
   415.00000 -0.844321E+02  0.739724E+02 -0.844446E+02  0.633079E+02 -0.194631E+02   -615.619   -518.794   -360.312     415
   416.00000 -0.843601E+02  0.740529E+02 -0.843720E+02  0.633885E+02 -0.194897E+02   -758.426   -562.661   -363.124     416
   417.00000 -0.843186E+02  0.741634E+02 -0.843312E+02  0.634990E+02 -0.195154E+02   -783.841   -587.746   -366.077     417
   418.00000 -0.842954E+02  0.742577E+02 -0.843076E+02  0.635933E+02 -0.195403E+02   -811.793   -618.197   -369.197     418
   419.00000 -0.842641E+02  0.743852E+02 -0.842771E+02  0.637208E+02 -0.195642E+02   -885.588   -648.030   -372.445     419
   420.00000 -0.841919E+02  0.745065E+02 -0.842047E+02  0.638420E+02 -0.195872E+02  -1296.884   -723.011   -375.840     420
   421.00000 -0.841420E+02  0.746540E+02 -0.841555E+02  0.639895E+02 -0.196091E+02  -1585.390   -791.842   -379.434     421
   422.00000 -0.840936E+02  0.747923E+02 -0.841064E+02  0.641269E+02 -0.196300E+02  -2400.717   -899.649   -383.285     422
   423.00000 -0.840957E+02  0.749319E+02 -0.841085E+02  0.642660E+02 -0.196503E+02  -1656.502   -937.166   -388.156     423
   424.00000 -0.841100E+02  0.750473E+02 -0.841228E+02  0.643813E+02 -0.196699E+02  -1452.302   -956.350   -393.273     424
   425.00000 -0.840955E+02  0.751626E+02 -0.841083E+02  0.644961E+02 -0.196890E+02  -1929.392  -1024.370   -398.286     425
   426.00000 -0.842155E+02  0.752318E+02 -0.842283E+02  0.645652E+02 -0.197075E+02   -830.550   -901.507   -403.279     426
   427.00000 -0.842355E+02  0.754096E+02 -0.842483E+02  0.647430E+02 -0.197256E+02  -1130.231   -972.234   -408.261     427
   428.00000 -0.842355E+02  0.755847E+02 -0.842483E+02  0.649182E+02 -0.197430E+02  -1492.847  -1085.419   -413.225     428
   429.00000 -0.848855E+02  0.756271E+02 -0.848982E+02  0.649606E+02 -0.197600E+02   -332.023   -704.495   -418.167     429
   430.00000 -0.849555E+02  0.756837E+02 -0.849683E+02  0.650172E+02 -0.197765E+02   -497.152   -645.460   -423.078     430
   431.00000 -0.849533E+02  0.757690E+02 -0.849663E+02  0.651024E+02 -0.197924E+02   -613.048   -655.366   -427.949     431
   432.00000 -0.849533E+02  0.758146E+02 -0.849659E+02  0.651480E+02 -0.198077E+02   -670.336   -667.944   -432.758     432
   433.00000 -0.853033E+02  0.758763E+02 -0.853159E+02  0.652098E+02 -0.198226E+02   -372.772   -570.976   -437.515     433
   434.00000 -0.852927E+02  0.760124E+02 -0.853058E+02  0.653459E+02 -0.198369E+02   -559.198   -594.723   -442.162     434
   435.00000 -0.852927E+02  0.761845E+02 -0.853061E+02  0.655179E+02 -0.198507E+02   -654.981   -645.896   -446.646     435
   436.00000 -0.855027E+02  0.762562E+02 -0.855161E+02  0.655896E+02 -0.198642E+02   -446.205   -593.864   -451.020     436
   437.00000 -0.856627E+02  0.764434E+02 -0.856761E+02  0.657769E+02 -0.198771E+02   -459.632   -595.646   -455.221     437
   438.00000 -0.856627E+02  0.766226E+02 -0.856760E+02  0.659561E+02 -0.198896E+02   -633.749   -648.845   -459.241     438
   439.00000 -0.856627E+02  0.767639E+02 -0.856757E+02  0.660974E+02 -0.199017E+02   -737.779   -701.295   -463.071     439
   440.00000 -0.856350E+02  0.769324E+02 -0.856484E+02  0.662659E+02 -0.199133E+02   -962.193   -780.260   -466.774     440
   441.00000 -0.857350E+02  0.771071E+02 -0.857484E+02  0.664406E+02 -0.199247E+02   -707.815   -800.190   -470.384     441
   442.00000 -0.858450E+02  0.772842E+02 -0.858584E+02  0.666177E+02 -0.199356E+02   -669.874   -816.945   -473.901     442
   443.00000 -0.858450E+02  0.773742E+02 -0.858577E+02  0.667076E+02 -0.199461E+02   -903.820   -862.431   -477.385     443
   444.00000 -0.858310E+02  0.775352E+02 -0.858446E+02  0.668687E+02 -0.199562E+02  -1140.989   -935.149   -480.898     444
   445.00000 -0.858286E+02  0.776975E+02 -0.858421E+02  0.670310E+02 -0.199660E+02  -1342.648  -1038.235   -484.567     445
   446.00000 -0.858286E+02  0.777953E+02 -0.858405E+02  0.671285E+02 -0.199753E+02  -1594.348  -1162.575   -489.087     446
   447.00000 -0.863386E+02  0.778752E+02 -0.863505E+02  0.672084E+02 -0.199846E+02   -390.883   -849.767   -493.780     447
   448.00000 -0.873986E+02  0.779806E+02 -0.874105E+02  0.673138E+02 -0.199936E+02   -221.668   -532.602   -498.247     448
   449.00000 -0.882386E+02  0.780788E+02 -0.882505E+02  0.674120E+02 -0.200025E+02   -207.609   -356.329   -502.617     449
   450.00000 -0.882386E+02  0.782171E+02 -0.882507E+02  0.675503E+02 -0.200112E+02   -330.371   -372.255   -506.931     450
   451.00000 -0.882386E+02  0.783729E+02 -0.882509E+02  0.677061E+02 -0.200197E+02   -392.103   -411.549   -511.131     451
   452.00000 -0.882586E+02  0.784983E+02 -0.882709E+02  0.678315E+02 -0.200281E+02   -434.865   -445.972   -515.162     452
   453.00000 -0.883286E+02  0.785689E+02 -0.883409E+02  0.679021E+02 -0.200364E+02   -422.307   -453.623   -518.755     453
   454.00000 -0.883486E+02  0.787555E+02 -0.883609E+02  0.680887E+02 -0.200445E+02   -492.061   -494.661   -521.609     454
   455.00000 -0.882995E+02  0.790012E+02 -0.883122E+02  0.683344E+02 -0.200525E+02   -686.818   -578.164   -523.439     455
   456.00000 -0.882500E+02  0.792301E+02 -0.882625E+02  0.685633E+02 -0.200604E+02   -939.005   -680.630   -524.344     456
   457.00000 -0.882500E+02  0.794359E+02 -0.882623E+02  0.687691E+02 -0.200683E+02  -1000.774   -767.484   -524.711     457
   458.00000 -0.883800E+02  0.795382E+02 -0.883922E+02  0.688714E+02 -0.200763E+02   -641.019   -729.002   -524.765     458
   459.00000 -0.884000E+02  0.796845E+02 -0.884122E+02  0.690177E+02 -0.200842E+02   -810.479   -773.117   -524.677     459
   460.00000 -0.884000E+02  0.798266E+02 -0.884122E+02  0.691598E+02 -0.200921E+02   -964.384   -833.071   -524.721     460
   461.00000 -0.883945E+02  0.800356E+02 -0.884073E+02  0.693688E+02 -0.201001E+02  -1211.448   -940.527   -525.072     461
   462.00000 -0.883945E+02  0.802677E+02 -0.884075E+02  0.696009E+02 -0.201080E+02  -1531.520  -1099.965   -525.754     462
   463.00000 -0.889945E+02  0.804033E+02 -0.890075E+02  0.697365E+02 -0.201158E+02   -357.075   -795.356   -526.703     463
   464.00000 -0.889945E+02  0.805154E+02 -0.890074E+02  0.698486E+02 -0.201237E+02   -644.486   -786.248   -528.031     464
   465.00000 -0.889945E+02  0.807423E+02 -0.890084E+02  0.700755E+02 -0.201314E+02   -837.260   -864.380   -529.702     465
   466.00000 -0.889945E+02  0.810465E+02 -0.890093E+02  0.703796E+02 -0.201391E+02  -1134.629  -1027.699   -531.689     466
   467.00000 -0.889945E+02  0.812326E+02 -0.890079E+02  0.705656E+02 -0.201467E+02  -1522.564  -1228.023   -533.938     467
   468.00000 -0.891645E+02  0.813226E+02 -0.891778E+02  0.706555E+02 -0.201542E+02   -714.005  -1124.586   -536.366     468
   469.00000 -0.891645E+02  0.815025E+02 -0.891784E+02  0.708354E+02 -0.201616E+02  -1195.955  -1228.807   -539.009     469
   470.00000 -0.891544E+02  0.817949E+02 -0.891689E+02  0.711176E+02 -0.201689E+02  -2000.875  -1549.095   -541.840     470
   471.00000 -0.904643E+02  0.818832E+02 -0.904788E+02  0.712045E+02 -0.201761E+02   -223.984   -780.543   -544.775     471
   472.00000 -0.904643E+02  0.821027E+02 -0.904790E+02  0.714240E+02 -0.201831E+02   -480.795   -702.486   -547.840     472
   473.00000 -0.905943E+02  0.823033E+02 -0.906090E+02  0.716246E+02 -0.201901E+02   -485.293   -705.417   -551.009     473
   474.00000 -0.905943E+02  0.824950E+02 -0.906089E+02  0.718163E+02 -0.201969E+02   -685.362   -771.166   -554.270     474
   475.00000 -0.910343E+02  0.827460E+02 -0.910490E+02  0.720673E+02 -0.202035E+02   -370.305   -714.855   -557.600     475
   476.00000 -0.910343E+02  0.831057E+02 -0.910496E+02  0.724270E+02 -0.202101E+02   -694.814   -830.071   -560.990     476
   477.00000 -0.910343E+02  0.833330E+02 -0.910485E+02  0.726543E+02 -0.202165E+02   -940.101   -972.062   -564.414     477
   478.00000 -0.910343E+02  0.835471E+02 -0.910484E+02  0.728684E+02 -0.202227E+02  -1226.342  -1134.644   -567.841     478
   479.00000 -0.911343E+02  0.837222E+02 -0.911484E+02  0.730435E+02 -0.202289E+02   -869.464  -1196.018   -571.262     479
   480.00000 -0.911343E+02  0.840112E+02 -0.911491E+02  0.733292E+02 -0.202348E+02  -1518.181  -1475.464   -574.661     480
   481.00000 -0.913344E+02  0.842358E+02 -0.913491E+02  0.735446E+02 -0.202407E+02   -717.211  -1527.508   -578.038     481
   482.00000 -0.913843E+02  0.844746E+02 -0.913990E+02  0.737685E+02 -0.202464E+02  -1061.412  -1741.711   -581.393     482
   483.00000 -0.913555E+02  0.848373E+02 -0.913700E+02  0.740754E+02 -0.202520E+02  -3390.811  -2461.374   -584.733     483
   484.00000 -0.913555E+02  0.852166E+02 -0.913677E+02  0.742786E+02 -0.202575E+02  -5109.961  -3733.151   -588.073     484
   485.00000 -0.913555E+02  0.853793E+02 -0.913667E+02  0.743454E+02 -0.202628E+02  -6280.702  -4392.806   -591.425     485
   486.00000 -0.913555E+02  0.856347E+02 -0.913661E+02  0.744166E+02 -0.202679E+02  -7190.054  -4733.968   -594.818     486
   487.00000 -0.916355E+02  0.858662E+02 -0.916462E+02  0.745172E+02 -0.202730E+02   -733.564  -3851.028   -598.220     487
   488.00000 -0.916481E+02  0.862600E+02 -0.916587E+02  0.747153E+02 -0.202779E+02  -1875.979  -4168.082   -601.695     488
   489.00000 -0.918881E+02  0.865861E+02 -0.918986E+02  0.748728E+02 -0.202827E+02   -735.405  -4035.356   -605.266     489
   490.00000 -0.919078E+02  0.869501E+02 -0.919184E+02  0.750553E+02 -0.202874E+02  -1612.968  -4253.006   -608.997     490
   491.00000 -0.926678E+02  0.872042E+02 -0.926783E+02  0.751984E+02 -0.202918E+02   -342.530  -3149.959   -613.066     491
   492.00000 -0.927678E+02  0.874788E+02 -0.927783E+02  0.754077E+02 -0.202962E+02   -626.517  -2590.619   -618.443     492
   493.00000 -0.927678E+02  0.878212E+02 -0.927786E+02  0.756848E+02 -0.203005E+02  -1131.342  -2766.997   -623.386     493
   494.00000 -0.927643E+02  0.882678E+02 -0.927752E+02  0.759822E+02 -0.203047E+02  -2173.692  -3604.087   -628.169     494
   495.00000 -0.927643E+02  0.886351E+02 -0.927730E+02  0.761565E+02 -0.203088E+02  -4155.919  -4736.439   -632.868     495
   496.00000 -0.927643E+02  0.889383E+02 -0.927712E+02  0.762338E+02 -0.203129E+02  -6346.170  -5633.373   -637.506     496
   497.00000 -0.927643E+02  0.892708E+02 -0.927693E+02  0.762686E+02 -0.203168E+02  -8008.782  -6146.282   -642.078     497
   498.00000 -0.927643E+02  0.896783E+02 -0.927693E+02  0.763090E+02 -0.203208E+02  -7830.511  -6141.930   -646.608     498
   499.00000 -0.927643E+02  0.900828E+02 -0.927693E+02  0.763470E+02 -0.203246E+02  -8050.245  -6256.519   -651.096     499
   500.00000 -0.927643E+02  0.905868E+02 -0.927693E+02  0.763899E+02 -0.203284E+02  -8002.734  -6303.058   -655.544     500
   501.00000 -0.927643E+02  0.910164E+02 -0.927693E+02  0.764247E+02 -0.203321E+02  -8020.246  -6389.540   -659.951     501
   502.00000 -0.928043E+02  0.913347E+02 -0.928097E+02  0.764654E+02 -0.203358E+02  -2669.782  -6102.952   -664.340     502
   503.00000 -0.928043E+02  0.915389E+02 -0.928086E+02  0.764941E+02 -0.203394E+02  -5213.608  -6161.318   -668.683     503
   504.00000 -0.931943E+02  0.916779E+02 -0.931986E+02  0.765358E+02 -0.203429E+02   -565.612  -4748.590   -672.992     504
   505.00000 -0.946344E+02  0.919511E+02 -0.946387E+02  0.767055E+02 -0.203464E+02   -216.328  -2519.716   -677.262     505
   506.00000 -0.971743E+02  0.919924E+02 -0.971786E+02  0.767446E+02 -0.203498E+02   -126.809   -409.130   -681.495     506
   507.00000 -0.978343E+02  0.921023E+02 -0.978386E+02  0.768544E+02 -0.203532E+02   -183.681   -246.250   -685.690     507
   508.00000 -0.978343E+02  0.924134E+02 -0.978393E+02  0.771656E+02 -0.203565E+02   -292.111   -307.826   -689.846     508
   509.00000 -0.978343E+02  0.926215E+02 -0.978385E+02  0.773737E+02 -0.203597E+02   -360.749   -364.655   -693.956     509
   510.00000 -0.980170E+02  0.930697E+02 -0.980212E+02  0.778219E+02 -0.203629E+02   -374.171   -425.949   -697.981     510
   511.00000 -0.980081E+02  0.934749E+02 -0.980121E+02  0.782271E+02 -0.203660E+02   -574.833   -530.484   -701.705     511
   512.00000 -0.979956E+02  0.939155E+02 -0.979998E+02  0.786676E+02 -0.203691E+02   -844.861   -681.518   -704.489     512
   513.00000 -0.979956E+02  0.944579E+02 -0.980010E+02  0.792100E+02 -0.203721E+02  -1371.149   -953.443   -705.964     513
   514.00000 -0.979956E+02  0.949863E+02 -0.979922E+02  0.795683E+02 -0.203752E+02  -3118.052  -1626.024   -705.514     514
   515.00000 -0.979956E+02  0.954043E+02 -0.979899E+02  0.798056E+02 -0.203783E+02  -4707.796  -2399.722   -703.682     515
   516.00000 -0.981169E+02  0.958383E+02 -0.981114E+02  0.801073E+02 -0.203813E+02  -1317.233  -2940.981   -701.183     516
   517.00000 -0.980602E+02  0.962995E+02 -0.980583E+02  0.803336E+02 -0.203845E+02-100000.000  -5787.463   -697.700     517
   518.00000 -0.980440E+02  0.967781E+02 -0.980501E+02  0.804822E+02 -0.203877E+02-100000.000  -6561.430   -693.797     518
   519.00000 -0.980540E+02  0.971269E+02 -0.980601E+02  0.805730E+02 -0.203909E+02  -8412.470  -5170.771   -689.920     519
   520.00000 -0.980540E+02  0.974617E+02 -0.980601E+02  0.806518E+02 -0.203942E+02  -9453.937  -5293.748   -686.467     520
   521.00000 -0.992241E+02  0.976948E+02 -0.992301E+02  0.807837E+02 -0.203976E+02   -270.474  -2324.172   -683.484     521
   522.00000 -0.101524E+03  0.977468E+02 -0.101530E+03  0.808328E+02 -0.204010E+02   -141.216   -481.496   -681.170     522
   523.00000 -0.102504E+03  0.979562E+02 -0.102510E+03  0.810422E+02 -0.204044E+02   -175.196   -263.163   -679.567     523
   524.00000 -0.102564E+03  0.981997E+02 -0.102570E+03  0.812857E+02 -0.204078E+02   -279.956   -307.269   -678.634     524
   525.00000 -0.105604E+03  0.984220E+02 -0.105610E+03  0.815080E+02 -0.204113E+02   -103.393   -144.543   -678.276     525
   526.00000 -0.105631E+03  0.988329E+02 -0.105637E+03  0.819189E+02 -0.204147E+02   -210.522   -209.140   -678.377     526
   527.00000 -0.105617E+03  0.993414E+02 -0.105624E+03  0.824274E+02 -0.204182E+02   -287.527   -271.475   -677.442     527
   528.00000 -0.106137E+03  0.996845E+02 -0.106143E+03  0.827705E+02 -0.204217E+02   -225.399   -264.147   -671.532     528
   529.00000 -0.106387E+03  0.998260E+02 -0.106393E+03  0.829121E+02 -0.204254E+02   -243.798   -266.811   -653.210     529
   530.00000 -0.107107E+03  0.999130E+02 -0.107113E+03  0.829990E+02 -0.204294E+02   -186.556   -227.881   -620.964     530
   531.00000 -0.107487E+03  0.100159E+03 -0.107493E+03  0.832455E+02 -0.204343E+02   -212.710   -236.495   -586.842     531
   532.00000 -0.107497E+03  0.100523E+03 -0.107503E+03  0.836090E+02 -0.204407E+02   -296.194   -285.941   -547.409     532
   533.00000 -0.107497E+03  0.100831E+03 -0.107503E+03  0.839168E+02 -0.204488E+02   -355.074   -330.659   -507.869     533
   534.00000 -0.107527E+03  0.101059E+03 -0.107533E+03  0.841447E+02 -0.204584E+02   -378.352   -359.677   -475.462     534
   535.00000 -0.109827E+03  0.101384E+03 -0.109833E+03  0.844703E+02 -0.204706E+02   -126.643   -185.512   -448.853     535
   536.00000 -0.109826E+03  0.101892E+03 -0.109833E+03  0.849785E+02 -0.204855E+02   -246.667   -242.768   -427.854     536
   537.00000 -0.109826E+03  0.102279E+03 -0.109832E+03  0.853649E+02 -0.205025E+02   -316.929   -297.843   -409.553     537
   538.00000 -0.109866E+03  0.102740E+03 -0.109872E+03  0.858260E+02 -0.205213E+02   -381.512   -355.127   -391.490     538
   539.00000 -0.109866E+03  0.103304E+03 -0.109873E+03  0.863905E+02 -0.205426E+02   -531.859   -445.885   -377.683     539
   540.00000 -0.110176E+03  0.103766E+03 -0.110183E+03  0.868516E+02 -0.205670E+02   -389.953   -456.450   -366.794     540
   541.00000 -0.111466E+03  0.104279E+03 -0.111473E+03  0.873651E+02 -0.205937E+02   -194.797   -323.645   -359.677     541
   542.00000 -0.111481E+03  0.104800E+03 -0.111488E+03  0.878861E+02 -0.206219E+02   -384.173   -385.255   -356.210     542
   543.00000 -0.111481E+03  0.105298E+03 -0.111488E+03  0.883842E+02 -0.206507E+02   -555.524   -488.918   -355.337     543
   544.00000 -0.112151E+03  0.105622E+03 -0.112158E+03  0.887085E+02 -0.206795E+02   -273.573   -407.068   -355.659     544
   545.00000 -0.112161E+03  0.106107E+03 -0.112168E+03  0.891934E+02 -0.207080E+02   -506.257   -491.049   -356.856     545
   546.00000 -0.112161E+03  0.106606E+03 -0.112168E+03  0.896923E+02 -0.207361E+02   -760.100   -630.990   -358.770     546
   547.00000 -0.112631E+03  0.106902E+03 -0.112638E+03  0.899883E+02 -0.207635E+02   -362.467   -549.552   -361.160     547
   548.00000 -0.112617E+03  0.107412E+03 -0.112625E+03  0.904982E+02 -0.207902E+02   -747.902   -682.747   -364.068     548
   549.00000 -0.112614E+03  0.107906E+03 -0.112621E+03  0.909917E+02 -0.208157E+02  -1270.665   -935.281   -367.463     549
   550.00000 -0.112614E+03  0.108414E+03 -0.112620E+03  0.914799E+02 -0.208403E+02  -2538.617  -1458.382   -371.240     550
   551.00000 -0.113234E+03  0.108793E+03 -0.113240E+03  0.918421E+02 -0.208640E+02   -399.172  -1116.534   -375.309     551
   552.00000 -0.113223E+03  0.109237E+03 -0.113231E+03  0.922740E+02 -0.208864E+02  -1143.119  -1352.192   -379.806     552
   553.00000 -0.113403E+03  0.109745E+03 -0.113411E+03  0.927409E+02 -0.209074E+02   -797.843  -1837.322   -384.905     553
   554.00000 -0.114013E+03  0.110231E+03 -0.114021E+03  0.931562E+02 -0.209273E+02   -390.411  -1787.490   -391.698     554
   555.00000 -0.114373E+03  0.110356E+03 -0.114380E+03  0.932733E+02 -0.209465E+02   -405.809  -1120.510   -398.148     555
   556.00000 -0.114623E+03  0.110669E+03 -0.114630E+03  0.935836E+02 -0.209650E+02   -463.784  -1007.469   -404.507     556
   557.00000 -0.114616E+03  0.111146E+03 -0.114624E+03  0.940577E+02 -0.209828E+02   -971.807  -1245.511   -410.797     557
   558.00000 -0.114616E+03  0.111686E+03 -0.114624E+03  0.945283E+02 -0.209998E+02  -1934.675  -1963.971   -416.991     558
   559.00000 -0.114616E+03  0.112209E+03 -0.114620E+03  0.948447E+02 -0.210162E+02  -4605.108  -3454.501   -423.089     559
   560.00000 -0.114706E+03  0.112517E+03 -0.114711E+03  0.950076E+02 -0.210321E+02  -1497.291  -3841.181   -429.102     560
   561.00000 -0.120176E+03  0.112622E+03 -0.120181E+03  0.951006E+02 -0.210473E+02    -83.539   -166.804   -435.015     561
   562.00000 -0.120186E+03  0.112983E+03 -0.120191E+03  0.954616E+02 -0.210619E+02   -216.511   -221.099   -440.818     562
   563.00000 -0.120186E+03  0.113490E+03 -0.120191E+03  0.959684E+02 -0.210759E+02   -299.948   -289.133   -446.081     563
   564.00000 -0.120866E+03  0.113894E+03 -0.120871E+03  0.963730E+02 -0.210894E+02   -217.391   -271.801   -449.142     564
   565.00000 -0.122746E+03  0.114152E+03 -0.122751E+03  0.966308E+02 -0.211029E+02   -130.519   -175.054   -447.225     565
   566.00000 -0.122739E+03  0.114665E+03 -0.122745E+03  0.971432E+02 -0.211171E+02   -239.105   -233.198   -439.215     566
   567.00000 -0.123709E+03  0.115112E+03 -0.123715E+03  0.975906E+02 -0.211324E+02   -172.827   -210.798   -425.284     567
   568.00000 -0.124959E+03  0.115231E+03 -0.124965E+03  0.977098E+02 -0.211496E+02   -140.151   -168.496   -404.563     568
   569.00000 -0.124969E+03  0.115547E+03 -0.124975E+03  0.980253E+02 -0.211694E+02   -221.453   -214.032   -380.990     569
   570.00000 -0.125829E+03  0.115656E+03 -0.125835E+03  0.981346E+02 -0.211952E+02   -160.056   -183.548   -353.383     570
   571.00000 -0.125829E+03  0.115910E+03 -0.125836E+03  0.983885E+02 -0.212300E+02   -226.405   -218.117   -323.627     571
   572.00000 -0.125829E+03  0.116155E+03 -0.125836E+03  0.986337E+02 -0.212751E+02   -260.767   -245.912   -300.481     572
   573.00000 -0.125829E+03  0.116522E+03 -0.125838E+03  0.990009E+02 -0.213311E+02   -301.767   -279.627   -284.907     573
   574.00000 -0.125979E+03  0.116932E+03 -0.125988E+03  0.994105E+02 -0.213943E+02   -307.521   -304.710   -274.578     574
   575.00000 -0.125962E+03  0.117407E+03 -0.125971E+03  0.998854E+02 -0.214628E+02   -420.787   -364.195   -270.428     575
   576.00000 -0.125946E+03  0.117881E+03 -0.125955E+03  0.100359E+03 -0.215323E+02   -547.686   -438.255   -270.302     576
   577.00000 -0.126176E+03  0.118279E+03 -0.126185E+03  0.100758E+03 -0.216010E+02   -418.074   -443.234   -272.028     577
   578.00000 -0.126186E+03  0.118608E+03 -0.126195E+03  0.101086E+03 -0.216676E+02   -579.413   -495.429   -275.653     578
   579.00000 -0.126186E+03  0.119078E+03 -0.126196E+03  0.101556E+03 -0.217305E+02   -790.262   -599.087   -280.465     579
   580.00000 -0.127386E+03  0.119434E+03 -0.127396E+03  0.101913E+03 -0.217900E+02   -214.515   -378.677   -285.809     580
   581.00000 -0.127374E+03  0.119897E+03 -0.127384E+03  0.102375E+03 -0.218449E+02   -434.653   -434.608   -291.595     581
   582.00000 -0.128354E+03  0.120344E+03 -0.128364E+03  0.102823E+03 -0.218957E+02   -219.573   -343.063   -297.554     582
   583.00000 -0.128594E+03  0.120535E+03 -0.128603E+03  0.103013E+03 -0.219420E+02   -282.720   -331.262   -303.621     583
   584.00000 -0.128568E+03  0.120981E+03 -0.128580E+03  0.103460E+03 -0.219843E+02   -424.803   -396.331   -310.532     584
   585.00000 -0.128549E+03  0.121443E+03 -0.128560E+03  0.103922E+03 -0.220245E+02   -589.546   -492.524   -316.324     585
   586.00000 -0.132399E+03  0.121689E+03 -0.132410E+03  0.104167E+03 -0.220637E+02    -95.116   -141.107   -321.475     586
   587.00000 -0.133569E+03  0.122039E+03 -0.133580E+03  0.104518E+03 -0.221014E+02   -132.397   -149.557   -325.152     587
   588.00000 -0.133539E+03  0.122463E+03 -0.133551E+03  0.104941E+03 -0.221399E+02   -211.895   -200.015   -316.642     588
   589.00000 -0.133516E+03  0.122900E+03 -0.133528E+03  0.105379E+03 -0.221871E+02   -264.755   -243.291   -296.419     589
   590.00000 -0.133526E+03  0.123322E+03 -0.133538E+03  0.105801E+03 -0.222452E+02   -311.213   -284.075   -277.609     590
   591.00000 -0.133526E+03  0.123748E+03 -0.133538E+03  0.106226E+03 -0.223150E+02   -373.253   -329.564   -266.812     591
   592.00000 -0.133550E+03  0.124164E+03 -0.133562E+03  0.106643E+03 -0.223892E+02   -430.496   -375.926   -262.359     592
   593.00000 -0.135880E+03  0.124508E+03 -0.135892E+03  0.106987E+03 -0.224646E+02   -126.997   -183.852   -262.586     593
   594.00000 -0.137770E+03  0.124684E+03 -0.137781E+03  0.107162E+03 -0.225387E+02   -114.232   -136.651   -264.343     594
   595.00000 -0.137734E+03  0.125000E+03 -0.137747E+03  0.107479E+03 -0.226153E+02   -191.680   -181.991   -256.224     595
   596.00000 -0.137709E+03  0.125405E+03 -0.137722E+03  0.107883E+03 -0.227064E+02   -237.059   -219.241   -239.945     596
   597.00000 -0.137667E+03  0.125815E+03 -0.137681E+03  0.108293E+03 -0.228166E+02   -288.689   -258.127   -229.910     597
   598.00000 -0.137917E+03  0.126118E+03 -0.137931E+03  0.108597E+03 -0.229369E+02   -253.670   -259.058   -224.950     598
   599.00000 -0.137910E+03  0.126470E+03 -0.137923E+03  0.108949E+03 -0.230603E+02   -319.937   -291.664   -225.250     599
   600.00000 -0.137881E+03  0.126866E+03 -0.137896E+03  0.109345E+03 -0.231790E+02   -386.804   -334.330   -228.097     600
   601.00000 -0.141811E+03  0.126985E+03 -0.141826E+03  0.109464E+03 -0.232926E+02    -86.610   -112.087   -231.902     601
   602.00000 -0.143130E+03  0.127321E+03 -0.143145E+03  0.109800E+03 -0.234029E+02   -115.976   -125.023   -228.276     602
   603.00000 -0.143087E+03  0.127667E+03 -0.143101E+03  0.110145E+03 -0.235523E+02   -179.741   -166.776   -200.307     603
   604.00000 -0.143027E+03  0.128031E+03 -0.143042E+03  0.110509E+03 -0.237636E+02   -218.679   -198.333   -185.523     604
   605.00000 -0.142973E+03  0.128404E+03 -0.142987E+03  0.110882E+03 -0.240006E+02   -255.862   -228.255   -181.413     605
   606.00000 -0.142924E+03  0.128758E+03 -0.142939E+03  0.111236E+03 -0.242232E+02   -294.328   -257.710   -184.396     606
   607.00000 -0.142888E+03  0.129103E+03 -0.142902E+03  0.111581E+03 -0.244220E+02   -330.989   -285.681   -189.234     607
   608.00000 -0.142898E+03  0.129319E+03 -0.142912E+03  0.111797E+03 -0.246088E+02   -329.726   -295.697   -196.146     608
   609.00000 -0.142898E+03  0.129541E+03 -0.142912E+03  0.112019E+03 -0.247772E+02   -347.202   -310.164   -204.128     609
   610.00000 -0.142856E+03  0.129822E+03 -0.142870E+03  0.112301E+03 -0.249290E+02   -394.511   -337.154   -211.853     610
   611.00000 -0.142818E+03  0.130119E+03 -0.142833E+03  0.112597E+03 -0.250666E+02   -448.103   -370.112   -219.333     611
   612.00000 -0.142787E+03  0.130457E+03 -0.142802E+03  0.112935E+03 -0.251868E+02   -507.155   -406.023   -226.553     612
   613.00000 -0.142787E+03  0.130749E+03 -0.142801E+03  0.113227E+03 -0.252933E+02   -564.666   -449.567   -233.675     613
   614.00000 -0.142787E+03  0.131093E+03 -0.142802E+03  0.113572E+03 -0.253862E+02   -624.273   -486.543   -240.784     614
   615.00000 -0.142787E+03  0.131438E+03 -0.142802E+03  0.113916E+03 -0.254710E+02   -745.851   -550.478   -249.432     615
   616.00000 -0.143017E+03  0.131713E+03 -0.143032E+03  0.114192E+03 -0.255522E+02   -470.353   -513.262   -257.935     616
   617.00000 -0.143844E+03  0.131993E+03 -0.143859E+03  0.114471E+03 -0.256273E+02   -246.582   -378.010   -266.017     617
   618.00000 -0.143805E+03  0.132311E+03 -0.143821E+03  0.114790E+03 -0.256960E+02   -444.245   -422.363   -273.697     618
   619.00000 -0.143754E+03  0.132595E+03 -0.143770E+03  0.115074E+03 -0.257585E+02   -592.926   -486.169   -280.838     619
   620.00000 -0.143721E+03  0.132907E+03 -0.143737E+03  0.115386E+03 -0.258161E+02   -749.512   -560.251   -287.550     620
   621.00000 -0.148581E+03  0.133176E+03 -0.148597E+03  0.115654E+03 -0.258700E+02    -82.239   -117.080   -293.926     621
   622.00000 -0.148711E+03  0.133248E+03 -0.148727E+03  0.115727E+03 -0.259193E+02   -163.514   -162.640   -298.684     622
   623.00000 -0.149101E+03  0.133300E+03 -0.149117E+03  0.115779E+03 -0.259701E+02   -166.192   -171.418   -288.835     623
   624.00000 -0.149741E+03  0.133402E+03 -0.149757E+03  0.115881E+03 -0.260362E+02   -155.291   -166.098   -262.958     624
   625.00000 -0.149741E+03  0.133472E+03 -0.149756E+03  0.115950E+03 -0.261237E+02   -197.800   -189.077   -239.164     625
   626.00000 -0.149709E+03  0.133685E+03 -0.149725E+03  0.116164E+03 -0.262422E+02   -228.832   -213.820   -225.231     626
   627.00000 -0.149652E+03  0.133885E+03 -0.149668E+03  0.116364E+03 -0.263773E+02   -260.724   -237.809   -217.711     627
   628.00000 -0.149608E+03  0.134077E+03 -0.149624E+03  0.116555E+03 -0.265180E+02   -285.791   -258.788   -216.583     628
   629.00000 -0.149608E+03  0.134205E+03 -0.149623E+03  0.116683E+03 -0.266556E+02   -297.918   -273.878   -217.796     629
   630.00000 -0.149608E+03  0.134338E+03 -0.149623E+03  0.116817E+03 -0.267872E+02   -306.347   -283.135   -220.740     630
   631.00000 -0.149836E+03  0.134469E+03 -0.149851E+03  0.116947E+03 -0.269151E+02   -260.552   -270.274   -224.250     631
   632.00000 -0.149840E+03  0.134611E+03 -0.149855E+03  0.117090E+03 -0.270351E+02   -300.894   -284.369   -228.492     632
   633.00000 -0.149815E+03  0.134797E+03 -0.149831E+03  0.117276E+03 -0.271461E+02   -334.512   -304.720   -232.747     633
   634.00000 -0.151455E+03  0.134860E+03 -0.151471E+03  0.117339E+03 -0.272498E+02   -138.328   -181.766   -236.963     634
   635.00000 -0.151465E+03  0.134947E+03 -0.151481E+03  0.117426E+03 -0.273461E+02   -213.999   -209.523   -240.087     635
   636.00000 -0.151465E+03  0.135029E+03 -0.151481E+03  0.117508E+03 -0.274409E+02   -237.672   -228.001   -239.284     636
   637.00000 -0.151461E+03  0.135158E+03 -0.151477E+03  0.117636E+03 -0.275403E+02   -258.109   -244.141   -236.907     637
   638.00000 -0.151392E+03  0.135335E+03 -0.151408E+03  0.117814E+03 -0.276432E+02   -295.417   -268.330   -235.268     638
   639.00000 -0.151337E+03  0.135519E+03 -0.151353E+03  0.117998E+03 -0.277461E+02   -324.037   -289.941   -235.686     639
   640.00000 -0.151337E+03  0.135706E+03 -0.151353E+03  0.118184E+03 -0.278456E+02   -335.828   -306.252   -237.318     640
   641.00000 -0.151310E+03  0.135848E+03 -0.151325E+03  0.118327E+03 -0.279398E+02   -367.257   -327.690   -240.119     641
   642.00000 -0.154160E+03  0.135868E+03 -0.154175E+03  0.118346E+03 -0.280309E+02   -104.008   -138.070   -243.973     642
   643.00000 -0.154740E+03  0.135965E+03 -0.154755E+03  0.118443E+03 -0.281190E+02   -146.272   -154.127   -244.478     643
   644.00000 -0.154681E+03  0.136130E+03 -0.154697E+03  0.118609E+03 -0.282177E+02   -199.543   -187.224   -232.591     644
   645.00000 -0.154627E+03  0.136271E+03 -0.154643E+03  0.118750E+03 -0.283472E+02   -226.991   -210.488   -219.682     645
   646.00000 -0.154606E+03  0.136428E+03 -0.154622E+03  0.118906E+03 -0.284923E+02   -245.158   -228.191   -212.586     646
   647.00000 -0.154526E+03  0.136573E+03 -0.154541E+03  0.119052E+03 -0.286426E+02   -276.790   -249.364   -211.654     647
   648.00000 -0.154451E+03  0.136717E+03 -0.154466E+03  0.119196E+03 -0.287894E+02   -299.960   -267.587   -213.030     648
   649.00000 -0.154537E+03  0.136870E+03 -0.154553E+03  0.119349E+03 -0.289334E+02   -280.742   -270.882   -215.581     649
   650.00000 -0.154452E+03  0.137007E+03 -0.154467E+03  0.119486E+03 -0.290696E+02   -331.068   -291.857   -219.640     650
   651.00000 -0.154360E+03  0.137138E+03 -0.154376E+03  0.119617E+03 -0.291962E+02   -364.971   -312.971   -224.266     651
   652.00000 -0.154292E+03  0.137276E+03 -0.154308E+03  0.119754E+03 -0.293138E+02   -386.448   -331.032   -229.166     652
   653.00000 -0.154215E+03  0.137397E+03 -0.154230E+03  0.119875E+03 -0.294190E+02   -420.294   -351.365   -234.332     653
   654.00000 -0.154167E+03  0.137516E+03 -0.154182E+03  0.119995E+03 -0.295140E+02   -431.370   -365.347   -239.619     654
   655.00000 -0.154134E+03  0.137665E+03 -0.154150E+03  0.120143E+03 -0.296016E+02   -440.789   -377.607   -246.003     655
   656.00000 -0.154534E+03  0.137727E+03 -0.154550E+03  0.120205E+03 -0.296863E+02   -271.094   -316.950   -252.647     656
   657.00000 -0.154489E+03  0.137844E+03 -0.154505E+03  0.120323E+03 -0.297658E+02   -358.900   -335.036   -258.931     657
   658.00000 -0.154423E+03  0.137930E+03 -0.154439E+03  0.120409E+03 -0.298402E+02   -399.979   -354.698   -264.543     658
   659.00000 -0.154331E+03  0.138023E+03 -0.154347E+03  0.120502E+03 -0.299109E+02   -453.730   -379.223   -269.679     659
   660.00000 -0.154255E+03  0.138113E+03 -0.154271E+03  0.120592E+03 -0.299771E+02   -486.211   -399.925   -274.434     660
   661.00000 -0.154177E+03  0.138210E+03 -0.154193E+03  0.120688E+03 -0.300397E+02   -527.977   -422.003   -279.098     661
   662.00000 -0.154177E+03  0.138239E+03 -0.154191E+03  0.120718E+03 -0.300990E+02   -490.259   -427.368   -283.713     662
   663.00000 -0.154174E+03  0.138318E+03 -0.154190E+03  0.120796E+03 -0.301548E+02   -471.351   -422.117   -288.289     663
   664.00000 -0.154174E+03  0.138354E+03 -0.154189E+03  0.120833E+03 -0.302072E+02   -474.407   -429.607   -292.846     664
   665.00000 -0.154174E+03  0.138384E+03 -0.154189E+03  0.120863E+03 -0.302563E+02   -464.272   -425.832   -297.359     665
   666.00000 -0.154157E+03  0.138447E+03 -0.154172E+03  0.120925E+03 -0.303019E+02   -473.153   -429.039   -301.859     666
   667.00000 -0.154142E+03  0.138538E+03 -0.154158E+03  0.121016E+03 -0.303446E+02   -482.842   -436.653   -306.766     667
   668.00000 -0.154152E+03  0.138623E+03 -0.154168E+03  0.121102E+03 -0.303863E+02   -478.132   -443.358   -312.380     668
   669.00000 -0.154392E+03  0.138731E+03 -0.154408E+03  0.121210E+03 -0.304265E+02   -352.956   -408.621   -317.538     669
   670.00000 -0.154392E+03  0.138784E+03 -0.154407E+03  0.121262E+03 -0.304653E+02   -427.354   -416.151   -322.414     670
   671.00000 -0.155080E+03  0.138852E+03 -0.155095E+03  0.121331E+03 -0.305027E+02   -230.875   -321.362   -327.078     671
   672.00000 -0.155090E+03  0.138892E+03 -0.155105E+03  0.121371E+03 -0.305388E+02   -319.628   -329.810   -331.463     672
   673.00000 -0.155039E+03  0.138960E+03 -0.155055E+03  0.121438E+03 -0.305737E+02   -372.948   -353.850   -335.259     673
   674.00000 -0.155037E+03  0.139014E+03 -0.155053E+03  0.121492E+03 -0.306076E+02   -380.508   -365.914   -338.138     674
   675.00000 -0.155184E+03  0.139095E+03 -0.155200E+03  0.121574E+03 -0.306409E+02   -334.656   -358.130   -340.449     675
   676.00000 -0.155270E+03  0.139159E+03 -0.155285E+03  0.121637E+03 -0.306736E+02   -343.573   -357.172   -342.143     676
   677.00000 -0.156210E+03  0.139194E+03 -0.156225E+03  0.121673E+03 -0.307060E+02   -188.218   -258.926   -343.537     677
   678.00000 -0.157050E+03  0.139212E+03 -0.157065E+03  0.121691E+03 -0.307379E+02   -171.116   -211.933   -344.627     678
   679.00000 -0.156992E+03  0.139262E+03 -0.157008E+03  0.121741E+03 -0.307698E+02   -243.934   -240.488   -344.180     679
   680.00000 -0.156975E+03  0.139316E+03 -0.156991E+03  0.121795E+03 -0.308026E+02   -270.827   -263.001   -340.143     680
   681.00000 -0.156975E+03  0.139358E+03 -0.156991E+03  0.121837E+03 -0.308371E+02   -286.677   -277.869   -333.450     681
   682.00000 -0.156975E+03  0.139381E+03 -0.156990E+03  0.121860E+03 -0.308743E+02   -298.627   -288.552   -326.216     682
   683.00000 -0.157655E+03  0.139396E+03 -0.157670E+03  0.121874E+03 -0.309125E+02   -194.131   -234.935   -319.328     683
   684.00000 -0.157725E+03  0.139413E+03 -0.157740E+03  0.121892E+03 -0.309526E+02   -240.225   -245.086   -313.422     684
   685.00000 -0.157700E+03  0.139454E+03 -0.157715E+03  0.121933E+03 -0.309944E+02   -274.186   -264.589   -307.700     685
   686.00000 -0.157646E+03  0.139487E+03 -0.157661E+03  0.121966E+03 -0.310388E+02   -299.376   -281.452   -302.731     686
   687.00000 -0.157698E+03  0.139552E+03 -0.157714E+03  0.122031E+03 -0.310858E+02   -292.619   -288.033   -298.047     687
   688.00000 -0.157629E+03  0.139574E+03 -0.157644E+03  0.122052E+03 -0.311363E+02   -329.998   -303.544   -294.411     688
   689.00000 -0.157576E+03  0.139597E+03 -0.157591E+03  0.122075E+03 -0.311889E+02   -343.675   -315.340   -292.181     689
   690.00000 -0.157522E+03  0.139629E+03 -0.157538E+03  0.122108E+03 -0.312426E+02   -358.551   -327.167   -290.986     690
   691.00000 -0.157772E+03  0.139651E+03 -0.157788E+03  0.122130E+03 -0.312966E+02   -272.781   -297.896   -290.603     691
   692.00000 -0.157772E+03  0.139717E+03 -0.157788E+03  0.122196E+03 -0.313505E+02   -315.892   -308.116   -291.076     692
   693.00000 -0.157766E+03  0.139787E+03 -0.157781E+03  0.122266E+03 -0.314038E+02   -336.648   -321.563   -291.966     693
   694.00000 -0.158046E+03  0.139807E+03 -0.158061E+03  0.122286E+03 -0.314564E+02   -263.051   -292.235   -292.997     694
   695.00000 -0.158046E+03  0.139829E+03 -0.158061E+03  0.122308E+03 -0.315082E+02   -304.760   -300.176   -294.145     695
   696.00000 -0.157985E+03  0.139841E+03 -0.158000E+03  0.122320E+03 -0.315590E+02   -337.436   -314.833   -295.199     696
   697.00000 -0.157922E+03  0.139853E+03 -0.157937E+03  0.122331E+03 -0.316091E+02   -358.404   -328.442   -296.133     697
   698.00000 -0.158300E+03  0.139875E+03 -0.158315E+03  0.122353E+03 -0.316587E+02   -248.334   -286.944   -297.006     698
   699.00000 -0.158868E+03  0.139899E+03 -0.158883E+03  0.122378E+03 -0.317077E+02   -204.185   -244.499   -297.904     699
   700.00000 -0.159171E+03  0.139924E+03 -0.159186E+03  0.122403E+03 -0.317560E+02   -215.716   -236.480   -298.634     700
   701.00000 -0.160131E+03  0.139945E+03 -0.160146E+03  0.122424E+03 -0.318041E+02   -158.528   -190.257   -298.287     701
   702.00000 -0.160189E+03  0.139971E+03 -0.160204E+03  0.122449E+03 -0.318535E+02   -212.512   -211.969   -295.253     702
   703.00000 -0.160459E+03  0.139998E+03 -0.160474E+03  0.122477E+03 -0.319071E+02   -202.310   -211.576   -287.648     703
   704.00000 -0.160459E+03  0.140019E+03 -0.160474E+03  0.122498E+03 -0.319686E+02   -234.495   -227.414   -277.335     704
   705.00000 -0.160469E+03  0.140038E+03 -0.160484E+03  0.122517E+03 -0.320368E+02   -246.552   -238.062   -267.594     705
   706.00000 -0.160489E+03  0.140065E+03 -0.160504E+03  0.122544E+03 -0.321115E+02   -255.366   -246.655   -260.063     706
   707.00000 -0.160471E+03  0.140087E+03 -0.160486E+03  0.122566E+03 -0.321910E+02   -271.011   -257.537   -255.348     707
   708.00000 -0.160430E+03  0.140097E+03 -0.160445E+03  0.122576E+03 -0.322730E+02   -285.569   -267.900   -252.997     708
   709.00000 -0.160355E+03  0.140099E+03 -0.160370E+03  0.122578E+03 -0.323559E+02   -304.172   -279.364   -252.168     709
   710.00000 -0.160355E+03  0.140123E+03 -0.160371E+03  0.122601E+03 -0.324384E+02   -296.400   -281.334   -252.813     710
   711.00000 -0.162105E+03  0.140130E+03 -0.162121E+03  0.122608E+03 -0.325204E+02   -130.085   -167.430   -253.773     711
   712.00000 -0.163855E+03  0.140136E+03 -0.163871E+03  0.122615E+03 -0.326025E+02   -112.725   -130.129   -251.780     712
   713.00000 -0.164535E+03  0.140145E+03 -0.164551E+03  0.122624E+03 -0.326925E+02   -135.512   -140.306   -236.802     713
   714.00000 -0.164595E+03  0.140152E+03 -0.164611E+03  0.122630E+03 -0.328228E+02   -170.070   -163.144   -209.165     714
   715.00000 -0.164765E+03  0.140161E+03 -0.164781E+03  0.122639E+03 -0.330020E+02   -175.818   -172.051   -189.588     715
   716.00000 -0.164835E+03  0.140183E+03 -0.164851E+03  0.122661E+03 -0.332248E+02   -190.067   -182.794   -181.633     716
   717.00000 -0.165565E+03  0.140197E+03 -0.165581E+03  0.122675E+03 -0.334697E+02   -149.316   -160.278   -178.938     717
   718.00000 -0.167065E+03  0.140202E+03 -0.167081E+03  0.122681E+03 -0.337254E+02   -114.789   -126.942   -175.951     718
   719.00000 -0.167415E+03  0.140232E+03 -0.167431E+03  0.122711E+03 -0.340147E+02   -145.337   -143.361   -165.742     719
   720.00000 -0.167412E+03  0.140255E+03 -0.167428E+03  0.122733E+03 -0.343582E+02   -172.347   -161.571   -157.509     720
   721.00000 -0.167352E+03  0.140259E+03 -0.167367E+03  0.122738E+03 -0.347180E+02   -189.728   -175.812   -156.530     721
   722.00000 -0.167340E+03  0.140277E+03 -0.167356E+03  0.122756E+03 -0.350685E+02   -197.982   -185.062   -158.941     722
   723.00000 -0.167271E+03  0.140279E+03 -0.167286E+03  0.122757E+03 -0.353937E+02   -212.907   -196.092   -163.379     723
   724.00000 -0.167230E+03  0.140294E+03 -0.167245E+03  0.122772E+03 -0.356949E+02   -218.843   -202.987   -168.186     724
   725.00000 -0.167450E+03  0.140300E+03 -0.167465E+03  0.122778E+03 -0.359827E+02   -194.058   -194.042   -173.137     725
   726.00000 -0.167425E+03  0.140315E+03 -0.167440E+03  0.122794E+03 -0.362453E+02   -218.217   -205.137   -177.569     726
   727.00000 -0.167425E+03  0.140328E+03 -0.167440E+03  0.122807E+03 -0.364864E+02   -224.430   -211.833   -181.504     727
   728.00000 -0.167413E+03  0.140349E+03 -0.167429E+03  0.122828E+03 -0.367094E+02   -232.272   -218.573   -185.339     728
   729.00000 -0.167413E+03  0.140365E+03 -0.167429E+03  0.122844E+03 -0.369096E+02   -236.948   -223.765   -189.090     729
   730.00000 -0.167395E+03  0.140383E+03 -0.167410E+03  0.122862E+03 -0.370943E+02   -244.682   -229.867   -193.095     730
end
