 ******* Program HYDRUS
 ******* None                                                                    
 Date: 395.15.    Time: ***: 0:**
 Units: L = cm   , T = days , M = mmol 

 CosAlf,MaxIt,TolTh,  TolH
 1.000   10   0.001 1.00000

 TopInF,BotInF,AtmBC,SinkF,WLayer,qGWLF,FreeD,SeepF,lWat,lChem,lTemp,lRoot,lWDep
     T     F     T     T     F     F     T     F     T     F     F     F     F

Nodal point information

node      x         hOld    MatN LayN  Beta      Ah       AK      ATh     Temp    Conc(1...NS)         Sorb(1...NS)

   1      0.000   -500.000    1    1   0.050    1.000    1.000    1.000
   2     -1.000   -500.000    1    1   0.050    1.000    1.000    1.000
   3     -2.000   -500.000    1    1   0.050    1.000    1.000    1.000
   4     -3.000   -500.000    1    1   0.050    1.000    1.000    1.000
   5     -4.000   -500.000    1    1   0.050    1.000    1.000    1.000
   6     -5.000   -500.000    1    1   0.050    1.000    1.000    1.000
   7     -6.000   -500.000    1    1   0.050    1.000    1.000    1.000
   8     -7.000   -500.000    1    1   0.050    1.000    1.000    1.000
   9     -8.000   -500.000    1    1   0.050    1.000    1.000    1.000
  10     -9.000   -500.000    1    1   0.050    1.000    1.000    1.000
  11    -10.000   -500.000    1    1   0.050    1.000    1.000    1.000
  12    -11.000   -500.000    1    1   0.047    1.000    1.000    1.000
  13    -12.000   -500.000    1    1   0.045    1.000    1.000    1.000
  14    -13.000   -500.000    1    1   0.043    1.000    1.000    1.000
  15    -14.000   -500.000    1    1   0.040    1.000    1.000    1.000
  16    -15.000   -500.000    1    1   0.038    1.000    1.000    1.000
  17    -16.000   -500.000    1    1   0.035    1.000    1.000    1.000
  18    -17.000   -500.000    1    1   0.032    1.000    1.000    1.000
  19    -18.000   -500.000    1    1   0.030    1.000    1.000    1.000
  20    -19.000   -500.000    1    1   0.027    1.000    1.000    1.000
  21    -20.000   -500.000    1    1   0.025    1.000    1.000    1.000
  22    -21.000   -500.000    1    1   0.022    1.000    1.000    1.000
  23    -22.000   -500.000    1    1   0.020    1.000    1.000    1.000
  24    -23.000   -500.000    1    1   0.018    1.000    1.000    1.000
  25    -24.000   -500.000    1    1   0.015    1.000    1.000    1.000
  26    -25.000   -500.000    1    1   0.013    1.000    1.000    1.000
  27    -26.000   -500.000    1    1   0.010    1.000    1.000    1.000
  28    -27.000   -500.000    1    1   0.008    1.000    1.000    1.000
  29    -28.000   -500.000    1    1   0.005    1.000    1.000    1.000
  30    -29.000   -500.000    1    1   0.002    1.000    1.000    1.000
  31    -30.000   -500.000    1    1   0.000    1.000    1.000    1.000
  32    -31.000   -500.000    1    1   0.000    1.000    1.000    1.000
  33    -32.000   -500.000    1    1   0.000    1.000    1.000    1.000
  34    -33.000   -500.000    1    1   0.000    1.000    1.000    1.000
  35    -34.000   -500.000    1    1   0.000    1.000    1.000    1.000
  36    -35.000   -500.000    1    1   0.000    1.000    1.000    1.000
  37    -36.000   -500.000    1    1   0.000    1.000    1.000    1.000
  38    -37.000   -500.000    1    1   0.000    1.000    1.000    1.000
  39    -38.000   -500.000    1    1   0.000    1.000    1.000    1.000
  40    -39.000   -500.000    1    1   0.000    1.000    1.000    1.000
  41    -40.000   -500.000    1    1   0.000    1.000    1.000    1.000
  42    -41.000   -500.000    1    1   0.000    1.000    1.000    1.000
  43    -42.000   -500.000    1    1   0.000    1.000    1.000    1.000
  44    -43.000   -500.000    1    1   0.000    1.000    1.000    1.000
  45    -44.000   -500.000    1    1   0.000    1.000    1.000    1.000
  46    -45.000   -500.000    1    1   0.000    1.000    1.000    1.000
  47    -46.000   -500.000    1    1   0.000    1.000    1.000    1.000
  48    -47.000   -500.000    1    1   0.000    1.000    1.000    1.000
  49    -48.000   -500.000    1    1   0.000    1.000    1.000    1.000
  50    -49.000   -500.000    1    1   0.000    1.000    1.000    1.000
  51    -50.000   -500.000    1    1   0.000    1.000    1.000    1.000
  52    -51.000   -500.000    1    1   0.000    1.000    1.000    1.000
  53    -52.000   -500.000    1    1   0.000    1.000    1.000    1.000
  54    -53.000   -500.000    1    1   0.000    1.000    1.000    1.000
  55    -54.000   -500.000    1    1   0.000    1.000    1.000    1.000
  56    -55.000   -500.000    1    1   0.000    1.000    1.000    1.000
  57    -56.000   -500.000    1    1   0.000    1.000    1.000    1.000
  58    -57.000   -500.000    1    1   0.000    1.000    1.000    1.000
  59    -58.000   -500.000    1    1   0.000    1.000    1.000    1.000
  60    -59.000   -500.000    1    1   0.000    1.000    1.000    1.000
  61    -60.000   -500.000    1    1   0.000    1.000    1.000    1.000
  62    -61.000   -500.000    1    1   0.000    1.000    1.000    1.000
  63    -62.000   -500.000    1    1   0.000    1.000    1.000    1.000
  64    -63.000   -500.000    1    1   0.000    1.000    1.000    1.000
  65    -64.000   -500.000    1    1   0.000    1.000    1.000    1.000
  66    -65.000   -500.000    1    1   0.000    1.000    1.000    1.000
  67    -66.000   -500.000    1    1   0.000    1.000    1.000    1.000
  68    -67.000   -500.000    1    1   0.000    1.000    1.000    1.000
  69    -68.000   -500.000    1    1   0.000    1.000    1.000    1.000
  70    -69.000   -500.000    1    1   0.000    1.000    1.000    1.000
  71    -70.000   -500.000    1    1   0.000    1.000    1.000    1.000
  72    -71.000   -500.000    1    1   0.000    1.000    1.000    1.000
  73    -72.000   -500.000    1    1   0.000    1.000    1.000    1.000
  74    -73.000   -500.000    1    1   0.000    1.000    1.000    1.000
  75    -74.000   -500.000    1    1   0.000    1.000    1.000    1.000
  76    -75.000   -500.000    1    1   0.000    1.000    1.000    1.000
  77    -76.000   -500.000    1    1   0.000    1.000    1.000    1.000
  78    -77.000   -500.000    1    1   0.000    1.000    1.000    1.000
  79    -78.000   -500.000    1    1   0.000    1.000    1.000    1.000
  80    -79.000   -500.000    1    1   0.000    1.000    1.000    1.000
  81    -80.000   -500.000    1    1   0.000    1.000    1.000    1.000
  82    -81.000   -500.000    1    1   0.000    1.000    1.000    1.000
  83    -82.000   -500.000    1    1   0.000    1.000    1.000    1.000
  84    -83.000   -500.000    1    1   0.000    1.000    1.000    1.000
  85    -84.000   -500.000    1    1   0.000    1.000    1.000    1.000
  86    -85.000   -500.000    1    1   0.000    1.000    1.000    1.000
  87    -86.000   -500.000    1    1   0.000    1.000    1.000    1.000
  88    -87.000   -500.000    1    1   0.000    1.000    1.000    1.000
  89    -88.000   -500.000    1    1   0.000    1.000    1.000    1.000
  90    -89.000   -500.000    1    1   0.000    1.000    1.000    1.000
  91    -90.000   -500.000    1    1   0.000    1.000    1.000    1.000
  92    -91.000   -500.000    1    1   0.000    1.000    1.000    1.000
  93    -92.000   -500.000    1    1   0.000    1.000    1.000    1.000
  94    -93.000   -500.000    1    1   0.000    1.000    1.000    1.000
  95    -94.000   -500.000    1    1   0.000    1.000    1.000    1.000
  96    -95.000   -500.000    1    1   0.000    1.000    1.000    1.000
  97    -96.000   -500.000    1    1   0.000    1.000    1.000    1.000
  98    -97.000   -500.000    1    1   0.000    1.000    1.000    1.000
  99    -98.000   -500.000    1    1   0.000    1.000    1.000    1.000
 100    -99.000   -500.000    1    1   0.000    1.000    1.000    1.000
 101   -100.000   -500.000    1    1   0.000    1.000    1.000    1.000
end

 Number of species in the chain :   0


MatNum, Param. array:

   Mat     Qr     Qs        Alfa         n          Ks      l

    1    0.000  0.440   0.199E-01   0.154E+01   0.162E+03  0.500

       Table of Hydraulic Properties which are interpolated in simulation
       =================================================================

  theta         h        log h        C             K        log K          S          Kv

  0.4395  -0.100E-05 -0.6000E+01  0.3143E-06  0.1623E+03  0.2210E+01    1.0000  0.0000E+00
  0.4395  -0.126E-05 -0.5899E+01  0.3565E-06  0.1623E+03  0.2210E+01    1.0000  0.0000E+00
  0.4395  -0.159E-05 -0.5798E+01  0.4045E-06  0.1623E+03  0.2210E+01    1.0000  0.0000E+00
  0.4395  -0.201E-05 -0.5697E+01  0.4589E-06  0.1623E+03  0.2210E+01    1.0000  0.0000E+00
  0.4395  -0.254E-05 -0.5596E+01  0.5206E-06  0.1623E+03  0.2210E+01    1.0000  0.0000E+00
  0.4395  -0.320E-05 -0.5495E+01  0.5906E-06  0.1623E+03  0.2210E+01    1.0000  0.0000E+00
  0.4395  -0.404E-05 -0.5394E+01  0.6701E-06  0.1623E+03  0.2210E+01    1.0000  0.0000E+00
  0.4395  -0.509E-05 -0.5293E+01  0.7602E-06  0.1623E+03  0.2210E+01    1.0000  0.0000E+00
  0.4395  -0.643E-05 -0.5192E+01  0.8625E-06  0.1622E+03  0.2210E+01    1.0000  0.0000E+00
  0.4395  -0.811E-05 -0.5091E+01  0.9785E-06  0.1622E+03  0.2210E+01    1.0000  0.0000E+00
  0.4395  -0.102E-04 -0.4990E+01  0.1110E-05  0.1622E+03  0.2210E+01    1.0000  0.0000E+00
  0.4395  -0.129E-04 -0.4889E+01  0.1259E-05  0.1622E+03  0.2210E+01    1.0000  0.0000E+00
  0.4395  -0.163E-04 -0.4788E+01  0.1429E-05  0.1622E+03  0.2210E+01    1.0000  0.0000E+00
  0.4395  -0.206E-04 -0.4687E+01  0.1621E-05  0.1622E+03  0.2210E+01    1.0000  0.0000E+00
  0.4395  -0.260E-04 -0.4586E+01  0.1839E-05  0.1622E+03  0.2210E+01    1.0000  0.0000E+00
  0.4395  -0.327E-04 -0.4485E+01  0.2086E-05  0.1622E+03  0.2210E+01    1.0000  0.0000E+00
  0.4395  -0.413E-04 -0.4384E+01  0.2367E-05  0.1621E+03  0.2210E+01    1.0000  0.0000E+00
  0.4395  -0.521E-04 -0.4283E+01  0.2685E-05  0.1621E+03  0.2210E+01    1.0000  0.0000E+00
  0.4395  -0.658E-04 -0.4182E+01  0.3046E-05  0.1621E+03  0.2210E+01    1.0000  0.0000E+00
  0.4395  -0.830E-04 -0.4081E+01  0.3456E-05  0.1621E+03  0.2210E+01    1.0000  0.0000E+00
  0.4395  -0.105E-03 -0.3980E+01  0.3921E-05  0.1620E+03  0.2210E+01    1.0000  0.0000E+00
  0.4395  -0.132E-03 -0.3879E+01  0.4448E-05  0.1620E+03  0.2210E+01    1.0000  0.0000E+00
  0.4395  -0.167E-03 -0.3778E+01  0.5046E-05  0.1620E+03  0.2209E+01    1.0000  0.0000E+00
  0.4395  -0.210E-03 -0.3677E+01  0.5725E-05  0.1619E+03  0.2209E+01    1.0000  0.0000E+00
  0.4395  -0.266E-03 -0.3576E+01  0.6495E-05  0.1619E+03  0.2209E+01    1.0000  0.0000E+00
  0.4395  -0.335E-03 -0.3475E+01  0.7369E-05  0.1618E+03  0.2209E+01    1.0000  0.0000E+00
  0.4395  -0.423E-03 -0.3374E+01  0.8360E-05  0.1617E+03  0.2209E+01    1.0000  0.0000E+00
  0.4395  -0.534E-03 -0.3273E+01  0.9484E-05  0.1617E+03  0.2209E+01    1.0000  0.0000E+00
  0.4395  -0.673E-03 -0.3172E+01  0.1076E-04  0.1616E+03  0.2208E+01    1.0000  0.0000E+00
  0.4395  -0.850E-03 -0.3071E+01  0.1221E-04  0.1615E+03  0.2208E+01    1.0000  0.0000E+00
  0.4395  -0.107E-02 -0.2970E+01  0.1385E-04  0.1614E+03  0.2208E+01    1.0000  0.0000E+00
  0.4395  -0.135E-02 -0.2869E+01  0.1571E-04  0.1612E+03  0.2207E+01    1.0000  0.0000E+00
  0.4395  -0.171E-02 -0.2768E+01  0.1782E-04  0.1611E+03  0.2207E+01    1.0000  0.1125E-30
  0.4395  -0.215E-02 -0.2667E+01  0.2022E-04  0.1609E+03  0.2207E+01    1.0000  0.1125E-30
  0.4395  -0.272E-02 -0.2566E+01  0.2294E-04  0.1607E+03  0.2206E+01    1.0000  0.1125E-30
  0.4395  -0.343E-02 -0.2465E+01  0.2603E-04  0.1605E+03  0.2206E+01    1.0000  0.1134E-29
  0.4395  -0.433E-02 -0.2364E+01  0.2953E-04  0.1603E+03  0.2205E+01    1.0000  0.4382E-29
  0.4395  -0.546E-02 -0.2263E+01  0.3350E-04  0.1600E+03  0.2204E+01    1.0000  0.1143E-28
  0.4395  -0.689E-02 -0.2162E+01  0.3800E-04  0.1597E+03  0.2203E+01    1.0000  0.4417E-28
  0.4395  -0.870E-02 -0.2061E+01  0.4312E-04  0.1594E+03  0.2202E+01    1.0000  0.1152E-27
  0.4395  -0.110E-01 -0.1960E+01  0.4891E-04  0.1590E+03  0.2201E+01    1.0000  0.4452E-27
  0.4395  -0.138E-01 -0.1859E+01  0.5549E-04  0.1585E+03  0.2200E+01    1.0000  0.1422E-26
  0.4395  -0.175E-01 -0.1758E+01  0.6296E-04  0.1580E+03  0.2199E+01    1.0000  0.4487E-26
  0.4395  -0.221E-01 -0.1657E+01  0.7142E-04  0.1575E+03  0.2197E+01    1.0000  0.1433E-25
  0.4395  -0.278E-01 -0.1556E+01  0.8103E-04  0.1568E+03  0.2195E+01    1.0000  0.4844E-25
  0.4395  -0.351E-01 -0.1455E+01  0.9193E-04  0.1561E+03  0.2193E+01    1.0000  0.1591E-24
  0.4395  -0.443E-01 -0.1354E+01  0.1043E-03  0.1552E+03  0.2191E+01    1.0000  0.5399E-24
  0.4395  -0.559E-01 -0.1253E+01  0.1183E-03  0.1543E+03  0.2188E+01    1.0000  0.1761E-23
  0.4395  -0.705E-01 -0.1152E+01  0.1342E-03  0.1532E+03  0.2185E+01    1.0000  0.5810E-23
  0.4395  -0.890E-01 -0.1051E+01  0.1523E-03  0.1520E+03  0.2182E+01    1.0000  0.1923E-22
  0.4395  -0.112E+00 -0.9495E+00  0.1728E-03  0.1507E+03  0.2178E+01    1.0000  0.6343E-22
  0.4395  -0.142E+00 -0.8485E+00  0.1960E-03  0.1492E+03  0.2174E+01    1.0000  0.2096E-21
  0.4395  -0.179E+00 -0.7475E+00  0.2223E-03  0.1474E+03  0.2169E+01    0.9999  0.6939E-21
  0.4395  -0.226E+00 -0.6465E+00  0.2522E-03  0.1455E+03  0.2163E+01    0.9999  0.2293E-20
  0.4395  -0.285E+00 -0.5455E+00  0.2861E-03  0.1433E+03  0.2156E+01    0.9999  0.7591E-20
  0.4395  -0.359E+00 -0.4444E+00  0.3245E-03  0.1408E+03  0.2149E+01    0.9998  0.2509E-19
  0.4394  -0.453E+00 -0.3434E+00  0.3680E-03  0.1381E+03  0.2140E+01    0.9998  0.8287E-19
  0.4394  -0.572E+00 -0.2424E+00  0.4174E-03  0.1349E+03  0.2130E+01    0.9996  0.2739E-18
  0.4393  -0.722E+00 -0.1414E+00  0.4732E-03  0.1314E+03  0.2119E+01    0.9995  0.9047E-18
  0.4392  -0.911E+00 -0.4040E-01  0.5364E-03  0.1275E+03  0.2106E+01    0.9993  0.2987E-17
  0.4391  -0.115E+01  0.6061E-01  0.6078E-03  0.1232E+03  0.2091E+01    0.9990  0.9858E-17
  0.4389  -0.145E+01  0.1616E+00  0.6884E-03  0.1183E+03  0.2073E+01    0.9985  0.3250E-16
  0.4386  -0.183E+01  0.2626E+00  0.7791E-03  0.1130E+03  0.2053E+01    0.9979  0.1070E-15
  0.4382  -0.231E+01  0.3636E+00  0.8808E-03  0.1070E+03  0.2029E+01    0.9970  0.3519E-15
  0.4376  -0.292E+01  0.4646E+00  0.9943E-03  0.1005E+03  0.2002E+01    0.9957  0.1154E-14
  0.4368  -0.368E+01  0.5657E+00  0.1120E-02  0.9335E+02  0.1970E+01    0.9939  0.3770E-14
  0.4357  -0.464E+01  0.6667E+00  0.1258E-02  0.8563E+02  0.1933E+01    0.9912  0.1226E-13
  0.4341  -0.586E+01  0.7677E+00  0.1407E-02  0.7735E+02  0.1888E+01    0.9876  0.3957E-13
  0.4318  -0.739E+01  0.8687E+00  0.1564E-02  0.6859E+02  0.1836E+01    0.9824  0.1265E-12
  0.4286  -0.933E+01  0.9697E+00  0.1724E-02  0.5948E+02  0.1774E+01    0.9751  0.3987E-12
  0.4242  -0.118E+02  0.1071E+01  0.1880E-02  0.5022E+02  0.1701E+01    0.9651  0.1233E-11
  0.4182  -0.148E+02  0.1172E+01  0.2019E-02  0.4106E+02  0.1613E+01    0.9514  0.3716E-11
  0.4101  -0.187E+02  0.1273E+01  0.2125E-02  0.3231E+02  0.1509E+01    0.9330  0.1082E-10
  0.3995  -0.236E+02  0.1374E+01  0.2180E-02  0.2433E+02  0.1386E+01    0.9089  0.3013E-10
  0.3860  -0.298E+02  0.1475E+01  0.2167E-02  0.1743E+02  0.1241E+01    0.8782  0.7932E-10
  0.3694  -0.376E+02  0.1576E+01  0.2076E-02  0.1182E+02  0.1073E+01    0.8404  0.1953E-09
  0.3497  -0.475E+02  0.1677E+01  0.1909E-02  0.7571E+01  0.8791E+00    0.7956  0.4451E-09
  0.3274  -0.599E+02  0.1778E+01  0.1681E-02  0.4579E+01  0.6608E+00    0.7448  0.9328E-09
  0.3031  -0.756E+02  0.1879E+01  0.1418E-02  0.2623E+01  0.4189E+00    0.6896  0.1792E-08
  0.2778  -0.955E+02  0.1980E+01  0.1151E-02  0.1432E+01  0.1559E+00    0.6320  0.3161E-08
  0.2523  -0.120E+03  0.2081E+01  0.9020E-03  0.7498E+00 -0.1251E+00    0.5741  0.5147E-08
  0.2275  -0.152E+03  0.2182E+01  0.6872E-03  0.3796E+00 -0.4207E+00    0.5176  0.7795E-08
  0.2039  -0.192E+03  0.2283E+01  0.5118E-03  0.1872E+00 -0.7278E+00    0.4639  0.1108E-07
  0.1819  -0.242E+03  0.2384E+01  0.3746E-03  0.9043E-01 -0.1044E+01    0.4139  0.1491E-07
  0.1618  -0.305E+03  0.2485E+01  0.2706E-03  0.4304E-01 -0.1366E+01    0.3680  0.1917E-07
  0.1435  -0.385E+03  0.2586E+01  0.1936E-03  0.2026E-01 -0.1693E+01    0.3264  0.2371E-07
  0.1270  -0.486E+03  0.2687E+01  0.1376E-03  0.9463E-02 -0.2024E+01    0.2890  0.2839E-07
  0.1123  -0.614E+03  0.2788E+01  0.9726E-04  0.4395E-02 -0.2357E+01    0.2555  0.3309E-07
  0.0992  -0.774E+03  0.2889E+01  0.6852E-04  0.2033E-02 -0.2692E+01    0.2257  0.3771E-07
  0.0876  -0.977E+03  0.2990E+01  0.4815E-04  0.9374E-03 -0.3028E+01    0.1993  0.4217E-07
  0.0773  -0.123E+04  0.3091E+01  0.3377E-04  0.4315E-03 -0.3365E+01    0.1758  0.4642E-07
  0.0682  -0.156E+04  0.3192E+01  0.2366E-04  0.1983E-03 -0.3703E+01    0.1551  0.5042E-07
  0.0601  -0.196E+04  0.3293E+01  0.1656E-04  0.9106E-04 -0.4041E+01    0.1368  0.5414E-07
  0.0530  -0.248E+04  0.3394E+01  0.1158E-04  0.4178E-04 -0.4379E+01    0.1206  0.5757E-07
  0.0467  -0.313E+04  0.3495E+01  0.8100E-05  0.1916E-04 -0.4718E+01    0.1064  0.6072E-07
  0.0412  -0.394E+04  0.3596E+01  0.5662E-05  0.8786E-05 -0.5056E+01    0.0938  0.6358E-07
  0.0363  -0.498E+04  0.3697E+01  0.3957E-05  0.4027E-05 -0.5395E+01    0.0827  0.6616E-07
  0.0320  -0.628E+04  0.3798E+01  0.2765E-05  0.1846E-05 -0.5734E+01    0.0729  0.6848E-07
  0.0282  -0.792E+04  0.3899E+01  0.1932E-05  0.8457E-06 -0.6073E+01    0.0642  0.7055E-07
  0.0249  -0.100E+05  0.4000E+01  0.1350E-05  0.3875E-06 -0.6412E+01    0.0566  0.7237E-07
end
