 ******* Program HYDRUS
 ******* None                                                                    
 Date: 395.15.    Time: ***: 0:**
 Units: L = cm   , T = days , M = mmol 



                               Node( 31)

         time         h        theta    Temp   
          1.0000     -493.33  0.1262   20.000
          2.0000     -464.65  0.1306   20.000
          3.0000     -453.27  0.1324   20.000
          4.0000     -453.74  0.1324   20.000
          5.0000     -457.43  0.1317   20.000
          6.0000     -463.23  0.1308   20.000
          7.0000     -470.45  0.1296   20.000
          8.0000     -478.61  0.1283   20.000
          9.0000     -487.55  0.1269   20.000
         10.0000     -497.85  0.1257   20.000
         11.0000     -508.12  0.1245   20.000
         12.0000     -518.88  0.1233   20.000
         13.0000     -531.06  0.1219   20.000
         14.0000     -541.39  0.1207   20.000
         15.0000     -551.59  0.1195   20.000
         16.0000     -561.18  0.1184   20.000
         17.0000     -570.55  0.1173   20.000
         18.0000     -580.08  0.1162   20.000
         19.0000     -589.15  0.1151   20.000
         20.0000     -587.57  0.1153   20.000
         21.0000     -582.22  0.1160   20.000
         22.0000     -577.54  0.1165   20.000
         23.0000     -500.72  0.1254   20.000
         24.0000     -297.82  0.1642   20.000
         25.0000     -276.59  0.1710   20.000
         26.0000     -287.08  0.1675   20.000
         27.0000     -300.10  0.1634   20.000
         28.0000     -313.17  0.1600   20.000
         29.0000     -325.68  0.1571   20.000
         30.0000     -339.86  0.1539   20.000
         31.0000     -352.57  0.1509   20.000
         32.0000     -363.24  0.1485   20.000
         33.0000     -375.90  0.1456   20.000
         34.0000     -386.41  0.1433   20.000
         35.0000     -398.97  0.1413   20.000
         36.0000     -412.98  0.1390   20.000
         37.0000     -425.35  0.1370   20.000
         38.0000     -432.49  0.1358   20.000
         39.0000     -433.37  0.1357   20.000
         40.0000     -435.83  0.1352   20.000
         41.0000     -440.87  0.1344   20.000
         42.0000     -448.28  0.1332   20.000
         43.0000     -448.87  0.1331   20.000
         44.0000     -344.70  0.1528   20.000
         45.0000     -290.39  0.1665   20.000
         46.0000     -295.57  0.1649   20.000
         47.0000     -305.72  0.1617   20.000
         48.0000     -317.82  0.1589   20.000
         49.0000     -328.76  0.1564   20.000
         50.0000     -338.28  0.1542   20.000
         51.0000     -350.04  0.1516   20.000
         52.0000     -362.26  0.1488   20.000
         53.0000     -375.43  0.1458   20.000
         54.0000     -389.09  0.1429   20.000
         55.0000     -401.63  0.1408   20.000
         56.0000     -410.94  0.1393   20.000
         57.0000     -400.59  0.1410   20.000
         58.0000     -370.40  0.1469   20.000
         59.0000     -364.85  0.1482   20.000
         60.0000     -368.63  0.1473   20.000
         61.0000     -371.83  0.1466   20.000
         62.0000     -371.62  0.1466   20.000
         63.0000     -378.40  0.1451   20.000
         64.0000     -393.18  0.1422   20.000
         65.0000     -408.09  0.1398   20.000
         66.0000     -424.75  0.1371   20.000
         67.0000     -352.61  0.1510   20.000
         68.0000     -271.47  0.1726   20.000
         69.0000     -280.75  0.1696   20.000
         70.0000     -296.01  0.1647   20.000
         71.0000     -315.77  0.1594   20.000
         72.0000     -335.71  0.1548   20.000
         73.0000     -354.75  0.1505   20.000
         74.0000     -374.60  0.1459   20.000
         75.0000     -394.27  0.1420   20.000
         76.0000     -413.87  0.1388   20.000
         77.0000     -431.84  0.1359   20.000
         78.0000     -269.97  0.1730   20.000
         79.0000     -186.07  0.2073   20.000
         80.0000     -199.29  0.2006   20.000
         81.0000     -219.49  0.1917   20.000
         82.0000     -225.71  0.1890   20.000
         83.0000     -161.26  0.2220   20.000
         84.0000     -167.45  0.2183   20.000
         85.0000     -184.30  0.2083   20.000
         86.0000     -200.64  0.2000   20.000
         87.0000     -215.53  0.1935   20.000
         88.0000     -229.09  0.1876   20.000
         89.0000     -241.46  0.1821   20.000
         90.0000     -251.53  0.1789   20.000
         91.0000     -258.44  0.1767   20.000
         92.0000     -267.64  0.1738   20.000
         93.0000     -278.26  0.1704   20.000
         94.0000     -281.69  0.1693   20.000
         95.0000     -288.71  0.1671   20.000
         96.0000     -304.41  0.1622   20.000
         97.0000     -319.62  0.1585   20.000
         98.0000     -329.37  0.1563   20.000
         99.0000     -342.46  0.1533   20.000
        100.0000     -359.28  0.1494   20.000
        101.0000     -377.82  0.1452   20.000
        102.0000     -398.61  0.1413   20.000
        103.0000     -419.64  0.1379   20.000
        104.0000     -441.62  0.1343   20.000
        105.0000     -463.63  0.1307   20.000
        106.0000     -486.69  0.1270   20.000
        107.0000     -509.49  0.1243   20.000
        108.0000     -531.68  0.1218   20.000
        109.0000     -546.55  0.1201   20.000
        110.0000     -566.27  0.1178   20.000
        111.0000     -586.99  0.1154   20.000
        112.0000     -607.63  0.1130   20.000
        113.0000     -628.89  0.1111   20.000
        114.0000     -650.54  0.1093   20.000
        115.0000     -669.21  0.1078   20.000
        116.0000     -688.65  0.1062   20.000
        117.0000     -709.08  0.1045   20.000
        118.0000     -730.39  0.1028   20.000
        119.0000     -750.12  0.1012   20.000
        120.0000     -768.95  0.0997   20.000
        121.0000     -785.96  0.0985   20.000
        122.0000     -803.23  0.0976   20.000
        123.0000     -821.08  0.0965   20.000
        124.0000     -830.68  0.0960   20.000
        125.0000     -723.00  0.1034   20.000
        126.0000     -599.70  0.1140   20.000
        127.0000     -578.69  0.1164   20.000
        128.0000     -584.55  0.1157   20.000
        129.0000     -595.12  0.1145   20.000
        130.0000     -615.60  0.1122   20.000
        131.0000     -649.16  0.1094   20.000
        132.0000     -676.48  0.1072   20.000
        133.0000     -648.37  0.1095   20.000
        134.0000     -636.03  0.1105   20.000
        135.0000     -608.33  0.1129   20.000
        136.0000     -449.42  0.1331   20.000
        137.0000     -433.54  0.1356   20.000
        138.0000     -448.54  0.1332   20.000
        139.0000     -480.09  0.1281   20.000
        140.0000     -513.19  0.1239   20.000
        141.0000     -524.50  0.1226   20.000
        142.0000     -548.27  0.1199   20.000
        143.0000     -574.07  0.1169   20.000
        144.0000     -606.37  0.1132   20.000
        145.0000     -647.84  0.1095   20.000
        146.0000     -690.38  0.1061   20.000
        147.0000     -728.45  0.1030   20.000
        148.0000     -761.40  0.1003   20.000
        149.0000     -785.06  0.0986   20.000
        150.0000     -440.31  0.1346   20.000
        151.0000     -401.70  0.1409   20.000
        152.0000     -432.46  0.1358   20.000
        153.0000     -465.19  0.1304   20.000
        154.0000     -498.11  0.1257   20.000
        155.0000     -533.79  0.1215   20.000
        156.0000     -444.92  0.1338   20.000
        157.0000     -296.88  0.1646   20.000
        158.0000     -313.41  0.1599   20.000
        159.0000     -343.53  0.1530   20.000
        160.0000     -375.12  0.1458   20.000
        161.0000     -416.63  0.1384   20.000
        162.0000     -456.97  0.1318   20.000
        163.0000     -496.66  0.1258   20.000
        164.0000     -523.60  0.1227   20.000
        165.0000     -554.34  0.1192   20.000
        166.0000     -591.57  0.1149   20.000
        167.0000     -633.95  0.1107   20.000
        168.0000     -675.82  0.1072   20.000
        169.0000     -712.56  0.1042   20.000
        170.0000     -748.93  0.1013   20.000
        171.0000     -786.74  0.0985   20.000
        172.0000     -824.03  0.0964   20.000
        173.0000     -857.96  0.0944   20.000
        174.0000     -880.24  0.0931   20.000
        175.0000     -908.32  0.0915   20.000
        176.0000     -939.35  0.0898   20.000
        177.0000     -956.89  0.0887   20.000
        178.0000     -969.52  0.0880   20.000
        179.0000     -991.81  0.0870   20.000
        180.0000    -1015.29  0.0861   20.000
        181.0000    -1039.09  0.0851   20.000
        182.0000    -1066.48  0.0840   20.000
        183.0000    -1090.79  0.0830   20.000
        184.0000    -1114.16  0.0821   20.000
        185.0000    -1117.27  0.0819   20.000
        186.0000     -990.68  0.0871   20.000
        187.0000     -794.07  0.0981   20.000
        188.0000     -764.82  0.1000   20.000
        189.0000     -795.07  0.0980   20.000
        190.0000     -837.59  0.0956   20.000
        191.0000     -448.30  0.1333   20.000
        192.0000     -325.35  0.1573   20.000
        193.0000     -353.37  0.1508   20.000
        194.0000     -392.41  0.1423   20.000
        195.0000     -441.73  0.1343   20.000
        196.0000     -493.16  0.1262   20.000
        197.0000     -547.57  0.1199   20.000
        198.0000     -600.66  0.1138   20.000
        199.0000     -654.76  0.1089   20.000
        200.0000     -705.10  0.1048   20.000
        201.0000     -752.09  0.1010   20.000
        202.0000     -801.42  0.0977   20.000
        203.0000     -845.76  0.0951   20.000
        204.0000     -885.88  0.0928   20.000
        205.0000     -918.91  0.0909   20.000
        206.0000     -955.01  0.0889   20.000
        207.0000     -993.08  0.0869   20.000
        208.0000    -1027.51  0.0856   20.000
        209.0000    -1058.86  0.0843   20.000
        210.0000    -1083.27  0.0833   20.000
        211.0000    -1090.21  0.0830   20.000
        212.0000     -415.95  0.1385   20.000
        213.0000     -429.56  0.1363   20.000
        214.0000     -471.43  0.1294   20.000
        215.0000     -492.58  0.1263   20.000
        216.0000     -476.69  0.1288   20.000
        217.0000     -503.59  0.1251   20.000
        218.0000     -546.21  0.1201   20.000
        219.0000     -590.58  0.1150   20.000
        220.0000     -636.32  0.1105   20.000
        221.0000     -675.73  0.1073   20.000
        222.0000     -704.95  0.1049   20.000
        223.0000     -716.94  0.1039   20.000
        224.0000     -655.59  0.1089   20.000
        225.0000     -633.34  0.1107   20.000
        226.0000     -661.81  0.1084   20.000
        227.0000     -702.68  0.1051   20.000
        228.0000     -748.45  0.1013   20.000
        229.0000     -793.61  0.0981   20.000
        230.0000     -805.47  0.0974   20.000
        231.0000     -770.81  0.0996   20.000
        232.0000     -722.52  0.1034   20.000
        233.0000     -500.46  0.1254   20.000
        234.0000     -355.21  0.1504   20.000
        235.0000     -240.66  0.1825   20.000
        236.0000     -252.44  0.1787   20.000
        237.0000     -283.35  0.1688   20.000
        238.0000     -316.42  0.1593   20.000
        239.0000     -352.10  0.1511   20.000
        240.0000     -380.12  0.1447   20.000
        241.0000     -366.46  0.1478   20.000
        242.0000     -291.57  0.1662   20.000
        243.0000     -280.10  0.1699   20.000
        244.0000     -296.98  0.1644   20.000
        245.0000     -321.65  0.1581   20.000
        246.0000     -348.08  0.1520   20.000
        247.0000     -273.21  0.1720   20.000
        248.0000     -233.36  0.1858   20.000
        249.0000     -232.11  0.1862   20.000
        250.0000     -151.95  0.2276   20.000
        251.0000     -166.33  0.2190   20.000
        252.0000     -188.79  0.2057   20.000
        253.0000     -210.74  0.1956   20.000
        254.0000     -229.51  0.1874   20.000
        255.0000     -246.49  0.1805   20.000
        256.0000     -264.52  0.1748   20.000
        257.0000     -282.68  0.1690   20.000
        258.0000     -299.86  0.1635   20.000
        259.0000     -315.07  0.1595   20.000
        260.0000     -332.47  0.1556   20.000
        261.0000     -173.35  0.2148   20.000
        262.0000     -171.18  0.2161   20.000
        263.0000     -192.94  0.2034   20.000
        264.0000     -213.96  0.1941   20.000
        265.0000     -231.68  0.1864   20.000
        266.0000     -248.00  0.1800   20.000
        267.0000     -263.51  0.1751   20.000
        268.0000     -278.40  0.1703   20.000
        269.0000     -290.74  0.1664   20.000
        270.0000     -246.04  0.1806   20.000
        271.0000     -137.78  0.2387   20.000
        272.0000     -152.19  0.2274   20.000
        273.0000     -174.56  0.2141   20.000
        274.0000     -191.74  0.2039   20.000
        275.0000     -207.37  0.1971   20.000
        276.0000     -220.11  0.1914   20.000
        277.0000     -231.19  0.1866   20.000
        278.0000     -233.81  0.1855   20.000
        279.0000     -230.37  0.1870   20.000
        280.0000     -235.71  0.1847   20.000
        281.0000     -247.16  0.1803   20.000
        282.0000     -259.32  0.1764   20.000
        283.0000     -269.60  0.1731   20.000
        284.0000     -278.49  0.1703   20.000
        285.0000     -288.50  0.1672   20.000
        286.0000     -297.29  0.1643   20.000
        287.0000     -307.83  0.1612   20.000
        288.0000     -319.28  0.1586   20.000
        289.0000     -330.67  0.1560   20.000
        290.0000     -342.00  0.1534   20.000
        291.0000     -337.75  0.1544   20.000
        292.0000     -312.40  0.1602   20.000
        293.0000     -307.79  0.1612   20.000
        294.0000     -306.95  0.1614   20.000
        295.0000     -272.77  0.1721   20.000
        296.0000     -215.75  0.1935   20.000
        297.0000     -199.88  0.2004   20.000
        298.0000     -208.46  0.1966   20.000
        299.0000     -215.53  0.1935   20.000
        300.0000     -222.34  0.1905   20.000
        301.0000     -199.80  0.2004   20.000
        302.0000     -199.19  0.2007   20.000
        303.0000     -208.02  0.1968   20.000
        304.0000     -216.90  0.1929   20.000
        305.0000     -227.18  0.1884   20.000
        306.0000     -237.22  0.1840   20.000
        307.0000     -246.09  0.1806   20.000
        308.0000     -253.31  0.1783   20.000
        309.0000     -260.39  0.1761   20.000
        310.0000     -266.76  0.1740   20.000
        311.0000     -273.22  0.1720   20.000
        312.0000     -279.58  0.1700   20.000
        313.0000     -273.06  0.1720   20.000
        314.0000     -265.18  0.1746   20.000
        315.0000     -267.72  0.1737   20.000
        316.0000     -272.80  0.1721   20.000
        317.0000     -279.56  0.1700   20.000
        318.0000     -285.75  0.1680   20.000
        319.0000     -290.61  0.1664   20.000
        320.0000     -295.45  0.1649   20.000
        321.0000     -300.71  0.1633   20.000
        322.0000     -276.03  0.1711   20.000
        323.0000     -252.25  0.1787   20.000
        324.0000     -256.41  0.1774   20.000
        325.0000     -262.62  0.1754   20.000
        326.0000     -269.24  0.1733   20.000
        327.0000     -275.96  0.1711   20.000
        328.0000     -282.32  0.1691   20.000
        329.0000     -257.97  0.1768   20.000
        330.0000     -241.58  0.1822   20.000
        331.0000     -248.44  0.1799   20.000
        332.0000     -256.96  0.1772   20.000
        333.0000     -263.28  0.1751   20.000
        334.0000     -269.09  0.1733   20.000
        335.0000     -275.16  0.1714   20.000
        336.0000     -280.71  0.1696   20.000
        337.0000     -275.50  0.1712   20.000
        338.0000     -268.76  0.1734   20.000
        339.0000     -272.82  0.1722   20.000
        340.0000     -278.65  0.1703   20.000
        341.0000     -276.00  0.1711   20.000
        342.0000     -201.45  0.1997   20.000
        343.0000     -183.32  0.2089   20.000
        344.0000     -186.07  0.2073   20.000
        345.0000     -195.60  0.2023   20.000
        346.0000     -177.16  0.2126   20.000
        347.0000     -179.51  0.2112   20.000
        348.0000     -189.26  0.2054   20.000
        349.0000     -193.28  0.2032   20.000
        350.0000     -194.08  0.2029   20.000
        351.0000     -198.42  0.2010   20.000
        352.0000     -205.32  0.1980   20.000
        353.0000     -212.11  0.1950   20.000
        354.0000     -217.79  0.1925   20.000
        355.0000     -222.57  0.1904   20.000
        356.0000     -227.03  0.1885   20.000
        357.0000     -231.22  0.1866   20.000
        358.0000     -235.32  0.1848   20.000
        359.0000     -239.58  0.1830   20.000
        360.0000     -243.66  0.1814   20.000
        361.0000     -247.87  0.1801   20.000
        362.0000     -251.45  0.1789   20.000
        363.0000     -255.15  0.1777   20.000
        364.0000     -258.57  0.1766   20.000
        365.0000     -262.20  0.1755   20.000
        366.0000     -266.65  0.1741   20.000
        367.0000     -270.52  0.1728   20.000
        368.0000     -274.29  0.1717   20.000
        369.0000     -277.84  0.1705   20.000
        370.0000     -280.93  0.1695   20.000
        371.0000     -283.97  0.1686   20.000
        372.0000     -287.20  0.1676   20.000
        373.0000     -291.99  0.1660   20.000
        374.0000     -296.33  0.1646   20.000
        375.0000     -300.22  0.1634   20.000
        376.0000     -303.79  0.1623   20.000
        377.0000     -307.12  0.1614   20.000
        378.0000     -306.54  0.1615   20.000
        379.0000     -305.28  0.1618   20.000
        380.0000     -307.01  0.1614   20.000
        381.0000     -309.45  0.1608   20.000
        382.0000     -308.81  0.1610   20.000
        383.0000     -307.48  0.1613   20.000
        384.0000     -310.49  0.1606   20.000
        385.0000     -316.49  0.1592   20.000
        386.0000     -323.49  0.1576   20.000
        387.0000     -329.19  0.1563   20.000
        388.0000     -334.47  0.1551   20.000
        389.0000     -342.02  0.1534   20.000
        390.0000     -347.60  0.1521   20.000
        391.0000     -353.98  0.1507   20.000
        392.0000     -359.27  0.1494   20.000
        393.0000     -365.45  0.1480   20.000
        394.0000     -372.68  0.1464   20.000
        395.0000     -379.25  0.1449   20.000
        396.0000     -384.87  0.1436   20.000
        397.0000     -390.58  0.1426   20.000
        398.0000     -384.11  0.1438   20.000
        399.0000     -363.51  0.1485   20.000
        400.0000     -359.66  0.1494   20.000
        401.0000     -348.79  0.1518   20.000
        402.0000     -331.67  0.1558   20.000
        403.0000     -335.37  0.1550   20.000
        404.0000     -343.58  0.1530   20.000
        405.0000     -353.62  0.1507   20.000
        406.0000     -363.07  0.1486   20.000
        407.0000     -372.86  0.1463   20.000
        408.0000     -382.45  0.1441   20.000
        409.0000     -392.67  0.1423   20.000
        410.0000     -401.92  0.1408   20.000
        411.0000     -407.15  0.1399   20.000
        412.0000     -412.60  0.1390   20.000
        413.0000     -420.73  0.1377   20.000
        414.0000     -428.29  0.1365   20.000
        415.0000     -438.99  0.1347   20.000
        416.0000     -450.88  0.1328   20.000
        417.0000     -462.37  0.1309   20.000
        418.0000     -475.52  0.1288   20.000
        419.0000     -488.10  0.1268   20.000
        420.0000     -503.12  0.1251   20.000
        421.0000     -518.17  0.1233   20.000
        422.0000     -534.32  0.1215   20.000
        423.0000     -550.40  0.1196   20.000
        424.0000     -565.33  0.1179   20.000
        425.0000     -579.60  0.1162   20.000
        426.0000     -591.63  0.1149   20.000
        427.0000     -607.84  0.1130   20.000
        428.0000     -625.69  0.1113   20.000
        429.0000     -636.90  0.1104   20.000
        430.0000     -639.93  0.1102   20.000
        431.0000     -629.49  0.1110   20.000
        432.0000     -619.53  0.1118   20.000
        433.0000     -612.12  0.1125   20.000
        434.0000     -602.27  0.1136   20.000
        435.0000     -601.27  0.1138   20.000
        436.0000     -600.21  0.1139   20.000
        437.0000     -603.45  0.1135   20.000
        438.0000     -607.51  0.1130   20.000
        439.0000     -615.41  0.1122   20.000
        440.0000     -627.25  0.1112   20.000
        441.0000     -642.63  0.1100   20.000
        442.0000     -660.06  0.1085   20.000
        443.0000     -674.37  0.1074   20.000
        444.0000     -686.36  0.1064   20.000
        445.0000     -701.40  0.1052   20.000
        446.0000     -717.94  0.1038   20.000
        447.0000     -730.68  0.1028   20.000
        448.0000     -740.02  0.1020   20.000
        449.0000     -620.53  0.1117   20.000
        450.0000     -485.50  0.1273   20.000
        451.0000     -467.66  0.1301   20.000
        452.0000     -470.52  0.1296   20.000
        453.0000     -476.90  0.1286   20.000
        454.0000     -488.82  0.1267   20.000
        455.0000     -513.06  0.1239   20.000
        456.0000     -540.52  0.1208   20.000
        457.0000     -567.72  0.1176   20.000
        458.0000     -589.91  0.1151   20.000
        459.0000     -611.70  0.1125   20.000
        460.0000     -632.43  0.1108   20.000
        461.0000     -654.22  0.1090   20.000
        462.0000     -678.84  0.1070   20.000
        463.0000     -699.90  0.1053   20.000
        464.0000     -715.76  0.1040   20.000
        465.0000     -727.64  0.1030   20.000
        466.0000     -745.30  0.1016   20.000
        467.0000     -767.52  0.0998   20.000
        468.0000     -783.70  0.0987   20.000
        469.0000     -801.14  0.0977   20.000
        470.0000     -824.94  0.0963   20.000
        471.0000     -842.22  0.0953   20.000
        472.0000     -852.08  0.0947   20.000
        473.0000     -827.57  0.0962   20.000
        474.0000     -804.96  0.0975   20.000
        475.0000     -803.20  0.0976   20.000
        476.0000     -815.64  0.0968   20.000
        477.0000     -830.99  0.0959   20.000
        478.0000     -848.13  0.0950   20.000
        479.0000     -864.86  0.0940   20.000
        480.0000     -887.81  0.0927   20.000
        481.0000     -912.56  0.0913   20.000
        482.0000     -938.71  0.0898   20.000
        483.0000     -971.28  0.0879   20.000
        484.0000    -1008.88  0.0863   20.000
        485.0000    -1041.48  0.0850   20.000
        486.0000    -1060.90  0.0842   20.000
        487.0000    -1084.22  0.0833   20.000
        488.0000    -1115.23  0.0820   20.000
        489.0000    -1144.65  0.0808   20.000
        490.0000    -1173.76  0.0797   20.000
        491.0000    -1197.26  0.0787   20.000
        492.0000    -1219.13  0.0778   20.000
        493.0000    -1244.20  0.0770   20.000
        494.0000    -1273.51  0.0761   20.000
        495.0000    -1303.57  0.0753   20.000
        496.0000    -1327.25  0.0746   20.000
        497.0000    -1346.49  0.0741   20.000
        498.0000    -1366.73  0.0735   20.000
        499.0000    -1392.18  0.0728   20.000
        500.0000    -1414.64  0.0722   20.000
        501.0000    -1444.04  0.0714   20.000
        502.0000    -1462.00  0.0708   20.000
        503.0000    -1472.61  0.0705   20.000
        504.0000    -1475.94  0.0704   20.000
        505.0000    -1486.44  0.0701   20.000
        506.0000    -1475.69  0.0704   20.000
        507.0000     -405.33  0.1402   20.000
        508.0000     -372.80  0.1463   20.000
        509.0000     -400.56  0.1410   20.000
        510.0000     -441.32  0.1343   20.000
        511.0000     -481.12  0.1279   20.000
        512.0000     -533.82  0.1215   20.000
        513.0000     -586.57  0.1154   20.000
        514.0000     -645.81  0.1097   20.000
        515.0000     -702.68  0.1050   20.000
        516.0000     -758.12  0.1005   20.000
        517.0000     -814.28  0.0969   20.000
        518.0000     -866.83  0.0939   20.000
        519.0000     -910.75  0.0914   20.000
        520.0000     -950.82  0.0891   20.000
        521.0000     -985.25  0.0873   20.000
        522.0000    -1005.67  0.0864   20.000
        523.0000     -483.34  0.1276   20.000
        524.0000     -385.22  0.1436   20.000
        525.0000     -224.98  0.1894   20.000
        526.0000     -222.72  0.1903   20.000
        527.0000     -263.79  0.1750   20.000
        528.0000     -286.75  0.1677   20.000
        529.0000     -288.28  0.1672   20.000
        530.0000     -272.62  0.1722   20.000
        531.0000     -263.36  0.1751   20.000
        532.0000     -280.43  0.1697   20.000
        533.0000     -305.56  0.1617   20.000
        534.0000     -332.09  0.1557   20.000
        535.0000     -272.49  0.1723   20.000
        536.0000     -252.51  0.1787   20.000
        537.0000     -281.87  0.1692   20.000
        538.0000     -313.37  0.1599   20.000
        539.0000     -350.53  0.1514   20.000
        540.0000     -385.06  0.1435   20.000
        541.0000     -399.90  0.1411   20.000
        542.0000     -380.53  0.1446   20.000
        543.0000     -405.18  0.1403   20.000
        544.0000     -425.72  0.1369   20.000
        545.0000     -436.59  0.1351   20.000
        546.0000     -461.61  0.1311   20.000
        547.0000     -486.08  0.1271   20.000
        548.0000     -511.17  0.1242   20.000
        549.0000     -540.80  0.1207   20.000
        550.0000     -572.41  0.1171   20.000
        551.0000     -601.87  0.1137   20.000
        552.0000     -633.04  0.1107   20.000
        553.0000     -665.84  0.1081   20.000
        554.0000     -696.28  0.1056   20.000
        555.0000     -711.42  0.1043   20.000
        556.0000     -729.69  0.1029   20.000
        557.0000     -752.64  0.1010   20.000
        558.0000     -780.20  0.0989   20.000
        559.0000     -810.21  0.0972   20.000
        560.0000     -829.65  0.0960   20.000
        561.0000     -551.54  0.1195   20.000
        562.0000     -253.23  0.1783   20.000
        563.0000     -288.80  0.1670   20.000
        564.0000     -309.10  0.1609   20.000
        565.0000     -239.43  0.1831   20.000
        566.0000     -239.25  0.1831   20.000
        567.0000     -244.38  0.1811   20.000
        568.0000     -205.06  0.1981   20.000
        569.0000     -213.97  0.1942   20.000
        570.0000     -208.07  0.1967   20.000
        571.0000     -216.18  0.1933   20.000
        572.0000     -234.05  0.1854   20.000
        573.0000     -255.93  0.1776   20.000
        574.0000     -278.29  0.1704   20.000
        575.0000     -302.15  0.1628   20.000
        576.0000     -330.87  0.1559   20.000
        577.0000     -356.07  0.1502   20.000
        578.0000     -375.27  0.1458   20.000
        579.0000     -399.35  0.1412   20.000
        580.0000     -418.01  0.1382   20.000
        581.0000     -408.16  0.1398   20.000
        582.0000     -403.78  0.1405   20.000
        583.0000     -368.89  0.1473   20.000
        584.0000     -369.43  0.1472   20.000
        585.0000     -394.53  0.1420   20.000
        586.0000     -232.44  0.1861   20.000
        587.0000     -173.91  0.2145   20.000
        588.0000     -195.87  0.2021   20.000
        589.0000     -224.85  0.1894   20.000
        590.0000     -252.39  0.1786   20.000
        591.0000     -278.83  0.1702   20.000
        592.0000     -304.72  0.1620   20.000
        593.0000     -257.70  0.1769   20.000
        594.0000     -167.85  0.2181   20.000
        595.0000     -179.46  0.2112   20.000
        596.0000     -204.18  0.1985   20.000
        597.0000     -228.69  0.1877   20.000
        598.0000     -244.93  0.1810   20.000
        599.0000     -259.70  0.1763   20.000
        600.0000     -279.21  0.1701   20.000
        601.0000     -153.46  0.2267   20.000
        602.0000     -135.95  0.2402   20.000
        603.0000     -158.14  0.2239   20.000
        604.0000     -180.90  0.2102   20.000
        605.0000     -201.99  0.1994   20.000
        606.0000     -221.14  0.1910   20.000
        607.0000     -239.23  0.1831   20.000
        608.0000     -253.86  0.1781   20.000
        609.0000     -265.70  0.1744   20.000
        610.0000     -279.37  0.1701   20.000
        611.0000     -294.91  0.1651   20.000
        612.0000     -312.28  0.1602   20.000
        613.0000     -331.47  0.1558   20.000
        614.0000     -348.14  0.1519   20.000
        615.0000     -367.23  0.1476   20.000
        616.0000     -385.39  0.1435   20.000
        617.0000     -394.36  0.1420   20.000
        618.0000     -385.44  0.1436   20.000
        619.0000     -393.86  0.1422   20.000
        620.0000     -409.52  0.1395   20.000
        621.0000     -188.15  0.2062   20.000
        622.0000     -170.96  0.2162   20.000
        623.0000     -179.32  0.2113   20.000
        624.0000     -177.26  0.2125   20.000
        625.0000     -185.96  0.2074   20.000
        626.0000     -202.52  0.1993   20.000
        627.0000     -219.10  0.1919   20.000
        628.0000     -233.69  0.1855   20.000
        629.0000     -246.84  0.1803   20.000
        630.0000     -256.82  0.1771   20.000
        631.0000     -262.21  0.1755   20.000
        632.0000     -265.63  0.1744   20.000
        633.0000     -275.01  0.1714   20.000
        634.0000     -231.67  0.1865   20.000
        635.0000     -213.36  0.1945   20.000
        636.0000     -222.90  0.1903   20.000
        637.0000     -233.02  0.1859   20.000
        638.0000     -246.18  0.1806   20.000
        639.0000     -260.57  0.1760   20.000
        640.0000     -273.44  0.1719   20.000
        641.0000     -286.41  0.1678   20.000
        642.0000     -190.50  0.2048   20.000
        643.0000     -166.67  0.2188   20.000
        644.0000     -181.55  0.2100   20.000
        645.0000     -198.47  0.2010   20.000
        646.0000     -213.38  0.1944   20.000
        647.0000     -227.01  0.1885   20.000
        648.0000     -239.81  0.1828   20.000
        649.0000     -250.94  0.1791   20.000
        650.0000     -260.55  0.1760   20.000
        651.0000     -272.06  0.1724   20.000
        652.0000     -283.78  0.1686   20.000
        653.0000     -295.67  0.1649   20.000
        654.0000     -307.02  0.1614   20.000
        655.0000     -317.72  0.1589   20.000
        656.0000     -319.37  0.1585   20.000
        657.0000     -314.29  0.1597   20.000
        658.0000     -320.11  0.1584   20.000
        659.0000     -329.06  0.1564   20.000
        660.0000     -339.50  0.1540   20.000
        661.0000     -350.17  0.1515   20.000
        662.0000     -360.11  0.1493   20.000
        663.0000     -365.53  0.1479   20.000
        664.0000     -373.03  0.1463   20.000
        665.0000     -376.70  0.1454   20.000
        666.0000     -380.90  0.1445   20.000
        667.0000     -386.26  0.1433   20.000
        668.0000     -392.75  0.1423   20.000
        669.0000     -397.87  0.1414   20.000
        670.0000     -395.32  0.1419   20.000
        671.0000     -381.83  0.1443   20.000
        672.0000     -352.69  0.1510   20.000
        673.0000     -350.23  0.1515   20.000
        674.0000     -355.10  0.1504   20.000
        675.0000     -359.67  0.1493   20.000
        676.0000     -359.56  0.1494   20.000
        677.0000     -331.11  0.1559   20.000
        678.0000     -266.49  0.1742   20.000
        679.0000     -255.58  0.1777   20.000
        680.0000     -265.43  0.1745   20.000
        681.0000     -275.27  0.1713   20.000
        682.0000     -283.23  0.1688   20.000
        683.0000     -271.44  0.1725   20.000
        684.0000     -258.03  0.1768   20.000
        685.0000     -263.77  0.1750   20.000
        686.0000     -272.98  0.1721   20.000
        687.0000     -281.46  0.1694   20.000
        688.0000     -288.29  0.1672   20.000
        689.0000     -295.79  0.1648   20.000
        690.0000     -303.75  0.1623   20.000
        691.0000     -305.26  0.1618   20.000
        692.0000     -303.49  0.1624   20.000
        693.0000     -308.24  0.1611   20.000
        694.0000     -305.90  0.1616   20.000
        695.0000     -301.06  0.1632   20.000
        696.0000     -303.74  0.1624   20.000
        697.0000     -309.92  0.1607   20.000
        698.0000     -307.26  0.1613   20.000
        699.0000     -283.40  0.1687   20.000
        700.0000     -261.65  0.1757   20.000
        701.0000     -227.98  0.1881   20.000
        702.0000     -219.95  0.1916   20.000
        703.0000     -221.88  0.1907   20.000
        704.0000     -226.87  0.1886   20.000
        705.0000     -234.01  0.1854   20.000
        706.0000     -240.61  0.1825   20.000
        707.0000     -248.24  0.1799   20.000
        708.0000     -255.67  0.1776   20.000
        709.0000     -263.11  0.1752   20.000
        710.0000     -268.05  0.1736   20.000
        711.0000     -215.39  0.1936   20.000
        712.0000     -154.43  0.2261   20.000
        713.0000     -148.34  0.2304   20.000
        714.0000     -160.73  0.2223   20.000
        715.0000     -169.92  0.2169   20.000
        716.0000     -177.51  0.2124   20.000
        717.0000     -169.56  0.2171   20.000
        718.0000     -140.68  0.2365   20.000
        719.0000     -143.17  0.2344   20.000
        720.0000     -154.15  0.2262   20.000
        721.0000     -165.59  0.2194   20.000
        722.0000     -174.42  0.2142   20.000
        723.0000     -182.88  0.2092   20.000
        724.0000     -189.76  0.2050   20.000
        725.0000     -191.20  0.2042   20.000
        726.0000     -195.12  0.2025   20.000
        727.0000     -200.93  0.1999   20.000
        728.0000     -206.68  0.1974   20.000
        729.0000     -211.82  0.1951   20.000
        730.0000     -217.04  0.1928   20.000
end
