 ******* Program HYDRUS
 ******* None                                                                    
 Date: 395.15.    Time: ***: 0:**
 Units: L = cm   , T = days , M = mmol 


    TLevel      Time          dt      Iter    ItCum  KodT  KodB  Convergency

       14  0.1000000E+01  0.20873E+00    3       30    -4    -5     T
       27  0.2000000E+01  0.21151E+00    2       56    -4    -5     T
       30  0.3000000E+01  0.37500E+00    2       62    -4    -5     T
       32  0.4000000E+01  0.66667E+00    2       66    -4    -5     T
       34  0.5000000E+01  0.50000E+00    2       70    -4    -5     T
       35  0.6000000E+01  0.10000E+01    2       72    -4    -5     T
       36  0.7000000E+01  0.10000E+01    3       75    -4    -5     T
       37  0.8000000E+01  0.10000E+01    3       78    -4    -5     T
       38  0.9000000E+01  0.10000E+01    2       80    -4    -5     T
       39  0.1000000E+02  0.10000E+01    3       83    -4    -5     T
       40  0.1100000E+02  0.10000E+01    2       85    -4    -5     T
       41  0.1200000E+02  0.10000E+01    2       87    -4    -5     T
       42  0.1300000E+02  0.10000E+01    3       90    -4    -5     T
       43  0.1400000E+02  0.10000E+01    3       93    -4    -5     T
       44  0.1500000E+02  0.10000E+01    3       96    -4    -5     T
       45  0.1600000E+02  0.10000E+01    3       99    -4    -5     T
       46  0.1700000E+02  0.10000E+01    2      101    -4    -5     T
       47  0.1800000E+02  0.10000E+01    3      104    -4    -5     T
       60  0.1900000E+02  0.21151E+00    3      135    -4    -5     T
       64  0.2000000E+02  0.25000E+00    2      145    -4    -5     T
       66  0.2100000E+02  0.66667E+00    2      149    -4    -5     T
       79  0.2200000E+02  0.21151E+00    2      175    -4    -5     T
       98  0.2300000E+02  0.14445E+00    5      243    -4    -5     T
      111  0.2400000E+02  0.21151E+00    3      271    -4    -5     T
      115  0.2500000E+02  0.25000E+00    2      282    -4    -5     T
      117  0.2600000E+02  0.66667E+00    3      287    -4    -5     T
      119  0.2700000E+02  0.50000E+00    2      291    -4    -5     T
      120  0.2800000E+02  0.10000E+01    2      293    -4    -5     T
      121  0.2900000E+02  0.10000E+01    2      295    -4    -5     T
      122  0.3000000E+02  0.10000E+01    3      298    -4    -5     T
      123  0.3100000E+02  0.10000E+01    2      300    -4    -5     T
      124  0.3200000E+02  0.10000E+01    3      303    -4    -5     T
      125  0.3300000E+02  0.10000E+01    3      306    -4    -5     T
      126  0.3400000E+02  0.10000E+01    2      308    -4    -5     T
      127  0.3500000E+02  0.10000E+01    3      311    -4    -5     T
      128  0.3600000E+02  0.10000E+01    3      314    -4    -5     T
      141  0.3700000E+02  0.21151E+00    2      340    -4    -5     T
      154  0.3800000E+02  0.21151E+00    2      366    -4    -5     T
      157  0.3900000E+02  0.37500E+00    2      373    -4    -5     T
      170  0.4000000E+02  0.21151E+00    2      399    -4    -5     T
      173  0.4100000E+02  0.37500E+00    2      405    -4    -5     T
      175  0.4200000E+02  0.66667E+00    2      409    -4    -5     T
      189  0.4300000E+02  0.20873E+00    3      444    -4    -5     T
      203  0.4400000E+02  0.15040E+00    3      481    -4    -5     T
      207  0.4500000E+02  0.44444E+00    4      495    -4    -5     T
      220  0.4600000E+02  0.21151E+00    2      521    -4    -5     T
      223  0.4700000E+02  0.37500E+00    2      527    -4    -5     T
      225  0.4800000E+02  0.66667E+00    2      531    -4    -5     T
      227  0.4900000E+02  0.50000E+00    2      535    -4    -5     T
      228  0.5000000E+02  0.10000E+01    2      537    -4    -5     T
      229  0.5100000E+02  0.10000E+01    3      540    -4    -5     T
      230  0.5200000E+02  0.10000E+01    2      542    -4    -5     T
      231  0.5300000E+02  0.10000E+01    2      544    -4    -5     T
      232  0.5400000E+02  0.10000E+01    2      546    -4    -5     T
      233  0.5500000E+02  0.10000E+01    2      548    -4    -5     T
      246  0.5600000E+02  0.21151E+00    2      574    -4    -5     T
      259  0.5700000E+02  0.21151E+00    3      607    -4    -5     T
      263  0.5800000E+02  0.25000E+00    2      617    -4    -5     T
      276  0.5900000E+02  0.21151E+00    2      643    -4    -5     T
      279  0.6000000E+02  0.37500E+00    2      649    -4    -5     T
      292  0.6100000E+02  0.21151E+00    2      675    -4    -5     T
      295  0.6200000E+02  0.37500E+00    2      682    -4    -5     T
      297  0.6300000E+02  0.66667E+00    3      687    -4    -5     T
      299  0.6400000E+02  0.50000E+00    2      692    -4    -5     T
      300  0.6500000E+02  0.10000E+01    3      695    -4    -5     T
      301  0.6600000E+02  0.10000E+01    3      698    -4    -5     T
      324  0.6700000E+02  0.87616E-01    3      780    -4    -5     T
      330  0.6800000E+02  0.19048E+00    2      799    -4    -5     T
      333  0.6900000E+02  0.33333E+00    2      805    -4    -5     T
      335  0.7000000E+02  0.50000E+00    2      809    -4    -5     T
      337  0.7100000E+02  0.50000E+00    2      813    -4    -5     T
      338  0.7200000E+02  0.10000E+01    2      815    -4    -5     T
      339  0.7300000E+02  0.10000E+01    2      817    -4    -5     T
      340  0.7400000E+02  0.10000E+01    3      820    -4    -5     T
      341  0.7500000E+02  0.10000E+01    2      822    -4    -5     T
      342  0.7600000E+02  0.10000E+01    3      825    -4    -5     T
      343  0.7700000E+02  0.10000E+01    2      827    -4    -5     T
      373  0.7800000E+02  0.14272E+00    5      944    -4    -5     T
      386  0.7900000E+02  0.21151E+00    3      975    -4    -5     T
      390  0.8000000E+02  0.25000E+00    2      986    -4    -5     T
      392  0.8100000E+02  0.66667E+00    3      991    -4    -5     T
      405  0.8200000E+02  0.21151E+00    2     1017    -4    -5     T
      420  0.8300000E+02  0.13915E+00    3     1058    -4    -5     T
      433  0.8400000E+02  0.21151E+00    2     1084    -4    -5     T
      446  0.8500000E+02  0.21151E+00    2     1110    -4    -5     T
      449  0.8600000E+02  0.37500E+00    2     1116    -4    -5     T
      451  0.8700000E+02  0.66667E+00    2     1120    -4    -5     T
      453  0.8800000E+02  0.50000E+00    2     1124    -4    -5     T
      454  0.8900000E+02  0.10000E+01    2     1126    -4    -5     T
      467  0.9000000E+02  0.21151E+00    2     1152    -4    -5     T
      480  0.9100000E+02  0.21151E+00    2     1178    -4    -5     T
      493  0.9200000E+02  0.21151E+00    2     1204    -4    -5     T
      506  0.9300000E+02  0.21151E+00    2     1230    -4    -5     T
      519  0.9400000E+02  0.21151E+00    2     1256    -4    -5     T
      522  0.9500000E+02  0.37500E+00    2     1262    -4    -5     T
      524  0.9600000E+02  0.66667E+00    2     1266    -4    -5     T
      537  0.9700000E+02  0.21151E+00    2     1292    -4    -5     T
      540  0.9800000E+02  0.37500E+00    2     1298    -4    -5     T
      542  0.9900000E+02  0.66667E+00    3     1303    -4    -5     T
      544  0.1000000E+03  0.50000E+00    2     1307    -4    -5     T
      545  0.1010000E+03  0.10000E+01    3     1310    -4    -5     T
      546  0.1020000E+03  0.10000E+01    3     1313    -4    -5     T
      547  0.1030000E+03  0.10000E+01    3     1316    -4    -5     T
      548  0.1040000E+03  0.10000E+01    5     1321    -4    -5     T
      549  0.1050000E+03  0.10000E+01    5     1326    -4    -5     T
      550  0.1060000E+03  0.10000E+01    4     1330    -4    -5     T
      551  0.1070000E+03  0.10000E+01    3     1333    -4    -5     T
      552  0.1080000E+03  0.10000E+01    3     1336    -4    -5     T
      553  0.1090000E+03  0.10000E+01    5     1341    -4    -5     T
      554  0.1100000E+03  0.10000E+01    5     1346    -4    -5     T
      555  0.1110000E+03  0.10000E+01    5     1351    -4    -5     T
      556  0.1120000E+03  0.10000E+01    2     1353     4    -5     T
      557  0.1130000E+03  0.10000E+01    3     1356     4    -5     T
      558  0.1140000E+03  0.10000E+01    3     1359    -4    -5     T
      580  0.1150000E+03  0.87719E-01    3     1439    -4    -5     T
      586  0.1160000E+03  0.24306E+00    3     1456    -4    -5     T
      589  0.1170000E+03  0.33333E+00    2     1462    -4    -5     T
      591  0.1180000E+03  0.50000E+00    3     1473     4    -5     T
      606  0.1190000E+03  0.16632E+00    3     1516    -4    -5     T
      610  0.1200000E+03  0.44444E+00    2     1526    -4    -5     T
      612  0.1210000E+03  0.66667E+00    2     1530    -4    -5     T
      614  0.1220000E+03  0.50000E+00    2     1534    -4    -5     T
      615  0.1230000E+03  0.10000E+01    2     1536    -4    -5     T
      690  0.1240000E+03  0.26661E-01    4     1863    -4    -5     T
      706  0.1250000E+03  0.18516E+00    3     1912    -4    -5     T
      719  0.1260000E+03  0.21151E+00    2     1938    -4    -5     T
      723  0.1270000E+03  0.25000E+00    2     1948    -4    -5     T
      736  0.1280000E+03  0.21151E+00    2     1974    -4    -5     T
      749  0.1290000E+03  0.21151E+00    2     2000    -4    -5     T
      752  0.1300000E+03  0.37500E+00    2     2006    -4    -5     T
      754  0.1310000E+03  0.66667E+00    3     2011    -4    -5     T
      779  0.1320000E+03  0.11606E+00    5     2110    -4    -5     T
      786  0.1330000E+03  0.17778E+00    2     2132    -4    -5     T
      789  0.1340000E+03  0.33333E+00    2     2138    -4    -5     T
      811  0.1350000E+03  0.94369E-01    3     2215    -4    -5     T
      817  0.1360000E+03  0.19048E+00    2     2234    -4    -5     T
      830  0.1370000E+03  0.21151E+00    2     2260    -4    -5     T
      834  0.1380000E+03  0.25000E+00    2     2270    -4    -5     T
      836  0.1390000E+03  0.66667E+00    2     2274    -4    -5     T
      851  0.1400000E+03  0.14843E+00    3     2316    -4    -5     T
      864  0.1410000E+03  0.21151E+00    2     2342    -4    -5     T
      877  0.1420000E+03  0.21151E+00    2     2368    -4    -5     T
      890  0.1430000E+03  0.21151E+00    2     2394    -4    -5     T
      894  0.1440000E+03  0.25000E+00    2     2404    -4    -5     T
      896  0.1450000E+03  0.66667E+00    3     2409    -4    -5     T
      898  0.1460000E+03  0.50000E+00    3     2415    -4    -5     T
      915  0.1470000E+03  0.16002E+00    4     2473    -4    -5     T
      940  0.1480000E+03  0.69990E-01    4     2566    -4    -5     T
      964  0.1490000E+03  0.63506E-01    4     2657    -4    -5     T
      977  0.1500000E+03  0.21151E+00    3     2691    -4    -5     T
      981  0.1510000E+03  0.25000E+00    2     2702    -4    -5     T
      983  0.1520000E+03  0.66667E+00    3     2707    -4    -5     T
      985  0.1530000E+03  0.50000E+00    2     2711    -4    -5     T
      986  0.1540000E+03  0.10000E+01    2     2713    -4    -5     T
      999  0.1550000E+03  0.21151E+00    2     2739    -4    -5     T
     1025  0.1560000E+03  0.86576E-01    3     2838    -4    -5     T
     1039  0.1570000E+03  0.20873E+00    2     2871    -4    -5     T
     1052  0.1580000E+03  0.21151E+00    2     2897    -4    -5     T
     1065  0.1590000E+03  0.21151E+00    2     2923    -4    -5     T
     1068  0.1600000E+03  0.37500E+00    2     2930    -4    -5     T
     1070  0.1610000E+03  0.66667E+00    2     2934    -4    -5     T
     1072  0.1620000E+03  0.50000E+00    2     2938    -4    -5     T
     1090  0.1630000E+03  0.16011E+00    4     2997    -4    -5     T
     1095  0.1640000E+03  0.26786E+00    2     3010    -4    -5     T
     1098  0.1650000E+03  0.33333E+00    2     3016    -4    -5     T
     1100  0.1660000E+03  0.50000E+00    3     3022    -4    -5     T
     1113  0.1670000E+03  0.21151E+00    2     3048    -4    -5     T
     1117  0.1680000E+03  0.25000E+00    2     3058    -4    -5     T
     1130  0.1690000E+03  0.21151E+00    3     3087    -4    -5     T
     1134  0.1700000E+03  0.25000E+00    2     3097    -4    -5     T
     1136  0.1710000E+03  0.66667E+00    2     3101    -4    -5     T
     1138  0.1720000E+03  0.50000E+00    2     3105    -4    -5     T
     1139  0.1730000E+03  0.10000E+01    3     3108    -4    -5     T
     1162  0.1740000E+03  0.85818E-01    3     3191    -4    -5     T
     1169  0.1750000E+03  0.17778E+00    2     3211    -4    -5     T
     1172  0.1760000E+03  0.33333E+00    2     3217    -4    -5     T
     1185  0.1770000E+03  0.21151E+00    2     3243    -4    -5     T
     1214  0.1780000E+03  0.87169E-01    6     3362    -4    -5     T
     1229  0.1790000E+03  0.13536E+00    4     3405    -4    -5     T
     1235  0.1800000E+03  0.19048E+00    2     3423    -4    -5     T
     1253  0.1810000E+03  0.10956E+00    3     3481    -4    -5     T
     1258  0.1820000E+03  0.25000E+00    3     3501    -4    -5     T
     1261  0.1830000E+03  0.33333E+00    2     3508    -4    -5     T
     1274  0.1840000E+03  0.21151E+00    3     3539    -4    -5     T
     1329  0.1850000E+03  0.24991E-01    4     3766    -4    -5     T
     1348  0.1860000E+03  0.25639E+00    4     3829    -4    -5     T
     1352  0.1870000E+03  0.31250E+00    2     3839    -4    -5     T
     1365  0.1880000E+03  0.21151E+00    2     3865    -4    -5     T
     1378  0.1890000E+03  0.21151E+00    2     3891    -4    -5     T
     1407  0.1900000E+03  0.62331E-01    3     3999    -4    -5     T
     1416  0.1910000E+03  0.11111E+00    4     4038    -4    -5     T
     1423  0.1920000E+03  0.17778E+00    2     4061    -4    -5     T
     1436  0.1930000E+03  0.21151E+00    2     4087    -4    -5     T
     1439  0.1940000E+03  0.37500E+00    2     4093    -4    -5     T
     1441  0.1950000E+03  0.66667E+00    3     4098    -4    -5     T
     1443  0.1960000E+03  0.50000E+00    3     4103    -4    -5     T
     1444  0.1970000E+03  0.10000E+01    4     4107    -4    -5     T
     1445  0.1980000E+03  0.10000E+01    4     4111    -4    -5     T
     1446  0.1990000E+03  0.10000E+01    3     4114    -4    -5     T
     1447  0.2000000E+03  0.10000E+01    3     4117    -4    -5     T
     1448  0.2010000E+03  0.10000E+01    2     4119    -4    -5     T
     1449  0.2020000E+03  0.10000E+01    3     4122    -4    -5     T
     1450  0.2030000E+03  0.10000E+01    2     4124    -4    -5     T
     1451  0.2040000E+03  0.10000E+01    2     4126    -4    -5     T
     1488  0.2050000E+03  0.46130E-01    4     4285    -4    -5     T
     1498  0.2060000E+03  0.19011E+00    2     4317    -4    -5     T
     1501  0.2070000E+03  0.53333E+00    3     4324    -4    -5     T
     1514  0.2080000E+03  0.21151E+00    2     4350    -4    -5     T
     1539  0.2090000E+03  0.81767E-01    4     4447    -4    -5     T
     1552  0.2100000E+03  0.21151E+00    3     4479    -4    -5     T
     1622  0.2110000E+03  0.26001E-01    4     4778    -4    -5     T
     1638  0.2120000E+03  0.16201E+00    3     4833    -4    -5     T
     1642  0.2130000E+03  0.26667E+00    2     4843    -4    -5     T
     1644  0.2140000E+03  0.50000E+00    2     4847    -4    -5     T
     1660  0.2150000E+03  0.14645E+00    3     4895    -4    -5     T
     1664  0.2160000E+03  0.44444E+00    2     4906    -4    -5     T
     1666  0.2170000E+03  0.66667E+00    2     4910    -4    -5     T
     1668  0.2180000E+03  0.50000E+00    3     4916    -4    -5     T
     1681  0.2190000E+03  0.21151E+00    2     4943    -4    -5     T
     1685  0.2200000E+03  0.25000E+00    2     4953    -4    -5     T
     1698  0.2210000E+03  0.21151E+00    4     4987    -4    -5     T
     1702  0.2220000E+03  0.31250E+00    5     5003    -4    -5     T
     1716  0.2230000E+03  0.14100E+00    3     5041    -4    -5     T
     1729  0.2240000E+03  0.21151E+00    2     5067    -4    -5     T
     1742  0.2250000E+03  0.21151E+00    2     5093    -4    -5     T
     1745  0.2260000E+03  0.37500E+00    2     5099    -4    -5     T
     1747  0.2270000E+03  0.66667E+00    4     5106    -4    -5     T
     1749  0.2280000E+03  0.50000E+00    4     5115    -4    -5     T
     1805  0.2290000E+03  0.46446E-01    4     5349    -4    -5     T
     1819  0.2300000E+03  0.20873E+00    3     5387    -4    -5     T
     1822  0.2310000E+03  0.37500E+00    2     5393    -4    -5     T
     1844  0.2320000E+03  0.11951E+00    4     5473    -4    -5     T
     1851  0.2330000E+03  0.17778E+00    2     5495    -4    -5     T
     1868  0.2340000E+03  0.13573E+00    3     5552    -4    -5     T
     1881  0.2350000E+03  0.21151E+00    3     5580    -4    -5     T
     1885  0.2360000E+03  0.25000E+00    2     5592    -4    -5     T
     1887  0.2370000E+03  0.66667E+00    4     5599    -4    -5     T
     1889  0.2380000E+03  0.50000E+00    2     5603    -4    -5     T
     1891  0.2390000E+03  0.50000E+00    2     5607    -4    -5     T
     1904  0.2400000E+03  0.21151E+00    2     5633    -4    -5     T
     1919  0.2410000E+03  0.14843E+00    3     5677    -4    -5     T
     1932  0.2420000E+03  0.21151E+00    2     5703    -4    -5     T
     1936  0.2430000E+03  0.25000E+00    2     5713    -4    -5     T
     1949  0.2440000E+03  0.21151E+00    2     5739    -4    -5     T
     1952  0.2450000E+03  0.37500E+00    2     5745    -4    -5     T
     1965  0.2460000E+03  0.21151E+00    2     5771    -4    -5     T
     1984  0.2470000E+03  0.14616E+00    4     5836    -4    -5     T
     1997  0.2480000E+03  0.21151E+00    2     5863    -4    -5     T
     2010  0.2490000E+03  0.21151E+00    2     5889    -4    -5     T
     2025  0.2500000E+03  0.14843E+00    3     5934    -4    -5     T
     2030  0.2510000E+03  0.25000E+00    3     5952    -4    -5     T
     2033  0.2520000E+03  0.33333E+00    2     5959    -4    -5     T
     2035  0.2530000E+03  0.50000E+00    2     5963    -4    -5     T
     2048  0.2540000E+03  0.21151E+00    2     5989    -4    -5     T
     2051  0.2550000E+03  0.37500E+00    2     5995    -4    -5     T
     2053  0.2560000E+03  0.66667E+00    2     5999    -4    -5     T
     2055  0.2570000E+03  0.50000E+00    2     6003    -4    -5     T
     2056  0.2580000E+03  0.10000E+01    3     6006    -4    -5     T
     2057  0.2590000E+03  0.10000E+01    3     6009    -4    -5     T
     2058  0.2600000E+03  0.10000E+01    3     6012    -4    -5     T
     2085  0.2610000E+03  0.91359E-01    4     6117    -4    -5     T
     2092  0.2620000E+03  0.19527E+00    2     6139    -4    -5     T
     2095  0.2630000E+03  0.33333E+00    2     6145    -4    -5     T
     2097  0.2640000E+03  0.50000E+00    2     6149    -4    -5     T
     2099  0.2650000E+03  0.50000E+00    2     6153    -4    -5     T
     2100  0.2660000E+03  0.10000E+01    2     6155    -4    -5     T
     2101  0.2670000E+03  0.10000E+01    2     6157    -4    -5     T
     2102  0.2680000E+03  0.10000E+01    2     6159    -4    -5     T
     2103  0.2690000E+03  0.10000E+01    3     6162    -4    -5     T
     2120  0.2700000E+03  0.13863E+00    3     6217    -4    -5     T
     2134  0.2710000E+03  0.14100E+00    3     6252    -4    -5     T
     2138  0.2720000E+03  0.25000E+00    2     6266    -4    -5     T
     2141  0.2730000E+03  0.33333E+00    2     6272    -4    -5     T
     2143  0.2740000E+03  0.50000E+00    2     6276    -4    -5     T
     2145  0.2750000E+03  0.50000E+00    2     6280    -4    -5     T
     2146  0.2760000E+03  0.10000E+01    2     6282    -4    -5     T
     2147  0.2770000E+03  0.10000E+01    2     6284    -4    -5     T
     2160  0.2780000E+03  0.21151E+00    2     6310    -4    -5     T
     2173  0.2790000E+03  0.21151E+00    2     6336    -4    -5     T
     2176  0.2800000E+03  0.37500E+00    2     6342    -4    -5     T
     2178  0.2810000E+03  0.66667E+00    2     6346    -4    -5     T
     2180  0.2820000E+03  0.50000E+00    2     6350    -4    -5     T
     2181  0.2830000E+03  0.10000E+01    3     6353    -4    -5     T
     2182  0.2840000E+03  0.10000E+01    2     6355    -4    -5     T
     2183  0.2850000E+03  0.10000E+01    2     6357    -4    -5     T
     2184  0.2860000E+03  0.10000E+01    2     6359    -4    -5     T
     2185  0.2870000E+03  0.10000E+01    3     6362    -4    -5     T
     2186  0.2880000E+03  0.10000E+01    2     6364    -4    -5     T
     2187  0.2890000E+03  0.10000E+01    2     6366    -4    -5     T
     2188  0.2900000E+03  0.10000E+01    2     6368    -4    -5     T
     2203  0.2910000E+03  0.14843E+00    3     6408    -4    -5     T
     2216  0.2920000E+03  0.21151E+00    2     6434    -4    -5     T
     2229  0.2930000E+03  0.21151E+00    2     6460    -4    -5     T
     2242  0.2940000E+03  0.21151E+00    2     6486    -4    -5     T
     2256  0.2950000E+03  0.20873E+00    3     6520    -4    -5     T
     2260  0.2960000E+03  0.25000E+00    2     6531    -4    -5     T
     2273  0.2970000E+03  0.21151E+00    2     6557    -4    -5     T
     2276  0.2980000E+03  0.37500E+00    2     6563    -4    -5     T
     2289  0.2990000E+03  0.21151E+00    2     6589    -4    -5     T
     2292  0.3000000E+03  0.37500E+00    2     6595    -4    -5     T
     2305  0.3010000E+03  0.21151E+00    2     6622    -4    -5     T
     2309  0.3020000E+03  0.25000E+00    2     6632    -4    -5     T
     2322  0.3030000E+03  0.21151E+00    2     6658    -4    -5     T
     2325  0.3040000E+03  0.37500E+00    2     6664    -4    -5     T
     2327  0.3050000E+03  0.66667E+00    2     6668    -4    -5     T
     2329  0.3060000E+03  0.50000E+00    2     6672    -4    -5     T
     2330  0.3070000E+03  0.10000E+01    2     6674    -4    -5     T
     2331  0.3080000E+03  0.10000E+01    2     6676    -4    -5     T
     2332  0.3090000E+03  0.10000E+01    3     6679    -4    -5     T
     2333  0.3100000E+03  0.10000E+01    2     6681    -4    -5     T
     2334  0.3110000E+03  0.10000E+01    2     6683    -4    -5     T
     2335  0.3120000E+03  0.10000E+01    2     6685    -4    -5     T
     2348  0.3130000E+03  0.21151E+00    2     6711    -4    -5     T
     2352  0.3140000E+03  0.25000E+00    2     6721    -4    -5     T
     2365  0.3150000E+03  0.21151E+00    2     6747    -4    -5     T
     2368  0.3160000E+03  0.37500E+00    2     6753    -4    -5     T
     2370  0.3170000E+03  0.66667E+00    2     6757    -4    -5     T
     2372  0.3180000E+03  0.50000E+00    2     6761    -4    -5     T
     2373  0.3190000E+03  0.10000E+01    2     6763    -4    -5     T
     2374  0.3200000E+03  0.10000E+01    2     6765    -4    -5     T
     2375  0.3210000E+03  0.10000E+01    2     6767    -4    -5     T
     2389  0.3220000E+03  0.20873E+00    3     6803    -4    -5     T
     2402  0.3230000E+03  0.21151E+00    2     6829    -4    -5     T
     2405  0.3240000E+03  0.37500E+00    2     6835    -4    -5     T
     2407  0.3250000E+03  0.66667E+00    2     6839    -4    -5     T
     2409  0.3260000E+03  0.50000E+00    2     6843    -4    -5     T
     2410  0.3270000E+03  0.10000E+01    2     6845    -4    -5     T
     2411  0.3280000E+03  0.10000E+01    2     6847    -4    -5     T
     2425  0.3290000E+03  0.20873E+00    3     6880    -4    -5     T
     2429  0.3300000E+03  0.25000E+00    2     6890    -4    -5     T
     2431  0.3310000E+03  0.66667E+00    2     6894    -4    -5     T
     2433  0.3320000E+03  0.50000E+00    2     6898    -4    -5     T
     2434  0.3330000E+03  0.10000E+01    2     6900    -4    -5     T
     2435  0.3340000E+03  0.10000E+01    2     6902    -4    -5     T
     2436  0.3350000E+03  0.10000E+01    2     6904    -4    -5     T
     2437  0.3360000E+03  0.10000E+01    2     6906    -4    -5     T
     2450  0.3370000E+03  0.21151E+00    2     6932    -4    -5     T
     2454  0.3380000E+03  0.25000E+00    2     6942    -4    -5     T
     2456  0.3390000E+03  0.66667E+00    2     6946    -4    -5     T
     2458  0.3400000E+03  0.50000E+00    2     6950    -4    -5     T
     2471  0.3410000E+03  0.21151E+00    2     6976    -4    -5     T
     2486  0.3420000E+03  0.14843E+00    3     7016    -4    -5     T
     2499  0.3430000E+03  0.21151E+00    2     7043    -4    -5     T
     2502  0.3440000E+03  0.37500E+00    2     7049    -4    -5     T
     2504  0.3450000E+03  0.66667E+00    2     7053    -4    -5     T
     2517  0.3460000E+03  0.21151E+00    3     7081    -4    -5     T
     2530  0.3470000E+03  0.21151E+00    2     7107    -4    -5     T
     2533  0.3480000E+03  0.37500E+00    2     7113    -4    -5     T
     2546  0.3490000E+03  0.21151E+00    2     7139    -4    -5     T
     2559  0.3500000E+03  0.21151E+00    2     7165    -4    -5     T
     2572  0.3510000E+03  0.21151E+00    2     7191    -4    -5     T
     2575  0.3520000E+03  0.37500E+00    2     7197    -4    -5     T
     2577  0.3530000E+03  0.66667E+00    2     7201    -4    -5     T
     2579  0.3540000E+03  0.50000E+00    2     7205    -4    -5     T
     2580  0.3550000E+03  0.10000E+01    2     7207    -4    -5     T
     2581  0.3560000E+03  0.10000E+01    2     7209    -4    -5     T
     2582  0.3570000E+03  0.10000E+01    2     7211    -4    -5     T
     2583  0.3580000E+03  0.10000E+01    2     7213    -4    -5     T
     2584  0.3590000E+03  0.10000E+01    2     7215    -4    -5     T
     2585  0.3600000E+03  0.10000E+01    2     7217    -4    -5     T
     2586  0.3610000E+03  0.10000E+01    2     7219    -4    -5     T
     2587  0.3620000E+03  0.10000E+01    2     7221    -4    -5     T
     2588  0.3630000E+03  0.10000E+01    2     7223    -4    -5     T
     2589  0.3640000E+03  0.10000E+01    2     7225    -4    -5     T
     2590  0.3650000E+03  0.10000E+01    2     7227    -4    -5     T
     2591  0.3660000E+03  0.10000E+01    2     7229    -4    -5     T
     2592  0.3670000E+03  0.10000E+01    2     7231    -4    -5     T
     2593  0.3680000E+03  0.10000E+01    2     7233    -4    -5     T
     2594  0.3690000E+03  0.10000E+01    2     7235    -4    -5     T
     2595  0.3700000E+03  0.10000E+01    2     7237    -4    -5     T
     2596  0.3710000E+03  0.10000E+01    2     7239    -4    -5     T
     2597  0.3720000E+03  0.10000E+01    2     7241    -4    -5     T
     2598  0.3730000E+03  0.10000E+01    3     7244    -4    -5     T
     2599  0.3740000E+03  0.10000E+01    2     7246    -4    -5     T
     2600  0.3750000E+03  0.10000E+01    2     7248    -4    -5     T
     2601  0.3760000E+03  0.10000E+01    2     7250    -4    -5     T
     2602  0.3770000E+03  0.10000E+01    2     7252    -4    -5     T
     2615  0.3780000E+03  0.21151E+00    2     7278    -4    -5     T
     2618  0.3790000E+03  0.37500E+00    2     7284    -4    -5     T
     2620  0.3800000E+03  0.66667E+00    2     7288    -4    -5     T
     2622  0.3810000E+03  0.50000E+00    2     7292    -4    -5     T
     2635  0.3820000E+03  0.21151E+00    2     7318    -4    -5     T
     2638  0.3830000E+03  0.37500E+00    2     7324    -4    -5     T
     2640  0.3840000E+03  0.66667E+00    2     7328    -4    -5     T
     2642  0.3850000E+03  0.50000E+00    2     7332    -4    -5     T
     2643  0.3860000E+03  0.10000E+01    2     7334    -4    -5     T
     2644  0.3870000E+03  0.10000E+01    2     7336    -4    -5     T
     2645  0.3880000E+03  0.10000E+01    2     7338    -4    -5     T
     2646  0.3890000E+03  0.10000E+01    3     7341    -4    -5     T
     2647  0.3900000E+03  0.10000E+01    3     7344    -4    -5     T
     2648  0.3910000E+03  0.10000E+01    3     7347    -4    -5     T
     2649  0.3920000E+03  0.10000E+01    2     7349    -4    -5     T
     2650  0.3930000E+03  0.10000E+01    2     7351    -4    -5     T
     2651  0.3940000E+03  0.10000E+01    3     7354    -4    -5     T
     2652  0.3950000E+03  0.10000E+01    3     7357    -4    -5     T
     2653  0.3960000E+03  0.10000E+01    2     7359    -4    -5     T
     2654  0.3970000E+03  0.10000E+01    2     7361    -4    -5     T
     2667  0.3980000E+03  0.21151E+00    3     7390    -4    -5     T
     2680  0.3990000E+03  0.21151E+00    2     7416    -4    -5     T
     2683  0.4000000E+03  0.37500E+00    2     7422    -4    -5     T
     2696  0.4010000E+03  0.21151E+00    2     7448    -4    -5     T
     2700  0.4020000E+03  0.25000E+00    2     7458    -4    -5     T
     2702  0.4030000E+03  0.66667E+00    2     7462    -4    -5     T
     2704  0.4040000E+03  0.50000E+00    2     7466    -4    -5     T
     2705  0.4050000E+03  0.10000E+01    3     7469    -4    -5     T
     2706  0.4060000E+03  0.10000E+01    3     7472    -4    -5     T
     2707  0.4070000E+03  0.10000E+01    2     7474    -4    -5     T
     2708  0.4080000E+03  0.10000E+01    2     7476    -4    -5     T
     2709  0.4090000E+03  0.10000E+01    3     7479    -4    -5     T
     2710  0.4100000E+03  0.10000E+01    3     7482    -4    -5     T
     2711  0.4110000E+03  0.10000E+01    2     7484    -4    -5     T
     2712  0.4120000E+03  0.10000E+01    2     7486    -4    -5     T
     2713  0.4130000E+03  0.10000E+01    3     7489    -4    -5     T
     2714  0.4140000E+03  0.10000E+01    2     7491    -4    -5     T
     2715  0.4150000E+03  0.10000E+01    3     7494    -4    -5     T
     2716  0.4160000E+03  0.10000E+01    3     7497    -4    -5     T
     2717  0.4170000E+03  0.10000E+01    3     7500    -4    -5     T
     2718  0.4180000E+03  0.10000E+01    2     7502    -4    -5     T
     2719  0.4190000E+03  0.10000E+01    2     7504    -4    -5     T
     2720  0.4200000E+03  0.10000E+01    4     7508    -4    -5     T
     2721  0.4210000E+03  0.10000E+01    3     7511    -4    -5     T
     2722  0.4220000E+03  0.10000E+01    5     7516    -4    -5     T
     2735  0.4230000E+03  0.21151E+00    2     7542    -4    -5     T
     2748  0.4240000E+03  0.21151E+00    2     7568    -4    -5     T
     2751  0.4250000E+03  0.37500E+00    2     7575    -4    -5     T
     2764  0.4260000E+03  0.21151E+00    3     7603    -4    -5     T
     2777  0.4270000E+03  0.21151E+00    2     7629    -4    -5     T
     2780  0.4280000E+03  0.37500E+00    2     7635    -4    -5     T
     2800  0.4290000E+03  0.11485E+00    3     7704    -4    -5     T
     2813  0.4300000E+03  0.21151E+00    2     7730    -4    -5     T
     2816  0.4310000E+03  0.37500E+00    2     7736    -4    -5     T
     2818  0.4320000E+03  0.66667E+00    2     7740    -4    -5     T
     2831  0.4330000E+03  0.21151E+00    3     7768    -4    -5     T
     2835  0.4340000E+03  0.25000E+00    2     7778    -4    -5     T
     2837  0.4350000E+03  0.66667E+00    2     7782    -4    -5     T
     2850  0.4360000E+03  0.21151E+00    2     7808    -4    -5     T
     2863  0.4370000E+03  0.21151E+00    2     7834    -4    -5     T
     2867  0.4380000E+03  0.25000E+00    2     7844    -4    -5     T
     2869  0.4390000E+03  0.66667E+00    2     7848    -4    -5     T
     2871  0.4400000E+03  0.50000E+00    2     7853    -4    -5     T
     2884  0.4410000E+03  0.21151E+00    2     7879    -4    -5     T
     2887  0.4420000E+03  0.37500E+00    2     7885    -4    -5     T
     2890  0.4430000E+03  0.33333E+00    2     7893    -4    -5     T
     2892  0.4440000E+03  0.50000E+00    3     7898    -4    -5     T
     2894  0.4450000E+03  0.50000E+00    2     7902    -4    -5     T
     2895  0.4460000E+03  0.10000E+01    2     7904    -4    -5     T
     2914  0.4470000E+03  0.10747E+00    3     7967    -4    -5     T
     2929  0.4480000E+03  0.12338E+00    3     8011    -4    -5     T
     2942  0.4490000E+03  0.21151E+00    3     8039    -4    -5     T
     2946  0.4500000E+03  0.25000E+00    2     8051    -4    -5     T
     2948  0.4510000E+03  0.66667E+00    3     8056    -4    -5     T
     2961  0.4520000E+03  0.21151E+00    2     8082    -4    -5     T
     2974  0.4530000E+03  0.21151E+00    2     8108    -4    -5     T
     2987  0.4540000E+03  0.21151E+00    2     8134    -4    -5     T
     2990  0.4550000E+03  0.37500E+00    2     8141    -4    -5     T
     2992  0.4560000E+03  0.66667E+00    2     8145    -4    -5     T
     2994  0.4570000E+03  0.50000E+00    2     8149    -4    -5     T
     3007  0.4580000E+03  0.21151E+00    2     8175    -4    -5     T
     3020  0.4590000E+03  0.21151E+00    2     8201    -4    -5     T
     3023  0.4600000E+03  0.37500E+00    2     8207    -4    -5     T
     3025  0.4610000E+03  0.66667E+00    3     8212    -4    -5     T
     3027  0.4620000E+03  0.50000E+00    2     8216    -4    -5     T
     3047  0.4630000E+03  0.11528E+00    3     8285    -4    -5     T
     3052  0.4640000E+03  0.26786E+00    2     8301    -4    -5     T
     3055  0.4650000E+03  0.33333E+00    2     8307    -4    -5     T
     3057  0.4660000E+03  0.50000E+00    3     8312    -4    -5     T
     3059  0.4670000E+03  0.50000E+00    2     8316    -4    -5     T
     3072  0.4680000E+03  0.21151E+00    3     8347    -4    -5     T
     3076  0.4690000E+03  0.25000E+00    2     8358    -4    -5     T
     3078  0.4700000E+03  0.66667E+00    3     8363    -4    -5     T
     3109  0.4710000E+03  0.66379E-01    4     8488    -4    -5     T
     3117  0.4720000E+03  0.21239E+00    2     8513    -4    -5     T
     3130  0.4730000E+03  0.21151E+00    2     8539    -4    -5     T
     3134  0.4740000E+03  0.25000E+00    2     8549    -4    -5     T
     3147  0.4750000E+03  0.21151E+00    3     8579    -4    -5     T
     3151  0.4760000E+03  0.25000E+00    2     8590    -4    -5     T
     3153  0.4770000E+03  0.66667E+00    2     8594    -4    -5     T
     3155  0.4780000E+03  0.50000E+00    2     8598    -4    -5     T
     3168  0.4790000E+03  0.21151E+00    2     8624    -4    -5     T
     3172  0.4800000E+03  0.25000E+00    2     8634    -4    -5     T
     3185  0.4810000E+03  0.21151E+00    3     8666    -4    -5     T
     3198  0.4820000E+03  0.21151E+00    2     8692    -4    -5     T
     3201  0.4830000E+03  0.37500E+00    3     8702    -4    -5     T
     3203  0.4840000E+03  0.66667E+00    3     8707    -4    -5     T
     3205  0.4850000E+03  0.50000E+00    3     8712    -4    -5     T
     3206  0.4860000E+03  0.10000E+01    2     8714    -4    -5     T
     3228  0.4870000E+03  0.10234E+00    4     8795    -4    -5     T
     3241  0.4880000E+03  0.21151E+00    2     8821    -4    -5     T
     3256  0.4890000E+03  0.12338E+00    2     8863    -4    -5     T
     3269  0.4900000E+03  0.21151E+00    2     8889    -4    -5     T
     3294  0.4910000E+03  0.65251E-01    4     8983    -4    -5     T
     3308  0.4920000E+03  0.24676E+00    4     9023    -4    -5     T
     3312  0.4930000E+03  0.31250E+00    2     9034    -4    -5     T
     3314  0.4940000E+03  0.66667E+00    4     9040    -4    -5     T
     3316  0.4950000E+03  0.50000E+00    2     9045    -4    -5     T
     3318  0.4960000E+03  0.50000E+00    2     9049    -4    -5     T
     3319  0.4970000E+03  0.10000E+01    2     9051    -4    -5     T
     3320  0.4980000E+03  0.10000E+01    2     9053    -4    -5     T
     3321  0.4990000E+03  0.10000E+01    2     9055    -4    -5     T
     3322  0.5000000E+03  0.10000E+01    2     9057    -4    -5     T
     3323  0.5010000E+03  0.10000E+01    2     9059    -4    -5     T
     3336  0.5020000E+03  0.21151E+00    2     9087    -4    -5     T
     3340  0.5030000E+03  0.25000E+00    2     9097    -4    -5     T
     3365  0.5040000E+03  0.84164E-01    4     9189    -4    -5     T
     3397  0.5050000E+03  0.36143E-01    4     9318    -4    -5     T
     3427  0.5060000E+03  0.37976E-01    4     9458    -4    -5     T
     3444  0.5070000E+03  0.14865E+00    4     9512    -4    -5     T
     3449  0.5080000E+03  0.26786E+00    3     9528    -4    -5     T
     3452  0.5090000E+03  0.33333E+00    2     9535    -4    -5     T
     3465  0.5100000E+03  0.21151E+00    2     9561    -4    -5     T
     3469  0.5110000E+03  0.25000E+00    2     9571    -4    -5     T
     3471  0.5120000E+03  0.66667E+00    3     9576    -4    -5     T
     3473  0.5130000E+03  0.50000E+00    3     9581    -4    -5     T
     3474  0.5140000E+03  0.10000E+01    4     9585    -4    -5     T
     3475  0.5150000E+03  0.10000E+01    3     9588    -4    -5     T
     3489  0.5160000E+03  0.14100E+00    2     9627    -4    -5     T
     3494  0.5170000E+03  0.22222E+00    8     9650     4    -5     T
     3498  0.5180000E+03  0.31250E+00    2     9659     4    -5     T
     3511  0.5190000E+03  0.21151E+00    3     9689    -4    -5     T
     3514  0.5200000E+03  0.37500E+00    2     9696    -4    -5     T
     3559  0.5210000E+03  0.52218E-01    6     9890    -4    -5     T
     3592  0.5220000E+03  0.51394E-01    5    10031    -4    -5     T
     3607  0.5230000E+03  0.16640E+00    3    10076    -4    -5     T
     3620  0.5240000E+03  0.21151E+00    2    10103    -4    -5     T
     3638  0.5250000E+03  0.14435E+00    4    10164    -4    -5     T
     3651  0.5260000E+03  0.21151E+00    3    10194    -4    -5     T
     3654  0.5270000E+03  0.37500E+00    3    10203    -4    -5     T
     3667  0.5280000E+03  0.21151E+00    2    10229    -4    -5     T
     3680  0.5290000E+03  0.21151E+00    2    10255    -4    -5     T
     3693  0.5300000E+03  0.21151E+00    2    10281    -4    -5     T
     3706  0.5310000E+03  0.21151E+00    2    10307    -4    -5     T
     3719  0.5320000E+03  0.21151E+00    2    10333    -4    -5     T
     3722  0.5330000E+03  0.37500E+00    2    10339    -4    -5     T
     3735  0.5340000E+03  0.21151E+00    2    10365    -4    -5     T
     3753  0.5350000E+03  0.15045E+00    4    10426    -4    -5     T
     3758  0.5360000E+03  0.26786E+00    2    10442    -4    -5     T
     3761  0.5370000E+03  0.33333E+00    2    10448    -4    -5     T
     3774  0.5380000E+03  0.21151E+00    2    10474    -4    -5     T
     3777  0.5390000E+03  0.37500E+00    2    10480    -4    -5     T
     3790  0.5400000E+03  0.21151E+00    2    10506    -4    -5     T
     3805  0.5410000E+03  0.14843E+00    3    10550    -4    -5     T
     3818  0.5420000E+03  0.21151E+00    2    10577    -4    -5     T
     3821  0.5430000E+03  0.37500E+00    2    10583    -4    -5     T
     3835  0.5440000E+03  0.20790E+00    3    10621    -4    -5     T
     3848  0.5450000E+03  0.21151E+00    2    10647    -4    -5     T
     3851  0.5460000E+03  0.37500E+00    2    10653    -4    -5     T
     3865  0.5470000E+03  0.20873E+00    3    10690    -4    -5     T
     3869  0.5480000E+03  0.25000E+00    2    10701    -4    -5     T
     3871  0.5490000E+03  0.66667E+00    3    10706    -4    -5     T
     3873  0.5500000E+03  0.50000E+00    3    10712    -4    -5     T
     3897  0.5510000E+03  0.81599E-01    3    10800    -4    -5     T
     3904  0.5520000E+03  0.17778E+00    2    10821    -4    -5     T
     3917  0.5530000E+03  0.21151E+00    2    10847    -4    -5     T
     3934  0.5540000E+03  0.10938E+00    4    10903    -4    -5     T
     3948  0.5550000E+03  0.16921E+00    5    10943    -4    -5     T
     3961  0.5560000E+03  0.21151E+00    2    10970    -4    -5     T
     3965  0.5570000E+03  0.25000E+00    2    10981    -4    -5     T
     3967  0.5580000E+03  0.66667E+00    4    10987    -4    -5     T
     3969  0.5590000E+03  0.50000E+00    3    10993    -4    -5     T
     3982  0.5600000E+03  0.21151E+00    4    11027    -4    -5     T
     4068  0.5610000E+03  0.24224E-01    3    11398    -4    -5     T
     4084  0.5620000E+03  0.26806E+00    4    11448    -4    -5     T
     4088  0.5630000E+03  0.31250E+00    2    11459    -4    -5     T
     4101  0.5640000E+03  0.21151E+00    2    11485    -4    -5     T
     4114  0.5650000E+03  0.21151E+00    4    11518    -4    -5     T
     4118  0.5660000E+03  0.44444E+00    3    11531    -4    -5     T
     4131  0.5670000E+03  0.21151E+00    2    11558    -4    -5     T
     4144  0.5680000E+03  0.21151E+00    3    11586    -4    -5     T
     4157  0.5690000E+03  0.21151E+00    2    11612    -4    -5     T
     4170  0.5700000E+03  0.21151E+00    2    11638    -4    -5     T
     4174  0.5710000E+03  0.25000E+00    2    11648    -4    -5     T
     4176  0.5720000E+03  0.66667E+00    2    11652    -4    -5     T
     4178  0.5730000E+03  0.50000E+00    2    11656    -4    -5     T
     4191  0.5740000E+03  0.21151E+00    2    11682    -4    -5     T
     4194  0.5750000E+03  0.37500E+00    2    11689    -4    -5     T
     4196  0.5760000E+03  0.66667E+00    2    11693    -4    -5     T
     4209  0.5770000E+03  0.21151E+00    2    11719    -4    -5     T
     4222  0.5780000E+03  0.21151E+00    2    11745    -4    -5     T
     4225  0.5790000E+03  0.37500E+00    2    11752    -4    -5     T
     4245  0.5800000E+03  0.10578E+00    3    11820    -4    -5     T
     4249  0.5810000E+03  0.44444E+00    3    11833    -4    -5     T
     4263  0.5820000E+03  0.20873E+00    3    11871    -4    -5     T
     4276  0.5830000E+03  0.21151E+00    2    11897    -4    -5     T
     4279  0.5840000E+03  0.37500E+00    2    11904    -4    -5     T
     4281  0.5850000E+03  0.66667E+00    2    11908    -4    -5     T
     4310  0.5860000E+03  0.94837E-01    4    12020    -4    -5     T
     4323  0.5870000E+03  0.21151E+00    3    12052    -4    -5     T
     4327  0.5880000E+03  0.25000E+00    2    12063    -4    -5     T
     4329  0.5890000E+03  0.66667E+00    3    12068    -4    -5     T
     4342  0.5900000E+03  0.21151E+00    2    12094    -4    -5     T
     4345  0.5910000E+03  0.37500E+00    2    12100    -4    -5     T
     4358  0.5920000E+03  0.21151E+00    2    12126    -4    -5     T
     4377  0.5930000E+03  0.20669E+00    5    12194    -4    -5     T
     4390  0.5940000E+03  0.21151E+00    3    12222    -4    -5     T
     4394  0.5950000E+03  0.25000E+00    2    12234    -4    -5     T
     4396  0.5960000E+03  0.66667E+00    3    12239    -4    -5     T
     4398  0.5970000E+03  0.50000E+00    2    12243    -4    -5     T
     4411  0.5980000E+03  0.21151E+00    2    12269    -4    -5     T
     4414  0.5990000E+03  0.37500E+00    2    12276    -4    -5     T
     4416  0.6000000E+03  0.66667E+00    2    12280    -4    -5     T
     4440  0.6010000E+03  0.94480E-01    3    12367    -4    -5     T
     4453  0.6020000E+03  0.21151E+00    2    12394    -4    -5     T
     4457  0.6030000E+03  0.25000E+00    2    12404    -4    -5     T
     4459  0.6040000E+03  0.66667E+00    2    12408    -4    -5     T
     4461  0.6050000E+03  0.50000E+00    2    12412    -4    -5     T
     4462  0.6060000E+03  0.10000E+01    2    12414    -4    -5     T
     4463  0.6070000E+03  0.10000E+01    2    12416    -4    -5     T
     4476  0.6080000E+03  0.21151E+00    2    12442    -4    -5     T
     4479  0.6090000E+03  0.37500E+00    2    12448    -4    -5     T
     4481  0.6100000E+03  0.66667E+00    2    12452    -4    -5     T
     4483  0.6110000E+03  0.50000E+00    2    12456    -4    -5     T
     4484  0.6120000E+03  0.10000E+01    2    12458    -4    -5     T
     4485  0.6130000E+03  0.10000E+01    2    12460    -4    -5     T
     4486  0.6140000E+03  0.10000E+01    2    12462    -4    -5     T
     4487  0.6150000E+03  0.10000E+01    3    12465    -4    -5     T
     4500  0.6160000E+03  0.21151E+00    2    12491    -4    -5     T
     4514  0.6170000E+03  0.20873E+00    4    12529    -4    -5     T
     4518  0.6180000E+03  0.44444E+00    2    12540    -4    -5     T
     4520  0.6190000E+03  0.66667E+00    2    12544    -4    -5     T
     4522  0.6200000E+03  0.50000E+00    3    12549    -4    -5     T
     4557  0.6210000E+03  0.68711E-01    3    12689    -4    -5     T
     4570  0.6220000E+03  0.21151E+00    3    12721    -4    -5     T
     4583  0.6230000E+03  0.21151E+00    2    12747    -4    -5     T
     4596  0.6240000E+03  0.21151E+00    2    12773    -4    -5     T
     4600  0.6250000E+03  0.25000E+00    2    12783    -4    -5     T
     4602  0.6260000E+03  0.66667E+00    2    12787    -4    -5     T
     4604  0.6270000E+03  0.50000E+00    2    12791    -4    -5     T
     4605  0.6280000E+03  0.10000E+01    2    12793    -4    -5     T
     4606  0.6290000E+03  0.10000E+01    2    12795    -4    -5     T
     4607  0.6300000E+03  0.10000E+01    2    12797    -4    -5     T
     4620  0.6310000E+03  0.21151E+00    2    12823    -4    -5     T
     4633  0.6320000E+03  0.21151E+00    2    12849    -4    -5     T
     4636  0.6330000E+03  0.37500E+00    2    12855    -4    -5     T
     4652  0.6340000E+03  0.14645E+00    3    12900    -4    -5     T
     4665  0.6350000E+03  0.21151E+00    2    12926    -4    -5     T
     4668  0.6360000E+03  0.37500E+00    2    12932    -4    -5     T
     4670  0.6370000E+03  0.66667E+00    2    12936    -4    -5     T
     4672  0.6380000E+03  0.50000E+00    2    12940    -4    -5     T
     4673  0.6390000E+03  0.10000E+01    2    12942    -4    -5     T
     4674  0.6400000E+03  0.10000E+01    2    12944    -4    -5     T
     4675  0.6410000E+03  0.10000E+01    2    12946    -4    -5     T
     4695  0.6420000E+03  0.11629E+00    3    13017    -4    -5     T
     4708  0.6430000E+03  0.21151E+00    2    13043    -4    -5     T
     4712  0.6440000E+03  0.25000E+00    2    13053    -4    -5     T
     4714  0.6450000E+03  0.66667E+00    2    13057    -4    -5     T
     4716  0.6460000E+03  0.50000E+00    2    13061    -4    -5     T
     4717  0.6470000E+03  0.10000E+01    2    13063    -4    -5     T
     4718  0.6480000E+03  0.10000E+01    2    13065    -4    -5     T
     4731  0.6490000E+03  0.21151E+00    2    13091    -4    -5     T
     4734  0.6500000E+03  0.37500E+00    2    13098    -4    -5     T
     4736  0.6510000E+03  0.66667E+00    2    13102    -4    -5     T
     4738  0.6520000E+03  0.50000E+00    2    13106    -4    -5     T
     4739  0.6530000E+03  0.10000E+01    2    13108    -4    -5     T
     4740  0.6540000E+03  0.10000E+01    3    13111    -4    -5     T
     4741  0.6550000E+03  0.10000E+01    2    13113    -4    -5     T
     4754  0.6560000E+03  0.21151E+00    2    13139    -4    -5     T
     4758  0.6570000E+03  0.25000E+00    2    13149    -4    -5     T
     4760  0.6580000E+03  0.66667E+00    2    13153    -4    -5     T
     4762  0.6590000E+03  0.50000E+00    2    13157    -4    -5     T
     4763  0.6600000E+03  0.10000E+01    2    13159    -4    -5     T
     4764  0.6610000E+03  0.10000E+01    2    13161    -4    -5     T
     4765  0.6620000E+03  0.10000E+01    3    13164    -4    -5     T
     4766  0.6630000E+03  0.10000E+01    2    13166    -4    -5     T
     4767  0.6640000E+03  0.10000E+01    2    13168    -4    -5     T
     4768  0.6650000E+03  0.10000E+01    2    13170    -4    -5     T
     4769  0.6660000E+03  0.10000E+01    2    13172    -4    -5     T
     4770  0.6670000E+03  0.10000E+01    2    13174    -4    -5     T
     4783  0.6680000E+03  0.21151E+00    2    13200    -4    -5     T
     4796  0.6690000E+03  0.21151E+00    2    13226    -4    -5     T
     4800  0.6700000E+03  0.25000E+00    2    13236    -4    -5     T
     4813  0.6710000E+03  0.21151E+00    3    13266    -4    -5     T
     4826  0.6720000E+03  0.21151E+00    2    13292    -4    -5     T
     4829  0.6730000E+03  0.37500E+00    2    13298    -4    -5     T
     4831  0.6740000E+03  0.66667E+00    2    13302    -4    -5     T
     4844  0.6750000E+03  0.21151E+00    2    13328    -4    -5     T
     4857  0.6760000E+03  0.21151E+00    2    13354    -4    -5     T
     4870  0.6770000E+03  0.21151E+00    3    13386    -4    -5     T
     4874  0.6780000E+03  0.25000E+00    2    13396    -4    -5     T
     4877  0.6790000E+03  0.33333E+00    2    13404    -4    -5     T
     4879  0.6800000E+03  0.50000E+00    2    13408    -4    -5     T
     4881  0.6810000E+03  0.50000E+00    2    13412    -4    -5     T
     4882  0.6820000E+03  0.10000E+01    2    13414    -4    -5     T
     4895  0.6830000E+03  0.21151E+00    2    13440    -4    -5     T
     4908  0.6840000E+03  0.21151E+00    2    13466    -4    -5     T
     4911  0.6850000E+03  0.37500E+00    2    13472    -4    -5     T
     4913  0.6860000E+03  0.66667E+00    2    13476    -4    -5     T
     4926  0.6870000E+03  0.21151E+00    2    13502    -4    -5     T
     4929  0.6880000E+03  0.37500E+00    2    13508    -4    -5     T
     4931  0.6890000E+03  0.66667E+00    2    13512    -4    -5     T
     4933  0.6900000E+03  0.50000E+00    2    13516    -4    -5     T
     4946  0.6910000E+03  0.21151E+00    2    13542    -4    -5     T
     4949  0.6920000E+03  0.37500E+00    2    13548    -4    -5     T
     4951  0.6930000E+03  0.66667E+00    2    13552    -4    -5     T
     4964  0.6940000E+03  0.21151E+00    2    13578    -4    -5     T
     4968  0.6950000E+03  0.25000E+00    2    13588    -4    -5     T
     4970  0.6960000E+03  0.66667E+00    2    13592    -4    -5     T
     4972  0.6970000E+03  0.50000E+00    2    13596    -4    -5     T
     4985  0.6980000E+03  0.21151E+00    2    13622    -4    -5     T
     4998  0.6990000E+03  0.21151E+00    2    13648    -4    -5     T
     5011  0.7000000E+03  0.21151E+00    2    13674    -4    -5     T
     5024  0.7010000E+03  0.21151E+00    2    13700    -4    -5     T
     5037  0.7020000E+03  0.21151E+00    2    13726    -4    -5     T
     5050  0.7030000E+03  0.21151E+00    2    13752    -4    -5     T
     5053  0.7040000E+03  0.37500E+00    2    13759    -4    -5     T
     5066  0.7050000E+03  0.21151E+00    2    13785    -4    -5     T
     5079  0.7060000E+03  0.21151E+00    2    13811    -4    -5     T
     5082  0.7070000E+03  0.37500E+00    2    13817    -4    -5     T
     5084  0.7080000E+03  0.66667E+00    2    13821    -4    -5     T
     5086  0.7090000E+03  0.50000E+00    2    13825    -4    -5     T
     5087  0.7100000E+03  0.10000E+01    2    13827    -4    -5     T
     5102  0.7110000E+03  0.14843E+00    3    13869    -4    -5     T
     5106  0.7120000E+03  0.31250E+00    4    13883    -4    -5     T
     5119  0.7130000E+03  0.21151E+00    2    13909    -4    -5     T
     5132  0.7140000E+03  0.21151E+00    2    13935    -4    -5     T
     5145  0.7150000E+03  0.21151E+00    2    13961    -4    -5     T
     5158  0.7160000E+03  0.21151E+00    2    13987    -4    -5     T
     5171  0.7170000E+03  0.21151E+00    2    14013    -4    -5     T
     5184  0.7180000E+03  0.21151E+00    2    14039    -4    -5     T
     5197  0.7190000E+03  0.21151E+00    2    14065    -4    -5     T
     5200  0.7200000E+03  0.37500E+00    2    14071    -4    -5     T
     5202  0.7210000E+03  0.66667E+00    2    14075    -4    -5     T
     5204  0.7220000E+03  0.50000E+00    2    14079    -4    -5     T
     5205  0.7230000E+03  0.10000E+01    2    14081    -4    -5     T
     5206  0.7240000E+03  0.10000E+01    2    14083    -4    -5     T
     5219  0.7250000E+03  0.21151E+00    2    14109    -4    -5     T
     5222  0.7260000E+03  0.37500E+00    2    14116    -4    -5     T
     5224  0.7270000E+03  0.66667E+00    2    14120    -4    -5     T
     5226  0.7280000E+03  0.50000E+00    2    14124    -4    -5     T
     5227  0.7290000E+03  0.10000E+01    2    14126    -4    -5     T
     5228  0.7300000E+03  0.10000E+01    2    14128    -4    -5     T
end
